IQ-TREE multicore version 2.0.6 for Linux 64-bit built Aug  4 2020
Developed by Bui Quang Minh, Nguyen Lam Tung, Olga Chernomor,
Heiko Schmidt, Dominik Schrempf, Michael Woodhams.

Host:    cn06 (AVX512, FMA3, 251 GB RAM)
Command: iqtree2 -s /cta/users/ofkonar/work/resources/class_B1/canonical/glp2r_filtered_fastas_blast_msa.fasta -B 1000 -alrt 1000 -T AUTO --threads-max 24 --prefix glp2r_iqtree_boostrap_modelfinder
Seed:    247537 (Using SPRNG - Scalable Parallel Random Number Generator)
Time:    Sat Jul 24 20:02:19 2021
Kernel:  AVX+FMA - auto-detect threads (24 CPU cores detected)

Reading alignment file /cta/users/ofkonar/work/resources/class_B1/canonical/glp2r_filtered_fastas_blast_msa.fasta ... Fasta format detected
Alignment most likely contains protein sequences
WARNING: 39 sites contain only gaps or ambiguous characters.
Alignment has 1000 sequences with 8766 columns, 3730 distinct patterns
1079 parsimony-informative, 1845 singleton sites, 5842 constant sites
                                Gap/Ambiguity  Composition  p-value
   1  tr|E7FB43|E7FB43_DANRE           94.07%    failed      0.04%
   2  tr|F1RCQ6|F1RCQ6_DANRE           94.19%    failed      0.86%
   3  tr|E7FCX8|E7FCX8_DANRE           94.14%    passed     15.40%
   4  tr|B4ZY91|B4ZY91_CHICK           94.76%    failed      0.18%
   5  tr|F1P200|F1P200_CHICK           94.91%    failed      0.30%
   6  tr|C0J3M4|C0J3M4_CHICK           95.09%    failed      0.00%
   7  tr|C4P7J2|C4P7J2_CHICK           93.97%    failed      0.00%
   8  tr|D2CP28|D2CP28_CHICK           94.88%    failed      0.53%
   9  sp|Q5IXF8|GLP2R_MOUSE            94.16%    failed      0.00%
  10  sp|P97751|VIPR1_MOUSE            94.76%    failed      1.17%
  11  sp|O35659|GLP1R_MOUSE            94.72%    failed      0.01%
  12  sp|Q5FWI2|SCTR_MOUSE             94.90%    failed      0.00%
  13  sp|Q61606|GLR_MOUSE              94.47%    failed      0.00%
  14  sp|Q0P543|GIPR_MOUSE             94.75%    failed      0.00%
  15  tr|M3Y8K2|M3Y8K2_MUSPF           94.34%    failed      0.00%
  16  tr|M3YQU3|M3YQU3_MUSPF           94.99%    failed      0.01%
  17  tr|M3XPF0|M3XPF0_MUSPF           94.88%    failed      0.02%
  18  tr|M3Y308|M3Y308_MUSPF           94.68%    failed      0.00%
  19  tr|H2MD52|H2MD52_ORYLA           94.00%    failed      0.02%
  20  tr|H2LTR1|H2LTR1_ORYLA           95.33%    failed      0.11%
  21  tr|H2MTE1|H2MTE1_ORYLA           93.89%    failed      0.57%
  22  tr|A0A3B3HYZ9|A0A3B3HYZ9_ORYLA   94.05%    failed      0.02%
  23  tr|A0A2I3HAI5|A0A2I3HAI5_NOMLE   94.73%    failed      0.26%
  24  tr|G1RH24|G1RH24_NOMLE           94.56%    failed      0.00%
  25  tr|G1RGH0|G1RGH0_NOMLE           93.69%    failed      0.00%
  26  tr|G1RH59|G1RH59_NOMLE           94.98%    failed      0.08%
  27  tr|G1PC03|G1PC03_MYOLU           93.70%    failed      0.00%
  28  tr|G3H5D7|G3H5D7_CRIGR           94.95%    failed      0.00%
  29  tr|G3GZ32|G3GZ32_CRIGR           94.87%    failed      0.00%
  30  tr|G3GX77|G3GX77_CRIGR           94.46%    failed      0.00%
  31  tr|G3HLD4|G3HLD4_CRIGR           95.01%    failed      0.10%
  32  tr|G3RJ74|G3RJ74_GORGO           94.68%    failed      0.00%
  33  tr|G3QZN1|G3QZN1_GORGO           93.69%    failed      0.00%
  34  tr|G3RF24|G3RF24_GORGO           94.72%    failed      0.07%
  35  tr|G3R9V0|G3R9V0_GORGO           94.52%    failed      0.00%
  36  tr|G3SA07|G3SA07_GORGO           94.98%    failed      0.03%
  37  tr|C3YW06|C3YW06_BRAFL           95.88%    failed      0.34%
  38  tr|H2NSQ5|H2NSQ5_PONAB           93.69%    failed      0.00%
  39  tr|K7EUR9|K7EUR9_PONAB           95.95%    failed      0.00%
  40  tr|H2PIX8|H2PIX8_PONAB           94.72%    failed      0.03%
  41  tr|H2P7C5|H2P7C5_PONAB           95.27%    failed      0.45%
  42  tr|H2NZ92|H2NZ92_PONAB           95.11%    failed      0.00%
  43  tr|G1N1K7|G1N1K7_MELGA           94.36%    failed      3.17%
  44  tr|G1NI86|G1NI86_MELGA           94.87%    failed      0.22%
  45  tr|G1NDT0|G1NDT0_MELGA           95.03%    failed      0.53%
  46  tr|G1MT82|G1MT82_MELGA           94.72%    failed      0.03%
  47  tr|G1NB66|G1NB66_MELGA           95.38%    failed      0.02%
  48  tr|G1KKF1|G1KKF1_ANOCA           94.30%    passed      6.80%
  49  tr|G1KTD5|G1KTD5_ANOCA           94.36%    failed      0.01%
  50  tr|H9GFA6|H9GFA6_ANOCA           95.09%    failed      0.09%
  51  tr|G1KA26|G1KA26_ANOCA           94.41%    failed      0.28%
  52  tr|A0A5F9D5N3|A0A5F9D5N3_RABIT   94.43%    failed      0.01%
  53  tr|G1STM3|G1STM3_RABIT           94.92%    failed      0.01%
  54  tr|G1T265|G1T265_RABIT           94.66%    failed      0.00%
  55  sp|O46502|SCTR_RABIT             94.92%    failed      0.01%
  56  tr|A0A5F9D1X7|A0A5F9D1X7_RABIT   93.90%    failed      0.00%
  57  tr|A0A5F4D872|A0A5F4D872_CANLF   91.38%    failed      0.00%
  58  tr|E2RIK5|E2RIK5_CANLF           94.68%    failed      0.00%
  59  tr|F1PQW0|F1PQW0_CANLF           91.91%    failed      0.00%
  60  tr|F1PDW3|F1PDW3_CANLF           95.01%    failed      0.02%
  61  tr|F1P7Q3|F1P7Q3_CANLF           95.22%    failed      0.06%
  62  tr|A0A2I3RBA7|A0A2I3RBA7_PANTR   94.68%    failed      0.00%
  63  tr|H2QC94|H2QC94_PANTR           93.69%    failed      0.00%
  64  tr|H2QIM4|H2QIM4_PANTR           94.98%    failed      0.02%
  65  tr|H2RC88|H2RC88_PANTR           94.52%    failed      0.00%
  66  tr|H2QSY0|H2QSY0_PANTR           94.72%    failed      0.04%
  67  tr|A0A6I8NRC9|A0A6I8NRC9_ORNAN   95.68%    failed      0.00%
  68  tr|A0A6I8N3Y9|A0A6I8N3Y9_ORNAN   93.55%    failed      0.00%
  69  tr|A0A6I8P5H3|A0A6I8P5H3_ORNAN   94.55%    failed      0.00%
  70  tr|F7F467|F7F467_MONDO           93.78%    failed      0.00%
  71  tr|F6R8T5|F6R8T5_MONDO           94.86%    failed      4.85%
  72  tr|F6WUD5|F6WUD5_MONDO           94.84%    failed      0.00%
  73  tr|F6ZL39|F6ZL39_MONDO           94.71%    failed      0.32%
  74  tr|F6Q5D8|F6Q5D8_MONDO           94.17%    failed      2.45%
  75  tr|F6WQ12|F6WQ12_HORSE           94.72%    failed      0.02%
  76  tr|F6Q776|F6Q776_HORSE           92.54%    failed      0.00%
  77  tr|F7AVX3|F7AVX3_HORSE           91.90%    failed      0.00%
  78  tr|F6VG30|F6VG30_HORSE           94.68%    failed      0.00%
  79  tr|W5PKD1|W5PKD1_SHEEP           94.68%    failed      0.00%
  80  tr|W5PSN2|W5PSN2_SHEEP           94.79%    failed      0.00%
  81  tr|W5Q9S8|W5Q9S8_SHEEP           94.51%    failed      0.01%
  82  tr|W5Q4G0|W5Q4G0_SHEEP           94.73%    failed      0.01%
  83  tr|W5P226|W5P226_SHEEP           93.69%    failed      0.00%
  84  sp|P30082|GLR_RAT                94.47%    failed      0.00%
  85  sp|Q9Z0W0|GLP2R_RAT              93.73%    failed      0.00%
  86  sp|P30083|VIPR1_RAT              94.76%    failed      0.31%
  87  sp|P43219|GIPR_RAT               94.81%    failed      0.00%
  88  sp|P23811|SCTR_RAT               94.88%    failed      0.00%
  89  sp|P32301|GLP1R_RAT              94.72%    failed      0.01%
  90  tr|A0A3B5Q0S7|A0A3B5Q0S7_XIPMA   94.09%    failed      0.66%
  91  tr|M3ZDL9|M3ZDL9_XIPMA           94.91%    failed      0.86%
  92  tr|M4ADN5|M4ADN5_XIPMA           93.90%    failed      0.24%
  93  tr|M3ZT07|M3ZT07_XIPMA           94.40%    failed      0.08%
  94  tr|I3J0U5|I3J0U5_ORENI           94.01%    failed      0.25%
  95  tr|A0A669D5D6|A0A669D5D6_ORENI   94.01%    failed      2.06%
  96  tr|A0A669BJW2|A0A669BJW2_ORENI   95.23%    failed      0.61%
  97  tr|A0A669DQ48|A0A669DQ48_ORENI   95.70%    failed      4.60%
  98  tr|I3JSQ0|I3JSQ0_ORENI           93.87%    failed      0.87%
  99  tr|I3KU32|I3KU32_ORENI           93.94%    failed      0.01%
 100  tr|I3N2F6|I3N2F6_ICTTR           94.78%    failed      0.00%
 101  tr|I3M8I3|I3M8I3_ICTTR           95.04%    failed      0.03%
 102  tr|I3MG10|I3MG10_ICTTR           93.75%    failed      0.00%
 103  tr|I3M889|I3M889_ICTTR           94.60%    failed      0.03%
 104  tr|I3NFM0|I3NFM0_ICTTR           94.51%    failed      0.00%
 105  tr|H0WM87|H0WM87_OTOGA           94.72%    failed      0.01%
 106  tr|H0WGS3|H0WGS3_OTOGA           95.62%    failed      0.18%
 107  tr|H0XI39|H0XI39_OTOGA           95.24%    failed      0.00%
 108  tr|H0X783|H0X783_OTOGA           94.73%    failed      0.00%
 109  tr|H0WHM2|H0WHM2_OTOGA           93.71%    failed      0.00%
 110  tr|A0A674P1R2|A0A674P1R2_TAKRU   93.22%    failed      0.09%
 111  tr|A0A674PJE3|A0A674PJE3_TAKRU   94.00%    failed      0.01%
 112  tr|A0A674NQ92|A0A674NQ92_TAKRU   95.68%    passed     46.03%
 113  tr|H2U0Q8|H2U0Q8_TAKRU           94.22%    failed      0.43%
 114  tr|H2V4D8|H2V4D8_TAKRU           93.89%    failed      1.01%
 115  tr|H0UZE2|H0UZE2_CAVPO           94.01%    failed      0.00%
 116  tr|H0VTD3|H0VTD3_CAVPO           94.72%    failed      0.00%
 117  tr|H0VT27|H0VT27_CAVPO           95.03%    failed      0.01%
 118  tr|H0VZQ6|H0VZQ6_CAVPO           94.51%    failed      0.00%
 119  tr|H0UYK5|H0UYK5_CAVPO           94.81%    failed      0.00%
 120  sp|P47872|SCTR_HUMAN             94.98%    failed      0.03%
 121  sp|P48546|GIPR_HUMAN             94.68%    failed      0.00%
 122  sp|O95838|GLP2R_HUMAN            93.69%    failed      0.00%
 123  sp|P43220|GLP1R_HUMAN            94.72%    failed      0.03%
 124  sp|P47871|GLR_HUMAN              94.56%    failed      0.00%
 125  tr|F7E1R9|F7E1R9_MACMU           94.68%    failed      0.00%
 126  tr|F6TRW6|F6TRW6_MACMU           94.95%    failed      0.00%
 127  tr|F7E3K6|F7E3K6_MACMU           94.72%    failed      0.06%
 128  tr|A0A1D5QZY8|A0A1D5QZY8_MACMU   94.40%    failed      0.00%
 129  tr|A0A1D5Q3Z3|A0A1D5Q3Z3_MACMU   93.69%    failed      0.00%
 130  tr|G5B9F2|G5B9F2_HETGA           94.97%    failed      0.10%
 131  tr|G5BJ74|G5BJ74_HETGA           94.52%    failed      0.00%
 132  tr|G5B5H5|G5B5H5_HETGA           94.92%    failed      0.00%
 133  tr|K7GGM6|K7GGM6_PELSI           95.12%    failed      0.33%
 134  tr|K7F648|K7F648_PELSI           94.84%    failed      2.15%
 135  tr|K7FQB9|K7FQB9_PELSI           94.60%    failed      0.00%
 136  tr|K7FB39|K7FB39_PELSI           94.88%    failed      0.45%
 137  tr|K7GJ88|K7GJ88_PELSI           94.70%    failed      0.22%
 138  tr|H3CYL1|H3CYL1_TETNG           94.27%    failed      1.98%
 139  tr|H3D488|H3D488_TETNG           95.06%    failed      0.10%
 140  tr|H3D5K6|H3D5K6_TETNG           95.07%    failed      0.42%
 141  tr|H3C5B9|H3C5B9_TETNG           93.86%    failed      0.22%
 142  tr|G3PPK9|G3PPK9_GASAC           94.36%    failed      0.01%
 143  tr|G3PZF8|G3PZF8_GASAC           93.93%    failed      3.84%
 144  tr|G3P8K2|G3P8K2_GASAC           94.02%    failed      0.14%
 145  tr|G3P333|G3P333_GASAC           95.23%    passed      5.08%
 146  tr|G3Q4Z3|G3Q4Z3_GASAC           94.00%    failed      2.07%
 147  tr|G3SXX0|G3SXX0_LOXAF           95.57%    failed      0.11%
 148  tr|G3TZT9|G3TZT9_LOXAF           95.12%    failed      0.19%
 149  tr|G3T6D2|G3T6D2_LOXAF           93.68%    failed      0.00%
 150  tr|G3SU22|G3SU22_LOXAF           94.71%    failed      0.02%
 151  tr|A0A7N4PGY7|A0A7N4PGY7_SARHA   94.78%    failed      0.04%
 152  tr|G3WE67|G3WE67_SARHA           94.32%    failed      0.03%
 153  tr|G3WU25|G3WU25_SARHA           94.99%    failed      0.24%
 154  tr|G3VAN1|G3VAN1_SARHA           94.90%    failed      0.00%
 155  tr|G3VNA5|G3VNA5_SARHA           93.75%    failed      0.00%
 156  tr|H0Z060|H0Z060_TAEGU           95.06%    failed      0.00%
 157  tr|H0ZAY9|H0ZAY9_TAEGU           93.99%    failed      0.01%
 158  tr|A0A674GX67|A0A674GX67_TAEGU   94.26%    passed      5.14%
 159  tr|H0ZBN2|H0ZBN2_TAEGU           94.76%    failed      0.10%
 160  tr|A0A803J9T5|A0A803J9T5_XENTR   93.99%    failed      0.96%
 161  tr|A0A803JWD0|A0A803JWD0_XENTR   94.87%    failed      0.00%
 162  tr|F6UDH6|F6UDH6_XENTR           94.17%    failed      1.62%
 163  tr|A0A803JMZ9|A0A803JMZ9_XENTR   94.88%    failed      0.15%
 164  tr|F7EEJ5|F7EEJ5_XENTR           94.49%    passed      9.03%
 165  tr|F6YCW2|F6YCW2_CIOIN           95.17%    failed      0.05%
 166  tr|F6V0N3|F6V0N3_CIOIN           95.47%    failed      0.07%
 167  tr|F7I1R7|F7I1R7_CALJA           93.65%    failed      0.00%
 168  tr|F7FCP0|F7FCP0_CALJA           93.97%    failed      0.00%
 169  tr|F7I191|F7I191_CALJA           94.81%    failed      0.00%
 170  tr|H9KVX4|H9KVX4_CALJA           94.95%    failed      0.00%
 171  tr|F6Y4K4|F6Y4K4_CALJA           94.68%    failed      0.00%
 172  tr|I3LFB5|I3LFB5_PIG             94.95%    failed      0.00%
 173  tr|A0A286ZPF4|A0A286ZPF4_PIG     93.66%    failed      0.00%
 174  tr|A0A5G2QV54|A0A5G2QV54_PIG     94.68%    failed      0.00%
 175  tr|A0A5G2QXJ7|A0A5G2QXJ7_PIG     94.66%    failed      0.05%
 176  tr|H3A1R4|H3A1R4_LATCH           95.63%    failed      0.23%
 177  tr|H3A145|H3A145_LATCH           94.22%    failed      0.00%
 178  tr|H3B352|H3B352_LATCH           95.30%    failed      0.00%
 179  tr|H3AGG3|H3AGG3_LATCH           94.08%    failed      3.86%
 180  tr|H3B540|H3B540_LATCH           94.20%    passed      5.38%
 181  tr|D2I071|D2I071_AILME           94.68%    failed      0.00%
 182  tr|G1M0C5|G1M0C5_AILME           93.62%    failed      0.00%
 183  tr|G1M570|G1M570_AILME           94.72%    failed      0.00%
 184  tr|G1MGL8|G1MGL8_AILME           94.46%    failed      0.00%
 185  tr|E1BKB6|E1BKB6_BOVIN           94.54%    failed      0.01%
 186  tr|E1B8G5|E1B8G5_BOVIN           94.68%    failed      0.00%
 187  tr|A0A3Q1MDR8|A0A3Q1MDR8_BOVIN   94.38%    failed      0.00%
 188  tr|E1BAY1|E1BAY1_BOVIN           93.69%    failed      0.00%
 189  tr|A0A3Q1M5G0|A0A3Q1M5G0_BOVIN   94.71%    failed      0.00%
 190  tr|L5JQE1|L5JQE1_PTEAL           94.91%    failed      0.07%
 191  tr|L5JYL5|L5JYL5_PTEAL           95.12%    failed      0.07%
 192  tr|L5K060|L5K060_PTEAL           94.09%    failed      0.00%
 193  tr|L5LTC0|L5LTC0_MYODS           94.58%    failed      0.00%
 194  tr|L8HZJ9|L8HZJ9_9CETA           94.54%    failed      0.01%
 195  tr|L8I9G9|L8I9G9_9CETA           94.65%    failed      0.00%
 196  tr|L8HXJ0|L8HXJ0_9CETA           93.69%    failed      0.00%
 197  tr|L9LBK3|L9LBK3_TUPCH           95.05%    failed      0.00%
 198  tr|L9KZI1|L9KZI1_TUPCH           94.91%    failed      0.00%
 199  tr|L9JS77|L9JS77_TUPCH           94.08%    failed      0.00%
 200  tr|L9KUE9|L9KUE9_TUPCH           92.76%    failed      0.00%
 201  tr|M3VXD8|M3VXD8_FELCA           95.74%    failed      0.00%
 202  tr|A0A337SUD5|A0A337SUD5_FELCA   94.76%    failed      0.19%
 203  tr|A0A5F5XCY0|A0A5F5XCY0_FELCA   94.75%    failed      0.00%
 204  tr|M3W5V1|M3W5V1_FELCA           94.82%    failed      0.00%
 205  tr|A0A337SBM7|A0A337SBM7_FELCA   94.67%    failed      0.00%
 206  tr|M3WND6|M3WND6_FELCA           94.48%    failed      0.00%
 207  tr|U3K8W3|U3K8W3_FICAL           94.75%    failed      1.22%
 208  tr|U3JQ47|U3JQ47_FICAL           94.01%    failed      0.05%
 209  tr|U3JP90|U3JP90_FICAL           95.06%    failed      0.00%
 210  tr|U3JD61|U3JD61_FICAL           94.05%    failed      0.00%
 211  tr|U3KGR0|U3KGR0_FICAL           94.88%    failed      1.58%
 212  tr|U3KC43|U3KC43_FICAL           93.89%    passed      5.71%
 213  tr|U3I7Y3|U3I7Y3_ANAPP           93.97%    failed      0.01%
 214  tr|U3IM16|U3IM16_ANAPP           94.87%    failed      2.16%
 215  tr|U3IBL2|U3IBL2_ANAPP           94.78%    failed      0.04%
 216  tr|U3IIF7|U3IIF7_ANAPP           95.27%    failed      0.01%
 217  tr|W5KSS3|W5KSS3_ASTMX           94.08%    passed      8.73%
 218  tr|W5KKH7|W5KKH7_ASTMX           94.39%    failed      1.47%
 219  tr|W5L9W9|W5L9W9_ASTMX           94.00%    failed      0.04%
 220  tr|A0A3B1JPT3|A0A3B1JPT3_ASTMX   94.03%    failed      0.02%
 221  tr|W5N1P0|W5N1P0_LEPOC           94.11%    failed      0.02%
 222  tr|W5N950|W5N950_LEPOC           94.22%    failed      1.02%
 223  tr|W5NC52|W5NC52_LEPOC           94.30%    passed      7.47%
 224  tr|V8P8M3|V8P8M3_OPHHA           94.35%    passed      8.14%
 225  tr|V8NIQ9|V8NIQ9_OPHHA           95.06%    failed      0.56%
 226  tr|A0A087YLS0|A0A087YLS0_POEFO   93.91%    failed      0.20%
 227  tr|A0A087YLV7|A0A087YLV7_POEFO   93.94%    failed      0.00%
 228  tr|A0A087X8D2|A0A087X8D2_POEFO   94.09%    failed      0.18%
 229  tr|A0A087YD24|A0A087YD24_POEFO   95.22%    failed      0.24%
 230  tr|A0A096MQK5|A0A096MQK5_PAPAN   94.95%    failed      0.00%
 231  tr|A0A2I3MN00|A0A2I3MN00_PAPAN   94.05%    failed      0.00%
 232  tr|A0A096NHY6|A0A096NHY6_PAPAN   94.72%    failed      0.05%
 233  tr|A0A0A0MX16|A0A0A0MX16_PAPAN   94.68%    failed      0.00%
 234  tr|A0A096P2W8|A0A096P2W8_PAPAN   93.85%    failed      0.00%
 235  tr|A0A091DUE1|A0A091DUE1_FUKDA   94.51%    failed      0.00%
 236  tr|A0A091D9Q2|A0A091D9Q2_FUKDA   90.93%    failed      0.04%
 237  tr|A0A091CP67|A0A091CP67_FUKDA   94.62%    failed      0.00%
 238  tr|A0A091DCI7|A0A091DCI7_FUKDA   94.92%    failed      0.02%
 239  tr|A0A091CM01|A0A091CM01_FUKDA   95.52%    failed      0.00%
 240  tr|A0A0D9S1Z4|A0A0D9S1Z4_CHLSB   94.68%    failed      0.00%
 241  tr|A0A0D9S4L9|A0A0D9S4L9_CHLSB   94.40%    failed      0.00%
 242  tr|A0A0D9RCP5|A0A0D9RCP5_CHLSB   93.69%    failed      0.00%
 243  tr|A0A0D9RVJ5|A0A0D9RVJ5_CHLSB   95.22%    failed      0.02%
 244  tr|A0A0D9REZ4|A0A0D9REZ4_CHLSB   94.71%    failed      0.05%
 245  tr|S9WE27|S9WE27_CAMFR           94.20%    failed      0.00%
 246  tr|S9XET1|S9XET1_CAMFR           95.31%    failed      0.00%
 247  tr|M7BA54|M7BA54_CHEMY           92.87%    failed      0.03%
 248  tr|M7BYD2|M7BYD2_CHEMY           95.47%    failed      0.05%
 249  tr|A0A0P7W0V5|A0A0P7W0V5_SCLFO   94.51%    passed     23.35%
 250  tr|A0A0P7XQA4|A0A0P7XQA4_SCLFO   94.56%    failed      0.01%
 251  tr|A0A151N6I1|A0A151N6I1_ALLMI   94.65%    failed      1.05%
 252  tr|A0A151M0U5|A0A151M0U5_ALLMI   94.75%    failed      1.60%
 253  tr|A0A151P334|A0A151P334_ALLMI   95.00%    failed      1.63%
 254  tr|A0A151MPW7|A0A151MPW7_ALLMI   93.77%    failed      0.03%
 255  tr|A0A151NY97|A0A151NY97_ALLMI   94.31%    failed      1.26%
 256  tr|A0A0Q3PJT1|A0A0Q3PJT1_AMAAE   94.41%    failed      1.26%
 257  tr|A0A0Q3XAN0|A0A0Q3XAN0_AMAAE   94.91%    failed      0.06%
 258  tr|A0A0Q3MNG3|A0A0Q3MNG3_AMAAE   94.81%    failed      0.00%
 259  tr|A0A0Q3TAA2|A0A0Q3TAA2_AMAAE   95.40%    failed      0.01%
 260  tr|A0A0Q3MC27|A0A0Q3MC27_AMAAE   93.99%    failed      0.02%
 261  tr|A0A091QCR1|A0A091QCR1_MERNU   95.46%    failed      0.89%
 262  tr|A0A091QFC3|A0A091QFC3_MERNU   95.81%    failed      0.03%
 263  tr|A0A091F219|A0A091F219_CORBR   95.76%    failed      0.00%
 264  tr|A0A091F1E9|A0A091F1E9_CORBR   95.46%    passed     11.08%
 265  tr|A0A091F626|A0A091F626_CORBR   95.20%    failed      0.36%
 266  tr|A0A091F4N8|A0A091F4N8_CORBR   95.05%    failed      0.30%
 267  tr|S7MNW9|S7MNW9_MYOBR           94.59%    failed      0.00%
 268  tr|S7N8C2|S7N8C2_MYOBR           94.97%    failed      0.02%
 269  tr|S7NGB5|S7NGB5_MYOBR           94.41%    failed      0.00%
 270  tr|A0A091JD35|A0A091JD35_EGRGA   95.53%    failed      3.60%
 271  tr|A0A091ILM2|A0A091ILM2_EGRGA   95.03%    failed      0.67%
 272  tr|A0A091J4F3|A0A091J4F3_EGRGA   95.20%    failed      0.14%
 273  tr|A0A093C5P9|A0A093C5P9_9AVES   95.12%    failed      0.69%
 274  tr|A0A093PLT6|A0A093PLT6_PHACA   95.03%    failed      0.55%
 275  tr|A0A093R3Q0|A0A093R3Q0_PHACA   95.54%    failed      4.23%
 276  tr|A0A093RWY7|A0A093RWY7_9PASS   95.65%    failed      0.00%
 277  tr|A0A093RZF1|A0A093RZF1_9PASS   95.20%    failed      0.02%
 278  tr|A0A093T2M1|A0A093T2M1_9PASS   95.03%    failed      0.88%
 279  tr|A0A093PS28|A0A093PS28_9PASS   95.84%    failed      1.54%
 280  tr|A0A093PUZ9|A0A093PUZ9_9PASS   95.53%    failed      2.54%
 281  tr|A0A091VPP1|A0A091VPP1_NIPNI   96.09%    passed     13.87%
 282  tr|A0A091UP36|A0A091UP36_NIPNI   95.53%    failed      2.18%
 283  tr|A0A091VZI1|A0A091VZI1_NIPNI   95.03%    failed      1.06%
 284  tr|A0A091VQH5|A0A091VQH5_NIPNI   95.20%    failed      0.04%
 285  tr|A0A087RAP5|A0A087RAP5_APTFO   95.03%    failed      0.54%
 286  tr|A0A087RB67|A0A087RB67_APTFO   95.20%    failed      0.14%
 287  tr|A0A087QNN1|A0A087QNN1_APTFO   95.53%    failed      2.81%
 288  tr|A0A087QIB9|A0A087QIB9_APTFO   95.86%    failed      0.00%
 289  tr|A0A087VJR9|A0A087VJR9_BALRE   96.65%    failed      0.92%
 290  tr|A0A091KZX7|A0A091KZX7_9GRUI   95.53%    failed      1.68%
 291  tr|A0A091QLW8|A0A091QLW8_9GRUI   95.82%    failed      0.14%
 292  tr|A0A091MRV2|A0A091MRV2_9PASS   95.74%    failed      0.05%
 293  tr|A0A091MN47|A0A091MN47_9PASS   95.12%    failed      0.22%
 294  tr|A0A093JVG3|A0A093JVG3_STRCA   95.53%    failed      2.99%
 295  tr|A0A093HQ60|A0A093HQ60_STRCA   95.24%    failed      0.05%
 296  tr|A0A091WYS1|A0A091WYS1_OPIHO   95.03%    failed      0.97%
 297  tr|A0A091V803|A0A091V803_OPIHO   95.20%    failed      0.04%
 298  tr|A0A091VFX4|A0A091VFX4_OPIHO   95.53%    failed      0.66%
 299  tr|A0A091KD13|A0A091KD13_COLST   95.79%    failed      0.02%
 300  tr|A0A094KWG0|A0A094KWG0_ANTCR   96.65%    failed      2.29%
 301  tr|A0A094L9W4|A0A094L9W4_ANTCR   95.12%    failed      0.72%
 302  tr|A0A091TPZ6|A0A091TPZ6_PHALP   95.40%    failed      0.85%
 303  tr|A0A091TND2|A0A091TND2_PHALP   95.54%    failed      0.07%
 304  tr|A0A099YTP2|A0A099YTP2_TINGU   95.90%    failed      2.20%
 305  tr|A0A099ZMC2|A0A099ZMC2_TINGU   95.03%    failed      0.79%
 306  tr|A0A099YZW2|A0A099YZW2_TINGU   95.44%    failed      0.09%
 307  tr|A0A093CRR2|A0A093CRR2_TAUER   95.53%    failed      2.96%
 308  tr|A0A091U304|A0A091U304_PHORB   95.20%    failed      0.11%
 309  tr|A0A091U9U0|A0A091U9U0_PHORB   95.53%    failed      1.68%
 310  tr|A0A091LBQ7|A0A091LBQ7_CATAU   95.61%    failed      0.16%
 311  tr|A0A091LH31|A0A091LH31_CATAU   96.18%    failed      0.73%
 312  tr|A0A091FQH8|A0A091FQH8_9AVES   95.35%    failed      0.01%
 313  tr|A0A091FM96|A0A091FM96_9AVES   95.54%    failed      0.15%
 314  tr|A0A091GX48|A0A091GX48_9AVES   95.03%    failed      1.60%
 315  tr|A0A091GEH0|A0A091GEH0_9AVES   95.20%    failed      0.06%
 316  tr|A0A091FW07|A0A091FW07_9AVES   95.76%    failed      0.73%
 317  tr|A0A093JN53|A0A093JN53_FULGA   95.03%    failed      0.64%
 318  tr|A0A093ILW6|A0A093ILW6_FULGA   95.53%    failed      1.74%
 319  tr|A0A091S561|A0A091S561_NESNO   95.54%    failed      0.00%
 320  tr|A0A091S7T5|A0A091S7T5_NESNO   95.48%    failed      0.46%
 321  tr|A0A091S2V6|A0A091S2V6_NESNO   95.03%    failed      0.97%
 322  tr|A0A091S5A2|A0A091S5A2_NESNO   95.20%    failed      0.22%
 323  tr|A0A094KW54|A0A094KW54_PODCR   95.53%    failed      3.16%
 324  tr|A0A0A0AMI0|A0A0A0AMI0_CHAVO   95.53%    failed      2.46%
 325  tr|A0A0A0A6K1|A0A0A0A6K1_CHAVO   95.03%    failed      1.04%
 326  tr|A0A0A0AH61|A0A0A0AH61_CHAVO   95.20%    failed      0.06%
 327  tr|A0A2I0MGK9|A0A2I0MGK9_COLLI   94.87%    failed      0.77%
 328  tr|A0A2I0LP26|A0A2I0LP26_COLLI   95.06%    failed      0.03%
 329  tr|A0A2I0MRD7|A0A2I0MRD7_COLLI   94.89%    failed      0.23%
 330  tr|A0A2I0MAF4|A0A2I0MAF4_COLLI   95.14%    failed      1.00%
 331  tr|A0A2I0LJA6|A0A2I0LJA6_COLLI   93.97%    failed      0.01%
 332  tr|A0A093IB47|A0A093IB47_DRYPU   95.03%    failed      1.67%
 333  tr|A0A093GU56|A0A093GU56_DRYPU   95.49%    failed      0.67%
 334  tr|A0A093H916|A0A093H916_DRYPU   95.20%    failed      0.78%
 335  tr|A0A091GRA4|A0A091GRA4_BUCRH   95.53%    failed      1.50%
 336  tr|A0A091H5Y7|A0A091H5Y7_BUCRH   95.25%    failed      0.55%
 337  tr|A0A093REA1|A0A093REA1_PYGAD   95.53%    failed      2.31%
 338  tr|A0A093QRL4|A0A093QRL4_PYGAD   95.20%    failed      0.06%
 339  tr|A0A093PIX2|A0A093PIX2_PYGAD   95.03%    failed      0.77%
 340  tr|A0A091MK11|A0A091MK11_CARIC   95.12%    failed      0.44%
 341  tr|A0A091M3F1|A0A091M3F1_CARIC   95.59%    failed      0.12%
 342  tr|A0A091LW30|A0A091LW30_CARIC   95.76%    failed      0.06%
 343  tr|A0A091SLR1|A0A091SLR1_PELCR   95.70%    failed      0.00%
 344  tr|A0A091T1B2|A0A091T1B2_PELCR   95.03%    failed      1.22%
 345  tr|A0A093L8L3|A0A093L8L3_EURHL   95.53%    failed      1.70%
 346  tr|A0A091I0X9|A0A091I0X9_CALAN   95.11%    failed      0.73%
 347  tr|A0A091IUW3|A0A091IUW3_CALAN   95.51%    failed      0.99%
 348  tr|A0A091HZR4|A0A091HZR4_CALAN   95.20%    failed      0.06%
 349  tr|A0A091ITY0|A0A091ITY0_CALAN   95.62%    failed      0.00%
 350  tr|A0A093F6V4|A0A093F6V4_GAVST   95.20%    failed      0.01%
 351  tr|A0A091P5K7|A0A091P5K7_HALAL   95.03%    failed      1.24%
 352  tr|A0A091QIC0|A0A091QIC0_HALAL   95.20%    failed      0.24%
 353  tr|A0A091P0B8|A0A091P0B8_HALAL   95.53%    failed      1.82%
 354  tr|A0A1S2ZDW7|A0A1S2ZDW7_ERIEU   94.83%    failed      0.01%
 355  tr|A0A1S3ABF6|A0A1S3ABF6_ERIEU   93.54%    failed      0.00%
 356  tr|A0A1S3WVE5|A0A1S3WVE5_ERIEU   94.31%    failed      0.00%
 357  tr|A0A1S2ZRY2|A0A1S2ZRY2_ERIEU   94.38%    failed      0.00%
 358  tr|A0A1S2ZUQ3|A0A1S2ZUQ3_ERIEU   94.84%    failed      0.00%
 359  tr|A0A1S3EVW9|A0A1S3EVW9_DIPOR   93.43%    failed      0.00%
 360  tr|A0A1S3GK17|A0A1S3GK17_DIPOR   94.58%    failed      0.00%
 361  tr|A0A1S3GGP9|A0A1S3GGP9_DIPOR   94.43%    failed      0.00%
 362  tr|A0A1S3FHW9|A0A1S3FHW9_DIPOR   94.97%    failed      0.06%
 363  tr|A0A1S3Q6J8|A0A1S3Q6J8_SALSA   93.79%    failed      0.00%
 364  tr|A0A1S3RC43|A0A1S3RC43_SALSA   93.70%    failed      2.10%
 365  tr|A0A1S3NQC3|A0A1S3NQC3_SALSA   94.08%    failed      4.24%
 366  tr|A0A1S3R3K4|A0A1S3R3K4_SALSA   93.82%    failed      0.11%
 367  tr|A0A1S3NDL9|A0A1S3NDL9_SALSA   94.15%    failed      0.13%
 368  tr|A0A1S3SZ13|A0A1S3SZ13_SALSA   94.10%    failed      3.32%
 369  tr|A0A1S3NGW0|A0A1S3NGW0_SALSA   95.09%    failed      0.62%
 370  tr|A0A1S3LZC6|A0A1S3LZC6_SALSA   93.76%    failed      0.01%
 371  tr|A0A1A6GMU4|A0A1A6GMU4_NEOLE   95.53%    failed      0.00%
 372  tr|A0A1A6GZD8|A0A1A6GZD8_NEOLE   94.47%    failed      0.00%
 373  tr|A0A1L8F842|A0A1L8F842_XENLA   94.03%    failed      0.02%
 374  tr|B7ZSD5|B7ZSD5_XENLA           94.41%    passed      7.49%
 375  tr|A0A1L8F3F8|A0A1L8F3F8_XENLA   94.44%    failed      0.00%
 376  tr|A0A1L8G0Z9|A0A1L8G0Z9_XENLA   94.88%    failed      0.31%
 377  tr|A0A1L8EYD0|A0A1L8EYD0_XENLA   95.20%    failed      0.06%
 378  tr|A0A1L8EN96|A0A1L8EN96_XENLA   93.97%    failed      0.10%
 379  tr|F8RUA9|F8RUA9_XENLA           94.87%    failed      0.07%
 380  tr|A0A1L8EUV9|A0A1L8EUV9_XENLA   93.97%    failed      0.06%
 381  tr|A0A1L8G6V7|A0A1L8G6V7_XENLA   94.84%    failed      0.06%
 382  tr|A0A1U7UKG8|A0A1U7UKG8_CARSF   93.69%    failed      0.00%
 383  tr|A0A1U7UQZ2|A0A1U7UQZ2_CARSF   93.98%    failed      0.01%
 384  tr|A0A3Q0EA52|A0A3Q0EA52_CARSF   94.95%    failed      0.00%
 385  tr|A0A3Q0E5G2|A0A3Q0E5G2_CARSF   95.24%    failed      0.00%
 386  tr|A0A1U7RS28|A0A1U7RS28_ALLSI   94.87%    failed      1.25%
 387  tr|A0A3Q0H3A9|A0A3Q0H3A9_ALLSI   93.98%    failed      0.05%
 388  tr|A0A1U7SJN2|A0A1U7SJN2_ALLSI   94.31%    failed      0.99%
 389  tr|A0A3Q0G1T8|A0A3Q0G1T8_ALLSI   95.05%    failed      0.91%
 390  tr|A0A1U7SLM7|A0A1U7SLM7_ALLSI   93.86%    failed      0.15%
 391  tr|A0A3Q0CKL8|A0A3Q0CKL8_MESAU   94.72%    failed      0.00%
 392  tr|A0A3Q0CJ75|A0A3Q0CJ75_MESAU   93.91%    failed      0.00%
 393  tr|I7GUL9|I7GUL9_MESAU           93.73%    failed      0.00%
 394  tr|A0A1U8BZI8|A0A1U8BZI8_MESAU   94.72%    failed      0.01%
 395  sp|P43218|GIPR_MESAU             94.73%    failed      0.00%
 396  tr|A0A1V4JGN5|A0A1V4JGN5_PATFA   93.91%    failed      0.02%
 397  tr|A0A1V4JJS4|A0A1V4JJS4_PATFA   94.36%    failed      0.12%
 398  tr|A0A1V4K7A8|A0A1V4K7A8_PATFA   94.86%    failed      0.51%
 399  tr|A0A1V4KT83|A0A1V4KT83_PATFA   95.06%    failed      0.03%
 400  tr|A0A1V4J7A3|A0A1V4J7A3_PATFA   94.46%    failed      0.68%
 401  tr|A0A2I4CKW1|A0A2I4CKW1_9TELE   94.06%    passed      7.71%
 402  tr|A0A2I4CKE8|A0A2I4CKE8_9TELE   93.95%    failed      0.01%
 403  tr|A0A2I4C9T4|A0A2I4C9T4_9TELE   93.99%    failed      0.20%
 404  tr|A0A2I4B9I2|A0A2I4B9I2_9TELE   94.91%    failed      0.89%
 405  tr|A0A060W6Z9|A0A060W6Z9_ONCMY   93.97%    failed      2.56%
 406  tr|A0A060WGN5|A0A060WGN5_ONCMY   94.70%    passed     10.18%
 407  tr|A0A060Y2Z1|A0A060Y2Z1_ONCMY   94.41%    failed      0.03%
 408  tr|A0A060VV55|A0A060VV55_ONCMY   94.90%    failed      3.72%
 409  tr|A0A218ULL4|A0A218ULL4_9PASE   93.99%    passed      7.38%
 410  tr|A0A226NE26|A0A226NE26_CALSU   95.72%    failed      0.17%
 411  tr|A0A226N0K0|A0A226N0K0_CALSU   94.36%    failed      3.92%
 412  tr|A0A226MY85|A0A226MY85_CALSU   94.58%    failed      0.00%
 413  tr|A0A226P366|A0A226P366_COLVI   94.58%    failed      0.00%
 414  tr|A0A226PA54|A0A226PA54_COLVI   95.84%    failed      0.18%
 415  tr|A0A226PLU6|A0A226PLU6_COLVI   94.34%    failed      2.90%
 416  tr|A0A2K5DK68|A0A2K5DK68_AOTNA   93.65%    failed      0.00%
 417  tr|A0A2K5EN21|A0A2K5EN21_AOTNA   94.40%    failed      0.00%
 418  tr|A0A2K5DHX1|A0A2K5DHX1_AOTNA   94.95%    failed      0.01%
 419  tr|A0A2K5CFX8|A0A2K5CFX8_AOTNA   94.81%    failed      0.00%
 420  tr|A0A2K5PBN9|A0A2K5PBN9_CEBIM   94.80%    failed      0.01%
 421  tr|A0A2K5Q1A3|A0A2K5Q1A3_CEBIM   94.95%    failed      0.01%
 422  tr|A0A2K5QCD5|A0A2K5QCD5_CEBIM   93.70%    failed      0.00%
 423  tr|A0A2K5QNV3|A0A2K5QNV3_CEBIM   94.68%    failed      0.00%
 424  tr|A0A2K5R5J6|A0A2K5R5J6_CEBIM   94.52%    failed      0.00%
 425  tr|A0A2K5N5W0|A0A2K5N5W0_CERAT   94.40%    failed      0.00%
 426  tr|A0A2K5MAU0|A0A2K5MAU0_CERAT   93.69%    failed      0.00%
 427  tr|A0A2K5P7D9|A0A2K5P7D9_CERAT   94.72%    failed      0.05%
 428  tr|A0A2K5MG90|A0A2K5MG90_CERAT   94.95%    failed      0.00%
 429  tr|A0A2K5N2U6|A0A2K5N2U6_CERAT   94.68%    failed      0.00%
 430  tr|A0A2K5IDM5|A0A2K5IDM5_COLAP   93.69%    failed      0.00%
 431  tr|A0A2K5IP66|A0A2K5IP66_COLAP   95.35%    failed      0.00%
 432  tr|A0A2K5JST1|A0A2K5JST1_COLAP   94.03%    failed      0.00%
 433  tr|A0A2K5J5H8|A0A2K5J5H8_COLAP   94.72%    failed      0.03%
 434  tr|A0A2K5VD75|A0A2K5VD75_MACFA   94.68%    failed      0.00%
 435  tr|A0A2K5WDY5|A0A2K5WDY5_MACFA   94.25%    failed      0.00%
 436  tr|A0A2K5W7H9|A0A2K5W7H9_MACFA   94.95%    failed      0.00%
 437  tr|A0A2K5WMI4|A0A2K5WMI4_MACFA   93.69%    failed      0.00%
 438  tr|A0A2K6CIT3|A0A2K6CIT3_MACNE   94.71%    failed      0.00%
 439  tr|A0A2K6E9G1|A0A2K6E9G1_MACNE   94.40%    failed      0.00%
 440  tr|A0A2K6E567|A0A2K6E567_MACNE   93.69%    failed      0.00%
 441  tr|A0A2K6BF82|A0A2K6BF82_MACNE   94.72%    failed      0.06%
 442  tr|A0A2K5YZU7|A0A2K5YZU7_MANLE   93.69%    failed      0.00%
 443  tr|A0A2K5ZFH3|A0A2K5ZFH3_MANLE   94.40%    failed      0.00%
 444  tr|A0A2K5ZYN4|A0A2K5ZYN4_MANLE   94.72%    failed      0.06%
 445  tr|A0A2K5Y3M2|A0A2K5Y3M2_MANLE   94.95%    failed      0.00%
 446  tr|A0A2K6G1A6|A0A2K6G1A6_PROCO   94.65%    failed      0.00%
 447  tr|A0A2K6ETB1|A0A2K6ETB1_PROCO   93.70%    failed      0.00%
 448  tr|A0A2K6EYB3|A0A2K6EYB3_PROCO   94.92%    failed      0.00%
 449  tr|A0A2K6G5S8|A0A2K6G5S8_PROCO   94.86%    failed      0.00%
 450  tr|A0A2K6LB78|A0A2K6LB78_RHIBE   94.95%    failed      0.00%
 451  tr|A0A2K6LK25|A0A2K6LK25_RHIBE   93.69%    failed      0.00%
 452  tr|A0A2K6M2Q7|A0A2K6M2Q7_RHIBE   94.72%    failed      0.04%
 453  tr|A0A2K6N0C9|A0A2K6N0C9_RHIBE   94.68%    failed      0.00%
 454  tr|A0A2K6Q8N1|A0A2K6Q8N1_RHIRO   94.72%    failed      0.03%
 455  tr|A0A2K6RF28|A0A2K6RF28_RHIRO   94.89%    failed      0.00%
 456  tr|A0A2K6R2L1|A0A2K6R2L1_RHIRO   94.48%    failed      0.00%
 457  tr|A0A2K6Q8G1|A0A2K6Q8G1_RHIRO   93.69%    failed      0.00%
 458  tr|A0A2K6PCE6|A0A2K6PCE6_RHIRO   94.68%    failed      0.00%
 459  tr|A0A2K6S1I2|A0A2K6S1I2_SAIBB   94.95%    failed      0.00%
 460  tr|A0A2K6THG2|A0A2K6THG2_SAIBB   95.12%    failed      0.08%
 461  tr|A0A2K6TGB7|A0A2K6TGB7_SAIBB   93.70%    failed      0.00%
 462  tr|A0A2K6V0N1|A0A2K6V0N1_SAIBB   94.32%    failed      0.00%
 463  tr|A0A2I0TR80|A0A2I0TR80_LIMLA   94.80%    failed      0.51%
 464  tr|A0A2I0U531|A0A2I0U531_LIMLA   94.15%    failed      0.01%
 465  tr|A0A2I0UM93|A0A2I0UM93_LIMLA   94.71%    failed      0.15%
 466  tr|A0A2P4SGX7|A0A2P4SGX7_BAMTH   95.03%    failed      0.00%
 467  tr|A0A2P4TCX2|A0A2P4TCX2_BAMTH   94.34%    failed      2.07%
 468  tr|A0A2R8ZBW6|A0A2R8ZBW6_PANPA   95.03%    failed      0.03%
 469  tr|A0A2R9AQ36|A0A2R9AQ36_PANPA   94.66%    failed      0.12%
 470  tr|A0A2R9BLK3|A0A2R9BLK3_PANPA   93.69%    failed      0.00%
 471  tr|A0A2R9AXT8|A0A2R9AXT8_PANPA   94.56%    failed      0.00%
 472  tr|A0A2R9A9R5|A0A2R9A9R5_PANPA   94.87%    failed      0.00%
 473  tr|A0A210PZJ8|A0A210PZJ8_MIZYE   93.73%    failed      0.00%
 474  tr|A0A212D4K2|A0A212D4K2_CEREH   95.30%    failed      0.02%
 475  tr|A0A212DCE4|A0A212DCE4_CEREH   94.30%    failed      0.00%
 476  tr|A0A212D936|A0A212D936_CEREH   94.54%    failed      0.01%
 477  tr|A0A3P9N951|A0A3P9N951_POERE   94.10%    failed      0.08%
 478  tr|A0A3P9MTA0|A0A3P9MTA0_POERE   93.87%    failed      0.20%
 479  tr|A0A3P9PY58|A0A3P9PY58_POERE   94.19%    failed      0.04%
 480  tr|A0A2F0B651|A0A2F0B651_ESCRO   96.04%    failed      0.00%
 481  tr|A0A2F0B890|A0A2F0B890_ESCRO   94.88%    failed      0.03%
 482  tr|S4RG94|S4RG94_PETMA           96.33%    passed     21.30%
 483  tr|A0A6J3QBZ7|A0A6J3QBZ7_TURTR   94.68%    failed      0.00%
 484  tr|A0A6J3QNU5|A0A6J3QNU5_TURTR   92.80%    failed      0.00%
 485  tr|A0A6J3S126|A0A6J3S126_TURTR   94.72%    failed      0.11%
 486  tr|A0A2U4C2M2|A0A2U4C2M2_TURTR   93.69%    failed      0.00%
 487  tr|A0A2U3W944|A0A2U3W944_ODORO   94.88%    failed      0.00%
 488  tr|A0A2U3W8F6|A0A2U3W8F6_ODORO   90.14%    failed      0.00%
 489  tr|A0A2U3VTQ9|A0A2U3VTQ9_ODORO   93.97%    failed      0.00%
 490  tr|A0A2U3ZGC6|A0A2U3ZGC6_ODORO   94.68%    failed      0.00%
 491  tr|A0A2U3WR40|A0A2U3WR40_ODORO   94.72%    failed      0.00%
 492  tr|A0A2U3YHV1|A0A2U3YHV1_LEPWE   94.59%    failed      0.00%
 493  tr|A0A2U3Z782|A0A2U3Z782_LEPWE   95.80%    failed      0.00%
 494  tr|A0A2U9CN19|A0A2U9CN19_SCOMX   73.60%    failed      0.00%
 495  tr|A0A2U9CQW6|A0A2U9CQW6_SCOMX   94.03%    failed      0.03%
 496  tr|A0A2U9CL38|A0A2U9CL38_SCOMX   94.09%    failed      0.00%
 497  tr|A0A2U9BIP7|A0A2U9BIP7_SCOMX   93.89%    failed      0.11%
 498  tr|A0A2U9BKT5|A0A2U9BKT5_SCOMX   94.91%    failed      0.23%
 499  tr|A0A2U9BR54|A0A2U9BR54_SCOMX   94.05%    failed      0.30%
 500  tr|A0A2Y9DJY0|A0A2Y9DJY0_TRIMA   93.68%    failed      0.00%
 501  tr|A0A2Y9DGE9|A0A2Y9DGE9_TRIMA   94.52%    failed      0.01%
 502  tr|A0A2Y9D640|A0A2Y9D640_TRIMA   94.80%    failed      0.06%
 503  tr|A0A2Y9R5V5|A0A2Y9R5V5_TRIMA   94.73%    failed      0.13%
 504  tr|A0A2Y9G1L0|A0A2Y9G1L0_TRIMA   92.06%    failed      0.00%
 505  tr|A0A2Y9DWH2|A0A2Y9DWH2_TRIMA   94.07%    failed      0.00%
 506  tr|A0A2Y9HKX7|A0A2Y9HKX7_NEOSC   93.97%    failed      0.00%
 507  tr|A0A2Y9GR21|A0A2Y9GR21_NEOSC   94.72%    failed      0.00%
 508  tr|A0A2Y9HPE4|A0A2Y9HPE4_NEOSC   94.23%    failed      0.00%
 509  tr|A0A2Y9GFU6|A0A2Y9GFU6_NEOSC   94.80%    failed      0.00%
 510  tr|A0A2Y9GCN4|A0A2Y9GCN4_NEOSC   93.61%    failed      0.00%
 511  tr|A0A2Y9JPL5|A0A2Y9JPL5_ENHLU   94.72%    failed      0.00%
 512  tr|A0A2Y9L4K1|A0A2Y9L4K1_ENHLU   93.95%    failed      0.00%
 513  tr|A0A2Y9INL5|A0A2Y9INL5_ENHLU   94.88%    failed      0.00%
 514  tr|A0A2Y9L0M5|A0A2Y9L0M5_ENHLU   94.68%    failed      0.00%
 515  tr|A0A2Y9KZY3|A0A2Y9KZY3_ENHLU   94.48%    failed      0.00%
 516  tr|A0A2Y9NX78|A0A2Y9NX78_DELLE   94.72%    failed      0.07%
 517  tr|A0A2Y9PCQ4|A0A2Y9PCQ4_DELLE   94.68%    failed      0.00%
 518  tr|A0A2Y9Q7U8|A0A2Y9Q7U8_DELLE   93.69%    failed      0.00%
 519  tr|A0A2Y9PGR4|A0A2Y9PGR4_DELLE   94.20%    failed      0.00%
 520  tr|A0A2Y9EJX1|A0A2Y9EJX1_PHYMC   95.09%    failed      0.00%
 521  tr|A0A2Y9EJG0|A0A2Y9EJG0_PHYMC   94.68%    failed      0.00%
 522  tr|A0A455ASX0|A0A455ASX0_PHYMC   94.20%    failed      0.00%
 523  tr|A0A455BXZ3|A0A455BXZ3_PHYMC   94.78%    failed      0.00%
 524  tr|A0A2Y9SK94|A0A2Y9SK94_PHYMC   94.72%    failed      0.03%
 525  tr|A0A315UXG3|A0A315UXG3_GAMAF   92.29%    failed      0.00%
 526  tr|A0A315V398|A0A315V398_GAMAF   93.65%    failed      0.78%
 527  tr|A0A315VEE9|A0A315VEE9_GAMAF   94.54%    failed      0.00%
 528  tr|A0A341DAU2|A0A341DAU2_NEOAA   94.68%    failed      0.00%
 529  tr|A0A341D756|A0A341D756_NEOAA   94.96%    failed      0.70%
 530  tr|A0A341BNJ9|A0A341BNJ9_NEOAA   93.69%    failed      0.00%
 531  tr|A0A341CPK1|A0A341CPK1_NEOAA   94.54%    failed      0.00%
 532  tr|A0A3Q1BKV0|A0A3Q1BKV0_AMPOC   93.98%    failed      0.00%
 533  tr|A0A3Q1C0D6|A0A3Q1C0D6_AMPOC   94.03%    failed      1.26%
 534  tr|A0A3Q1BDS4|A0A3Q1BDS4_AMPOC   94.60%    failed      0.70%
 535  tr|A0A3Q1CNY4|A0A3Q1CNY4_AMPOC   95.70%    failed      0.08%
 536  tr|A0A3Q1BRR1|A0A3Q1BRR1_AMPOC   95.57%    passed      9.56%
 537  tr|A0A3Q1GAI2|A0A3Q1GAI2_9TELE   93.95%    failed      0.58%
 538  tr|A0A3Q1GPR3|A0A3Q1GPR3_9TELE   95.25%    passed     10.40%
 539  tr|A0A3Q1FX27|A0A3Q1FX27_9TELE   94.46%    failed      0.24%
 540  tr|A0A3Q1F6G5|A0A3Q1F6G5_9TELE   94.93%    failed      1.88%
 541  tr|A0A3Q1GJ01|A0A3Q1GJ01_9TELE   93.95%    failed      0.97%
 542  tr|A0A3Q1G6N7|A0A3Q1G6N7_9TELE   94.52%    failed      0.01%
 543  tr|A0A3Q4HY61|A0A3Q4HY61_NEOBR   94.80%    failed      0.04%
 544  tr|A0A3Q4HHB3|A0A3Q4HHB3_NEOBR   94.44%    failed      0.00%
 545  tr|A0A3Q4NBL1|A0A3Q4NBL1_NEOBR   94.31%    failed      0.26%
 546  tr|A0A3Q4HG57|A0A3Q4HG57_NEOBR   95.37%    failed      0.10%
 547  tr|A0A3Q4BY65|A0A3Q4BY65_MOLML   94.56%    failed      0.16%
 548  tr|A0A3Q4AF36|A0A3Q4AF36_MOLML   95.63%    failed      3.57%
 549  tr|A0A3Q4C037|A0A3Q4C037_MOLML   94.49%    failed      0.20%
 550  tr|A0A3Q3WCL9|A0A3Q3WCL9_MOLML   95.33%    passed     12.05%
 551  tr|A0A3Q3MPM1|A0A3Q3MPM1_9TELE   95.60%    passed     15.01%
 552  tr|A0A3Q3NBA4|A0A3Q3NBA4_9TELE   94.08%    failed      0.02%
 553  tr|A0A3Q3MGS8|A0A3Q3MGS8_9TELE   93.71%    failed      0.14%
 554  tr|A0A3Q3M836|A0A3Q3M836_9TELE   94.14%    failed      0.16%
 555  tr|A0A3Q3SU62|A0A3Q3SU62_9TELE   94.03%    failed      0.15%
 556  tr|A0A3Q3H207|A0A3Q3H207_9LABR   93.95%    failed      0.01%
 557  tr|A0A3Q3NE20|A0A3Q3NE20_9LABR   94.06%    failed      0.04%
 558  tr|A0A3Q3MH95|A0A3Q3MH95_9LABR   94.35%    failed      3.21%
 559  tr|A0A384DNG6|A0A384DNG6_URSMA   94.35%    failed      0.00%
 560  tr|A0A384BP42|A0A384BP42_URSMA   95.00%    failed      0.00%
 561  tr|A0A384BW26|A0A384BW26_URSMA   95.04%    failed      0.00%
 562  tr|A0A384AF31|A0A384AF31_BALAS   94.40%    failed      0.00%
 563  tr|A0A452C6V5|A0A452C6V5_BALAS   94.63%    failed      0.00%
 564  tr|A0A384BEE1|A0A384BEE1_BALAS   94.98%    failed      0.15%
 565  tr|A0A383YUD5|A0A383YUD5_BALAS   92.94%    failed      0.00%
 566  tr|A0A3Q3EHJ4|A0A3Q3EHJ4_KRYMA   93.95%    failed      0.01%
 567  tr|A0A3Q3AMG5|A0A3Q3AMG5_KRYMA   94.06%    failed      0.17%
 568  tr|A0A3Q3GGJ9|A0A3Q3GGJ9_KRYMA   93.92%    failed      0.84%
 569  tr|A0A3Q3BCA7|A0A3Q3BCA7_KRYMA   94.92%    failed      0.19%
 570  tr|A0A3Q3AKZ9|A0A3Q3AKZ9_KRYMA   95.23%    failed      3.39%
 571  tr|A0A3Q2WF39|A0A3Q2WF39_HAPBU   94.01%    failed      0.10%
 572  tr|A0A3Q2WKK7|A0A3Q2WKK7_HAPBU   93.91%    failed      3.89%
 573  tr|A0A3Q3C7B4|A0A3Q3C7B4_HAPBU   94.01%    failed      1.05%
 574  tr|A0A3Q2VC21|A0A3Q2VC21_HAPBU   94.42%    failed      0.03%
 575  tr|A0A3Q2V387|A0A3Q2V387_HAPBU   95.96%    failed      0.05%
 576  tr|A0A3Q2ED76|A0A3Q2ED76_CYPVA   94.71%    failed      0.01%
 577  tr|A0A3Q2DAG8|A0A3Q2DAG8_CYPVA   93.89%    failed      0.07%
 578  tr|A0A3Q2CNW1|A0A3Q2CNW1_CYPVA   93.91%    failed      0.11%
 579  tr|A0A3Q2C7Z0|A0A3Q2C7Z0_CYPVA   95.12%    failed      0.00%
 580  tr|A0A3Q1H5K3|A0A3Q1H5K3_ANATE   94.35%    failed      0.33%
 581  tr|A0A3Q1IMQ7|A0A3Q1IMQ7_ANATE   95.43%    failed      0.89%
 582  tr|A0A7N6ACK5|A0A7N6ACK5_ANATE   94.95%    failed      2.30%
 583  tr|A0A3Q1HQM4|A0A3Q1HQM4_ANATE   94.91%    failed      0.02%
 584  tr|A0A3Q1JUK9|A0A3Q1JUK9_ANATE   94.06%    failed      0.14%
 585  tr|A0A3Q1K2T3|A0A3Q1K2T3_ANATE   93.90%    failed      0.40%
 586  tr|A0A3P8S9Q7|A0A3P8S9Q7_AMPPE   94.03%    failed      1.26%
 587  tr|A0A3P8RPV6|A0A3P8RPV6_AMPPE   93.76%    failed      0.62%
 588  tr|A0A3P8TGZ2|A0A3P8TGZ2_AMPPE   94.49%    failed      0.00%
 589  tr|A0A3P8TCQ1|A0A3P8TCQ1_AMPPE   95.19%    failed      1.18%
 590  tr|A0A3P8SZH5|A0A3P8SZH5_AMPPE   94.28%    failed      2.53%
 591  tr|A0A3P8SCN3|A0A3P8SCN3_AMPPE   95.67%    passed     32.54%
 592  tr|A0A3P8UNP0|A0A3P8UNP0_CYNSE   94.67%    failed      0.00%
 593  tr|A0A3P8VYT5|A0A3P8VYT5_CYNSE   95.09%    failed      0.97%
 594  tr|A0A3P8VJF3|A0A3P8VJF3_CYNSE   94.25%    failed      0.02%
 595  tr|A0A6Q2Y0P3|A0A6Q2Y0P3_ESOLU   93.76%    failed      0.05%
 596  tr|A0A6Q2XFB4|A0A6Q2XFB4_ESOLU   93.79%    failed      3.75%
 597  tr|A0A6Q2X3S1|A0A6Q2X3S1_ESOLU   94.00%    failed      0.62%
 598  tr|A0A3P9AJY2|A0A3P9AJY2_ESOLU   93.81%    failed      0.01%
 599  tr|A0A3P8Y598|A0A3P8Y598_ESOLU   94.08%    passed     12.45%
 600  tr|A0A3P9D2G7|A0A3P9D2G7_9CICH   95.21%    failed      0.62%
 601  tr|A0A3P9BER6|A0A3P9BER6_9CICH   94.19%    failed      3.68%
 602  tr|A0A3P9DEM3|A0A3P9DEM3_9CICH   95.20%    failed      0.98%
 603  tr|A0A3P9B7W9|A0A3P9B7W9_9CICH   94.42%    failed      0.03%
 604  tr|A0A3P9DGZ9|A0A3P9DGZ9_9CICH   93.91%    failed      3.89%
 605  tr|A0A3P9DT29|A0A3P9DT29_9CICH   94.50%    failed      2.64%
 606  tr|A0A3P9BZT5|A0A3P9BZT5_9CICH   95.44%    failed      0.95%
 607  tr|A0A340XDQ6|A0A340XDQ6_LIPVE   94.72%    failed      0.02%
 608  tr|A0A340XEN5|A0A340XEN5_LIPVE   94.68%    failed      0.00%
 609  tr|A0A340XFA2|A0A340XFA2_LIPVE   93.69%    failed      0.00%
 610  tr|A0A340XLV4|A0A340XLV4_LIPVE   94.54%    failed      0.00%
 611  tr|A0A340YHX2|A0A340YHX2_LIPVE   95.71%    failed      0.05%
 612  tr|A0A3M0KHA6|A0A3M0KHA6_HIRRU   91.51%    failed      0.00%
 613  tr|A0A3M0J181|A0A3M0J181_HIRRU   93.08%    failed      0.05%
 614  tr|A0A3M0KX32|A0A3M0KX32_HIRRU   95.41%    failed      0.00%
 615  tr|A0A3L8SBD1|A0A3L8SBD1_CHLGU   95.78%    failed      0.03%
 616  tr|A0A3L8SNG1|A0A3L8SNG1_CHLGU   94.90%    failed      4.65%
 617  tr|A0A3L8RZG9|A0A3L8RZG9_CHLGU   93.33%    failed      2.27%
 618  tr|A0A3L8RWW7|A0A3L8RWW7_CHLGU   94.18%    failed      0.00%
 619  tr|A0A3N0Z3J1|A0A3N0Z3J1_ANAGA   93.09%    failed      0.08%
 620  tr|A0A437D4P8|A0A437D4P8_ORYJA   94.00%    failed      0.05%
 621  tr|A0A437CBB9|A0A437CBB9_ORYJA   94.00%    failed      0.00%
 622  tr|A0A437CGW7|A0A437CGW7_ORYJA   93.87%    failed      0.53%
 623  tr|A0A437CA12|A0A437CA12_ORYJA   74.36%    failed      0.00%
 624  tr|A0A3Q7V1E0|A0A3Q7V1E0_VULVU   94.93%    failed      0.01%
 625  tr|A0A3Q7TKR9|A0A3Q7TKR9_VULVU   94.56%    failed      0.00%
 626  tr|A0A3Q7RMZ4|A0A3Q7RMZ4_VULVU   94.67%    failed      0.02%
 627  tr|A0A3Q7U8B0|A0A3Q7U8B0_VULVU   94.68%    failed      0.00%
 628  tr|A0A3Q7SZM2|A0A3Q7SZM2_VULVU   93.93%    failed      0.00%
 629  tr|A0A3Q7MU50|A0A3Q7MU50_CALUR   95.06%    failed      0.04%
 630  tr|A0A3Q7MEF5|A0A3Q7MEF5_CALUR   93.49%    failed      0.00%
 631  tr|A0A3Q7NDR9|A0A3Q7NDR9_CALUR   94.72%    failed      0.00%
 632  tr|A0A3Q7NN15|A0A3Q7NN15_CALUR   93.97%    failed      0.00%
 633  tr|A0A3Q7N3I1|A0A3Q7N3I1_CALUR   94.51%    failed      0.00%
 634  tr|A0A3Q7XHR7|A0A3Q7XHR7_URSAR   94.86%    failed      0.00%
 635  tr|A0A3Q7VJW3|A0A3Q7VJW3_URSAR   94.67%    failed      0.04%
 636  tr|A0A3Q7VIT2|A0A3Q7VIT2_URSAR   94.32%    failed      0.00%
 637  tr|A0A3Q7VNW1|A0A3Q7VNW1_URSAR   94.47%    failed      0.00%
 638  tr|A0A3Q7XHL3|A0A3Q7XHL3_URSAR   94.35%    failed      0.00%
 639  tr|A0A401SCF3|A0A401SCF3_CHIPU   94.54%    failed      0.92%
 640  tr|A0A401SML2|A0A401SML2_CHIPU   94.48%    failed      0.01%
 641  tr|A0A401PI60|A0A401PI60_SCYTO   94.50%    failed      0.05%
 642  tr|A0A401NRU3|A0A401NRU3_SCYTO   94.79%    failed      0.47%
 643  tr|A0A402F9Q1|A0A402F9Q1_9SAUR   96.34%    failed      0.61%
 644  tr|A0A402F3P9|A0A402F3P9_9SAUR   94.31%    failed      2.00%
 645  tr|A0A444UBF5|A0A444UBF5_ACIRT   62.31%    failed      0.00%
 646  tr|A0A444U8H9|A0A444U8H9_ACIRT   94.91%    failed      0.00%
 647  tr|A0A498LBN0|A0A498LBN0_LABRO   94.06%    failed      0.45%
 648  tr|A0A498M767|A0A498M767_LABRO   94.35%    failed      0.99%
 649  tr|A0A498L821|A0A498L821_LABRO   89.12%    failed      0.00%
 650  tr|A0A452G863|A0A452G863_CAPHI   93.69%    failed      0.00%
 651  tr|A0A452FS30|A0A452FS30_CAPHI   94.99%    failed      0.01%
 652  tr|A0A452FF74|A0A452FF74_CAPHI   94.68%    failed      0.00%
 653  tr|A0A452E887|A0A452E887_CAPHI   94.41%    failed      0.00%
 654  tr|A0A452FQ81|A0A452FQ81_CAPHI   94.72%    failed      0.00%
 655  tr|A0A452GTM1|A0A452GTM1_9SAUR   94.92%    failed      0.38%
 656  tr|A0A452H2D9|A0A452H2D9_9SAUR   95.06%    failed      0.01%
 657  tr|A0A452H8M2|A0A452H8M2_9SAUR   94.43%    failed      0.06%
 658  tr|A0A452HRR5|A0A452HRR5_9SAUR   94.46%    passed      7.71%
 659  tr|A0A452RQM5|A0A452RQM5_URSAM   94.48%    failed      0.00%
 660  tr|A0A452QZ31|A0A452QZ31_URSAM   94.50%    failed      0.00%
 661  tr|A0A452SCV5|A0A452SCV5_URSAM   94.68%    failed      0.00%
 662  tr|A0A452QX87|A0A452QX87_URSAM   97.91%    failed      0.13%
 663  tr|A0A452QNJ9|A0A452QNJ9_URSAM   94.86%    failed      0.00%
 664  tr|A0A484DK35|A0A484DK35_PERFV   94.63%    passed     75.51%
 665  tr|A0A484CGW1|A0A484CGW1_PERFV   94.03%    failed      0.10%
 666  tr|A0A484H5D3|A0A484H5D3_SOUCH   94.99%    failed      0.90%
 667  tr|A0A484GIU9|A0A484GIU9_SOUCH   93.69%    failed      0.00%
 668  tr|R0LDN7|R0LDN7_ANAPL           95.03%    failed      0.62%
 669  tr|R0LJJ8|R0LJJ8_ANAPL           95.53%    passed      8.06%
 670  tr|R0L1K8|R0L1K8_ANAPL           96.34%    failed      0.00%
 671  tr|R0LTC9|R0LTC9_ANAPL           95.20%    failed      0.06%
 672  tr|A0A4D9DQ96|A0A4D9DQ96_9SAUR   94.11%    failed      0.00%
 673  tr|A0A4D9E7C0|A0A4D9E7C0_9SAUR   95.25%    failed      0.12%
 674  tr|A0A4D9EAL7|A0A4D9EAL7_9SAUR   94.68%    failed      1.06%
 675  tr|A0A4D9E6I5|A0A4D9E6I5_9SAUR   92.82%    failed      0.02%
 676  tr|A0A4D9E594|A0A4D9E594_9SAUR   94.24%    failed      0.02%
 677  tr|A0A4D9EQ52|A0A4D9EQ52_9SAUR   95.14%    failed      1.99%
 678  tr|A0A4U5U4A9|A0A4U5U4A9_COLLU   93.29%    failed      0.04%
 679  tr|A0A4U5VNX7|A0A4U5VNX7_COLLU   93.93%    failed      0.02%
 680  tr|A0A4U5U4C9|A0A4U5U4C9_COLLU   93.29%    failed      0.04%
 681  tr|A0A5N4CT91|A0A5N4CT91_CAMDR   94.68%    failed      0.03%
 682  tr|A0A5N4D236|A0A5N4D236_CAMDR   94.36%    failed      0.00%
 683  tr|A0A5N4E5P8|A0A5N4E5P8_CAMDR   95.33%    failed      0.00%
 684  tr|A0A5N4D3I1|A0A5N4D3I1_CAMDR   94.27%    failed      0.00%
 685  tr|A0A5N4DRI7|A0A5N4DRI7_CAMDR   94.39%    failed      0.00%
 686  tr|A0A4U1EJ31|A0A4U1EJ31_MONMO   94.80%    failed      1.41%
 687  tr|A0A4U1FU10|A0A4U1FU10_MONMO   93.26%    failed      0.00%
 688  tr|A0A4U1FE83|A0A4U1FE83_MONMO   97.71%    failed      0.05%
 689  tr|A0A4U1FYU3|A0A4U1FYU3_MONMO   94.89%    failed      0.00%
 690  tr|A0A4Z2HWV5|A0A4Z2HWV5_9TELE   94.01%    passed     14.11%
 691  tr|A0A4W6E842|A0A4W6E842_LATCA   93.94%    failed      0.00%
 692  tr|A0A4W6G365|A0A4W6G365_LATCA   95.11%    failed      2.59%
 693  tr|A0A4W6G035|A0A4W6G035_LATCA   94.79%    failed      0.35%
 694  tr|A0A4W6CJY6|A0A4W6CJY6_LATCA   95.24%    failed      0.03%
 695  tr|A0A4W6CV82|A0A4W6CV82_LATCA   94.46%    failed      2.52%
 696  tr|A0A4W6DYE8|A0A4W6DYE8_LATCA   93.99%    failed      1.01%
 697  tr|A0A4W2CR90|A0A4W2CR90_BOBOX   94.54%    failed      0.01%
 698  tr|A0A4W2C4N8|A0A4W2C4N8_BOBOX   93.62%    failed      0.00%
 699  tr|A0A4W2C2Y8|A0A4W2C2Y8_BOBOX   94.72%    failed      0.00%
 700  tr|A0A4W2FPX7|A0A4W2FPX7_BOBOX   95.05%    failed      0.01%
 701  tr|A0A4W2GMZ1|A0A4W2GMZ1_BOBOX   94.68%    failed      0.00%
 702  tr|A0A4W5R2H6|A0A4W5R2H6_9TELE   94.38%    failed      4.60%
 703  tr|A0A4W5QLR0|A0A4W5QLR0_9TELE   94.22%    failed      0.01%
 704  tr|A0A4W5R906|A0A4W5R906_9TELE   96.99%    failed      0.02%
 705  tr|A0A4W5Q2M1|A0A4W5Q2M1_9TELE   93.85%    failed      0.62%
 706  tr|A0A4W5QMW7|A0A4W5QMW7_9TELE   95.27%    failed      0.24%
 707  tr|A0A4W5QHF7|A0A4W5QHF7_9TELE   94.07%    failed      4.07%
 708  tr|A0A4W4ETV3|A0A4W4ETV3_ELEEL   94.51%    failed      0.15%
 709  tr|A0A4W4EZP5|A0A4W4EZP5_ELEEL   94.48%    passed     24.95%
 710  tr|A0A4W4FZM3|A0A4W4FZM3_ELEEL   94.24%    failed      0.06%
 711  tr|A0A4W3HJ89|A0A4W3HJ89_CALMI   94.67%    failed      0.09%
 712  tr|A0A4W3IE46|A0A4W3IE46_CALMI   95.55%    failed      0.00%
 713  tr|A0A4W3GTZ0|A0A4W3GTZ0_CALMI   94.79%    failed      0.25%
 714  tr|A0A4W3KK49|A0A4W3KK49_CALMI   94.05%    passed     15.80%
 715  tr|A0A4X2LVB2|A0A4X2LVB2_VOMUR   95.13%    failed      0.00%
 716  tr|A0A4X2KRN0|A0A4X2KRN0_VOMUR   94.93%    failed      0.15%
 717  tr|A0A4X2K7K5|A0A4X2K7K5_VOMUR   95.05%    failed      0.00%
 718  tr|A0A4X2L5S0|A0A4X2L5S0_VOMUR   94.24%    failed      0.00%
 719  tr|A0A4X2KPN3|A0A4X2KPN3_VOMUR   94.28%    failed      0.03%
 720  tr|A0A4X2KYK5|A0A4X2KYK5_VOMUR   94.36%    failed      0.05%
 721  tr|A0A4X2KX32|A0A4X2KX32_VOMUR   93.34%    failed      0.01%
 722  tr|A0A553NWH6|A0A553NWH6_9TELE   94.24%    passed     31.91%
 723  tr|A0A556V8W2|A0A556V8W2_BAGYA   94.87%    failed      3.04%
 724  tr|A0A5C6PTD7|A0A5C6PTD7_9TELE   94.71%    failed      0.04%
 725  tr|A0A5C6N0C0|A0A5C6N0C0_9TELE   93.37%    failed      0.01%
 726  tr|A0A5C6P3Y2|A0A5C6P3Y2_9TELE   94.10%    failed      0.88%
 727  tr|A0A5A9PIP5|A0A5A9PIP5_9TELE   93.79%    failed      2.36%
 728  tr|A0A5A9N6G7|A0A5A9N6G7_9TELE   93.90%    failed      0.07%
 729  tr|A0A5J5MZY2|A0A5J5MZY2_MUNRE   94.68%    failed      0.00%
 730  tr|A0A5N3VZI0|A0A5N3VZI0_MUNRE   94.65%    failed      0.10%
 731  tr|A0A5N3WZ47|A0A5N3WZ47_MUNRE   93.69%    failed      0.00%
 732  tr|A0A5J5MLH0|A0A5J5MLH0_MUNRE   95.44%    failed      0.01%
 733  tr|A0A5N3X140|A0A5N3X140_MUNRE   94.54%    failed      0.00%
 734  tr|A0A5N5MKE6|A0A5N5MKE6_PANHP   94.02%    failed      0.01%
 735  tr|A0A5N5M5Z1|A0A5N5M5Z1_PANHP   93.95%    failed      2.39%
 736  tr|A0A5N5K983|A0A5N5K983_PANHP   94.18%    failed      0.26%
 737  tr|A0A5N5KKB2|A0A5N5KKB2_PANHP   94.14%    failed      0.07%
 738  tr|A0A5J5CH87|A0A5J5CH87_9PERO   94.52%    failed      0.00%
 739  tr|A0A5E4AT72|A0A5E4AT72_MARMO   94.88%    failed      0.00%
 740  tr|A0A5E4AM21|A0A5E4AM21_MARMO   93.51%    failed      0.00%
 741  tr|A0A5E4ALZ1|A0A5E4ALZ1_MARMO   97.99%    failed      0.00%
 742  tr|A0A5E4CUJ4|A0A5E4CUJ4_MARMO   94.72%    failed      0.01%
 743  tr|A0A485NL97|A0A485NL97_LYNPA   95.44%    failed      0.00%
 744  tr|A0A485MB39|A0A485MB39_LYNPA   94.72%    failed      0.00%
 745  tr|A0A485MKM9|A0A485MKM9_LYNPA   94.91%    failed      0.00%
 746  tr|A0A485NRT1|A0A485NRT1_LYNPA   94.76%    failed      0.07%
 747  tr|A0A485PL13|A0A485PL13_LYNPA   94.03%    failed      0.00%
 748  tr|A0A6G0IHY2|A0A6G0IHY2_LARCR   93.86%    failed      1.75%
 749  tr|A0A6G0HVJ7|A0A6G0HVJ7_LARCR   94.08%    failed      0.18%
 750  tr|A0A6G0HZP6|A0A6G0HZP6_LARCR   93.93%    failed      0.04%
 751  tr|A0A643BU05|A0A643BU05_BALPH   89.86%    failed      0.00%
 752  tr|A0A6A1Q2U9|A0A6A1Q2U9_BALPH   95.09%    failed      0.00%
 753  tr|A0A6A5EYA4|A0A6A5EYA4_PERFL   93.91%    failed      1.40%
 754  tr|A0A6A5EVC7|A0A6A5EVC7_PERFL   94.03%    failed      0.16%
 755  tr|A0A6A5FP59|A0A6A5FP59_PERFL   94.62%    passed     51.77%
 756  tr|A0A671EA41|A0A671EA41_RHIFE   94.92%    failed      0.00%
 757  tr|A0A671E745|A0A671E745_RHIFE   93.69%    failed      0.00%
 758  tr|A0A671EIS0|A0A671EIS0_RHIFE   94.68%    failed      0.00%
 759  tr|A0A671DK65|A0A671DK65_RHIFE   94.78%    failed      0.00%
 760  tr|A0A671R1P5|A0A671R1P5_9TELE   96.10%    failed      0.00%
 761  tr|A0A671KJY6|A0A671KJY6_9TELE   94.07%    failed      0.34%
 762  tr|A0A671KJ22|A0A671KJ22_9TELE   96.24%    failed      0.00%
 763  tr|A0A671NNV6|A0A671NNV6_9TELE   94.70%    failed      2.53%
 764  tr|A0A671NAR8|A0A671NAR8_9TELE   94.40%    failed      1.31%
 765  tr|A0A671MFC6|A0A671MFC6_9TELE   94.07%    failed      0.32%
 766  tr|A0A671NWX7|A0A671NWX7_9TELE   94.84%    passed     15.53%
 767  tr|A0A669Q6W8|A0A669Q6W8_PHACC   93.97%    failed      0.00%
 768  tr|A0A669PKX2|A0A669PKX2_PHACC   94.99%    failed      0.03%
 769  tr|A0A669PH32|A0A669PH32_PHACC   95.11%    failed      2.47%
 770  tr|A0A672RFB6|A0A672RFB6_SINGR   94.42%    passed      9.97%
 771  tr|A0A672P8M6|A0A672P8M6_SINGR   94.14%    failed      1.28%
 772  tr|A0A672R5Z5|A0A672R5Z5_SINGR   95.36%    failed      0.01%
 773  tr|A0A672LQL6|A0A672LQL6_SINGR   94.07%    failed      0.26%
 774  tr|A0A672P1Q2|A0A672P1Q2_SINGR   94.52%    failed      0.15%
 775  tr|A0A667YH33|A0A667YH33_9TELE   95.05%    failed      0.03%
 776  tr|A0A667XCC4|A0A667XCC4_9TELE   95.28%    passed      7.57%
 777  tr|A0A668AQW3|A0A668AQW3_9TELE   94.13%    failed      0.14%
 778  tr|A0A667WL00|A0A667WL00_9TELE   94.05%    failed      1.13%
 779  tr|A0A667YN15|A0A667YN15_9TELE   94.06%    failed      0.77%
 780  tr|A0A668A7R0|A0A668A7R0_9TELE   93.71%    failed      2.51%
 781  tr|A0A665UKG9|A0A665UKG9_ECHNA   93.94%    failed      2.43%
 782  tr|A0A665WWW3|A0A665WWW3_ECHNA   94.43%    failed      0.07%
 783  tr|A0A665VFT6|A0A665VFT6_ECHNA   93.97%    failed      0.42%
 784  tr|A0A665U245|A0A665U245_ECHNA   94.08%    failed      0.88%
 785  tr|A0A671WJ94|A0A671WJ94_SPAAU   94.72%    failed      1.42%
 786  tr|A0A671YYZ1|A0A671YYZ1_SPAAU   94.02%    failed      0.40%
 787  tr|A0A671V5U9|A0A671V5U9_SPAAU   93.93%    failed      0.02%
 788  tr|A0A671WTU9|A0A671WTU9_SPAAU   95.06%    failed      0.54%
 789  tr|A0A671YSV7|A0A671YSV7_SPAAU   93.92%    failed      3.40%
 790  tr|A0A672TRA8|A0A672TRA8_STRHB   95.07%    failed      0.00%
 791  tr|A0A672TPR7|A0A672TPR7_STRHB   94.91%    failed      0.18%
 792  tr|A0A672VAZ0|A0A672VAZ0_STRHB   93.97%    failed      0.02%
 793  tr|A0A672FXM8|A0A672FXM8_SALFA   95.29%    failed      0.07%
 794  tr|A0A672FPJ2|A0A672FPJ2_SALFA   94.01%    failed      0.05%
 795  tr|A0A672FRR1|A0A672FRR1_SALFA   93.84%    failed      0.01%
 796  tr|A0A672GL58|A0A672GL58_SALFA   93.95%    failed      0.09%
 797  tr|A0A672IL21|A0A672IL21_SALFA   94.19%    failed      1.99%
 798  tr|A0A672HB10|A0A672HB10_SALFA   94.01%    failed      0.05%
 799  tr|A0A673SSZ7|A0A673SSZ7_SURSU   94.91%    failed      0.00%
 800  tr|A0A673T9B4|A0A673T9B4_SURSU   94.78%    failed      0.00%
 801  tr|A0A673VN89|A0A673VN89_SURSU   95.77%    failed      0.00%
 802  tr|A0A673V7W5|A0A673V7W5_SURSU   94.76%    failed      0.00%
 803  tr|A0A663LQA8|A0A663LQA8_ATHCN   95.06%    failed      0.00%
 804  tr|A0A663LK04|A0A663LK04_ATHCN   95.14%    failed      0.80%
 805  tr|A0A663NF86|A0A663NF86_ATHCN   93.98%    failed      0.01%
 806  tr|A0A663M4U4|A0A663M4U4_ATHCN   94.93%    failed      0.19%
 807  tr|A0A663N758|A0A663N758_ATHCN   94.91%    failed      0.65%
 808  tr|A0A673GHC2|A0A673GHC2_9TELE   94.26%    failed      3.01%
 809  tr|A0A673J205|A0A673J205_9TELE   94.82%    failed      4.04%
 810  tr|A0A673NEY4|A0A673NEY4_9TELE   94.33%    failed      0.07%
 811  tr|A0A673ILR9|A0A673ILR9_9TELE   94.44%    failed      0.02%
 812  tr|A0A673JYA4|A0A673JYA4_9TELE   93.90%    failed      2.20%
 813  tr|A0A673HIY9|A0A673HIY9_9TELE   94.09%    passed     14.22%
 814  tr|A0A673BYX9|A0A673BYX9_9TELE   94.82%    failed      2.22%
 815  tr|A0A672Z762|A0A672Z762_9TELE   93.92%    failed      0.26%
 816  tr|A0A672ZAY4|A0A672ZAY4_9TELE   94.23%    passed      6.21%
 817  tr|A0A670J5A9|A0A670J5A9_PODMU   94.16%    failed      0.28%
 818  tr|A0A670ILJ2|A0A670ILJ2_PODMU   94.05%    failed      0.00%
 819  tr|A0A670JHZ6|A0A670JHZ6_PODMU   95.07%    failed      0.22%
 820  tr|A0A670HLH9|A0A670HLH9_PODMU   94.73%    failed      0.03%
 821  tr|A0A670I9Z8|A0A670I9Z8_PODMU   94.32%    passed      8.98%
 822  tr|A0A670Y7A7|A0A670Y7A7_PSETE   94.23%    failed      2.97%
 823  tr|A0A670YDJ3|A0A670YDJ3_PSETE   95.44%    failed      0.69%
 824  tr|A0A670Y1B8|A0A670Y1B8_PSETE   95.13%    failed      0.44%
 825  tr|A0A674HV81|A0A674HV81_TERCA   94.87%    failed      0.30%
 826  tr|A0A674JDL5|A0A674JDL5_TERCA   93.98%    failed      0.00%
 827  tr|A0A674I7Z7|A0A674I7Z7_TERCA   95.36%    failed      0.02%
 828  tr|A0A674I7F6|A0A674I7F6_TERCA   94.99%    failed      0.00%
 829  tr|A0A674IRT4|A0A674IRT4_TERCA   95.25%    failed      0.63%
 830  tr|A0A663DMG0|A0A663DMG0_AQUCH   94.31%    failed      0.21%
 831  tr|A0A663EVJ2|A0A663EVJ2_AQUCH   94.89%    failed      0.40%
 832  tr|A0A663E195|A0A663E195_AQUCH   93.99%    failed      0.03%
 833  tr|A0A663FC10|A0A663FC10_AQUCH   95.05%    failed      0.00%
 834  tr|A0A668T123|A0A668T123_OREAU   96.99%    failed      0.06%
 835  tr|A0A668SUY8|A0A668SUY8_OREAU   94.08%    failed      1.22%
 836  tr|A0A668UVR2|A0A668UVR2_OREAU   95.49%    failed      3.20%
 837  tr|A0A668TNU8|A0A668TNU8_OREAU   94.06%    failed      0.23%
 838  tr|A0A674EXV0|A0A674EXV0_SALTR   93.71%    failed      0.28%
 839  tr|A0A674ACM1|A0A674ACM1_SALTR   94.42%    failed      0.92%
 840  tr|A0A673WBF8|A0A673WBF8_SALTR   96.87%    failed      0.01%
 841  tr|A0A674AD87|A0A674AD87_SALTR   94.41%    failed      0.49%
 842  tr|A0A673Z2G5|A0A673Z2G5_SALTR   95.08%    failed      1.18%
 843  tr|A0A673Y4W6|A0A673Y4W6_SALTR   94.08%    failed      3.81%
 844  tr|A0A674CBB7|A0A674CBB7_SALTR   95.37%    failed      2.17%
 845  tr|A0A673Y4Y1|A0A673Y4Y1_SALTR   93.87%    failed      0.13%
 846  tr|A0A673W7X3|A0A673W7X3_SALTR   94.10%    failed      3.82%
 847  tr|A0A673YVR5|A0A673YVR5_SALTR   93.79%    failed      0.00%
 848  tr|A0A6G1A9D4|A0A6G1A9D4_CROCR   94.62%    failed      0.00%
 849  tr|A0A6G1AFL2|A0A6G1AFL2_CROCR   95.14%    failed      0.02%
 850  tr|A0A6G1AAC1|A0A6G1AAC1_CROCR   94.33%    failed      0.00%
 851  tr|A0A6F9CFL8|A0A6F9CFL8_9TELE   94.28%    passed     17.84%
 852  tr|A0A6F9BPZ8|A0A6F9BPZ8_9TELE   93.89%    failed      0.01%
 853  tr|A0A6G1QRQ3|A0A6G1QRQ3_9TELE   94.54%    failed      0.72%
 854  tr|A0A6G1QCD2|A0A6G1QCD2_9TELE   93.82%    failed      0.08%
 855  tr|A0A6G1PAP9|A0A6G1PAP9_9TELE   93.85%    failed      0.16%
 856  tr|A0A6I9LZU1|A0A6I9LZU1_PERMB   94.47%    failed      0.01%
 857  tr|A0A6I9MGN5|A0A6I9MGN5_PERMB   94.76%    failed      0.00%
 858  tr|A0A6I9LVZ8|A0A6I9LVZ8_PERMB   95.13%    failed      0.00%
 859  tr|A0A6I9L991|A0A6I9L991_PERMB   93.95%    failed      0.00%
 860  tr|A0A6I9LDP5|A0A6I9LDP5_PERMB   94.78%    failed      0.00%
 861  tr|A0A6I9LFS0|A0A6I9LFS0_PERMB   94.78%    failed      0.14%
 862  tr|A0A6I9HP25|A0A6I9HP25_GEOFO   95.69%    failed      0.00%
 863  tr|A0A6I9ZDM5|A0A6I9ZDM5_GEOFO   94.17%    failed      1.53%
 864  tr|A0A6I9HBW2|A0A6I9HBW2_GEOFO   94.88%    failed      1.12%
 865  tr|A0A6I9HVB6|A0A6I9HVB6_GEOFO   94.16%    failed      0.01%
 866  tr|A0A6I9IMP9|A0A6I9IMP9_VICPA   93.12%    failed      0.00%
 867  tr|A0A6I9HZG0|A0A6I9HZG0_VICPA   94.57%    failed      0.00%
 868  tr|A0A6I9IEN4|A0A6I9IEN4_VICPA   94.79%    failed      0.00%
 869  tr|A0A6J3ALR9|A0A6J3ALR9_VICPA   95.61%    failed      0.10%
 870  tr|A0A6J3BI05|A0A6J3BI05_VICPA   94.90%    failed      0.04%
 871  tr|A0A6I9N8Q3|A0A6I9N8Q3_9TELE   95.09%    failed      0.25%
 872  tr|A0A6I9PGT5|A0A6I9PGT5_9TELE   94.90%    failed      0.00%
 873  tr|A0A6J1UZQ3|A0A6J1UZQ3_9SAUR   95.35%    failed      0.57%
 874  tr|A0A6J1U419|A0A6J1U419_9SAUR   93.85%    failed      0.00%
 875  tr|A0A6J1TYD4|A0A6J1TYD4_9SAUR   94.27%    failed      2.27%
 876  tr|A0A6J1UX86|A0A6J1UX86_9SAUR   94.50%    failed      1.15%
 877  tr|A0A6J0VQ39|A0A6J0VQ39_ODOVR   93.76%    failed      0.00%
 878  tr|A0A6J0Z7R0|A0A6J0Z7R0_ODOVR   95.23%    failed      0.02%
 879  tr|A0A6J0YV98|A0A6J0YV98_ODOVR   93.58%    failed      0.00%
 880  tr|A0A6J0YLA4|A0A6J0YLA4_ODOVR   94.54%    failed      0.01%
 881  tr|A0A6J0XWP9|A0A6J0XWP9_ODOVR   95.44%    failed      0.00%
 882  tr|A0A6I9Y1K7|A0A6I9Y1K7_9SAUR   94.27%    failed      1.23%
 883  tr|A0A6I9XAX1|A0A6I9XAX1_9SAUR   94.15%    failed      0.00%
 884  tr|A0A6I9X8X2|A0A6I9X8X2_9SAUR   94.81%    failed      0.15%
 885  tr|A0A6J0T6E9|A0A6J0T6E9_9SAUR   94.22%    failed      0.00%
 886  tr|A0A6J0VGM8|A0A6J0VGM8_9SAUR   94.28%    failed      4.74%
 887  tr|A0A6J0SBQ2|A0A6J0SBQ2_9SAUR   95.07%    failed      0.02%
 888  tr|A0A6J0T1A5|A0A6J0T1A5_9SAUR   94.14%    failed      0.01%
 889  tr|A0A6J0T2A1|A0A6J0T2A1_9SAUR   94.11%    failed      0.15%
 890  tr|A0A6I9K7T4|A0A6I9K7T4_CHRAS   94.41%    failed      0.03%
 891  tr|A0A6I9JL64|A0A6I9JL64_CHRAS   93.68%    failed      0.00%
 892  tr|A0A6I9KDB6|A0A6I9KDB6_CHRAS   93.58%    failed      0.00%
 893  tr|A0A6I9K3F7|A0A6I9K3F7_CHRAS   94.93%    failed      0.55%
 894  tr|A0A6J1XMG1|A0A6J1XMG1_ACIJB   94.67%    failed      0.00%
 895  tr|A0A6J1XW05|A0A6J1XW05_ACIJB   94.76%    failed      0.20%
 896  tr|A0A6J1YV72|A0A6J1YV72_ACIJB   94.49%    failed      0.00%
 897  tr|A0A6J1ZBG2|A0A6J1ZBG2_ACIJB   94.72%    failed      0.00%
 898  tr|A0A6J1YE21|A0A6J1YE21_ACIJB   94.03%    failed      0.00%
 899  tr|A0A6J1Z4S7|A0A6J1Z4S7_ACIJB   94.92%    failed      0.00%
 900  tr|A0A6J2HYR4|A0A6J2HYR4_9PASS   94.76%    failed      0.14%
 901  tr|A0A6J2HTZ4|A0A6J2HTZ4_9PASS   94.76%    failed      0.20%
 902  tr|A0A6J2GBG2|A0A6J2GBG2_9PASS   94.33%    failed      3.88%
 903  tr|A0A6J2HLJ1|A0A6J2HLJ1_9PASS   94.89%    failed      0.00%
 904  tr|A0A7R5KXD8|A0A7R5KXD8_9PASS   93.61%    failed      0.00%
 905  tr|A0A6J2GVU0|A0A6J2GVU0_9PASS   94.87%    failed      0.70%
 906  tr|A0A6J2N287|A0A6J2N287_9CHIR   94.65%    failed      0.00%
 907  tr|A0A6J2LFM9|A0A6J2LFM9_9CHIR   94.72%    failed      0.02%
 908  tr|A0A7E6DKK9|A0A7E6DKK9_9CHIR   94.87%    failed      0.16%
 909  tr|A0A7E6EGJ8|A0A7E6EGJ8_9CHIR   93.82%    failed      0.00%
 910  tr|A0A6J2NEV8|A0A6J2NEV8_9CHIR   93.44%    failed      0.00%
 911  tr|A0A6J2RRW3|A0A6J2RRW3_COTGO   95.08%    failed      0.42%
 912  tr|A0A6J2RNY9|A0A6J2RNY9_COTGO   93.89%    failed      0.00%
 913  tr|A0A6J2PXI8|A0A6J2PXI8_COTGO   93.94%    failed      0.43%
 914  tr|A0A6J2QZ01|A0A6J2QZ01_COTGO   94.15%    passed      5.56%
 915  tr|A0A6J2Q9F9|A0A6J2Q9F9_COTGO   94.09%    failed      0.06%
 916  tr|A0A6J2RJB2|A0A6J2RJB2_COTGO   94.90%    failed      0.02%
 917  tr|A0A6J2VEN3|A0A6J2VEN3_CHACN   93.89%    failed      0.26%
 918  tr|A0A6J2VMS8|A0A6J2VMS8_CHACN   94.08%    passed     12.12%
 919  tr|A0A6J2V2K7|A0A6J2V2K7_CHACN   94.73%    failed      0.01%
 920  tr|A0A6J2VFE9|A0A6J2VFE9_CHACN   94.40%    failed      0.45%
 921  tr|A0A6J2WKG6|A0A6J2WKG6_CHACN   94.03%    failed      0.01%
 922  tr|A0A6J2VS18|A0A6J2VS18_CHACN   94.06%    passed      8.14%
 923  tr|A0A6J3DY94|A0A6J3DY94_AYTFU   94.09%    failed      0.02%
 924  tr|A0A6J3DWG4|A0A6J3DWG4_AYTFU   95.06%    failed      0.01%
 925  tr|A0A6J3DW71|A0A6J3DW71_AYTFU   94.32%    failed      2.23%
 926  tr|A0A6J3CRM1|A0A6J3CRM1_AYTFU   95.14%    failed      0.87%
 927  tr|A0A6J3D4C6|A0A6J3D4C6_AYTFU   94.87%    failed      1.65%
 928  tr|A0A6J3FUR3|A0A6J3FUR3_SAPAP   94.72%    failed      0.00%
 929  tr|A0A6J3FM84|A0A6J3FM84_SAPAP   94.95%    failed      0.00%
 930  tr|A0A6J3I2P2|A0A6J3I2P2_SAPAP   93.67%    failed      0.00%
 931  tr|A0A6J3EVX3|A0A6J3EVX3_SAPAP   94.52%    failed      0.00%
 932  tr|A0A6P6KTY3|A0A6P6KTY3_CARAU   94.07%    failed      0.18%
 933  tr|A0A6P6QW23|A0A6P6QW23_CARAU   94.09%    passed     14.40%
 934  tr|A0A6P6KNS1|A0A6P6KNS1_CARAU   94.17%    failed      1.47%
 935  tr|A0A6P6NJ14|A0A6P6NJ14_CARAU   94.14%    failed      2.13%
 936  tr|A0A6P6LCF9|A0A6P6LCF9_CARAU   94.08%    failed      4.03%
 937  tr|A0A6P6MHE0|A0A6P6MHE0_CARAU   94.10%    failed      0.03%
 938  tr|A0A6P6MJR0|A0A6P6MJR0_CARAU   94.39%    failed      0.00%
 939  tr|A0A6P6MY48|A0A6P6MY48_CARAU   94.09%    passed     10.93%
 940  tr|A0A6P6PAP0|A0A6P6PAP0_CARAU   94.14%    failed      2.80%
 941  tr|A0A6P6QHU0|A0A6P6QHU0_CARAU   94.09%    failed      0.00%
 942  tr|A0A6P6I161|A0A6P6I161_PUMCO   91.12%    failed      0.00%
 943  tr|A0A6P6H2W3|A0A6P6H2W3_PUMCO   94.89%    failed      0.00%
 944  tr|A0A6P6HK15|A0A6P6HK15_PUMCO   94.26%    failed      0.00%
 945  tr|A0A6P5DLH7|A0A6P5DLH7_BOSIN   94.55%    failed      0.01%
 946  tr|A0A6P5DC51|A0A6P5DC51_BOSIN   94.83%    failed      0.00%
 947  tr|A0A6P5DQT5|A0A6P5DQT5_BOSIN   94.72%    failed      0.02%
 948  tr|A0A6P5DIX5|A0A6P5DIX5_BOSIN   93.74%    failed      0.00%
 949  tr|A0A6P5DL81|A0A6P5DL81_BOSIN   94.79%    failed      0.10%
 950  tr|A0A6P4ZW33|A0A6P4ZW33_BRABE   93.19%    failed      0.14%
 951  tr|A0A6P5LFH0|A0A6P5LFH0_PHACI   94.40%    failed      0.11%
 952  tr|A0A6P5JQ27|A0A6P5JQ27_PHACI   94.86%    failed      0.00%
 953  tr|A0A6P5LAQ5|A0A6P5LAQ5_PHACI   94.64%    failed      0.28%
 954  tr|A0A6P5IKI3|A0A6P5IKI3_PHACI   93.69%    failed      0.00%
 955  tr|A0A6P5IC55|A0A6P5IC55_PHACI   94.93%    failed      0.37%
 956  tr|A0A6P7IIJ1|A0A6P7IIJ1_9TELE   95.35%    failed      2.49%
 957  tr|A0A6P7J6X4|A0A6P7J6X4_9TELE   93.92%    failed      3.00%
 958  tr|A0A6P7IKA0|A0A6P7IKA0_9TELE   94.14%    failed      0.35%
 959  tr|A0A6P7K2X1|A0A6P7K2X1_9TELE   93.89%    failed      0.09%
 960  tr|A0A6P7JF18|A0A6P7JF18_9TELE   94.09%    failed      3.16%
 961  tr|A0A6P7I889|A0A6P7I889_9TELE   93.94%    failed      0.01%
 962  tr|A0A6P7LAK0|A0A6P7LAK0_BETSP   93.69%    failed      0.00%
 963  tr|A0A6P7N3L2|A0A6P7N3L2_BETSP   93.87%    failed      1.55%
 964  tr|A0A6P7L5P2|A0A6P7L5P2_BETSP   94.71%    failed      0.90%
 965  tr|A0A6P7NC84|A0A6P7NC84_BETSP   94.22%    failed      0.59%
 966  tr|A0A6P8EZS1|A0A6P8EZS1_CLUHA   93.74%    failed      0.03%
 967  tr|A0A6P8GAL9|A0A6P8GAL9_CLUHA   93.93%    failed      1.20%
 968  tr|A0A6P8FQV7|A0A6P8FQV7_CLUHA   94.16%    failed      0.92%
 969  tr|A0A6P3WCG6|A0A6P3WCG6_CLUHA   95.13%    failed      0.06%
 970  tr|A0A6P7XPN8|A0A6P7XPN8_9AMPH   94.87%    failed      0.22%
 971  tr|A0A6P7XHZ5|A0A6P7XHZ5_9AMPH   95.62%    failed      0.14%
 972  tr|A0A6P7YLX5|A0A6P7YLX5_9AMPH   95.12%    failed      0.79%
 973  tr|A0A6P7Y7R9|A0A6P7Y7R9_9AMPH   94.48%    passed     27.22%
 974  tr|A0A6P7ZNN3|A0A6P7ZNN3_9AMPH   94.02%    failed      4.66%
 975  tr|A0A6P7XLZ8|A0A6P7XLZ8_9AMPH   94.96%    failed      0.00%
 976  tr|A0A6P9BBY3|A0A6P9BBY3_PANGU   94.27%    failed      1.66%
 977  tr|A0A6P9DES0|A0A6P9DES0_PANGU   94.23%    failed      0.17%
 978  tr|A0A6P9CHS0|A0A6P9CHS0_PANGU   94.25%    failed      0.05%
 979  tr|A0A6P9B763|A0A6P9B763_PANGU   94.14%    failed      0.00%
 980  tr|A0A6P8QXJ4|A0A6P8QXJ4_GEOSA   94.89%    failed      0.65%
 981  tr|A0A6P8RZF3|A0A6P8RZF3_GEOSA   94.97%    failed      2.46%
 982  tr|A0A6P8NME6|A0A6P8NME6_GEOSA   95.06%    failed      0.23%
 983  tr|A0A6P8SR63|A0A6P8SR63_GEOSA   94.43%    passed     13.79%
 984  tr|A0A6P8X4R6|A0A6P8X4R6_GYMAC   93.97%    failed      0.20%
 985  tr|A0A6P8V909|A0A6P8V909_GYMAC   94.10%    failed      0.00%
 986  tr|A0A6P8UGB5|A0A6P8UGB5_GYMAC   94.06%    failed      3.17%
 987  tr|A0A6P3PV01|A0A6P3PV01_PTEVA   94.64%    failed      0.00%
 988  tr|A0A6P3QK48|A0A6P3QK48_PTEVA   95.44%    failed      0.00%
 989  tr|A0A6P6CQS7|A0A6P6CQS7_PTEVA   94.71%    failed      0.00%
 990  tr|A0A6P3Q0Z5|A0A6P3Q0Z5_PTEVA   93.85%    failed      0.00%
 991  tr|A0A6P6DKP5|A0A6P6DKP5_OCTDE   94.73%    failed      0.00%
 992  tr|A0A6P3FUN4|A0A6P3FUN4_OCTDE   93.71%    failed      0.00%
 993  tr|A0A6P6D5T9|A0A6P6D5T9_OCTDE   94.59%    failed      0.01%
 994  tr|A0A6P6E0E8|A0A6P6E0E8_OCTDE   94.89%    failed      0.01%
 995  tr|A0A6P3VBR8|A0A6P3VBR8_OCTDE   93.68%    failed      0.00%
 996  tr|A0A6P3I8U1|A0A6P3I8U1_BISBI   94.68%    failed      0.00%
 997  tr|A0A6P3J6M4|A0A6P3J6M4_BISBI   95.05%    failed      0.01%
 998  tr|A0A6P3IT29|A0A6P3IT29_BISBI   94.22%    failed      0.00%
 999  tr|A0A6P3HQ46|A0A6P3HQ46_BISBI   93.62%    failed      0.00%
1000  tr|A0A6P3I5C6|A0A6P3I5C6_BISBI   94.72%    failed      0.01%
WARNING: 1000 sequences contain more than 50% gaps/ambiguity
****  TOTAL                            94.48%  953 sequences failed composition chi2 test (p-value<5%; df=19)
NOTE: tr|A0A2K6BF82|A0A2K6BF82_MACNE is identical to tr|F7E3K6|F7E3K6_MACMU but kept for subsequent analysis
NOTE: tr|A0A4W2CR90|A0A4W2CR90_BOBOX is identical to tr|E1BKB6|E1BKB6_BOVIN but kept for subsequent analysis
NOTE: tr|A0A4W2GMZ1|A0A4W2GMZ1_BOBOX is identical to tr|E1B8G5|E1B8G5_BOVIN but kept for subsequent analysis
NOTE: tr|A0A2K5P7D9|A0A2K5P7D9_CERAT is identical to tr|A0A096NHY6|A0A096NHY6_PAPAN but kept for subsequent analysis
NOTE: tr|A0A2K6Q8N1|A0A2K6Q8N1_RHIRO is identical to tr|A0A2K5J5H8|A0A2K5J5H8_COLAP but kept for subsequent analysis
NOTE: tr|A0A3P8S9Q7|A0A3P8S9Q7_AMPPE is identical to tr|A0A3Q1C0D6|A0A3Q1C0D6_AMPOC but kept for subsequent analysis
NOTE: tr|A0A3P9DGZ9|A0A3P9DGZ9_9CICH is identical to tr|A0A3Q2WKK7|A0A3Q2WKK7_HAPBU but kept for subsequent analysis
NOTE: tr|A0A6P3J6M4|A0A6P3J6M4_BISBI is identical to tr|A0A4W2FPX7|A0A4W2FPX7_BOBOX but kept for subsequent analysis
NOTE: tr|A0A6J1ZBG2|A0A6J1ZBG2_ACIJB is identical to tr|A0A485MB39|A0A485MB39_LYNPA but kept for subsequent analysis


Create initial parsimony tree by phylogenetic likelihood library (PLL)... 2.892 seconds
Measuring multi-threading efficiency up to 24 CPU cores
2 trees examined
Threads: 1 / Time: 39.101 sec / Speedup: 1.000 / Efficiency: 100% / LogL: -801590
Threads: 2 / Time: 21.856 sec / Speedup: 1.789 / Efficiency: 89% / LogL: -801590
Threads: 3 / Time: 14.709 sec / Speedup: 2.658 / Efficiency: 89% / LogL: -801590
Threads: 4 / Time: 11.404 sec / Speedup: 3.429 / Efficiency: 86% / LogL: -801590
Threads: 5 / Time: 9.350 sec / Speedup: 4.182 / Efficiency: 84% / LogL: -801590
Threads: 6 / Time: 8.187 sec / Speedup: 4.776 / Efficiency: 80% / LogL: -801590
Threads: 7 / Time: 7.040 sec / Speedup: 5.554 / Efficiency: 79% / LogL: -801590
Threads: 8 / Time: 6.607 sec / Speedup: 5.918 / Efficiency: 74% / LogL: -801590
Threads: 9 / Time: 6.162 sec / Speedup: 6.346 / Efficiency: 71% / LogL: -801590
Threads: 10 / Time: 5.848 sec / Speedup: 6.686 / Efficiency: 67% / LogL: -801590
Threads: 11 / Time: 5.655 sec / Speedup: 6.914 / Efficiency: 63% / LogL: -801590
Threads: 12 / Time: 5.626 sec / Speedup: 6.951 / Efficiency: 58% / LogL: -801590
Threads: 13 / Time: 5.575 sec / Speedup: 7.014 / Efficiency: 54% / LogL: -801590
Threads: 14 / Time: 13.395 sec / Speedup: 2.919 / Efficiency: 21% / LogL: -801590
BEST NUMBER OF THREADS: 10

Perform fast likelihood tree search using LG+I+G model...
Estimate model parameters (epsilon = 5.000)
Perform nearest neighbor interchange...
Estimate model parameters (epsilon = 1.000)
1. Initial log-likelihood: -241123.929
2. Current log-likelihood: -241120.414
3. Current log-likelihood: -241117.833
4. Current log-likelihood: -241115.944
5. Current log-likelihood: -241114.575
Optimal log-likelihood: -241113.583
Proportion of invariable sites: 0.004
Gamma shape alpha: 0.816
Parameters optimization took 5 rounds (26.956 sec)
Time for fast ML tree search: 169.561 seconds

NOTE: ModelFinder requires 5810 MB RAM!
ModelFinder will test up to 546 protein models (sample size: 8766) ...
 No. Model         -LnL         df  AIC          AICc         BIC
  1  LG            253242.474   1997 510478.948   511658.028   524614.984
  2  LG+I          253038.891   1998 510073.781   511254.216   524216.896
  3  LG+G4         241133.751   1998 486263.501   487443.936   500406.616
  4  LG+I+G4       241111.619   1999 486221.239   487403.030   500371.432
  5  LG+R2         243997.500   1999 491993.001   493174.792   506143.194
  6  LG+R3         242003.677   2001 488009.354   489193.860   502173.704
  7  LG+R4         240904.442   2003 485814.883   487002.109   499993.391
  8  LG+R5         240493.145   2005 484996.290   486186.240   499188.955
  9  LG+R6         240315.524   2007 484645.047   485837.724   498851.870
 10  LG+R7         240133.974   2009 484285.947   485481.356   498506.927
 11  LG+R8         240048.739   2011 484119.479   485317.623   498354.616
 12  LG+R9         239986.954   2013 483999.908   485200.792   498249.202
 13  LG+R10        239965.638   2015 483961.276   485164.903   498224.728
 26  LG+F+R10      240555.817   2034 485179.634   486409.523   499577.579
 39  WAG+R10       238442.269   2015 480914.537   482118.164   495177.988
 52  WAG+F+R10     239004.272   2034 482076.544   483306.433   496474.490
 65  JTT+R10       235038.746   2015 474107.493   475311.119   488370.944
 78  JTT+F+R10     235630.582   2034 475329.164   476559.052   489727.109
 91  JTTDCMut+R10  235193.590   2015 474417.181   475620.807   488680.632
104  JTTDCMut+F+R10 235760.764   2034 475589.529   476819.417   489987.474
117  DCMut+R10     241674.056   2015 487378.112   488581.738   501641.563
130  DCMut+F+R10   241312.166   2034 486692.333   487922.221   501090.278
143  VT+R10        238022.924   2015 480075.848   481279.475   494339.299
156  VT+F+R10      238619.193   2034 481306.387   482536.275   495704.332
169  PMB+R10       240568.568   2015 485167.136   486370.763   499430.587
182  PMB+F+R10     241909.775   2034 487887.550   489117.438   502285.495
195  Blosum62+R10  241698.196   2015 487426.392   488630.019   501689.844
208  Blosum62+F+R10 242378.467   2034 488824.934   490054.822   503222.879
221  Dayhoff+R10   241665.195   2015 487360.391   488564.018   501623.842
234  Dayhoff+F+R10 241304.370   2034 486676.740   487906.629   501074.685
247  mtREV+R10     248366.796   2015 500763.591   501967.218   515027.042
260  mtREV+F+R10   242633.795   2034 489335.589   490565.478   503733.535
273  mtART+R10     258079.699   2015 520189.398   521393.025   534452.849
286  mtART+F+R10   251395.022   2034 506858.043   508087.932   521255.989
299  mtZOA+R10     248697.255   2015 501424.509   502628.136   515687.961
312  mtZOA+F+R10   244865.028   2034 493798.056   495027.945   508196.002
325  mtMet+R10     246286.394   2015 496602.789   497806.415   510866.240
338  mtMet+F+R10   239309.555   2034 482687.110   483916.999   497085.056
351  mtVer+R10     246564.115   2015 497158.229   498361.856   511421.680
364  mtVer+F+R10   241243.652   2034 486555.305   487785.193   500953.250
377  mtInv+R10     249525.235   2015 503080.471   504284.098   517343.922
390  mtInv+F+R10   239668.962   2034 483405.923   484635.812   497803.869
403  mtMAM+R10     253277.615   2015 510585.231   511788.858   524848.682
416  mtMAM+F+R10   247054.100   2034 498176.199   499406.088   512574.145
429  HIVb+R10      239031.970   2015 482093.940   483297.567   496357.391
442  HIVb+F+R10    239134.573   2034 482337.146   483567.035   496735.091
455  HIVw+R10      245989.425   2015 496008.851   497212.477   510272.302
468  HIVw+F+R10    242021.555   2034 488111.109   489340.998   502509.055
481  FLU+R10       240708.228   2015 485446.457   486650.083   499709.908
494  FLU+F+R10     239661.155   2034 483390.310   484620.198   497788.255
507  rtREV+R10     242989.873   2015 490009.746   491213.373   504273.198
520  rtREV+F+R10   243208.001   2034 490484.002   491713.891   504881.948
533  cpREV+R10     239645.940   2015 483321.880   484525.507   497585.331
546  cpREV+F+R10   239948.816   2034 483965.632   485195.521   498363.577
Akaike Information Criterion:           JTT+R10
Corrected Akaike Information Criterion: JTT+R10
Bayesian Information Criterion:         JTT+R10
Best-fit model: JTT+R10 chosen according to BIC

All model information printed to glp2r_iqtree_boostrap_modelfinder.model.gz
CPU time for ModelFinder: 765612.860 seconds (212h:40m:12s)
Wall-clock time for ModelFinder: 79414.878 seconds (22h:3m:34s)
Generating 1000 samples for ultrafast bootstrap (seed: 247537)...

NOTE: 5810 MB RAM (5 GB) is required!
Estimate model parameters (epsilon = 0.100)
1. Initial log-likelihood: -235038.746
Optimal log-likelihood: -235038.667
Site proportion and rates:  (0.053,0.022) (0.068,0.083) (0.074,0.166) (0.067,0.256) (0.117,0.378) (0.112,0.524) (0.098,0.690) (0.111,0.997) (0.125,1.413) (0.177,2.867)
Parameters optimization took 1 rounds (116.141 sec)
Computing ML distances based on estimated model parameters... 271.416 sec
WARNING: Some pairwise ML distances are too long (saturated)
Computing BIONJ tree...
1.883 seconds
Log-likelihood of BIONJ tree: -242702.911
--------------------------------------------------------------------
|             INITIALIZING CANDIDATE TREE SET                      |
--------------------------------------------------------------------
Generating 98 parsimony trees... 308.300 second
Computing log-likelihood of 98 initial trees ... 582.342 seconds
Current best score: -235038.667

Do NNI search on 20 best initial trees
Estimate model parameters (epsilon = 0.100)
BETTER TREE FOUND at iteration 1: -234997.976
Estimate model parameters (epsilon = 0.100)
BETTER TREE FOUND at iteration 2: -234958.663
Estimate model parameters (epsilon = 0.100)
BETTER TREE FOUND at iteration 3: -234915.483
Estimate model parameters (epsilon = 0.100)
BETTER TREE FOUND at iteration 5: -234889.105
Iteration 10 / LogL: -234924.867 / Time: 1h:50m:54s
Iteration 20 / LogL: -234945.334 / Time: 3h:15m:44s
Finish initializing candidate tree set (20)
Current best tree score: -234889.105 / CPU time: 11380.282
Number of iterations: 20
--------------------------------------------------------------------
|               OPTIMIZING CANDIDATE TREE SET                      |
--------------------------------------------------------------------
Estimate model parameters (epsilon = 0.100)
BETTER TREE FOUND at iteration 22: -234882.591
Iteration 30 / LogL: -235294.907 / Time: 3h:52m:7s (12h:16m:22s left)
Iteration 40 / LogL: -234997.096 / Time: 4h:25m:13s (9h:17m:38s left)
Estimate model parameters (epsilon = 0.100)
BETTER TREE FOUND at iteration 41: -234879.285
Estimate model parameters (epsilon = 0.100)
BETTER TREE FOUND at iteration 50: -234878.035
Iteration 50 / LogL: -234878.035 / Time: 5h:2m:19s (10h:16m:59s left)
Log-likelihood cutoff on original alignment: -235027.309
Estimate model parameters (epsilon = 0.100)
BETTER TREE FOUND at iteration 54: -234877.428
Iteration 60 / LogL: -234912.109 / Time: 5h:36m:17s (8h:55m:46s left)
Iteration 70 / LogL: -234890.740 / Time: 6h:9m:59s (7h:30m:26s left)
Iteration 80 / LogL: -234919.056 / Time: 6h:42m:58s (6h:17m:27s left)
Iteration 90 / LogL: -234958.183 / Time: 7h:16m:4s (5h:13m:34s left)
Estimate model parameters (epsilon = 0.100)
BETTER TREE FOUND at iteration 95: -234875.810
Iteration 100 / LogL: -234934.582 / Time: 7h:47m:28s (7h:28m:35s left)
Log-likelihood cutoff on original alignment: -235027.309
NOTE: Bootstrap correlation coefficient of split occurrence frequencies: 0.997
Iteration 110 / LogL: -234919.596 / Time: 8h:19m:36s (6h:52m:31s left)
Estimate model parameters (epsilon = 0.100)
BETTER TREE FOUND at iteration 117: -234867.643
Iteration 120 / LogL: -234886.169 / Time: 8h:53m:39s (7h:14m:59s left)
Iteration 130 / LogL: -234909.746 / Time: 9h:27m:5s (6h:22m:27s left)
Iteration 140 / LogL: -234927.131 / Time: 9h:58m:38s (5h:31m:37s left)
Iteration 150 / LogL: -234889.555 / Time: 10h:30m:9s (4h:43m:21s left)
Log-likelihood cutoff on original alignment: -235027.309
Iteration 160 / LogL: -234886.372 / Time: 11h:1m:57s (3h:57m:18s left)
Iteration 170 / LogL: -234904.932 / Time: 11h:31m:40s (3h:12m:21s left)
Iteration 180 / LogL: -234912.395 / Time: 12h:3m:37s (2h:29m:34s left)
Estimate model parameters (epsilon = 0.100)
BETTER TREE FOUND at iteration 190: -234862.041
Iteration 190 / LogL: -234862.041 / Time: 12h:38m:27s (6h:41m:17s left)
Iteration 200 / LogL: -234887.503 / Time: 13h:12m:3s (5h:58m:13s left)
Log-likelihood cutoff on original alignment: -235027.309
NOTE: Bootstrap correlation coefficient of split occurrence frequencies: 0.998
Iteration 210 / LogL: -235075.723 / Time: 13h:44m:29s (5h:55m:2s left)
Iteration 220 / LogL: -234895.330 / Time: 14h:19m:12s (5h:13m:51s left)
Iteration 230 / LogL: -234883.720 / Time: 14h:53m:28s (4h:33m:6s left)
Iteration 240 / LogL: -234883.276 / Time: 15h:27m:19s (3h:52m:48s left)
Estimate model parameters (epsilon = 0.100)
BETTER TREE FOUND at iteration 248: -234845.213
Iteration 250 / LogL: -234976.561 / Time: 16h:2m:0s (6h:18m:37s left)
Log-likelihood cutoff on original alignment: -235027.309
Iteration 260 / LogL: -234900.968 / Time: 16h:33m:43s (5h:37m:38s left)
Iteration 270 / LogL: -234994.483 / Time: 17h:7m:22s (4h:57m:54s left)
Iteration 280 / LogL: -234871.487 / Time: 17h:41m:7s (4h:18m:37s left)
Iteration 290 / LogL: -234910.557 / Time: 18h:14m:19s (3h:39m:37s left)
Iteration 300 / LogL: -234875.551 / Time: 18h:47m:0s (3h:0m:55s left)
Log-likelihood cutoff on original alignment: -235027.309
NOTE: Bootstrap correlation coefficient of split occurrence frequencies: 0.991
Iteration 310 / LogL: -234980.572 / Time: 19h:22m:53s (5h:38m:42s left)
Estimate model parameters (epsilon = 0.100)
BETTER TREE FOUND at iteration 314: -234843.423
Iteration 320 / LogL: -234934.463 / Time: 19h:58m:49s (5h:53m:15s left)
Iteration 330 / LogL: -234899.901 / Time: 20h:32m:50s (5h:14m:46s left)
Iteration 340 / LogL: -234851.645 / Time: 21h:7m:42s (4h:36m:43s left)
Iteration 350 / LogL: -234908.980 / Time: 21h:42m:42s (3h:58m:53s left)
Log-likelihood cutoff on original alignment: -235027.309
Iteration 360 / LogL: -234900.097 / Time: 22h:17m:35s (3h:21m:11s left)
Iteration 370 / LogL: -234874.573 / Time: 22h:51m:8s (2h:43m:29s left)
Iteration 380 / LogL: -235065.546 / Time: 23h:25m:1s (2h:6m:2s left)
Iteration 390 / LogL: -234855.696 / Time: 23h:56m:43s (1h:28m:38s left)
Estimate model parameters (epsilon = 0.100)
BETTER TREE FOUND at iteration 398: -234835.604
Iteration 400 / LogL: -234856.149 / Time: 24h:32m:50s (6h:1m:45s left)
Log-likelihood cutoff on original alignment: -235027.309
NOTE: Bootstrap correlation coefficient of split occurrence frequencies: 0.986
NOTE: UFBoot does not converge, continue at least 100 more iterations
Iteration 410 / LogL: -234919.858 / Time: 25h:6m:36s (5h:31m:31s left)
Iteration 420 / LogL: -234842.564 / Time: 25h:40m:15s (4h:54m:4s left)
Iteration 430 / LogL: -235029.825 / Time: 26h:13m:51s (4h:16m:48s left)
Iteration 440 / LogL: -234984.713 / Time: 26h:47m:42s (3h:39m:43s left)
Iteration 450 / LogL: -234897.643 / Time: 27h:21m:59s (3h:2m:51s left)
Log-likelihood cutoff on original alignment: -235027.309
Iteration 460 / LogL: -234965.333 / Time: 27h:57m:18s (2h:26m:10s left)
Iteration 470 / LogL: -234869.082 / Time: 28h:29m:29s (1h:49m:20s left)
Iteration 480 / LogL: -234860.057 / Time: 29h:4m:7s (1h:12m:49s left)
Iteration 490 / LogL: -234849.519 / Time: 29h:39m:54s (0h:36m:23s left)
Iteration 500 / LogL: -234851.895 / Time: 30h:14m:25s (0h:0m:0s left)
Log-likelihood cutoff on original alignment: -235027.309
NOTE: Bootstrap correlation coefficient of split occurrence frequencies: 0.991
TREE SEARCH COMPLETED AFTER 500 ITERATIONS / Time: 30h:14m:31s

--------------------------------------------------------------------
|                    FINALIZING TREE SEARCH                        |
--------------------------------------------------------------------
Performs final model parameters optimization
Estimate model parameters (epsilon = 0.010)
1. Initial log-likelihood: -234835.604
2. Current log-likelihood: -234835.589
Optimal log-likelihood: -234835.587
Site proportion and rates:  (0.054,0.022) (0.066,0.082) (0.070,0.162) (0.068,0.248) (0.120,0.373) (0.117,0.525) (0.095,0.697) (0.106,1.001) (0.120,1.410) (0.184,2.814)
Parameters optimization took 2 rounds (93.084 sec)
BEST SCORE FOUND : -234835.587

Testing tree branches by SH-like aLRT with 1000 replicates...
Alternative NNI shows better log-likelihood -234834.902 > -234835.587
Alternative NNI shows better log-likelihood -234835.376 > -234835.587
35.982 sec.
Creating bootstrap support values...
Split supports printed to NEXUS file glp2r_iqtree_boostrap_modelfinder.splits.nex
Total tree length: 313.158

Total number of iterations: 500
CPU time used for tree search: 1064625.064 sec (295h:43m:45s)
Wall-clock time used for tree search: 108507.377 sec (30h:8m:27s)
Total CPU time used: 1069297.204 sec (297h:1m:37s)
Total wall-clock time used: 109007.275 sec (30h:16m:47s)

Computing bootstrap consensus tree...
Reading input file glp2r_iqtree_boostrap_modelfinder.splits.nex...
1000 taxa and 4850 splits.
Consensus tree written to glp2r_iqtree_boostrap_modelfinder.contree
Reading input trees file glp2r_iqtree_boostrap_modelfinder.contree
Log-likelihood of consensus tree: -234826.889

Analysis results written to: 
  IQ-TREE report:                glp2r_iqtree_boostrap_modelfinder.iqtree
  Maximum-likelihood tree:       glp2r_iqtree_boostrap_modelfinder.treefile
  Likelihood distances:          glp2r_iqtree_boostrap_modelfinder.mldist

Ultrafast bootstrap approximation results written to:
  Split support values:          glp2r_iqtree_boostrap_modelfinder.splits.nex
  Consensus tree:                glp2r_iqtree_boostrap_modelfinder.contree
  Screen log file:               glp2r_iqtree_boostrap_modelfinder.log

Date and Time: Tue Jul 27 00:26:20 2021
