IQ-TREE multicore version 2.0.6 for Linux 64-bit built Aug  4 2020
Developed by Bui Quang Minh, Nguyen Lam Tung, Olga Chernomor,
Heiko Schmidt, Dominik Schrempf, Michael Woodhams.

Host:    cn03 (AVX512, FMA3, 251 GB RAM)
Command: iqtree2 -s /cta/users/ofkonar/work/resources/class_B1/canonical/ghrhr_filtered_fastas_blast_msa.fasta -B 1000 -alrt 1000 -T AUTO --threads-max 24 --prefix ghrhr_iqtree_boostrap_modelfinder
Seed:    103160 (Using SPRNG - Scalable Parallel Random Number Generator)
Time:    Fri Jul 23 10:42:03 2021
Kernel:  AVX+FMA - auto-detect threads (24 CPU cores detected)

Reading alignment file /cta/users/ofkonar/work/resources/class_B1/canonical/ghrhr_filtered_fastas_blast_msa.fasta ... Fasta format detected
Alignment most likely contains protein sequences
Alignment has 1000 sequences with 3917 columns, 2783 distinct patterns
897 parsimony-informative, 956 singleton sites, 2064 constant sites
                                Gap/Ambiguity  Composition  p-value
   1  tr|A9Y366|A9Y366_DANRE           89.51%    failed      4.12%
   2  tr|E7FF76|E7FF76_DANRE           88.64%    passed     84.95%
   3  tr|F1R383|F1R383_DANRE           88.61%    passed     10.94%
   4  tr|A0A0R4IKR9|A0A0R4IKR9_DANRE   88.97%    passed     14.84%
   5  tr|E7FF79|E7FF79_DANRE           88.44%    failed      4.93%
   6  tr|F1R788|F1R788_DANRE           88.77%    passed     29.64%
   7  tr|Q309X7|Q309X7_CHICK           89.30%    passed     16.88%
   8  tr|F1P200|F1P200_CHICK           88.61%    passed     56.19%
   9  tr|F1NKQ1|F1NKQ1_CHICK           89.20%    passed     91.74%
  10  tr|B3F053|B3F053_CHICK           88.66%    passed     20.91%
  11  tr|A0A3Q2UHX2|A0A3Q2UHX2_CHICK   87.26%    passed     78.33%
  12  tr|D2CP28|D2CP28_CHICK           88.54%    passed     46.04%
  13  sp|P97751|VIPR1_MOUSE            88.28%    passed     61.65%
  14  sp|Q5FWI2|SCTR_MOUSE             88.59%    failed      0.56%
  15  sp|P32082|GHRHR_MOUSE            89.20%    failed      0.05%
  16  sp|P41588|VIPR2_MOUSE            88.84%    failed      3.01%
  17  sp|P70205|PACR_MOUSE             87.34%    passed     83.07%
  18  tr|M3XPF0|M3XPF0_MUSPF           88.54%    failed      3.76%
  19  tr|M3Y1C7|M3Y1C7_MUSPF           89.20%    failed      0.44%
  20  tr|M3YEW9|M3YEW9_MUSPF           88.72%    passed      5.94%
  21  tr|M3YK47|M3YK47_MUSPF           88.15%    passed     23.09%
  22  tr|H2MPZ5|H2MPZ5_ORYLA           88.89%    passed     13.81%
  23  tr|H2MCM8|H2MCM8_ORYLA           88.61%    passed     42.42%
  24  tr|H2M8Y6|H2M8Y6_ORYLA           88.95%    passed     45.10%
  25  tr|H2MCR9|H2MCR9_ORYLA           88.26%    passed     22.49%
  26  tr|H2MTX3|H2MTX3_ORYLA           87.08%    passed     47.05%
  27  tr|A0A3B3I9H4|A0A3B3I9H4_ORYLA   87.98%    passed     80.27%
  28  tr|G1QMW7|G1QMW7_NOMLE           86.47%    failed      0.01%
  29  tr|G1RYZ3|G1RYZ3_NOMLE           89.18%    failed      0.75%
  30  tr|G1RH59|G1RH59_NOMLE           88.77%    passed      9.37%
  31  tr|G1PY89|G1PY89_MYOLU           88.64%    failed      0.29%
  32  tr|G1PEJ8|G1PEJ8_MYOLU           88.13%    failed      0.00%
  33  tr|G1P592|G1P592_MYOLU           88.95%    passed     62.20%
  34  tr|G3H5D7|G3H5D7_CRIGR           88.69%    failed      0.71%
  35  tr|G3HJL6|G3HJL6_CRIGR           90.50%    failed      0.00%
  36  tr|G3QNP3|G3QNP3_GORGO           88.33%    passed     28.14%
  37  tr|A0A2I2Z359|A0A2I2Z359_GORGO   85.91%    failed      0.00%
  38  tr|A0A2I2ZHN5|A0A2I2ZHN5_GORGO   89.20%    failed      0.96%
  39  tr|G3SA07|G3SA07_GORGO           88.77%    passed      6.18%
  40  tr|H2PP71|H2PP71_PONAB           89.28%    passed      9.67%
  41  tr|H2P7C5|H2P7C5_PONAB           89.41%    passed     24.63%
  42  tr|H2PMG5|H2PMG5_PONAB           87.57%    passed     77.03%
  43  tr|G1MT88|G1MT88_MELGA           88.05%    passed     83.50%
  44  tr|G3UTA8|G3UTA8_MELGA           88.66%    passed     30.21%
  45  tr|G1NCM4|G1NCM4_MELGA           89.76%    passed     72.83%
  46  sp|Q91085|VIPR_MELGA             88.33%    passed     23.11%
  47  tr|G1MSI5|G1MSI5_MELGA           89.30%    passed     11.55%
  48  tr|G1NI86|G1NI86_MELGA           88.51%    passed     35.24%
  49  tr|G1N143|G1N143_MELGA           89.05%    failed      3.61%
  50  tr|G1KF10|G1KF10_ANOCA           88.89%    passed     34.72%
  51  tr|G1KFF0|G1KFF0_ANOCA           88.77%    passed     30.76%
  52  tr|G1KFK2|G1KFK2_ANOCA           88.54%    passed     12.39%
  53  tr|G1KAG6|G1KAG6_ANOCA           88.84%    failed      0.76%
  54  tr|G1STM3|G1STM3_RABIT           88.64%    failed      1.74%
  55  tr|A0A5F9D0K4|A0A5F9D0K4_RABIT   88.33%    passed     19.71%
  56  tr|G1SJS9|G1SJS9_RABIT           88.79%    passed     14.26%
  57  sp|O46502|SCTR_RABIT             88.64%    failed      2.00%
  58  tr|E2R4N0|E2R4N0_CANLF           88.10%    failed      0.01%
  59  tr|F1P7Q3|F1P7Q3_CANLF           89.30%    passed      7.44%
  60  tr|E2RGU8|E2RGU8_CANLF           88.28%    passed     55.19%
  61  tr|H2QVP2|H2QVP2_PANTR           85.22%    failed      0.00%
  62  tr|A0A2I3SAB2|A0A2I3SAB2_PANTR   88.59%    failed      0.19%
  63  tr|A0A2I3T1V9|A0A2I3T1V9_PANTR   88.33%    passed     31.66%
  64  tr|H2QIM4|H2QIM4_PANTR           88.77%    passed      5.12%
  65  tr|A0A6I8NSM8|A0A6I8NSM8_ORNAN   87.26%    failed      0.00%
  66  tr|F7DV77|F7DV77_ORNAN           87.36%    passed     26.49%
  67  tr|F7BIH5|F7BIH5_MONDO           88.69%    passed     81.02%
  68  tr|F6R8T5|F6R8T5_MONDO           88.49%    passed     58.65%
  69  tr|F7CG94|F7CG94_MONDO           88.74%    failed      1.69%
  70  tr|H9H7P0|H9H7P0_MONDO           82.13%    failed      0.00%
  71  tr|A0A3Q2IKD1|A0A3Q2IKD1_HORSE   86.65%    failed      0.75%
  72  tr|F6TLF1|F6TLF1_HORSE           89.20%    failed      0.09%
  73  tr|A0A3Q2GXX1|A0A3Q2GXX1_HORSE   88.05%    failed      0.03%
  74  tr|A0A3Q2ICC0|A0A3Q2ICC0_HORSE   85.73%    failed      0.46%
  75  tr|W5PCN7|W5PCN7_SHEEP           89.12%    failed      0.02%
  76  tr|W5PSN2|W5PSN2_SHEEP           88.33%    failed      0.68%
  77  tr|W5NZL6|W5NZL6_SHEEP           87.44%    failed      0.09%
  78  sp|Q02644|GHRHR_RAT              88.15%    failed      0.01%
  79  sp|P30083|VIPR1_RAT              88.28%    passed     39.75%
  80  sp|P35000|VIPR2_RAT              88.84%    failed      4.98%
  81  sp|P23811|SCTR_RAT               88.54%    failed      1.07%
  82  tr|M4A521|M4A521_XIPMA           88.72%    passed     30.46%
  83  tr|M4AR77|M4AR77_XIPMA           88.00%    passed     70.31%
  84  tr|A0A3B5QCT4|A0A3B5QCT4_XIPMA   87.49%    passed      5.31%
  85  tr|M3ZWI2|M3ZWI2_XIPMA           88.89%    failed      3.49%
  86  tr|M3ZDL9|M3ZDL9_XIPMA           88.61%    passed     58.03%
  87  tr|M4AFK8|M4AFK8_XIPMA           89.43%    passed     20.47%
  88  tr|M3ZVZ5|M3ZVZ5_XIPMA           88.61%    passed     47.78%
  89  tr|M4ARC7|M4ARC7_XIPMA           88.84%    passed     60.51%
  90  tr|A0A669CPL3|A0A669CPL3_ORENI   88.64%    passed     38.03%
  91  tr|I3KTQ6|I3KTQ6_ORENI           88.03%    passed     34.65%
  92  tr|A0A669CLR1|A0A669CLR1_ORENI   87.95%    passed     45.70%
  93  tr|I3KC94|I3KC94_ORENI           88.77%    passed      7.92%
  94  tr|A0A669BAW5|A0A669BAW5_ORENI   88.72%    passed     14.57%
  95  tr|A0A669E737|A0A669E737_ORENI   89.33%    passed     46.22%
  96  tr|A0A669E7R0|A0A669E7R0_ORENI   87.98%    passed     69.91%
  97  tr|I3J1A0|I3J1A0_ORENI           89.46%    passed     45.01%
  98  tr|I3MPV7|I3MPV7_ICTTR           89.20%    failed      0.17%
  99  tr|I3M8I3|I3M8I3_ICTTR           88.89%    passed     10.16%
 100  tr|I3MQT5|I3MQT5_ICTTR           88.31%    passed     37.96%
 101  tr|H0WJM1|H0WJM1_OTOGA           88.00%    passed     63.57%
 102  tr|H0WY86|H0WY86_OTOGA           88.74%    passed     20.01%
 103  tr|H0WJM0|H0WJM0_OTOGA           91.29%    failed      2.73%
 104  tr|H2V8F6|H2V8F6_TAKRU           89.25%    failed      4.93%
 105  tr|A0A674MA68|A0A674MA68_TAKRU   88.72%    passed     10.60%
 106  tr|A0A674NBR2|A0A674NBR2_TAKRU   88.41%    passed      7.28%
 107  tr|A0A674NLB3|A0A674NLB3_TAKRU   87.57%    passed     81.13%
 108  tr|A0A674NZ76|A0A674NZ76_TAKRU   90.20%    passed     22.03%
 109  tr|H0V744|H0V744_CAVPO           88.74%    failed      3.35%
 110  tr|H0VT27|H0VT27_CAVPO           88.87%    passed      6.52%
 111  tr|H0VJ33|H0VJ33_CAVPO           89.23%    failed      1.37%
 112  tr|A0A286XMQ0|A0A286XMQ0_CAVPO   88.92%    passed      7.93%
 113  sp|P32241|VIPR1_HUMAN            88.33%    passed     31.83%
 114  sp|P47872|SCTR_HUMAN             88.77%    passed      5.91%
 115  sp|P41587|VIPR2_HUMAN            88.82%    passed      6.70%
 116  sp|Q02643|GHRHR_HUMAN            89.20%    failed      0.89%
 117  sp|P41586|PACR_HUMAN             88.05%    passed     54.78%
 118  tr|A0A1D5Q8S4|A0A1D5Q8S4_MACMU   85.58%    failed      0.00%
 119  tr|F6TRW6|F6TRW6_MACMU           88.69%    failed      0.91%
 120  tr|A0A1D5R219|A0A1D5R219_MACMU   88.33%    passed     35.19%
 121  tr|A0A1D5Q8N3|A0A1D5Q8N3_MACMU   88.82%    failed      2.65%
 122  tr|F7GK38|F7GK38_MACMU           86.26%    passed     76.45%
 123  tr|G5ALX6|G5ALX6_HETGA           90.73%    passed     61.47%
 124  tr|G5C3J4|G5C3J4_HETGA           89.25%    failed      0.27%
 125  tr|K7GGM6|K7GGM6_PELSI           89.07%    passed     48.95%
 126  tr|K7F648|K7F648_PELSI           88.46%    passed     61.86%
 127  tr|K7FMV5|K7FMV5_PELSI           88.77%    failed      0.74%
 128  tr|K7GA46|K7GA46_PELSI           87.92%    passed     55.19%
 129  tr|K7GFE5|K7GFE5_PELSI           88.69%    failed      2.57%
 130  tr|K7G9B9|K7G9B9_PELSI           93.34%    failed      0.14%
 131  tr|K7GDU8|K7GDU8_PELSI           88.23%    passed     23.40%
 132  tr|H3C5M9|H3C5M9_TETNG           88.21%    passed     39.17%
 133  tr|H3CMC9|H3CMC9_TETNG           89.89%    passed      6.02%
 134  tr|H3CR63|H3CR63_TETNG           89.30%    passed     32.84%
 135  tr|H3D5B9|H3D5B9_TETNG           89.18%    passed     40.10%
 136  tr|H3BXU4|H3BXU4_TETNG           88.59%    passed     36.79%
 137  tr|H3DMQ6|H3DMQ6_TETNG           88.82%    passed     43.15%
 138  tr|G3PYK8|G3PYK8_GASAC           88.46%    passed     72.65%
 139  tr|G3NGC7|G3NGC7_GASAC           88.95%    passed      8.43%
 140  tr|G3PYL1|G3PYL1_GASAC           88.74%    failed      1.76%
 141  tr|G3NP55|G3NP55_GASAC           88.66%    passed     55.25%
 142  tr|G3NP79|G3NP79_GASAC           88.44%    passed     77.90%
 143  tr|G3PDA1|G3PDA1_GASAC           89.02%    failed      2.69%
 144  tr|G3PH86|G3PH86_GASAC           89.30%    passed     84.33%
 145  tr|G3SXX0|G3SXX0_LOXAF           90.09%    passed     15.96%
 146  tr|G3TGZ7|G3TGZ7_LOXAF           87.31%    passed     91.18%
 147  tr|G3T899|G3T899_LOXAF           88.46%    passed     19.64%
 148  tr|G3THN8|G3THN8_LOXAF           90.43%    passed      6.55%
 149  tr|G3W7S7|G3W7S7_SARHA           88.61%    passed     74.97%
 150  tr|A0A7N4NYK5|A0A7N4NYK5_SARHA   88.74%    failed      0.19%
 151  tr|G3WU25|G3WU25_SARHA           88.79%    passed     31.00%
 152  tr|A0A7N4UZV9|A0A7N4UZV9_SARHA   87.49%    passed     69.30%
 153  tr|H0YPV9|H0YPV9_TAEGU           88.79%    passed     16.09%
 154  tr|H0ZVD5|H0ZVD5_TAEGU           87.67%    passed     17.65%
 155  tr|H0YPZ5|H0YPZ5_TAEGU           89.15%    passed     24.72%
 156  tr|A0A674GXP8|A0A674GXP8_TAEGU   89.35%    passed     60.63%
 157  tr|A0A803K8E7|A0A803K8E7_XENTR   88.66%    passed     17.69%
 158  tr|A0A803KGP5|A0A803KGP5_XENTR   87.41%    passed     78.28%
 159  tr|A0A6I8PK67|A0A6I8PK67_XENTR   89.23%    passed     61.13%
 160  tr|F6XPH6|F6XPH6_CALJA           88.82%    failed      2.31%
 161  tr|F6V574|F6V574_CALJA           89.20%    failed      0.54%
 162  tr|F7FCP0|F7FCP0_CALJA           86.49%    failed      0.00%
 163  tr|A0A2R8NAE6|A0A2R8NAE6_CALJA   85.55%    passed     44.92%
 164  tr|F6THV9|F6THV9_CALJA           88.31%    passed     12.19%
 165  tr|I3LFB5|I3LFB5_PIG             88.69%    failed      0.65%
 166  tr|A0A287BT69|A0A287BT69_PIG     88.31%    passed     35.26%
 167  tr|F1SII9|F1SII9_PIG             88.49%    failed      0.00%
 168  sp|P34999|GHRHR_PIG              89.20%    failed      0.01%
 169  sp|Q28992|VIPR1_PIG              88.31%    passed     36.79%
 170  tr|E5F1H6|E5F1H6_PIG             88.05%    passed     56.28%
 171  tr|A0A287ACB8|A0A287ACB8_PIG     88.13%    failed      0.53%
 172  tr|A0A7N5JL27|A0A7N5JL27_AILME   88.44%    passed     54.73%
 173  tr|G1LJT4|G1LJT4_AILME           89.20%    failed      0.39%
 174  sp|Q29627|PACR_BOVIN             86.90%    passed     87.88%
 175  tr|F1MF07|F1MF07_BOVIN           88.33%    passed     15.01%
 176  tr|F1MIT6|F1MIT6_BOVIN           88.72%    failed      0.58%
 177  tr|Q9TUJ0|Q9TUJ0_BOVIN           88.74%    failed      0.07%
 178  tr|A0A3Q1M5G0|A0A3Q1M5G0_BOVIN   88.15%    failed      0.16%
 179  tr|L5JYL5|L5JYL5_PTEAL           89.07%    passed     11.84%
 180  tr|L5KPS3|L5KPS3_PTEAL           87.34%    passed     90.77%
 181  tr|L5KH59|L5KH59_PTEAL           88.97%    passed     58.49%
 182  tr|L5KMU5|L5KMU5_PTEAL           92.39%    passed      5.77%
 183  tr|L8IXI3|L8IXI3_9CETA           89.20%    failed      0.14%
 184  tr|L8I055|L8I055_9CETA           89.25%    failed      0.38%
 185  tr|L8IT85|L8IT85_9CETA           88.92%    passed     25.02%
 186  tr|L9KZL4|L9KZL4_TUPCH           84.45%    failed      0.00%
 187  tr|A0A337SUD5|A0A337SUD5_FELCA   88.28%    passed     41.56%
 188  tr|A0A5F5XCY0|A0A5F5XCY0_FELCA   88.26%    failed      0.07%
 189  tr|M3VYQ3|M3VYQ3_FELCA           89.20%    failed      0.18%
 190  tr|U3KGZ2|U3KGZ2_FICAL           89.18%    failed      0.01%
 191  tr|U3JDZ0|U3JDZ0_FICAL           88.64%    failed      1.69%
 192  tr|U3JE10|U3JE10_FICAL           88.66%    passed     59.95%
 193  tr|U3JDM9|U3JDM9_FICAL           89.28%    passed     54.19%
 194  tr|U3KGR0|U3KGR0_FICAL           88.54%    passed     64.18%
 195  tr|U3IM16|U3IM16_ANAPP           88.51%    passed     65.73%
 196  tr|U3IRG3|U3IRG3_ANAPP           88.69%    passed     38.99%
 197  tr|A0A493U3H2|A0A493U3H2_ANAPP   89.33%    passed     12.10%
 198  tr|W5JZY8|W5JZY8_ASTMX           89.61%    failed      1.36%
 199  tr|A0A3B1J280|A0A3B1J280_ASTMX   88.46%    passed     23.02%
 200  tr|A0A3B1KJZ2|A0A3B1KJZ2_ASTMX   88.59%    failed      3.85%
 201  tr|A0A3B1JLY5|A0A3B1JLY5_ASTMX   87.57%    passed     54.46%
 202  tr|A0A3B1K5Z4|A0A3B1K5Z4_ASTMX   88.61%    passed     65.94%
 203  tr|A0A3B1ISX9|A0A3B1ISX9_ASTMX   88.77%    passed     53.34%
 204  tr|W5N6L8|W5N6L8_LEPOC           89.10%    failed      3.68%
 205  tr|W5MTE6|W5MTE6_LEPOC           89.30%    failed      2.42%
 206  tr|W5MTG6|W5MTG6_LEPOC           87.95%    passed     84.68%
 207  tr|W5MTN5|W5MTN5_LEPOC           88.66%    passed      5.79%
 208  tr|W5MTL3|W5MTL3_LEPOC           88.79%    passed     11.21%
 209  tr|A0A096LYR5|A0A096LYR5_POEFO   88.36%    passed     14.07%
 210  tr|A0A096LPV2|A0A096LPV2_POEFO   87.90%    passed     25.82%
 211  tr|A0A087YDJ2|A0A087YDJ2_POEFO   89.00%    passed     45.80%
 212  tr|A0A087XVS6|A0A087XVS6_POEFO   88.84%    passed      6.28%
 213  tr|A0A087YKC6|A0A087YKC6_POEFO   88.44%    passed     37.18%
 214  tr|A0A096MDR7|A0A096MDR7_POEFO   87.69%    passed     65.02%
 215  tr|A0A087XMS0|A0A087XMS0_POEFO   88.82%    passed     47.74%
 216  tr|A0A096MQK5|A0A096MQK5_PAPAN   88.69%    failed      1.33%
 217  tr|A0A096MT91|A0A096MT91_PAPAN   88.33%    passed     35.19%
 218  tr|A0A2I3N0J8|A0A2I3N0J8_PAPAN   86.32%    failed      0.00%
 219  tr|A0A2I3M123|A0A2I3M123_PAPAN   88.05%    failed      0.01%
 220  tr|A0A091E8R3|A0A091E8R3_FUKDA   89.23%    failed      0.68%
 221  tr|A0A091DCI7|A0A091DCI7_FUKDA   88.64%    passed      9.54%
 222  tr|A0A091DKD6|A0A091DKD6_FUKDA   87.69%    passed     82.30%
 223  tr|A0A091ENU1|A0A091ENU1_FUKDA   88.82%    failed      0.21%
 224  tr|A0A0D9RW55|A0A0D9RW55_CHLSB   88.33%    passed     40.53%
 225  tr|A0A0D9RQK8|A0A0D9RQK8_CHLSB   87.34%    passed     86.30%
 226  tr|A0A0D9R247|A0A0D9R247_CHLSB   88.82%    passed      6.27%
 227  tr|A0A0D9RVJ5|A0A0D9RVJ5_CHLSB   89.30%    passed      5.78%
 228  tr|A0A0D9RQK2|A0A0D9RQK2_CHLSB   89.97%    failed      1.62%
 229  tr|S9WJN5|S9WJN5_CAMFR           92.21%    failed      0.33%
 230  tr|S9YHH9|S9YHH9_CAMFR           87.49%    passed     22.68%
 231  tr|M7B1X0|M7B1X0_CHEMY           89.00%    passed      5.62%
 232  tr|M7BV94|M7BV94_CHEMY           89.20%    failed      4.23%
 233  tr|A0A093BET3|A0A093BET3_CHAPE   89.89%    passed     25.55%
 234  tr|A0A0P7WFY2|A0A0P7WFY2_SCLFO   89.63%    passed     63.38%
 235  tr|A0A0P7V655|A0A0P7V655_SCLFO   89.61%    passed     48.67%
 236  tr|A0A151M0U5|A0A151M0U5_ALLMI   88.26%    passed     63.23%
 237  tr|A0A151PDN7|A0A151PDN7_ALLMI   88.61%    passed     74.84%
 238  tr|A0A151PDH7|A0A151PDH7_ALLMI   87.77%    passed     31.90%
 239  tr|A0A151PD88|A0A151PD88_ALLMI   89.18%    passed     23.06%
 240  tr|A0A151PC19|A0A151PC19_ALLMI   88.33%    passed     61.78%
 241  tr|A0A0Q3PP63|A0A0Q3PP63_AMAAE   87.98%    passed      5.67%
 242  tr|A0A0Q3XAN0|A0A0Q3XAN0_AMAAE   88.61%    passed     31.65%
 243  tr|A0A0Q3TR17|A0A0Q3TR17_AMAAE   88.84%    passed     37.59%
 244  tr|A0A0Q3M5E5|A0A0Q3M5E5_AMAAE   87.29%    passed     81.48%
 245  tr|A0A0Q3TBQ1|A0A0Q3TBQ1_AMAAE   89.86%    passed     37.26%
 246  tr|A0A091QCR1|A0A091QCR1_MERNU   89.84%    passed     42.08%
 247  tr|A0A091QBP0|A0A091QBP0_MERNU   89.12%    failed      1.92%
 248  tr|A0A091QKD7|A0A091QKD7_MERNU   89.66%    passed     44.84%
 249  tr|A0A091EHH2|A0A091EHH2_CORBR   89.12%    failed      2.64%
 250  tr|A0A091FAC0|A0A091FAC0_CORBR   89.30%    passed     35.73%
 251  tr|A0A091F1E9|A0A091F1E9_CORBR   89.84%    passed     88.11%
 252  tr|A0A091FY10|A0A091FY10_CORBR   89.99%    passed      7.26%
 253  tr|S7MN06|S7MN06_MYOBR           87.77%    failed      0.00%
 254  tr|A0A091Q5M8|A0A091Q5M8_LEPDC   89.66%    passed     37.79%
 255  tr|A0A091P8M1|A0A091P8M1_LEPDC   91.55%    passed     16.44%
 256  tr|A0A091JD35|A0A091JD35_EGRGA   89.99%    passed     63.49%
 257  tr|A0A091JK39|A0A091JK39_EGRGA   89.89%    passed     26.02%
 258  tr|A0A091IU07|A0A091IU07_EGRGA   89.12%    failed      1.85%
 259  tr|A0A091JK43|A0A091JK43_EGRGA   89.66%    passed     40.96%
 260  tr|A0A093CBW9|A0A093CBW9_9AVES   89.71%    passed     15.45%
 261  tr|A0A093C5P9|A0A093C5P9_9AVES   89.07%    passed     38.04%
 262  tr|A0A093C5G3|A0A093C5G3_9AVES   89.30%    passed     29.85%
 263  tr|A0A093C7T6|A0A093C7T6_9AVES   90.30%    passed     19.80%
 264  tr|A0A093R3Q0|A0A093R3Q0_PHACA   90.02%    passed     56.05%
 265  tr|A0A093QCH6|A0A093QCH6_PHACA   89.89%    passed     28.22%
 266  tr|A0A093PTH7|A0A093PTH7_9PASS   89.66%    passed     38.12%
 267  tr|A0A093PSD4|A0A093PSD4_9PASS   89.81%    failed      4.70%
 268  tr|A0A093PUZ9|A0A093PUZ9_9PASS   89.99%    passed     55.94%
 269  tr|A0A091UP36|A0A091UP36_NIPNI   89.99%    passed     56.11%
 270  tr|A0A091X6D6|A0A091X6D6_NIPNI   89.66%    passed     41.34%
 271  tr|A0A091W1V8|A0A091W1V8_NIPNI   90.27%    passed     15.88%
 272  tr|A0A091W0P7|A0A091W0P7_NIPNI   89.89%    passed     16.79%
 273  tr|A0A087QVN2|A0A087QVN2_APTFO   89.89%    passed     20.46%
 274  tr|A0A087RIM8|A0A087RIM8_APTFO   90.83%    passed     80.32%
 275  tr|A0A087QNN1|A0A087QNN1_APTFO   89.99%    passed     63.68%
 276  tr|A0A087QVN3|A0A087QVN3_APTFO   89.81%    passed     31.87%
 277  tr|A0A087V4R0|A0A087V4R0_BALRE   89.66%    passed     58.52%
 278  tr|A0A087VBC1|A0A087VBC1_BALRE   89.86%    passed     35.25%
 279  tr|A0A087VLA7|A0A087VLA7_BALRE   91.52%    passed     33.46%
 280  tr|A0A091KJE6|A0A091KJE6_9GRUI   90.15%    passed     12.56%
 281  tr|A0A091L5J4|A0A091L5J4_9GRUI   89.66%    passed     35.78%
 282  tr|A0A091KZX7|A0A091KZX7_9GRUI   89.99%    passed     49.36%
 283  tr|A0A091KMJ5|A0A091KMJ5_9GRUI   89.86%    passed     22.89%
 284  tr|A0A091KED8|A0A091KED8_9GRUI   89.12%    failed      2.72%
 285  tr|A0A091QMJ0|A0A091QMJ0_9GRUI   91.47%    passed     32.92%
 286  tr|A0A091RJD2|A0A091RJD2_9GRUI   89.94%    passed     37.67%
 287  tr|A0A091RF07|A0A091RF07_9GRUI   91.47%    passed     12.43%
 288  tr|A0A091NH22|A0A091NH22_9PASS   89.76%    passed     15.62%
 289  tr|A0A091MN47|A0A091MN47_9PASS   89.07%    passed     20.76%
 290  tr|A0A091MRW4|A0A091MRW4_9PASS   89.30%    passed     43.12%
 291  tr|A0A093JVG3|A0A093JVG3_STRCA   89.99%    passed     70.91%
 292  tr|A0A093H731|A0A093H731_STRCA   90.17%    passed     15.12%
 293  tr|A0A093J220|A0A093J220_STRCA   89.69%    passed     12.22%
 294  tr|A0A093K690|A0A093K690_STRCA   89.12%    failed      1.51%
 295  tr|A0A093I2R1|A0A093I2R1_STRCA   89.89%    passed     36.19%
 296  tr|A0A091VS87|A0A091VS87_OPIHO   89.97%    passed     39.04%
 297  tr|A0A091VSW7|A0A091VSW7_OPIHO   89.53%    passed     12.72%
 298  tr|A0A091VQT5|A0A091VQT5_OPIHO   89.56%    passed     57.37%
 299  tr|A0A091VFX4|A0A091VFX4_OPIHO   89.99%    passed     30.61%
 300  tr|A0A094NC75|A0A094NC75_ANTCR   89.97%    passed     33.16%
 301  tr|A0A094KM45|A0A094KM45_ANTCR   93.16%    passed     10.49%
 302  tr|A0A094L9W4|A0A094L9W4_ANTCR   89.07%    passed     36.99%
 303  tr|A0A094KNW4|A0A094KNW4_ANTCR   89.89%    passed     19.33%
 304  tr|A0A091T6A5|A0A091T6A5_PHALP   89.92%    passed     21.03%
 305  tr|A0A091TPZ6|A0A091TPZ6_PHALP   89.71%    passed     41.31%
 306  tr|A0A091T5A5|A0A091T5A5_PHALP   90.76%    passed      9.30%
 307  tr|A0A091UNS2|A0A091UNS2_PHALP   89.66%    passed     48.80%
 308  tr|A0A099YTP2|A0A099YTP2_TINGU   90.83%    passed     70.71%
 309  tr|A0A099ZJB5|A0A099ZJB5_TINGU   89.12%    passed      6.49%
 310  tr|A0A099ZP12|A0A099ZP12_TINGU   89.74%    passed     28.97%
 311  tr|A0A093C422|A0A093C422_TAUER   89.66%    passed     40.25%
 312  tr|A0A093CRR2|A0A093CRR2_TAUER   89.99%    passed     57.56%
 313  tr|A0A093BJT2|A0A093BJT2_TAUER   91.40%    passed     25.86%
 314  tr|A0A093CA19|A0A093CA19_TAUER   90.25%    passed     11.12%
 315  tr|A0A091U9U0|A0A091U9U0_PHORB   89.99%    passed     42.31%
 316  tr|A0A091UZ03|A0A091UZ03_PHORB   89.89%    passed     19.92%
 317  tr|A0A091TTU5|A0A091TTU5_PHORB   89.66%    passed     54.61%
 318  tr|A0A091LH31|A0A091LH31_CATAU   91.45%    passed     37.51%
 319  tr|A0A091L2A0|A0A091L2A0_CATAU   91.17%    passed     34.07%
 320  tr|A0A091L479|A0A091L479_CATAU   89.89%    passed     25.93%
 321  tr|A0A091GJA1|A0A091GJA1_9AVES   89.66%    passed     21.92%
 322  tr|A0A091FM96|A0A091FM96_9AVES   90.02%    passed     21.41%
 323  tr|A0A091FUJ3|A0A091FUJ3_9AVES   89.89%    passed     37.47%
 324  tr|A0A091FXC4|A0A091FXC4_9AVES   89.12%    failed      3.97%
 325  tr|A0A093IR96|A0A093IR96_FULGA   89.66%    passed     46.47%
 326  tr|A0A093IRV5|A0A093IRV5_FULGA   91.37%    passed     23.06%
 327  tr|A0A093ILW6|A0A093ILW6_FULGA   89.99%    passed     54.02%
 328  tr|A0A091S7T5|A0A091S7T5_NESNO   89.89%    passed     31.53%
 329  tr|A0A091SBG9|A0A091SBG9_NESNO   89.30%    passed     47.64%
 330  tr|A0A094KW54|A0A094KW54_PODCR   89.99%    passed     58.56%
 331  tr|A0A0A0AMI0|A0A0A0AMI0_CHAVO   89.99%    passed     63.09%
 332  tr|A0A0A0A678|A0A0A0A678_CHAVO   89.89%    passed     24.28%
 333  tr|A0A0A0A7Y0|A0A0A0A7Y0_CHAVO   89.97%    passed     35.92%
 334  tr|A0A0A0AJS0|A0A0A0AJS0_CHAVO   89.12%    failed      2.36%
 335  tr|A0A0A0AFR3|A0A0A0AFR3_CHAVO   90.63%    passed     72.54%
 336  tr|A0A0A0A4P1|A0A0A0A4P1_CHAVO   90.15%    passed     34.17%
 337  tr|A0A2I0LSG8|A0A2I0LSG8_COLLI   89.18%    passed     73.59%
 338  tr|A0A2I0MGK9|A0A2I0MGK9_COLLI   88.51%    passed     43.66%
 339  tr|A0A2I0MRF4|A0A2I0MRF4_COLLI   89.15%    passed     22.72%
 340  tr|A0A2I0MRD7|A0A2I0MRD7_COLLI   88.56%    passed     46.92%
 341  tr|A0A2I0MRE5|A0A2I0MRE5_COLLI   89.18%    passed     38.44%
 342  tr|A0A2I0MRD5|A0A2I0MRD5_COLLI   87.67%    passed     78.35%
 343  tr|A0A093IFH6|A0A093IFH6_DRYPU   89.89%    passed     22.86%
 344  tr|A0A093G818|A0A093G818_DRYPU   89.66%    passed     43.05%
 345  tr|A0A093GU56|A0A093GU56_DRYPU   89.92%    passed     28.11%
 346  tr|A0A091HC20|A0A091HC20_BUCRH   89.30%    passed     48.97%
 347  tr|A0A091GRA4|A0A091GRA4_BUCRH   89.99%    passed     44.37%
 348  tr|A0A093REA1|A0A093REA1_PYGAD   89.99%    passed     60.58%
 349  tr|A0A093P9T0|A0A093P9T0_PYGAD   89.66%    passed     47.13%
 350  tr|A0A093PNG2|A0A093PNG2_PYGAD   89.89%    passed     24.92%
 351  tr|A0A093PB84|A0A093PB84_PYGAD   89.89%    passed     36.77%
 352  tr|A0A091MK11|A0A091MK11_CARIC   89.07%    passed     27.21%
 353  tr|A0A091M2I0|A0A091M2I0_CARIC   90.61%    passed     22.82%
 354  tr|A0A091LVP3|A0A091LVP3_CARIC   89.66%    passed     45.32%
 355  tr|A0A091T0M3|A0A091T0M3_PELCR   91.37%    passed      7.13%
 356  tr|A0A091SRE9|A0A091SRE9_PELCR   91.50%    passed     33.71%
 357  tr|A0A093EUF9|A0A093EUF9_TYTAL   89.58%    passed     12.84%
 358  tr|A0A093HIH2|A0A093HIH2_TYTAL   90.20%    passed     30.29%
 359  tr|A0A093L8L3|A0A093L8L3_EURHL   89.99%    passed     50.85%
 360  tr|A0A093LEX3|A0A093LEX3_EURHL   91.50%    passed     37.96%
 361  tr|A0A093ICE4|A0A093ICE4_EURHL   89.66%    passed     29.71%
 362  tr|A0A091NIS2|A0A091NIS2_APAVI   89.07%    passed     45.11%
 363  tr|A0A091MV47|A0A091MV47_APAVI   89.12%    failed      2.96%
 364  tr|A0A091MYS8|A0A091MYS8_APAVI   89.84%    passed     24.81%
 365  tr|A0A091IUW3|A0A091IUW3_CALAN   89.94%    passed     38.47%
 366  tr|A0A091IFG2|A0A091IFG2_CALAN   89.66%    passed     60.69%
 367  tr|A0A091IFG9|A0A091IFG9_CALAN   89.81%    passed     41.12%
 368  tr|A0A093FNJ0|A0A093FNJ0_GAVST   89.89%    passed     25.90%
 369  tr|A0A093EZK9|A0A093EZK9_GAVST   89.66%    passed     45.98%
 370  tr|A0A091NWN5|A0A091NWN5_HALAL   89.89%    passed     17.08%
 371  tr|A0A091NZ72|A0A091NZ72_HALAL   89.56%    passed     65.59%
 372  tr|A0A091P0B8|A0A091P0B8_HALAL   89.99%    passed     48.42%
 373  tr|A0A091PMP0|A0A091PMP0_HALAL   89.12%    failed      1.98%
 374  tr|A0A1S3AHZ7|A0A1S3AHZ7_ERIEU   89.20%    failed      0.00%
 375  tr|A0A1S3W4N3|A0A1S3W4N3_ERIEU   89.38%    passed     73.50%
 376  tr|A0A1S3AMM0|A0A1S3AMM0_ERIEU   88.77%    failed      0.03%
 377  tr|A0A1S2ZUQ3|A0A1S2ZUQ3_ERIEU   88.46%    failed      1.85%
 378  tr|A0A1S3GRL9|A0A1S3GRL9_DIPOR   87.34%    passed     77.10%
 379  tr|A0A1S3GRK8|A0A1S3GRK8_DIPOR   88.03%    failed      0.00%
 380  tr|A0A1S3FHW9|A0A1S3FHW9_DIPOR   88.74%    passed     11.36%
 381  tr|A0A1S3NHF3|A0A1S3NHF3_SALSA   88.97%    failed      1.71%
 382  tr|A0A1S3T488|A0A1S3T488_SALSA   88.28%    passed     11.37%
 383  tr|A0A1S3P9B7|A0A1S3P9B7_SALSA   88.21%    failed      1.36%
 384  tr|A0A1S3M140|A0A1S3M140_SALSA   88.03%    passed     43.65%
 385  tr|A0A1S3MPK8|A0A1S3MPK8_SALSA   89.38%    passed     47.83%
 386  tr|A0A1S3KJM2|A0A1S3KJM2_SALSA   87.18%    failed      0.08%
 387  tr|A0A1S3KKC4|A0A1S3KKC4_SALSA   84.91%    failed      0.00%
 388  tr|A0A1A6GTE4|A0A1A6GTE4_NEOLE   88.31%    passed     15.26%
 389  tr|A0A1A6GR07|A0A1A6GR07_NEOLE   88.26%    failed      0.01%
 390  tr|A0A1L8ES44|A0A1L8ES44_XENLA   89.05%    passed     68.38%
 391  tr|A0A1L8FQG9|A0A1L8FQG9_XENLA   88.66%    passed     36.22%
 392  tr|A0A1L8FQD9|A0A1L8FQD9_XENLA   88.38%    passed     28.36%
 393  tr|F8RUA9|F8RUA9_XENLA           88.51%    passed     26.46%
 394  tr|A0A1L8FV22|A0A1L8FV22_XENLA   88.66%    passed     12.39%
 395  tr|A0A1L8EKU8|A0A1L8EKU8_XENLA   89.23%    passed     48.63%
 396  tr|A0A1L8ENG6|A0A1L8ENG6_XENLA   88.44%    passed     21.21%
 397  tr|A0A1U7U3B6|A0A1U7U3B6_CARSF   89.38%    passed     73.02%
 398  tr|A0A1U7UQZ2|A0A1U7UQZ2_CARSF   86.52%    failed      2.83%
 399  tr|A0A1U7SVV3|A0A1U7SVV3_CARSF   87.34%    passed     77.33%
 400  tr|A0A1U7SP32|A0A1U7SP32_CARSF   89.20%    failed      0.61%
 401  tr|A0A3Q0FYK4|A0A3Q0FYK4_ALLSI   89.25%    passed     70.19%
 402  tr|A0A3Q0GS33|A0A3Q0GS33_ALLSI   86.95%    passed     40.55%
 403  tr|A0A1U7RS28|A0A1U7RS28_ALLSI   88.51%    passed     58.88%
 404  tr|A0A3Q0GS41|A0A3Q0GS41_ALLSI   88.77%    passed     18.32%
 405  tr|A0A3Q0GT47|A0A3Q0GT47_ALLSI   88.97%    passed     42.10%
 406  tr|A0A1U8D7Y1|A0A1U8D7Y1_ALLSI   89.35%    passed     67.46%
 407  tr|A0A1U7S3P2|A0A1U7S3P2_ALLSI   88.92%    passed     19.38%
 408  tr|A0A1U7QZQ9|A0A1U7QZQ9_MESAU   88.84%    failed      2.02%
 409  tr|A0A1U8BZI8|A0A1U8BZI8_MESAU   88.18%    failed      3.70%
 410  tr|A0A1U7QWB5|A0A1U7QWB5_MESAU   88.31%    passed     16.17%
 411  tr|A0A1V4KLD9|A0A1V4KLD9_PATFA   88.79%    passed     22.25%
 412  tr|A0A1V4KL94|A0A1V4KL94_PATFA   89.18%    passed     23.76%
 413  tr|A0A1V4KL87|A0A1V4KL87_PATFA   88.87%    passed     56.93%
 414  tr|A0A1V4JQ78|A0A1V4JQ78_PATFA   89.48%    passed     44.58%
 415  tr|A0A1V4KLG2|A0A1V4KLG2_PATFA   87.67%    passed     78.35%
 416  tr|A0A1V4K7A8|A0A1V4K7A8_PATFA   88.49%    passed     37.09%
 417  tr|A0A2I4CWK4|A0A2I4CWK4_9TELE   88.31%    passed     53.97%
 418  tr|A0A2I4C050|A0A2I4C050_9TELE   88.66%    passed     29.42%
 419  tr|A0A2I4CWH9|A0A2I4CWH9_9TELE   89.53%    passed     24.03%
 420  tr|A0A2I4DBA3|A0A2I4DBA3_9TELE   87.98%    passed     73.33%
 421  tr|A0A2I4ASE3|A0A2I4ASE3_9TELE   89.79%    passed     49.55%
 422  tr|A0A2I4C052|A0A2I4C052_9TELE   88.56%    passed     29.87%
 423  tr|A0A2I4AQA0|A0A2I4AQA0_9TELE   88.69%    passed     14.72%
 424  tr|A0A2I4B9I2|A0A2I4B9I2_9TELE   88.61%    passed     69.05%
 425  tr|A0A060W902|A0A060W902_ONCMY   88.56%    failed      1.47%
 426  tr|A0A218UHL7|A0A218UHL7_9PASE   89.41%    passed     34.84%
 427  tr|A0A226P6K7|A0A226P6K7_COLVI   88.03%    passed     49.86%
 428  tr|A0A2K5EIX2|A0A2K5EIX2_AOTNA   86.90%    passed     71.97%
 429  tr|A0A2K5EFQ5|A0A2K5EFQ5_AOTNA   88.33%    failed      1.81%
 430  tr|A0A2K5DHX1|A0A2K5DHX1_AOTNA   88.69%    failed      4.15%
 431  tr|A0A2K5CMY0|A0A2K5CMY0_AOTNA   89.18%    failed      0.05%
 432  tr|A0A2K5Q1A3|A0A2K5Q1A3_CEBIM   88.69%    failed      1.96%
 433  tr|A0A2K5RTK6|A0A2K5RTK6_CEBIM   89.20%    failed      0.37%
 434  tr|A0A2K5Q2Q5|A0A2K5Q2Q5_CEBIM   85.96%    failed      0.00%
 435  tr|A0A2K5RQU5|A0A2K5RQU5_CEBIM   88.33%    passed      9.40%
 436  tr|A0A2K5NTD7|A0A2K5NTD7_CERAT   88.87%    failed      0.46%
 437  tr|A0A2K5MG90|A0A2K5MG90_CERAT   88.69%    failed      0.97%
 438  tr|A0A2K5N7R1|A0A2K5N7R1_CERAT   88.33%    passed     37.09%
 439  tr|A0A2K5IRA2|A0A2K5IRA2_COLAP   89.25%    failed      4.05%
 440  tr|A0A2K5KBK9|A0A2K5KBK9_COLAP   89.43%    failed      0.59%
 441  tr|A0A2K5HT66|A0A2K5HT66_COLAP   88.33%    passed     30.31%
 442  tr|A0A2K5W7H9|A0A2K5W7H9_MACFA   88.69%    failed      0.69%
 443  tr|A0A2K5X117|A0A2K5X117_MACFA   88.15%    failed      3.16%
 444  tr|A0A7N9DDL5|A0A7N9DDL5_MACFA   84.76%    failed      0.00%
 445  tr|A0A2K5VP53|A0A2K5VP53_MACFA   89.33%    passed      9.74%
 446  tr|A0A2K6DYJ7|A0A2K6DYJ7_MACNE   88.26%    passed     13.80%
 447  tr|A0A2K6DXY6|A0A2K6DXY6_MACNE   85.27%    passed     58.56%
 448  tr|A0A2K6E2F3|A0A2K6E2F3_MACNE   88.15%    failed      0.05%
 449  tr|A0A2K5YRC4|A0A2K5YRC4_MANLE   89.20%    failed      1.77%
 450  tr|A0A2K5Y2C6|A0A2K5Y2C6_MANLE   87.26%    failed      0.23%
 451  tr|A0A2K5XM83|A0A2K5XM83_MANLE   88.77%    passed     69.85%
 452  tr|A0A2K5Y3M2|A0A2K5Y3M2_MANLE   88.69%    failed      1.42%
 453  tr|A0A2K6GIK3|A0A2K6GIK3_PROCO   88.74%    failed      2.58%
 454  tr|A0A2K6GA63|A0A2K6GA63_PROCO   88.31%    passed     36.41%
 455  tr|A0A2K6EYB3|A0A2K6EYB3_PROCO   88.64%    failed      0.63%
 456  tr|A0A2K6FCE3|A0A2K6FCE3_PROCO   89.20%    failed      0.04%
 457  tr|A0A2K6LB78|A0A2K6LB78_RHIBE   88.69%    failed      1.14%
 458  tr|A0A2K6M071|A0A2K6M071_RHIBE   85.27%    passed     73.69%
 459  tr|A0A2K6K399|A0A2K6K399_RHIBE   88.33%    passed     29.79%
 460  tr|A0A2K6MRS7|A0A2K6MRS7_RHIBE   85.55%    failed      0.00%
 461  tr|A0A2K6LB80|A0A2K6LB80_RHIBE   89.20%    failed      1.77%
 462  tr|A0A2K6NW77|A0A2K6NW77_RHIRO   88.26%    passed      9.58%
 463  tr|A0A2K6RF28|A0A2K6RF28_RHIRO   88.56%    failed      0.03%
 464  tr|A0A2K6PB02|A0A2K6PB02_RHIRO   85.88%    failed      0.00%
 465  tr|A0A2K6P9U9|A0A2K6P9U9_RHIRO   89.20%    failed      1.43%
 466  tr|A0A2K6S305|A0A2K6S305_SAIBB   86.29%    failed      0.00%
 467  tr|A0A2K6T7V8|A0A2K6T7V8_SAIBB   89.38%    passed     37.69%
 468  tr|A0A2K6TQJ4|A0A2K6TQJ4_SAIBB   89.20%    failed      0.12%
 469  tr|A0A2K6S1I2|A0A2K6S1I2_SAIBB   88.69%    failed      0.61%
 470  tr|A0A2I0TR80|A0A2I0TR80_LIMLA   88.36%    passed     47.56%
 471  tr|A0A2R8ZBW6|A0A2R8ZBW6_PANPA   88.87%    passed      6.18%
 472  tr|A0A2R9A625|A0A2R9A625_PANPA   89.20%    failed      0.74%
 473  tr|A0A2R8ZIZ6|A0A2R8ZIZ6_PANPA   88.33%    passed     31.66%
 474  tr|A0A2R8ZTG4|A0A2R8ZTG4_PANPA   85.32%    failed      0.00%
 475  tr|A0A212CLB9|A0A212CLB9_CEREH   93.41%    passed      7.06%
 476  tr|A0A3P9QDL9|A0A3P9QDL9_POERE   88.61%    passed     43.06%
 477  tr|A0A3P9NUP7|A0A3P9NUP7_POERE   85.83%    passed     17.22%
 478  tr|A0A3P9P294|A0A3P9P294_POERE   89.43%    passed     15.36%
 479  tr|A0A6J3RXZ7|A0A6J3RXZ7_TURTR   88.79%    failed      1.06%
 480  tr|A0A6J3S0Y0|A0A6J3S0Y0_TURTR   88.31%    passed     29.59%
 481  tr|A0A6J3RVL6|A0A6J3RVL6_TURTR   88.36%    failed      0.09%
 482  tr|A0A6J3RWW1|A0A6J3RWW1_TURTR   87.34%    passed     87.56%
 483  tr|A0A2U3W944|A0A2U3W944_ODORO   88.54%    failed      0.51%
 484  tr|A0A2U3ZUK8|A0A2U3ZUK8_ODORO   87.31%    passed     84.93%
 485  tr|A0A2U3WYD4|A0A2U3WYD4_ODORO   88.72%    failed      3.90%
 486  tr|A0A2U3WWT2|A0A2U3WWT2_ODORO   89.20%    failed      0.05%
 487  tr|A0A2U3YWB0|A0A2U3YWB0_LEPWE   89.33%    passed     51.21%
 488  tr|A0A7F8Q2Y9|A0A7F8Q2Y9_LEPWE   89.63%    failed      0.96%
 489  tr|A0A2U9BIP6|A0A2U9BIP6_SCOMX   88.36%    passed     74.98%
 490  tr|A0A2U9C5X0|A0A2U9C5X0_SCOMX   88.28%    passed     19.21%
 491  tr|A0A2U9BIP0|A0A2U9BIP0_SCOMX   87.95%    passed     43.21%
 492  tr|A0A2U9CVJ0|A0A2U9CVJ0_SCOMX   89.10%    failed      2.88%
 493  tr|A0A2U9C1J3|A0A2U9C1J3_SCOMX   85.86%    passed     27.93%
 494  tr|A0A2U9BKT5|A0A2U9BKT5_SCOMX   88.61%    passed     42.42%
 495  tr|A0A2U9C326|A0A2U9C326_SCOMX   90.58%    passed      9.23%
 496  tr|A0A2Y9D640|A0A2Y9D640_TRIMA   88.36%    passed     28.43%
 497  tr|A0A2Y9E1X6|A0A2Y9E1X6_TRIMA   89.20%    failed      0.71%
 498  tr|A0A2Y9E1F6|A0A2Y9E1F6_TRIMA   87.31%    passed     92.55%
 499  tr|A0A2Y9G1L0|A0A2Y9G1L0_TRIMA   82.23%    failed      0.00%
 500  tr|A0A2Y9H7Z5|A0A2Y9H7Z5_NEOSC   89.20%    failed      0.15%
 501  tr|A0A2Y9H152|A0A2Y9H152_NEOSC   87.31%    passed     87.75%
 502  tr|A0A2Y9HPE4|A0A2Y9HPE4_NEOSC   87.08%    failed      0.12%
 503  tr|A0A2Y9H9P9|A0A2Y9H9P9_NEOSC   86.19%    failed      1.78%
 504  tr|A0A2Y9JDI3|A0A2Y9JDI3_ENHLU   89.20%    failed      0.31%
 505  tr|A0A2Y9INL5|A0A2Y9INL5_ENHLU   88.54%    failed      1.82%
 506  tr|A0A2Y9KK92|A0A2Y9KK92_ENHLU   88.72%    passed     13.85%
 507  tr|A0A2Y9JME2|A0A2Y9JME2_ENHLU   87.31%    passed     85.68%
 508  tr|A0A2Y9KVU2|A0A2Y9KVU2_ENHLU   88.28%    passed     10.75%
 509  tr|A0A2Y9LIS0|A0A2Y9LIS0_DELLE   88.28%    passed     42.17%
 510  tr|A0A2Y9PEZ6|A0A2Y9PEZ6_DELLE   89.10%    failed      0.16%
 511  tr|A0A2Y9NRD0|A0A2Y9NRD0_DELLE   88.69%    failed      1.48%
 512  tr|A0A2Y9ERA3|A0A2Y9ERA3_PHYMC   88.31%    passed     36.26%
 513  tr|A0A2Y9EJX1|A0A2Y9EJX1_PHYMC   89.02%    failed      0.28%
 514  tr|A0A2Y9FT39|A0A2Y9FT39_PHYMC   89.15%    failed      0.20%
 515  tr|A0A2Y9TG63|A0A2Y9TG63_PHYMC   88.72%    failed      2.77%
 516  tr|A0A2Y9T8X4|A0A2Y9T8X4_PHYMC   87.34%    passed     72.24%
 517  tr|A0A315W010|A0A315W010_GAMAF   87.46%    passed      8.42%
 518  tr|A0A315VYP9|A0A315VYP9_GAMAF   82.74%    failed      0.61%
 519  tr|A0A315VDW2|A0A315VDW2_GAMAF   88.41%    failed      1.39%
 520  tr|A0A315VPG6|A0A315VPG6_GAMAF   88.46%    passed     54.87%
 521  tr|A0A315VQD2|A0A315VQD2_GAMAF   86.29%    passed     34.12%
 522  tr|A0A315V3V9|A0A315V3V9_GAMAF   86.42%    passed      8.48%
 523  tr|A0A341C689|A0A341C689_NEOAA   88.31%    passed     32.90%
 524  tr|A0A341C7L2|A0A341C7L2_NEOAA   87.34%    passed     90.49%
 525  tr|A0A341CA37|A0A341CA37_NEOAA   88.36%    failed      0.30%
 526  tr|A0A341C4V7|A0A341C4V7_NEOAA   84.71%    failed      0.01%
 527  tr|A0A3Q1CJH7|A0A3Q1CJH7_AMPOC   88.82%    passed     70.04%
 528  tr|A0A3Q1AW64|A0A3Q1AW64_AMPOC   88.77%    passed     31.64%
 529  tr|A0A3Q1BHB7|A0A3Q1BHB7_AMPOC   87.41%    passed     83.70%
 530  tr|A0A3Q1D6D2|A0A3Q1D6D2_AMPOC   88.21%    passed     10.69%
 531  tr|A0A3Q1CHU5|A0A3Q1CHU5_AMPOC   89.56%    passed     44.30%
 532  tr|A0A3Q1BEW5|A0A3Q1BEW5_AMPOC   89.71%    passed      6.27%
 533  tr|A0A3Q1CJC8|A0A3Q1CJC8_AMPOC   89.28%    passed     37.81%
 534  tr|A0A3Q1GAF8|A0A3Q1GAF8_9TELE   89.97%    passed     22.89%
 535  tr|A0A3Q1FTZ1|A0A3Q1FTZ1_9TELE   88.33%    passed      8.05%
 536  tr|A0A3Q1FGU1|A0A3Q1FGU1_9TELE   88.69%    passed     30.27%
 537  tr|A0A3Q1G5X6|A0A3Q1G5X6_9TELE   87.98%    passed     85.22%
 538  tr|A0A3Q4H4W3|A0A3Q4H4W3_NEOBR   88.74%    passed     62.34%
 539  tr|A0A3Q4HM93|A0A3Q4HM93_NEOBR   89.28%    passed     13.13%
 540  tr|A0A3Q4HKJ4|A0A3Q4HKJ4_NEOBR   89.02%    passed     53.08%
 541  tr|A0A3Q4GCV0|A0A3Q4GCV0_NEOBR   89.12%    passed     23.99%
 542  tr|A0A3Q4M7X3|A0A3Q4M7X3_NEOBR   89.51%    passed     62.19%
 543  tr|A0A3Q3WJP4|A0A3Q3WJP4_MOLML   87.80%    passed     93.66%
 544  tr|A0A3Q3VQ44|A0A3Q3VQ44_MOLML   89.02%    failed      2.17%
 545  tr|A0A3Q4B571|A0A3Q4B571_MOLML   89.28%    failed      1.33%
 546  tr|A0A3Q3X982|A0A3Q3X982_MOLML   88.97%    passed     44.14%
 547  tr|A0A3Q3WUS0|A0A3Q3WUS0_MOLML   88.54%    passed     31.51%
 548  tr|A0A3Q3WZX1|A0A3Q3WZX1_MOLML   89.56%    passed     34.46%
 549  tr|A0A3Q3SCI7|A0A3Q3SCI7_9TELE   88.77%    passed     11.68%
 550  tr|A0A7N8WPB5|A0A7N8WPB5_9TELE   88.66%    passed      5.65%
 551  tr|A0A7N9B1Q8|A0A7N9B1Q8_9TELE   89.02%    failed      3.37%
 552  tr|A0A3Q3M4F9|A0A3Q3M4F9_9TELE   88.21%    passed     47.71%
 553  tr|A0A7N8WSH0|A0A7N8WSH0_9TELE   87.98%    passed     73.67%
 554  tr|A0A3Q3KMG6|A0A3Q3KMG6_9TELE   90.02%    passed     29.39%
 555  tr|A0A3Q3FL65|A0A3Q3FL65_9LABR   88.44%    passed     50.95%
 556  tr|A0A3Q3MLH7|A0A3Q3MLH7_9LABR   87.95%    passed     80.49%
 557  tr|A0A3Q3GPK3|A0A3Q3GPK3_9LABR   89.23%    failed      0.56%
 558  tr|A0A3Q3FTK2|A0A3Q3FTK2_9LABR   88.15%    failed      2.15%
 559  tr|A0A3Q3FV65|A0A3Q3FV65_9LABR   89.02%    passed     13.95%
 560  tr|A0A3Q3MUV9|A0A3Q3MUV9_9LABR   88.66%    passed     19.85%
 561  tr|A0A3Q3FQM8|A0A3Q3FQM8_9LABR   88.66%    passed     33.12%
 562  tr|A0A3Q3E970|A0A3Q3E970_9LABR   88.72%    passed     25.08%
 563  tr|A0A384BQ12|A0A384BQ12_URSMA   87.31%    passed     75.74%
 564  tr|A0A384BXB6|A0A384BXB6_URSMA   89.20%    passed     22.22%
 565  tr|A0A384BP42|A0A384BP42_URSMA   88.82%    failed      1.79%
 566  tr|A0A384DM64|A0A384DM64_URSMA   88.33%    passed     53.86%
 567  tr|A0A384BQZ3|A0A384BQZ3_URSMA   89.20%    failed      0.19%
 568  tr|A0A384B1Q4|A0A384B1Q4_BALAS   88.31%    passed     30.63%
 569  tr|A0A383ZJH5|A0A383ZJH5_BALAS   89.20%    failed      0.31%
 570  tr|A0A3Q3BCA7|A0A3Q3BCA7_KRYMA   88.64%    passed     41.10%
 571  tr|A0A3Q2ZYA5|A0A3Q2ZYA5_KRYMA   88.18%    passed     39.39%
 572  tr|A0A3Q3AAF4|A0A3Q3AAF4_KRYMA   88.69%    passed     44.20%
 573  tr|A0A3Q3EID6|A0A3Q3EID6_KRYMA   89.33%    passed     23.27%
 574  tr|A0A3Q3B3L4|A0A3Q3B3L4_KRYMA   88.18%    passed     11.89%
 575  tr|A0A3Q3B4S1|A0A3Q3B4S1_KRYMA   88.69%    passed     32.44%
 576  tr|A0A3Q2VEQ8|A0A3Q2VEQ8_HAPBU   87.95%    passed     68.61%
 577  tr|A0A3Q2X6M8|A0A3Q2X6M8_HAPBU   88.64%    passed     48.29%
 578  tr|A0A3Q2VT66|A0A3Q2VT66_HAPBU   88.72%    passed     13.91%
 579  tr|A0A3Q2VFQ1|A0A3Q2VFQ1_HAPBU   89.81%    passed     54.38%
 580  tr|A0A3Q3BP34|A0A3Q3BP34_HAPBU   88.03%    passed     24.31%
 581  tr|A0A3Q2VDE4|A0A3Q2VDE4_HAPBU   88.49%    passed     75.43%
 582  tr|A0A3Q2V7H5|A0A3Q2V7H5_HAPBU   88.61%    passed     69.02%
 583  tr|A0A3Q2C7B4|A0A3Q2C7B4_CYPVA   89.18%    passed     61.74%
 584  tr|A0A3Q2CBC9|A0A3Q2CBC9_CYPVA   90.07%    passed     17.57%
 585  tr|A0A3Q2DLE6|A0A3Q2DLE6_CYPVA   87.54%    passed     79.73%
 586  tr|A0A3Q2C6C0|A0A3Q2C6C0_CYPVA   88.51%    passed     52.28%
 587  tr|A0A3Q1HCS7|A0A3Q1HCS7_ANATE   88.56%    passed     38.26%
 588  tr|A0A7N6A043|A0A7N6A043_ANATE   88.69%    passed     25.21%
 589  tr|A0A3Q1IG77|A0A3Q1IG77_ANATE   89.56%    passed     37.34%
 590  tr|A0A3Q1HDM0|A0A3Q1HDM0_ANATE   89.20%    passed     16.86%
 591  tr|A0A7N6AM81|A0A7N6AM81_ANATE   88.13%    passed     41.43%
 592  tr|A0A3Q1HQM4|A0A3Q1HQM4_ANATE   88.61%    passed     14.77%
 593  tr|A0A3P8TZH2|A0A3P8TZH2_AMPPE   89.43%    passed     41.59%
 594  tr|A0A3P8UF94|A0A3P8UF94_AMPPE   88.00%    passed     14.71%
 595  tr|A0A3P8TVW5|A0A3P8TVW5_AMPPE   89.00%    passed     74.26%
 596  tr|A0A3P8UCX5|A0A3P8UCX5_AMPPE   89.97%    passed     12.94%
 597  tr|A0A3P8TUQ3|A0A3P8TUQ3_AMPPE   88.13%    passed     20.93%
 598  tr|A0A3P8VKC7|A0A3P8VKC7_CYNSE   90.25%    failed      4.62%
 599  tr|A0A3P8WL51|A0A3P8WL51_CYNSE   88.69%    passed     22.75%
 600  tr|A0A3P8VKA5|A0A3P8VKA5_CYNSE   88.33%    passed     29.14%
 601  tr|A0A3P8UT76|A0A3P8UT76_CYNSE   88.51%    passed     32.63%
 602  tr|A0A3P8UNI7|A0A3P8UNI7_CYNSE   87.90%    passed     33.81%
 603  tr|A0A3P8W1R3|A0A3P8W1R3_CYNSE   88.72%    passed     93.79%
 604  tr|A0A3P8UAH6|A0A3P8UAH6_CYNSE   89.38%    passed      7.57%
 605  tr|A0A3P8ZFX3|A0A3P8ZFX3_ESOLU   87.90%    passed     50.46%
 606  tr|A0A6Q2XW29|A0A6Q2XW29_ESOLU   89.15%    passed     19.46%
 607  tr|A0A3P8YIQ0|A0A3P8YIQ0_ESOLU   87.57%    passed     35.96%
 608  tr|A0A6Q2YHW3|A0A6Q2YHW3_ESOLU   87.26%    passed     11.74%
 609  tr|A0A3P9CLB5|A0A3P9CLB5_9CICH   89.43%    passed     81.21%
 610  tr|A0A3P9CW20|A0A3P9CW20_9CICH   88.72%    passed     14.72%
 611  tr|A0A3P9CM39|A0A3P9CM39_9CICH   88.03%    passed     24.31%
 612  tr|A0A3P9C186|A0A3P9C186_9CICH   87.72%    passed     29.99%
 613  tr|A0A3P9BIY5|A0A3P9BIY5_9CICH   90.32%    passed     50.85%
 614  tr|A0A3P9DBR6|A0A3P9DBR6_9CICH   88.84%    passed     86.43%
 615  tr|A0A340Y3W3|A0A340Y3W3_LIPVE   88.46%    failed      0.08%
 616  tr|A0A340WFD9|A0A340WFD9_LIPVE   88.33%    passed     34.73%
 617  tr|A0A340XXL8|A0A340XXL8_LIPVE   88.69%    failed      0.78%
 618  tr|A0A340Y101|A0A340Y101_LIPVE   87.34%    passed     63.79%
 619  tr|A0A340YHX2|A0A340YHX2_LIPVE   90.40%    passed     16.33%
 620  tr|A0A3M0KZM4|A0A3M0KZM4_HIRRU   89.35%    passed     39.56%
 621  tr|A0A3M0J2I6|A0A3M0J2I6_HIRRU   89.02%    passed     19.33%
 622  tr|A0A3M0JUG8|A0A3M0JUG8_HIRRU   86.55%    failed      0.05%
 623  tr|A0A3L8SNG1|A0A3L8SNG1_CHLGU   88.59%    passed     80.98%
 624  tr|A0A3L8SYW9|A0A3L8SYW9_CHLGU   89.56%    passed      7.64%
 625  tr|A0A3N0ZAN4|A0A3N0ZAN4_ANAGA   89.12%    passed     14.02%
 626  tr|A0A437CH79|A0A437CH79_ORYJA   86.39%    passed     74.12%
 627  tr|A0A437DFV3|A0A437DFV3_ORYJA   88.23%    passed     24.12%
 628  tr|A0A437C8M0|A0A437C8M0_ORYJA   88.69%    passed     13.38%
 629  tr|A0A437CH68|A0A437CH68_ORYJA   88.87%    passed     60.80%
 630  tr|A0A3S2PI75|A0A3S2PI75_ORYJA   88.66%    passed     35.15%
 631  tr|A0A3Q7V1E0|A0A3Q7V1E0_VULVU   88.66%    failed      2.56%
 632  tr|A0A3Q7V5K6|A0A3Q7V5K6_VULVU   89.20%    failed      0.35%
 633  tr|A0A3Q7S483|A0A3Q7S483_VULVU   88.72%    passed      8.30%
 634  tr|A0A3Q7V5K1|A0A3Q7V5K1_VULVU   87.29%    passed     80.35%
 635  tr|A0A3Q7T7Z2|A0A3Q7T7Z2_VULVU   89.35%    passed     55.02%
 636  tr|A0A3Q7MU50|A0A3Q7MU50_CALUR   88.95%    passed      8.14%
 637  tr|A0A3Q7N4L3|A0A3Q7N4L3_CALUR   88.72%    failed      1.55%
 638  tr|A0A3Q7RFT8|A0A3Q7RFT8_CALUR   88.28%    passed     53.02%
 639  tr|A0A3Q7QLG6|A0A3Q7QLG6_CALUR   87.31%    passed     86.52%
 640  tr|A0A3Q7PGA7|A0A3Q7PGA7_CALUR   89.20%    failed      0.23%
 641  tr|A0A3Q7WHS0|A0A3Q7WHS0_URSAR   87.31%    passed     75.74%
 642  tr|A0A3Q7XHR7|A0A3Q7XHR7_URSAR   88.49%    failed      0.19%
 643  tr|A0A3Q7WS71|A0A3Q7WS71_URSAR   89.20%    failed      0.22%
 644  tr|A0A3Q7UUI8|A0A3Q7UUI8_URSAR   88.72%    passed     11.64%
 645  tr|A0A3Q7WDZ4|A0A3Q7WDZ4_URSAR   88.44%    passed     64.88%
 646  tr|A0A401SU79|A0A401SU79_CHIPU   88.59%    passed     37.95%
 647  tr|A0A401NKQ9|A0A401NKQ9_SCYTO   88.89%    passed     26.06%
 648  tr|A0A401Q2Q1|A0A401Q2Q1_SCYTO   89.71%    passed     49.53%
 649  tr|A0A402F168|A0A402F168_9SAUR   88.59%    passed     90.40%
 650  tr|A0A402F110|A0A402F110_9SAUR   87.90%    passed     74.15%
 651  tr|A0A402FAH7|A0A402FAH7_9SAUR   89.25%    failed      1.76%
 652  tr|A0A402F111|A0A402F111_9SAUR   88.95%    passed     94.35%
 653  tr|A0A402F6W4|A0A402F6W4_9SAUR   87.44%    passed     41.43%
 654  tr|A0A498MWY4|A0A498MWY4_LABRO   88.97%    passed     63.51%
 655  tr|A0A452EXC5|A0A452EXC5_CAPHI   87.29%    failed      0.00%
 656  tr|A0A452FS30|A0A452FS30_CAPHI   88.79%    passed      6.13%
 657  tr|A0A452G0E4|A0A452G0E4_CAPHI   88.72%    failed      0.31%
 658  tr|A0A452FIH0|A0A452FIH0_CAPHI   88.31%    passed      7.63%
 659  tr|A0A452IRD1|A0A452IRD1_9SAUR   87.21%    passed     61.40%
 660  tr|A0A452GTM1|A0A452GTM1_9SAUR   88.64%    passed     63.97%
 661  tr|A0A452IWE4|A0A452IWE4_9SAUR   89.43%    failed      0.81%
 662  tr|A0A452GFB2|A0A452GFB2_9SAUR   94.26%    passed      9.44%
 663  tr|A0A452QZT7|A0A452QZT7_URSAM   89.23%    failed      0.36%
 664  tr|A0A452QNJ9|A0A452QNJ9_URSAM   88.49%    failed      0.31%
 665  tr|A0A484CQM3|A0A484CQM3_PERFV   88.00%    passed     85.34%
 666  tr|A0A484D138|A0A484D138_PERFV   88.15%    passed      7.84%
 667  tr|A0A484D143|A0A484D143_PERFV   88.49%    passed     69.69%
 668  tr|R0JRA8|R0JRA8_ANAPL           90.83%    passed     70.00%
 669  tr|R0LJJ8|R0LJJ8_ANAPL           89.99%    passed     81.77%
 670  tr|R0JN62|R0JN62_ANAPL           89.94%    passed     43.12%
 671  tr|R0LAV0|R0LAV0_ANAPL           88.10%    passed     47.69%
 672  tr|R0KZ55|R0KZ55_ANAPL           89.89%    passed     36.20%
 673  tr|A0A4D9E7C0|A0A4D9E7C0_9SAUR   89.38%    passed     41.56%
 674  tr|A0A4D9E9G0|A0A4D9E9G0_9SAUR   87.92%    passed     47.07%
 675  tr|A0A4D9ED11|A0A4D9ED11_9SAUR   90.04%    passed     14.87%
 676  tr|A0A4D9EAL7|A0A4D9EAL7_9SAUR   88.10%    passed     39.17%
 677  tr|A0A4D9EQ57|A0A4D9EQ57_9SAUR   88.79%    failed      2.58%
 678  tr|A0A4D9ECR9|A0A4D9ECR9_9SAUR   88.15%    passed     38.53%
 679  tr|A0A4D9DTN2|A0A4D9DTN2_9SAUR   89.18%    passed     55.95%
 680  tr|A0A4U5UJH8|A0A4U5UJH8_COLLU   86.88%    passed     26.15%
 681  tr|A0A4U5UJG6|A0A4U5UJG6_COLLU   88.21%    passed     54.43%
 682  tr|A0A4U5UWL9|A0A4U5UWL9_COLLU   89.20%    passed     45.04%
 683  tr|A0A4V6AQA5|A0A4V6AQA5_COLLU   88.64%    passed     57.00%
 684  tr|A0A5N4DZW6|A0A5N4DZW6_CAMDR   90.63%    failed      0.11%
 685  tr|A0A5N4E5P8|A0A5N4E5P8_CAMDR   89.56%    failed      1.92%
 686  tr|A0A4U1FRK4|A0A4U1FRK4_MONMO   86.80%    failed      0.00%
 687  tr|A0A4U1EHR8|A0A4U1EHR8_MONMO   88.28%    passed     43.46%
 688  tr|A0A4Z2HF54|A0A4Z2HF54_9TELE   89.63%    passed     47.51%
 689  tr|A0A4W6BSE0|A0A4W6BSE0_LATCA   85.96%    passed     89.76%
 690  tr|A0A4W6DCC3|A0A4W6DCC3_LATCA   88.69%    passed      9.58%
 691  tr|A0A4W6F689|A0A4W6F689_LATCA   87.18%    passed     38.27%
 692  tr|A0A4W6BT62|A0A4W6BT62_LATCA   85.88%    failed      0.69%
 693  tr|A0A4W6F7U4|A0A4W6F7U4_LATCA   88.13%    passed     17.44%
 694  tr|A0A4W6DHX6|A0A4W6DHX6_LATCA   89.41%    passed     25.81%
 695  tr|A0A4W6CJY6|A0A4W6CJY6_LATCA   89.35%    passed     11.91%
 696  tr|A0A4W2BQ19|A0A4W2BQ19_BOBOX   88.31%    passed     14.76%
 697  tr|A0A4W2E970|A0A4W2E970_BOBOX   86.55%    failed      0.01%
 698  tr|A0A4W2FPX7|A0A4W2FPX7_BOBOX   88.92%    failed      2.32%
 699  tr|A0A4W5K508|A0A4W5K508_9TELE   88.69%    failed      0.25%
 700  tr|A0A4W5RAE0|A0A4W5RAE0_9TELE   89.00%    passed     44.68%
 701  tr|A0A4W5QD32|A0A4W5QD32_9TELE   88.51%    passed     18.34%
 702  tr|A0A4W5Q3Y5|A0A4W5Q3Y5_9TELE   86.29%    failed      0.00%
 703  tr|A0A4W5PPZ8|A0A4W5PPZ8_9TELE   88.92%    passed     55.31%
 704  tr|A0A4W4DSB3|A0A4W4DSB3_ELEEL   89.71%    passed     48.84%
 705  tr|A0A4W4FFS3|A0A4W4FFS3_ELEEL   88.84%    passed     83.66%
 706  tr|A0A4W4H001|A0A4W4H001_ELEEL   89.15%    passed     10.15%
 707  tr|A0A4W4DX85|A0A4W4DX85_ELEEL   88.82%    passed     43.21%
 708  tr|A0A4W4FGJ0|A0A4W4FGJ0_ELEEL   89.05%    passed     20.95%
 709  tr|A0A4W4DVX3|A0A4W4DVX3_ELEEL   87.34%    passed     53.34%
 710  tr|A0A4W3HJ89|A0A4W3HJ89_CALMI   88.08%    passed     25.48%
 711  tr|V9KG85|V9KG85_CALMI           89.02%    failed      2.46%
 712  tr|A0A4X2KRN0|A0A4X2KRN0_VOMUR   88.66%    passed     31.70%
 713  tr|A0A4X2JVF4|A0A4X2JVF4_VOMUR   87.49%    passed     43.38%
 714  tr|A0A4X2LKC4|A0A4X2LKC4_VOMUR   88.56%    failed      0.04%
 715  tr|A0A553NRB1|A0A553NRB1_9TELE   89.12%    failed      0.72%
 716  tr|A0A553QPP5|A0A553QPP5_9TELE   88.36%    passed     53.68%
 717  tr|A0A556TWG4|A0A556TWG4_BAGYA   88.49%    failed      0.21%
 718  tr|A0A5C6P3I6|A0A5C6P3I6_9TELE   88.79%    passed     10.96%
 719  tr|A0A5C6MWD4|A0A5C6MWD4_9TELE   89.23%    passed     25.53%
 720  tr|A0A5C6NTW7|A0A5C6NTW7_9TELE   85.37%    passed      5.78%
 721  tr|A0A5A9N4X6|A0A5A9N4X6_9TELE   86.85%    passed     13.16%
 722  tr|A0A5A9PA98|A0A5A9PA98_9TELE   87.11%    passed     36.99%
 723  tr|A0A5N3XQ82|A0A5N3XQ82_MUNRE   88.79%    failed      0.04%
 724  tr|A0A5N3Y1Z4|A0A5N3Y1Z4_MUNRE   83.18%    failed      0.00%
 725  tr|A0A5J5MLH0|A0A5J5MLH0_MUNRE   89.79%    failed      4.09%
 726  tr|A0A5N5KZG9|A0A5N5KZG9_PANHP   87.80%    passed     47.35%
 727  tr|A0A5N5PXB8|A0A5N5PXB8_PANHP   88.44%    passed     13.50%
 728  tr|A0A5N5PZ45|A0A5N5PZ45_PANHP   88.61%    passed     60.81%
 729  tr|A0A5N5KSE5|A0A5N5KSE5_PANHP   88.49%    passed      6.92%
 730  tr|A0A5E4AT72|A0A5E4AT72_MARMO   88.54%    failed      2.70%
 731  tr|A0A5E4AHP8|A0A5E4AHP8_MARMO   88.59%    passed     71.75%
 732  tr|A0A5E4AFB7|A0A5E4AFB7_MARMO   87.69%    failed      0.00%
 733  tr|A0A485MPM6|A0A485MPM6_LYNPA   88.82%    passed     11.89%
 734  tr|A0A485MKM9|A0A485MKM9_LYNPA   88.61%    failed      1.10%
 735  tr|A0A485NRT1|A0A485NRT1_LYNPA   88.28%    passed     30.00%
 736  tr|A0A485NA59|A0A485NA59_LYNPA   88.05%    passed     47.86%
 737  tr|A0A485NAQ6|A0A485NAQ6_LYNPA   89.20%    failed      0.16%
 738  tr|A0A6G0ISN0|A0A6G0ISN0_LARCR   90.68%    passed     30.24%
 739  tr|A0A6G0IHP1|A0A6G0IHP1_LARCR   87.92%    passed     58.78%
 740  tr|A0A643CB92|A0A643CB92_BALPH   91.47%    failed      4.99%
 741  tr|A0A643BZ78|A0A643BZ78_BALPH   89.89%    passed     88.10%
 742  tr|A0A6A5EAD3|A0A6A5EAD3_PERFL   90.02%    failed      2.54%
 743  tr|A0A6A5E4Y5|A0A6A5E4Y5_PERFL   87.95%    passed     79.07%
 744  tr|A0A6A5F1N2|A0A6A5F1N2_PERFL   88.15%    passed     10.75%
 745  tr|A0A6A5F358|A0A6A5F358_PERFL   86.95%    passed      8.99%
 746  tr|A0A6A5E9I6|A0A6A5E9I6_PERFL   89.46%    passed     43.41%
 747  tr|A0A671EA41|A0A671EA41_RHIFE   88.64%    failed      2.25%
 748  tr|A0A671G199|A0A671G199_RHIFE   89.23%    failed      0.03%
 749  tr|A0A671FAN0|A0A671FAN0_RHIFE   88.36%    passed     36.64%
 750  tr|A0A671F9N5|A0A671F9N5_RHIFE   88.84%    passed      6.32%
 751  tr|A0A671MFN7|A0A671MFN7_9TELE   89.46%    passed     41.45%
 752  tr|A0A671KEP0|A0A671KEP0_9TELE   87.85%    passed     93.48%
 753  tr|A0A671QXX7|A0A671QXX7_9TELE   89.43%    passed     26.99%
 754  tr|A0A671NHE0|A0A671NHE0_9TELE   89.00%    passed      7.95%
 755  tr|A0A671RIW3|A0A671RIW3_9TELE   88.69%    passed     23.33%
 756  tr|A0A671TFF9|A0A671TFF9_9TELE   89.46%    failed      2.60%
 757  tr|A0A671SXV8|A0A671SXV8_9TELE   90.02%    passed     19.18%
 758  tr|A0A671SZ85|A0A671SZ85_9TELE   88.79%    passed     90.06%
 759  tr|A0A669QKT9|A0A669QKT9_PHACC   90.22%    failed      4.90%
 760  tr|A0A669QNU2|A0A669QNU2_PHACC   88.59%    passed     49.69%
 761  tr|A0A669PH32|A0A669PH32_PHACC   89.05%    passed     67.45%
 762  tr|A0A669QKW0|A0A669QKW0_PHACC   88.97%    passed     14.99%
 763  tr|A0A669QG86|A0A669QG86_PHACC   88.26%    passed     39.16%
 764  tr|A0A669P1C9|A0A669P1C9_PHACC   88.79%    failed      0.37%
 765  tr|A0A672SLB6|A0A672SLB6_SINGR   87.85%    passed     92.25%
 766  tr|A0A672T2H4|A0A672T2H4_SINGR   88.92%    passed     15.37%
 767  tr|A0A672T675|A0A672T675_SINGR   90.61%    passed     12.37%
 768  tr|A0A672SLS0|A0A672SLS0_SINGR   89.38%    passed     51.25%
 769  tr|A0A672SKT7|A0A672SKT7_SINGR   88.56%    failed      1.07%
 770  tr|A0A672RNU2|A0A672RNU2_SINGR   89.38%    failed      0.91%
 771  tr|A0A672JW19|A0A672JW19_SINGR   87.85%    passed     23.19%
 772  tr|A0A672T190|A0A672T190_SINGR   89.35%    passed     10.85%
 773  tr|A0A667YQ67|A0A667YQ67_9TELE   89.02%    passed     14.15%
 774  tr|A0A667YW02|A0A667YW02_9TELE   88.46%    passed      6.77%
 775  tr|A0A667XZK5|A0A667XZK5_9TELE   89.84%    passed     27.56%
 776  tr|A0A668ACB5|A0A668ACB5_9TELE   89.00%    passed     19.99%
 777  tr|A0A667YG44|A0A667YG44_9TELE   88.46%    passed     42.12%
 778  tr|A0A665VI47|A0A665VI47_ECHNA   89.28%    failed      3.92%
 779  tr|A0A665WGN8|A0A665WGN8_ECHNA   87.69%    passed     32.79%
 780  tr|A0A665WDT2|A0A665WDT2_ECHNA   88.59%    passed     18.66%
 781  tr|A0A665SX92|A0A665SX92_ECHNA   89.66%    passed     17.59%
 782  tr|A0A665WDK0|A0A665WDK0_ECHNA   89.76%    passed     27.55%
 783  tr|A0A665WC46|A0A665WC46_ECHNA   88.59%    passed     65.57%
 784  tr|A0A671V7S3|A0A671V7S3_SPAAU   88.82%    passed      9.06%
 785  tr|A0A671Y1L5|A0A671Y1L5_SPAAU   88.18%    passed      8.87%
 786  tr|A0A671XCE7|A0A671XCE7_SPAAU   88.18%    passed     38.09%
 787  tr|A0A671WAG5|A0A671WAG5_SPAAU   88.69%    passed     20.09%
 788  tr|A0A671VM66|A0A671VM66_SPAAU   87.95%    passed     73.70%
 789  tr|A0A671VJY6|A0A671VJY6_SPAAU   88.54%    passed     42.35%
 790  tr|A0A671XBC5|A0A671XBC5_SPAAU   88.54%    passed     50.95%
 791  tr|A0A672TJC8|A0A672TJC8_STRHB   88.66%    passed     17.10%
 792  tr|A0A672TSA3|A0A672TSA3_STRHB   87.98%    passed     66.57%
 793  tr|A0A672TTY9|A0A672TTY9_STRHB   89.43%    passed     41.89%
 794  tr|A0A672TPR7|A0A672TPR7_STRHB   88.61%    passed     49.81%
 795  tr|A0A672TTK3|A0A672TTK3_STRHB   88.69%    passed     11.46%
 796  tr|A0A672UNG9|A0A672UNG9_STRHB   88.89%    passed     69.44%
 797  tr|A0A672G6T0|A0A672G6T0_SALFA   87.52%    passed     47.26%
 798  tr|A0A672I4B4|A0A672I4B4_SALFA   89.63%    passed     68.01%
 799  tr|A0A672GP58|A0A672GP58_SALFA   88.74%    passed     50.21%
 800  tr|A0A672HN44|A0A672HN44_SALFA   88.49%    passed     14.53%
 801  tr|A0A672HZQ7|A0A672HZQ7_SALFA   88.18%    passed     41.94%
 802  tr|A0A672HPD7|A0A672HPD7_SALFA   88.51%    passed     12.39%
 803  tr|A0A673SSZ7|A0A673SSZ7_SURSU   88.61%    failed      0.40%
 804  tr|A0A673UV80|A0A673UV80_SURSU   89.20%    failed      0.10%
 805  tr|A0A673SZG1|A0A673SZG1_SURSU   88.28%    passed     49.01%
 806  tr|A0A663M953|A0A663M953_ATHCN   87.29%    passed     52.33%
 807  tr|A0A663M827|A0A663M827_ATHCN   89.43%    passed     16.26%
 808  tr|A0A663MTK2|A0A663MTK2_ATHCN   89.10%    passed     61.49%
 809  tr|A0A663M736|A0A663M736_ATHCN   88.72%    passed     15.93%
 810  tr|A0A663M4U4|A0A663M4U4_ATHCN   88.66%    passed     44.29%
 811  tr|A0A663N758|A0A663N758_ATHCN   88.61%    passed     43.85%
 812  tr|A0A673ISF0|A0A673ISF0_9TELE   89.30%    passed     12.62%
 813  tr|A0A673IDK7|A0A673IDK7_9TELE   88.72%    failed      1.78%
 814  tr|A0A673JBM4|A0A673JBM4_9TELE   89.66%    passed     20.85%
 815  tr|A0A673II01|A0A673II01_9TELE   87.92%    passed     86.46%
 816  tr|A0A673IU98|A0A673IU98_9TELE   90.25%    passed     16.10%
 817  tr|A0A673L355|A0A673L355_9TELE   88.69%    passed     26.41%
 818  tr|A0A673IVH8|A0A673IVH8_9TELE   88.59%    passed     81.79%
 819  tr|A0A673IKG1|A0A673IKG1_9TELE   89.23%    failed      2.23%
 820  tr|A0A672YMD9|A0A672YMD9_9TELE   88.18%    passed     62.75%
 821  tr|A0A673CAY1|A0A673CAY1_9TELE   89.28%    passed     11.80%
 822  tr|A0A672Y741|A0A672Y741_9TELE   90.55%    passed     25.28%
 823  tr|A0A673A8B9|A0A673A8B9_9TELE   90.32%    passed     33.20%
 824  tr|A0A670ISS8|A0A670ISS8_PODMU   88.79%    passed     19.27%
 825  tr|A0A670J7V1|A0A670J7V1_PODMU   89.38%    failed      1.13%
 826  tr|A0A670ITC3|A0A670ITC3_PODMU   89.25%    passed     49.94%
 827  tr|A0A670IUN2|A0A670IUN2_PODMU   87.57%    passed     50.90%
 828  tr|A0A670JRS4|A0A670JRS4_PODMU   88.56%    passed     61.85%
 829  tr|A0A670YSZ5|A0A670YSZ5_PSETE   87.69%    passed     48.02%
 830  tr|A0A670YQV7|A0A670YQV7_PSETE   90.35%    passed     59.15%
 831  tr|A0A674I8G8|A0A674I8G8_TERCA   88.72%    passed     60.62%
 832  tr|A0A674IQM7|A0A674IQM7_TERCA   89.20%    passed     43.55%
 833  tr|A0A674IRT4|A0A674IRT4_TERCA   89.38%    passed     63.89%
 834  tr|A0A674HWC9|A0A674HWC9_TERCA   88.82%    failed      1.69%
 835  tr|A0A674IUY8|A0A674IUY8_TERCA   90.22%    passed     59.61%
 836  tr|A0A663F1L9|A0A663F1L9_AQUCH   89.38%    passed     57.12%
 837  tr|A0A663F2L4|A0A663F2L4_AQUCH   89.38%    passed     26.94%
 838  tr|A0A663F471|A0A663F471_AQUCH   88.84%    passed     10.66%
 839  tr|A0A663DM13|A0A663DM13_AQUCH   89.23%    passed     32.69%
 840  tr|A0A663FF91|A0A663FF91_AQUCH   88.36%    passed     62.77%
 841  tr|A0A668U4W7|A0A668U4W7_OREAU   88.13%    passed      7.00%
 842  tr|A0A668SDC1|A0A668SDC1_OREAU   89.23%    passed     13.02%
 843  tr|A0A668U3R3|A0A668U3R3_OREAU   88.36%    passed     47.25%
 844  tr|A0A668RLU1|A0A668RLU1_OREAU   88.74%    passed     40.02%
 845  tr|A0A668SHC1|A0A668SHC1_OREAU   88.79%    passed     38.97%
 846  tr|A0A674BQW0|A0A674BQW0_SALTR   87.16%    failed      0.07%
 847  tr|A0A674D5V9|A0A674D5V9_SALTR   89.41%    passed     36.96%
 848  tr|A0A674AU26|A0A674AU26_SALTR   89.28%    failed      1.95%
 849  tr|A0A673Z0N2|A0A673Z0N2_SALTR   89.12%    passed      7.43%
 850  tr|A0A674BTP7|A0A674BTP7_SALTR   88.49%    passed     49.83%
 851  tr|A0A674BKK0|A0A674BKK0_SALTR   87.75%    passed     36.74%
 852  tr|A0A674AQ79|A0A674AQ79_SALTR   88.77%    passed     15.59%
 853  tr|A0A673X6A9|A0A673X6A9_SALTR   90.07%    passed     63.35%
 854  tr|A0A6G1BGK2|A0A6G1BGK2_CROCR   89.18%    failed      4.31%
 855  tr|A0A6G1AFL2|A0A6G1AFL2_CROCR   89.12%    passed      5.66%
 856  tr|A0A6G1AJK8|A0A6G1AJK8_CROCR   89.66%    failed      0.29%
 857  tr|A0A6G1BAD1|A0A6G1BAD1_CROCR   88.66%    passed     37.68%
 858  tr|A0A6F8ZS99|A0A6F8ZS99_9TELE   91.37%    passed     28.59%
 859  tr|A0A6G1Q8T3|A0A6G1Q8T3_9TELE   89.07%    passed     76.48%
 860  tr|A0A6G1QLN1|A0A6G1QLN1_9TELE   88.69%    passed      6.65%
 861  tr|A0A6G1PKC6|A0A6G1PKC6_9TELE   88.36%    passed     27.89%
 862  tr|A0A6I9M2R6|A0A6I9M2R6_PERMB   88.84%    failed      3.20%
 863  tr|A0A6J0DZW2|A0A6J0DZW2_PERMB   87.18%    passed     65.45%
 864  tr|A0A6J0DY62|A0A6J0DY62_PERMB   89.18%    failed      0.00%
 865  tr|A0A6I9LDP5|A0A6I9LDP5_PERMB   88.31%    failed      0.19%
 866  tr|A0A6I9LFS0|A0A6I9LFS0_PERMB   88.31%    passed     32.17%
 867  tr|A0A6I9HU13|A0A6I9HU13_GEOFO   89.79%    passed     57.56%
 868  tr|A0A6I9HST9|A0A6I9HST9_GEOFO   88.69%    passed     15.06%
 869  tr|A0A6I9HBW2|A0A6I9HBW2_GEOFO   88.54%    passed     51.15%
 870  tr|A0A6I9HLH1|A0A6I9HLH1_GEOFO   89.18%    passed     50.59%
 871  tr|A0A6I9I410|A0A6I9I410_VICPA   87.34%    passed     91.11%
 872  tr|A0A6I9I2L0|A0A6I9I2L0_VICPA   89.20%    failed      0.00%
 873  tr|A0A6J3BBJ0|A0A6J3BBJ0_VICPA   88.28%    passed     43.03%
 874  tr|A0A6J3ALR9|A0A6J3ALR9_VICPA   90.17%    passed     17.47%
 875  tr|A0A6I9MWD4|A0A6I9MWD4_9TELE   87.77%    passed      5.61%
 876  tr|A0A6I9PGT5|A0A6I9PGT5_9TELE   88.59%    passed      8.72%
 877  tr|A0A6I9P7T7|A0A6I9P7T7_9TELE   88.33%    passed     67.87%
 878  tr|A0A6I9N2B2|A0A6I9N2B2_9TELE   91.45%    passed     45.00%
 879  tr|A0A6I9MMS3|A0A6I9MMS3_9TELE   89.81%    passed     25.91%
 880  tr|A0A6J1V606|A0A6J1V606_9SAUR   88.49%    passed     52.34%
 881  tr|A0A6J1V618|A0A6J1V618_9SAUR   87.08%    passed     77.87%
 882  tr|A0A6J0Y7W2|A0A6J0Y7W2_ODOVR   88.74%    failed      0.03%
 883  tr|A0A6J0Z7R0|A0A6J0Z7R0_ODOVR   89.33%    passed      6.67%
 884  tr|A0A6I9XN40|A0A6I9XN40_9SAUR   88.89%    passed      6.92%
 885  tr|A0A6J0V912|A0A6J0V912_9SAUR   88.79%    passed     68.48%
 886  tr|A0A6J0V2E2|A0A6J0V2E2_9SAUR   87.92%    passed     69.62%
 887  tr|A0A6J0SFZ7|A0A6J0SFZ7_9SAUR   88.31%    passed     48.48%
 888  tr|A0A6J0VI56|A0A6J0VI56_9SAUR   88.56%    passed     52.39%
 889  tr|A0A6J0V2I5|A0A6J0V2I5_9SAUR   89.12%    passed      7.08%
 890  tr|A0A6J0SKJ3|A0A6J0SKJ3_9SAUR   88.79%    passed      6.14%
 891  tr|A0A6I9IYA5|A0A6I9IYA5_CHRAS   87.31%    passed     86.50%
 892  tr|A0A6I9IZS5|A0A6I9IZS5_CHRAS   89.20%    failed      0.48%
 893  tr|A0A6I9K3F7|A0A6I9K3F7_CHRAS   88.66%    passed     40.21%
 894  tr|A0A6J2AM10|A0A6J2AM10_ACIJB   89.20%    failed      0.16%
 895  tr|A0A6J1XW05|A0A6J1XW05_ACIJB   88.28%    passed     44.80%
 896  tr|A0A6J1YP75|A0A6J1YP75_ACIJB   88.72%    passed      8.74%
 897  tr|A0A6J1Z4S7|A0A6J1Z4S7_ACIJB   88.64%    failed      1.24%
 898  tr|A0A6J2HYR4|A0A6J2HYR4_9PASS   88.28%    passed     40.50%
 899  tr|A0A6J2HXU6|A0A6J2HXU6_9PASS   88.77%    passed     11.63%
 900  tr|A0A7R5KSI1|A0A7R5KSI1_9PASS   89.23%    passed     38.32%
 901  tr|A0A6J2GVU0|A0A6J2GVU0_9PASS   88.51%    passed     49.17%
 902  tr|A0A6J2MQX4|A0A6J2MQX4_9CHIR   89.23%    failed      0.00%
 903  tr|A0A7E6DKK9|A0A7E6DKK9_9CHIR   88.51%    passed     15.73%
 904  tr|A0A6J2MPI1|A0A6J2MPI1_9CHIR   87.44%    passed     90.11%
 905  tr|A0A6J2M4U7|A0A6J2M4U7_9CHIR   88.36%    passed      6.52%
 906  tr|A0A6J2MQE6|A0A6J2MQE6_9CHIR   88.72%    failed      0.00%
 907  tr|A0A6J2PK60|A0A6J2PK60_COTGO   89.41%    passed     25.46%
 908  tr|A0A6J2PGC4|A0A6J2PGC4_COTGO   88.54%    passed     47.78%
 909  tr|A0A6J2RWN3|A0A6J2RWN3_COTGO   88.69%    passed     16.66%
 910  tr|A0A6J2PKU3|A0A6J2PKU3_COTGO   88.15%    passed     34.71%
 911  tr|A0A6J2RJB2|A0A6J2RJB2_COTGO   88.59%    passed     10.83%
 912  tr|A0A6J2RH86|A0A6J2RH86_COTGO   88.44%    passed     67.83%
 913  tr|A0A6J2WSA6|A0A6J2WSA6_CHACN   88.46%    passed     48.85%
 914  tr|A0A6J2WR48|A0A6J2WR48_CHACN   89.00%    passed     51.27%
 915  tr|A0A6J2UZP8|A0A6J2UZP8_CHACN   89.23%    passed     22.51%
 916  tr|A0A6J2VBG3|A0A6J2VBG3_CHACN   87.59%    passed     39.39%
 917  tr|A0A6J2VI03|A0A6J2VI03_CHACN   89.25%    failed      4.99%
 918  tr|A0A6J2VAG9|A0A6J2VAG9_CHACN   88.69%    passed     50.84%
 919  tr|A0A6J2WG37|A0A6J2WG37_CHACN   88.18%    passed     59.11%
 920  tr|A0A6J3CLN3|A0A6J3CLN3_AYTFU   88.69%    passed     48.85%
 921  tr|A0A6J3D4C6|A0A6J3D4C6_AYTFU   88.51%    passed     60.82%
 922  tr|A0A6J3CQM4|A0A6J3CQM4_AYTFU   88.89%    passed     41.94%
 923  tr|A0A6J3CHJ8|A0A6J3CHJ8_AYTFU   89.02%    passed      7.69%
 924  tr|A0A6J3E9J4|A0A6J3E9J4_AYTFU   89.10%    passed     54.71%
 925  tr|A0A6J3F597|A0A6J3F597_SAPAP   88.72%    passed      5.66%
 926  tr|A0A6J3FM84|A0A6J3FM84_SAPAP   88.69%    failed      1.73%
 927  tr|A0A6J3IJZ8|A0A6J3IJZ8_SAPAP   89.18%    failed      0.83%
 928  tr|A0A6J3GRS7|A0A6J3GRS7_SAPAP   85.63%    failed      0.01%
 929  sp|Q90308|VIPR_CARAU             88.59%    passed     41.77%
 930  tr|A0A6P6R7J0|A0A6P6R7J0_CARAU   88.79%    passed     50.47%
 931  tr|A0A6P6NBD8|A0A6P6NBD8_CARAU   89.43%    passed     13.37%
 932  tr|A0A6P6JRM2|A0A6P6JRM2_CARAU   88.77%    passed     43.68%
 933  tr|A0A6P6J3X2|A0A6P6J3X2_CARAU   88.74%    passed      9.67%
 934  tr|A0A6P6KBN8|A0A6P6KBN8_CARAU   88.41%    passed     24.71%
 935  tr|A0A6P6MBQ0|A0A6P6MBQ0_CARAU   88.00%    passed     42.14%
 936  tr|A0A6P6KBR5|A0A6P6KBR5_CARAU   88.64%    passed     86.84%
 937  tr|A0A6P6N2L2|A0A6P6N2L2_CARAU   89.18%    passed     78.72%
 938  tr|O73768|O73768_CARAU           88.82%    failed      0.64%
 939  tr|A0A6P6PKW8|A0A6P6PKW8_CARAU   88.64%    passed     83.42%
 940  tr|A0A6P6JE83|A0A6P6JE83_CARAU   88.61%    passed     29.65%
 941  tr|A0A6P6N8R2|A0A6P6N8R2_CARAU   88.56%    passed     32.06%
 942  tr|A0A6P6PJX6|A0A6P6PJX6_CARAU   88.41%    passed      9.09%
 943  tr|A0A6P6IC46|A0A6P6IC46_PUMCO   87.34%    passed     78.83%
 944  tr|A0A6P6IAI8|A0A6P6IAI8_PUMCO   83.28%    failed      0.01%
 945  tr|A0A6P6IBM8|A0A6P6IBM8_PUMCO   93.95%    passed     13.33%
 946  tr|A0A6P5DL81|A0A6P5DL81_BOSIN   88.33%    passed     17.68%
 947  tr|A0A6P5BDK6|A0A6P5BDK6_BOSIN   88.89%    failed      0.29%
 948  tr|A0A6P5BQR8|A0A6P5BQR8_BOSIN   86.93%    passed     89.91%
 949  tr|A0A6P5DQ44|A0A6P5DQ44_BOSIN   88.28%    passed     15.06%
 950  tr|A0A6P5ID18|A0A6P5ID18_PHACI   88.21%    failed      0.60%
 951  tr|A0A6P5LGW6|A0A6P5LGW6_PHACI   88.64%    passed     90.36%
 952  tr|A0A6P5IG44|A0A6P5IG44_PHACI   85.27%    passed     28.20%
 953  tr|A0A6P5IC55|A0A6P5IC55_PHACI   88.66%    passed     42.19%
 954  tr|A0A6P7KJY8|A0A6P7KJY8_9TELE   88.61%    passed      7.73%
 955  tr|A0A6P7I8I8|A0A6P7I8I8_9TELE   88.00%    passed      7.37%
 956  tr|A0A6P7I263|A0A6P7I263_9TELE   89.46%    passed     28.23%
 957  tr|A0A6P7I607|A0A6P7I607_9TELE   87.03%    passed     15.26%
 958  tr|A0A6P7KCN0|A0A6P7KCN0_9TELE   89.38%    passed     14.80%
 959  tr|A0A6P7K4Q6|A0A6P7K4Q6_9TELE   87.82%    passed     83.65%
 960  tr|A0A6P7K9F8|A0A6P7K9F8_9TELE   88.61%    passed     25.68%
 961  tr|A0A6P7K6R8|A0A6P7K6R8_9TELE   88.79%    passed     61.12%
 962  tr|A0A6P7KWG6|A0A6P7KWG6_BETSP   88.84%    passed     21.64%
 963  tr|A0A6P7MF11|A0A6P7MF11_BETSP   88.51%    failed      0.64%
 964  tr|A0A6P7M6D3|A0A6P7M6D3_BETSP   86.52%    failed      4.63%
 965  tr|A0A6P7MAB6|A0A6P7MAB6_BETSP   88.66%    passed     18.13%
 966  tr|A0A6P7M8S8|A0A6P7M8S8_BETSP   88.15%    passed     22.63%
 967  tr|A0A6P8EHP1|A0A6P8EHP1_CLUHA   88.28%    passed     34.37%
 968  tr|A0A6P8EW61|A0A6P8EW61_CLUHA   89.02%    passed     57.37%
 969  tr|A0A6P3VHG1|A0A6P3VHG1_CLUHA   88.64%    failed      4.48%
 970  tr|A0A6P8EZY8|A0A6P8EZY8_CLUHA   89.18%    passed     26.92%
 971  tr|A0A6P3W6S7|A0A6P3W6S7_CLUHA   89.79%    passed     32.50%
 972  tr|A0A6P8F4V9|A0A6P8F4V9_CLUHA   88.74%    passed     12.98%
 973  tr|A0A6P7X6I6|A0A6P7X6I6_9AMPH   87.92%    passed     57.30%
 974  tr|A0A6P7YNY5|A0A6P7YNY5_9AMPH   88.31%    passed     28.62%
 975  tr|A0A6P7XUE1|A0A6P7XUE1_9AMPH   87.82%    failed      1.66%
 976  tr|A0A6P7ZQ91|A0A6P7ZQ91_9AMPH   89.18%    passed     50.54%
 977  tr|A0A6P7XLZ8|A0A6P7XLZ8_9AMPH   88.72%    failed      3.83%
 978  tr|A0A6P8P1D7|A0A6P8P1D7_GEOSA   90.55%    passed     20.58%
 979  tr|A0A6P8PFT7|A0A6P8PFT7_GEOSA   88.15%    passed     43.75%
 980  tr|A0A6P8PXX0|A0A6P8PXX0_GEOSA   86.11%    failed      4.06%
 981  tr|A0A6P8QNL1|A0A6P8QNL1_GEOSA   89.07%    passed     37.30%
 982  tr|A0A6P8PFU3|A0A6P8PFU3_GEOSA   88.66%    passed     21.14%
 983  tr|A0A6P8X045|A0A6P8X045_GYMAC   86.98%    passed      6.76%
 984  tr|A0A6P8VC98|A0A6P8VC98_GYMAC   88.61%    passed     15.65%
 985  tr|A0A6P8SYZ6|A0A6P8SYZ6_GYMAC   88.66%    passed     14.67%
 986  tr|A0A6P8UTA1|A0A6P8UTA1_GYMAC   89.43%    passed     23.99%
 987  tr|A0A6P8X0A3|A0A6P8X0A3_GYMAC   88.21%    passed     44.72%
 988  tr|A0A6P8VW36|A0A6P8VW36_GYMAC   88.33%    passed     52.80%
 989  tr|A0A6P6CKI3|A0A6P6CKI3_PTEVA   88.97%    failed      0.26%
 990  tr|A0A6P6CQS7|A0A6P6CQS7_PTEVA   88.15%    failed      0.07%
 991  tr|A0A6P6CBM2|A0A6P6CBM2_PTEVA   88.28%    passed     39.89%
 992  tr|A0A6P6D8I0|A0A6P6D8I0_OCTDE   88.77%    passed     28.27%
 993  tr|A0A6P6E0D1|A0A6P6E0D1_OCTDE   89.28%    failed      0.66%
 994  tr|A0A6P6E0E8|A0A6P6E0E8_OCTDE   88.56%    failed      1.41%
 995  tr|A0A6P3V9Y1|A0A6P3V9Y1_OCTDE   88.77%    failed      3.50%
 996  tr|A0A6P3H556|A0A6P3H556_BISBI   89.35%    passed     25.20%
 997  tr|A0A6P3J6M4|A0A6P3J6M4_BISBI   88.92%    failed      2.32%
 998  tr|A0A6P3GLV4|A0A6P3GLV4_BISBI   88.74%    failed      0.08%
 999  tr|A0A6P3GLR6|A0A6P3GLR6_BISBI   87.08%    failed      2.44%
1000  tr|A0A6P3GL33|A0A6P3GL33_BISBI   86.90%    passed     83.97%
WARNING: 1000 sequences contain more than 50% gaps/ambiguity
****  TOTAL                            88.73%  257 sequences failed composition chi2 test (p-value<5%; df=19)
NOTE: tr|A0A2R8ZIZ6|A0A2R8ZIZ6_PANPA is identical to tr|A0A2I3T1V9|A0A2I3T1V9_PANTR but kept for subsequent analysis
NOTE: tr|A0A096MT91|A0A096MT91_PAPAN is identical to tr|A0A1D5R219|A0A1D5R219_MACMU but kept for subsequent analysis
NOTE: tr|A0A1V4KLG2|A0A1V4KLG2_PATFA is identical to tr|A0A2I0MRD5|A0A2I0MRD5_COLLI but kept for subsequent analysis
NOTE: tr|A0A3Q7WHS0|A0A3Q7WHS0_URSAR is identical to tr|A0A384BQ12|A0A384BQ12_URSMA but kept for subsequent analysis
NOTE: tr|A0A3P9CM39|A0A3P9CM39_9CICH is identical to tr|A0A3Q3BP34|A0A3Q3BP34_HAPBU but kept for subsequent analysis
NOTE: tr|A0A6P3J6M4|A0A6P3J6M4_BISBI is identical to tr|A0A4W2FPX7|A0A4W2FPX7_BOBOX but kept for subsequent analysis


Create initial parsimony tree by phylogenetic likelihood library (PLL)... 2.311 seconds
Measuring multi-threading efficiency up to 24 CPU cores
2 trees examined
Threads: 1 / Time: 28.659 sec / Speedup: 1.000 / Efficiency: 100% / LogL: -660819
Threads: 2 / Time: 15.661 sec / Speedup: 1.830 / Efficiency: 92% / LogL: -660819
Threads: 3 / Time: 10.711 sec / Speedup: 2.676 / Efficiency: 89% / LogL: -660819
Threads: 4 / Time: 7.939 sec / Speedup: 3.610 / Efficiency: 90% / LogL: -660819
Threads: 5 / Time: 6.482 sec / Speedup: 4.422 / Efficiency: 88% / LogL: -660819
Threads: 6 / Time: 5.709 sec / Speedup: 5.020 / Efficiency: 84% / LogL: -660819
Threads: 7 / Time: 4.888 sec / Speedup: 5.863 / Efficiency: 84% / LogL: -660819
Threads: 8 / Time: 4.520 sec / Speedup: 6.341 / Efficiency: 79% / LogL: -660819
Threads: 9 / Time: 4.115 sec / Speedup: 6.964 / Efficiency: 77% / LogL: -660819
Threads: 10 / Time: 3.724 sec / Speedup: 7.696 / Efficiency: 77% / LogL: -660819
Threads: 11 / Time: 3.641 sec / Speedup: 7.870 / Efficiency: 72% / LogL: -660819
Threads: 12 / Time: 3.470 sec / Speedup: 8.260 / Efficiency: 69% / LogL: -660819
Threads: 13 / Time: 3.294 sec / Speedup: 8.702 / Efficiency: 67% / LogL: -660819
Threads: 14 / Time: 3.139 sec / Speedup: 9.131 / Efficiency: 65% / LogL: -660819
Threads: 15 / Time: 3.387 sec / Speedup: 8.462 / Efficiency: 56% / LogL: -660819
Threads: 16 / Time: 3.287 sec / Speedup: 8.719 / Efficiency: 54% / LogL: -660819
Threads: 17 / Time: 3.275 sec / Speedup: 8.750 / Efficiency: 51% / LogL: -660819
Threads: 18 / Time: 2.828 sec / Speedup: 10.135 / Efficiency: 56% / LogL: -660819
Threads: 19 / Time: 3.570 sec / Speedup: 8.029 / Efficiency: 42% / LogL: -660819
BEST NUMBER OF THREADS: 18

Perform fast likelihood tree search using LG+I+G model...
Estimate model parameters (epsilon = 5.000)
Perform nearest neighbor interchange...
Estimate model parameters (epsilon = 1.000)
1. Initial log-likelihood: -187277.504
2. Current log-likelihood: -187275.867
Optimal log-likelihood: -187275.116
Proportion of invariable sites: 0.003
Gamma shape alpha: 0.622
Parameters optimization took 2 rounds (5.526 sec)
Time for fast ML tree search: 63.014 seconds

NOTE: ModelFinder requires 4342 MB RAM!
ModelFinder will test up to 546 protein models (sample size: 3917) ...
 No. Model         -LnL         df  AIC          AICc         BIC
  1  LG            200280.510   1997 404555.020   408713.442   417082.363
  2  LG+I          200138.055   1998 404272.110   408436.867   416805.727
  3  LG+G4         187278.775   1998 378553.550   382718.307   391087.166
  4  LG+I+G4       187274.525   1999 378547.050   382718.151   391086.939
  5  LG+R2         191383.302   1999 386764.604   390935.705   399304.494
  6  LG+R3         188253.914   2001 380509.829   384693.643   393062.265
  7  LG+R4         187207.600   2003 378421.200   382617.762   390986.182
  8  LG+R5         186772.135   2005 377554.270   381763.616   390131.798
  9  LG+R6         186570.962   2007 377155.924   381378.088   389745.998
 10  LG+R7         186325.497   2009 376668.995   380904.013   389271.615
 11  LG+R8         186257.763   2011 376537.526   380785.433   389152.692
 12  LG+R9         186212.190   2013 376450.379   380711.211   389078.092
 13  LG+R10        186189.133   2015 376408.265   380682.058   389048.524
 26  LG+F+R10      186088.774   2034 376245.547   380644.261   389004.995
 39  WAG+R10       184894.018   2015 373818.035   378091.828   386458.294
 52  WAG+F+R10     184552.149   2034 373172.297   377571.011   385931.745
 65  JTT+R10       182539.019   2015 369108.037   373381.830   381748.296
 78  JTT+F+R10     182328.042   2034 368724.084   373122.798   381483.532
 91  JTTDCMut+R10  182642.231   2015 369314.462   373588.255   381954.721
104  JTTDCMut+F+R10 182418.113   2034 368904.226   373302.941   381663.674
117  DCMut+R10     187696.511   2015 379423.022   383696.815   392063.281
130  DCMut+F+R10   186472.201   2034 377012.401   381411.115   389771.849
143  VT+R10        184737.219   2015 373504.439   377778.231   386144.698
156  VT+F+R10      184560.432   2034 373188.863   377587.577   385948.310
169  PMB+R10       186620.391   2015 377270.782   381544.575   389911.041
182  PMB+F+R10     187036.163   2034 378140.325   382539.040   390899.773
195  Blosum62+R10  187455.681   2015 378941.361   383215.154   391581.620
208  Blosum62+F+R10 187359.908   2034 378787.816   383186.530   391547.263
221  Dayhoff+R10   187692.839   2015 379415.679   383689.472   392055.938
234  Dayhoff+F+R10 186467.959   2034 377003.918   381402.632   389763.365
247  mtREV+R10     192154.445   2015 388338.890   392612.683   400979.149
260  mtREV+F+R10   187526.790   2034 379121.580   383520.294   391881.027
273  mtART+R10     198988.447   2015 402006.894   406280.687   414647.153
286  mtART+F+R10   194638.311   2034 393344.622   397743.336   406104.069
299  mtZOA+R10     192060.794   2015 388151.588   392425.381   400791.847
312  mtZOA+F+R10   189461.201   2034 382990.402   387389.116   395749.849
325  mtMet+R10     190186.550   2015 384403.100   388676.892   397043.359
338  mtMet+F+R10   185220.213   2034 374508.427   378907.141   387267.874
351  mtVer+R10     190922.764   2015 385875.529   390149.322   398515.788
364  mtVer+F+R10   186592.329   2034 377252.658   381651.372   390012.106
377  mtInv+R10     192303.874   2015 388637.748   392911.541   401278.007
390  mtInv+F+R10   185482.137   2034 375032.274   379430.988   387791.722
403  mtMAM+R10     196097.074   2015 396224.149   400497.941   408864.407
416  mtMAM+F+R10   191172.180   2034 386412.360   390811.074   399171.807
429  HIVb+R10      185628.992   2015 375287.983   379561.776   387928.242
442  HIVb+F+R10    185167.152   2034 374402.304   378801.018   387161.751
455  HIVw+R10      190963.965   2015 385957.930   390231.723   398598.189
468  HIVw+F+R10    187333.446   2034 378734.892   383133.606   391494.339
481  FLU+R10       186318.085   2015 376666.170   380939.962   389306.429
494  FLU+F+R10     184875.357   2034 373818.713   378217.427   386578.161
507  rtREV+R10     188724.067   2015 381478.134   385751.926   394118.392
520  rtREV+F+R10   188214.305   2034 380496.610   384895.324   393256.057
533  cpREV+R10     185920.102   2015 375870.205   380143.997   388510.464
546  cpREV+F+R10   185698.602   2034 375465.205   379863.919   388224.652
Akaike Information Criterion:           JTT+F+R10
Corrected Akaike Information Criterion: JTT+F+R10
Bayesian Information Criterion:         JTT+F+R10
Best-fit model: JTT+F+R10 chosen according to BIC

All model information printed to ghrhr_iqtree_boostrap_modelfinder.model.gz
CPU time for ModelFinder: 350732.280 seconds (97h:25m:32s)
Wall-clock time for ModelFinder: 20698.650 seconds (5h:44m:58s)
Generating 1000 samples for ultrafast bootstrap (seed: 103160)...

NOTE: 4342 MB RAM (4 GB) is required!
Estimate model parameters (epsilon = 0.100)
1. Initial log-likelihood: -182328.042
Optimal log-likelihood: -182327.928
Site proportion and rates:  (0.070,0.015) (0.050,0.047) (0.078,0.096) (0.080,0.156) (0.131,0.240) (0.105,0.354) (0.071,0.590) (0.143,1.098) (0.116,1.469) (0.155,3.466)
Parameters optimization took 1 rounds (53.330 sec)
Computing ML distances based on estimated model parameters... 286.640 sec
Computing BIONJ tree...
1.833 seconds
Log-likelihood of BIONJ tree: -190729.718
--------------------------------------------------------------------
|             INITIALIZING CANDIDATE TREE SET                      |
--------------------------------------------------------------------
Generating 98 parsimony trees... 248.123 second
Computing log-likelihood of 98 initial trees ... 289.500 seconds
Current best score: -182327.928

Do NNI search on 20 best initial trees
Estimate model parameters (epsilon = 0.100)
BETTER TREE FOUND at iteration 1: -182250.071
Estimate model parameters (epsilon = 0.100)
BETTER TREE FOUND at iteration 8: -182180.364
Iteration 10 / LogL: -182219.542 / Time: 0h:41m:9s
Iteration 20 / LogL: -182258.954 / Time: 1h:16m:35s
Finish initializing candidate tree set (20)
Current best tree score: -182180.364 / CPU time: 4468.529
Number of iterations: 20
--------------------------------------------------------------------
|               OPTIMIZING CANDIDATE TREE SET                      |
--------------------------------------------------------------------
Estimate model parameters (epsilon = 0.100)
BETTER TREE FOUND at iteration 21: -182171.804
Estimate model parameters (epsilon = 0.100)
BETTER TREE FOUND at iteration 26: -182163.540
Iteration 30 / LogL: -182164.632 / Time: 1h:33m:1s (5h:7m:55s left)
Estimate model parameters (epsilon = 0.100)
BETTER TREE FOUND at iteration 36: -182161.243
Iteration 40 / LogL: -182200.762 / Time: 1h:50m:42s (4h:32m:31s left)
Estimate model parameters (epsilon = 0.100)
BETTER TREE FOUND at iteration 43: -182145.245
Iteration 50 / LogL: -182164.411 / Time: 2h:7m:38s (4h:2m:16s left)
Log-likelihood cutoff on original alignment: -182287.682
Estimate model parameters (epsilon = 0.100)
BETTER TREE FOUND at iteration 51: -182141.173
Iteration 60 / LogL: -182143.395 / Time: 2h:25m:37s (3h:44m:37s left)
Iteration 70 / LogL: -182367.827 / Time: 2h:40m:24s (3h:8m:17s left)
Estimate model parameters (epsilon = 0.100)
BETTER TREE FOUND at iteration 75: -182134.257
Estimate model parameters (epsilon = 0.100)
BETTER TREE FOUND at iteration 76: -182109.387
Iteration 80 / LogL: -182153.950 / Time: 2h:56m:35s (3h:34m:35s left)
Iteration 90 / LogL: -182131.104 / Time: 3h:11m:53s (3h:5m:25s left)
Iteration 100 / LogL: -182276.764 / Time: 3h:26m:34s (2h:38m:34s left)
Log-likelihood cutoff on original alignment: -182287.682
NOTE: Bootstrap correlation coefficient of split occurrence frequencies: 0.973
NOTE: UFBoot does not converge, continue at least 100 more iterations
Estimate model parameters (epsilon = 0.100)
BETTER TREE FOUND at iteration 101: -182106.736
Estimate model parameters (epsilon = 0.100)
BETTER TREE FOUND at iteration 102: -182103.054
Iteration 110 / LogL: -182121.531 / Time: 3h:44m:36s (3h:9m:34s left)
Estimate model parameters (epsilon = 0.100)
BETTER TREE FOUND at iteration 112: -182099.082
Estimate model parameters (epsilon = 0.100)
BETTER TREE FOUND at iteration 119: -182094.121
Iteration 120 / LogL: -182257.658 / Time: 4h:1m:27s (3h:20m:52s left)
Estimate model parameters (epsilon = 0.100)
BETTER TREE FOUND at iteration 126: -182082.996
Iteration 130 / LogL: -182134.207 / Time: 4h:18m:15s (3h:12m:11s left)
Iteration 140 / LogL: -182153.814 / Time: 4h:33m:47s (2h:49m:23s left)
Iteration 150 / LogL: -182137.369 / Time: 4h:48m:23s (2h:27m:5s left)
Log-likelihood cutoff on original alignment: -182265.596
Estimate model parameters (epsilon = 0.100)
BETTER TREE FOUND at iteration 151: -182082.800
Iteration 160 / LogL: -182127.625 / Time: 5h:4m:13s (2h:54m:7s left)
Estimate model parameters (epsilon = 0.100)
BETTER TREE FOUND at iteration 162: -182082.579
Iteration 170 / LogL: -182225.922 / Time: 5h:20m:33s (2h:54m:30s left)
Estimate model parameters (epsilon = 0.100)
BETTER TREE FOUND at iteration 177: -182075.265
Estimate model parameters (epsilon = 0.100)
BETTER TREE FOUND at iteration 180: -182066.821
Iteration 180 / LogL: -182066.821 / Time: 5h:37m:55s (3h:8m:46s left)
Iteration 190 / LogL: -182118.871 / Time: 5h:53m:27s (2h:48m:18s left)
Iteration 200 / LogL: -182128.270 / Time: 6h:10m:14s (2h:28m:50s left)
Log-likelihood cutoff on original alignment: -182265.596
NOTE: Bootstrap correlation coefficient of split occurrence frequencies: 0.959
NOTE: UFBoot does not converge, continue at least 100 more iterations
Iteration 210 / LogL: -182166.012 / Time: 6h:25m:20s (2h:45m:56s left)
Iteration 220 / LogL: -182149.949 / Time: 6h:40m:47s (2h:26m:24s left)
Iteration 230 / LogL: -182079.169 / Time: 6h:56m:22s (2h:7m:16s left)
Estimate model parameters (epsilon = 0.100)
BETTER TREE FOUND at iteration 234: -182059.020
Iteration 240 / LogL: -182159.058 / Time: 7h:12m:59s (2h:50m:17s left)
Estimate model parameters (epsilon = 0.100)
BETTER TREE FOUND at iteration 244: -182057.736
Iteration 250 / LogL: -182135.667 / Time: 7h:28m:7s (2h:49m:10s left)
Log-likelihood cutoff on original alignment: -182265.596
Iteration 260 / LogL: -182074.529 / Time: 7h:43m:13s (2h:30m:13s left)
Estimate model parameters (epsilon = 0.100)
BETTER TREE FOUND at iteration 268: -182054.676
Iteration 270 / LogL: -182070.640 / Time: 8h:0m:46s (2h:55m:9s left)
Iteration 280 / LogL: -182077.944 / Time: 8h:15m:19s (2h:36m:13s left)
Iteration 290 / LogL: -182413.032 / Time: 8h:30m:28s (2h:17m:46s left)
Iteration 300 / LogL: -182063.098 / Time: 8h:46m:4s (1h:59m:38s left)
Log-likelihood cutoff on original alignment: -182265.596
NOTE: Bootstrap correlation coefficient of split occurrence frequencies: 0.972
NOTE: UFBoot does not converge, continue at least 100 more iterations
Iteration 310 / LogL: -182193.374 / Time: 9h:1m:27s (2h:37m:42s left)
Iteration 320 / LogL: -182089.827 / Time: 9h:16m:52s (2h:19m:39s left)
Estimate model parameters (epsilon = 0.100)
BETTER TREE FOUND at iteration 323: -182051.160
Iteration 330 / LogL: -182317.571 / Time: 9h:32m:25s (2h:41m:48s left)
Iteration 340 / LogL: -182090.020 / Time: 9h:46m:37s (2h:23m:37s left)
Iteration 350 / LogL: -182059.324 / Time: 10h:2m:5s (2h:5m:56s left)
Log-likelihood cutoff on original alignment: -182254.901
Iteration 360 / LogL: -182232.933 / Time: 10h:18m:2s (1h:48m:27s left)
Iteration 370 / LogL: -182081.768 / Time: 10h:33m:58s (1h:31m:3s left)
Iteration 380 / LogL: -182317.688 / Time: 10h:48m:56s (1h:13m:37s left)
Iteration 390 / LogL: -182060.943 / Time: 11h:4m:36s (0h:56m:22s left)
Iteration 400 / LogL: -182226.116 / Time: 11h:19m:47s (0h:39m:11s left)
Log-likelihood cutoff on original alignment: -182254.901
NOTE: Bootstrap correlation coefficient of split occurrence frequencies: 0.986
NOTE: UFBoot does not converge, continue at least 100 more iterations
Iteration 410 / LogL: -182128.418 / Time: 11h:36m:7s (2h:33m:10s left)
Iteration 420 / LogL: -182146.490 / Time: 11h:51m:8s (2h:15m:46s left)
Iteration 430 / LogL: -182068.740 / Time: 12h:7m:10s (1h:58m:39s left)
Iteration 440 / LogL: -182095.539 / Time: 12h:22m:38s (1h:41m:30s left)
Iteration 450 / LogL: -182110.470 / Time: 12h:37m:7s (1h:24m:18s left)
Log-likelihood cutoff on original alignment: -182254.901
Estimate model parameters (epsilon = 0.100)
BETTER TREE FOUND at iteration 451: -182047.700
Iteration 460 / LogL: -182205.701 / Time: 12h:54m:6s (2h:33m:28s left)
Iteration 470 / LogL: -182316.126 / Time: 13h:9m:11s (2h:16m:17s left)
Estimate model parameters (epsilon = 0.100)
BETTER TREE FOUND at iteration 475: -182044.450
Iteration 480 / LogL: -182270.303 / Time: 13h:24m:33s (2h:39m:34s left)
Iteration 490 / LogL: -182066.120 / Time: 13h:40m:10s (2h:22m:33s left)
Iteration 500 / LogL: -182204.985 / Time: 13h:55m:32s (2h:5m:35s left)
Log-likelihood cutoff on original alignment: -182254.901
NOTE: Bootstrap correlation coefficient of split occurrence frequencies: 0.986
NOTE: UFBoot does not converge, continue at least 100 more iterations
Iteration 510 / LogL: -182504.166 / Time: 14h:11m:52s (2h:30m:37s left)
Iteration 520 / LogL: -182347.226 / Time: 14h:27m:22s (2h:13m:41s left)
Iteration 530 / LogL: -182083.623 / Time: 14h:42m:18s (1h:56m:45s left)
Estimate model parameters (epsilon = 0.100)
BETTER TREE FOUND at iteration 540: -182040.596
Iteration 540 / LogL: -182040.596 / Time: 14h:58m:53s (2h:46m:46s left)
Iteration 550 / LogL: -182085.802 / Time: 15h:14m:11s (2h:29m:52s left)
Log-likelihood cutoff on original alignment: -182254.901
Iteration 560 / LogL: -182044.555 / Time: 15h:30m:25s (2h:13m:9s left)
Iteration 570 / LogL: -182104.730 / Time: 15h:45m:44s (1h:56m:20s left)
Estimate model parameters (epsilon = 0.100)
BETTER TREE FOUND at iteration 573: -182040.157
Iteration 580 / LogL: -182078.844 / Time: 16h:3m:0s (2h:34m:40s left)
Iteration 590 / LogL: -182060.205 / Time: 16h:18m:35s (2h:17m:54s left)
Iteration 600 / LogL: -182480.408 / Time: 16h:34m:37s (2h:1m:12s left)
Log-likelihood cutoff on original alignment: -182254.901
NOTE: Bootstrap correlation coefficient of split occurrence frequencies: 0.986
NOTE: UFBoot does not converge, continue at least 100 more iterations
Iteration 610 / LogL: -182064.407 / Time: 16h:50m:56s (2h:29m:23s left)
Estimate model parameters (epsilon = 0.100)
BETTER TREE FOUND at iteration 620: -182037.963
Iteration 620 / LogL: -182037.963 / Time: 17h:8m:22s (2h:46m:8s left)
Iteration 630 / LogL: -182120.317 / Time: 17h:24m:15s (2h:29m:25s left)
Iteration 640 / LogL: -182124.304 / Time: 17h:41m:5s (2h:12m:50s left)
Estimate model parameters (epsilon = 0.100)
BETTER TREE FOUND at iteration 650: -182037.044
Iteration 650 / LogL: -182037.044 / Time: 17h:58m:49s (2h:46m:13s left)
Log-likelihood cutoff on original alignment: -182254.901
Iteration 660 / LogL: -182053.399 / Time: 18h:14m:36s (2h:29m:29s left)
Estimate model parameters (epsilon = 0.100)
BETTER TREE FOUND at iteration 667: -182034.427
Iteration 670 / LogL: -182125.911 / Time: 18h:31m:49s (2h:41m:12s left)
Estimate model parameters (epsilon = 0.100)
BETTER TREE FOUND at iteration 678: -182029.495
Iteration 680 / LogL: -182056.885 / Time: 18h:47m:40s (2h:42m:45s left)
Iteration 690 / LogL: -182083.784 / Time: 19h:3m:13s (2h:26m:0s left)
Iteration 700 / LogL: -182149.154 / Time: 19h:18m:54s (2h:9m:19s left)
Log-likelihood cutoff on original alignment: -182254.901
NOTE: Bootstrap correlation coefficient of split occurrence frequencies: 0.982
NOTE: UFBoot does not converge, continue at least 100 more iterations
Iteration 710 / LogL: -182125.115 / Time: 19h:34m:2s (2h:29m:1s left)
Estimate model parameters (epsilon = 0.100)
BETTER TREE FOUND at iteration 712: -182025.767
Iteration 720 / LogL: -182277.899 / Time: 19h:50m:22s (2h:32m:18s left)
Estimate model parameters (epsilon = 0.100)
BETTER TREE FOUND at iteration 726: -182025.650
Iteration 730 / LogL: -182148.642 / Time: 20h:7m:49s (2h:39m:3s left)
Iteration 740 / LogL: -182077.078 / Time: 20h:22m:58s (2h:22m:19s left)
Iteration 750 / LogL: -182227.448 / Time: 20h:38m:46s (2h:5m:41s left)
Log-likelihood cutoff on original alignment: -182253.629
Iteration 760 / LogL: -182386.649 / Time: 20h:56m:4s (1h:49m:13s left)
Iteration 770 / LogL: -182171.834 / Time: 21h:11m:31s (1h:32m:35s left)
Iteration 780 / LogL: -182048.602 / Time: 21h:28m:11s (1h:16m:4s left)
Iteration 790 / LogL: -182075.338 / Time: 21h:44m:12s (0h:59m:30s left)
Iteration 800 / LogL: -182163.207 / Time: 22h:0m:59s (0h:42m:59s left)
Log-likelihood cutoff on original alignment: -182253.629
NOTE: Bootstrap correlation coefficient of split occurrence frequencies: 0.976
NOTE: UFBoot does not converge, continue at least 100 more iterations
Iteration 810 / LogL: -182046.591 / Time: 22h:17m:23s (2h:28m:46s left)
Estimate model parameters (epsilon = 0.100)
BETTER TREE FOUND at iteration 811: -182020.059
Iteration 820 / LogL: -182252.892 / Time: 22h:34m:50s (2h:30m:32s left)
Iteration 830 / LogL: -182068.799 / Time: 22h:50m:56s (2h:13m:57s left)
Iteration 840 / LogL: -182035.439 / Time: 23h:7m:24s (1h:57m:24s left)
Iteration 850 / LogL: -182274.665 / Time: 23h:22m:58s (1h:40m:48s left)
Log-likelihood cutoff on original alignment: -182251.395
Iteration 860 / LogL: -182050.347 / Time: 23h:39m:24s (1h:24m:16s left)
Estimate model parameters (epsilon = 0.100)
BETTER TREE FOUND at iteration 863: -182014.801
Iteration 870 / LogL: -182158.009 / Time: 23h:58m:29s (2h:33m:56s left)
Iteration 880 / LogL: -182053.658 / Time: 24h:14m:55s (2h:17m:22s left)
Estimate model parameters (epsilon = 0.100)
BETTER TREE FOUND at iteration 886: -182008.332
Iteration 890 / LogL: -182019.811 / Time: 24h:33m:4s (2h:39m:4s left)
Estimate model parameters (epsilon = 0.100)
BETTER TREE FOUND at iteration 897: -182005.000
Iteration 900 / LogL: -182084.070 / Time: 24h:51m:8s (2h:40m:53s left)
Log-likelihood cutoff on original alignment: -182251.395
NOTE: Bootstrap correlation coefficient of split occurrence frequencies: 0.972
NOTE: UFBoot does not converge, continue at least 100 more iterations
Iteration 910 / LogL: -182061.916 / Time: 25h:6m:59s (2h:29m:12s left)
Iteration 920 / LogL: -182117.002 / Time: 25h:23m:24s (2h:12m:36s left)
Iteration 930 / LogL: -182017.279 / Time: 25h:39m:8s (1h:55m:58s left)
Estimate model parameters (epsilon = 0.100)
BETTER TREE FOUND at iteration 931: -181998.824
Estimate model parameters (epsilon = 0.100)
BETTER TREE FOUND at iteration 938: -181987.902
Iteration 940 / LogL: -182014.902 / Time: 25h:55m:54s (2h:42m:23s left)
Iteration 950 / LogL: -182100.226 / Time: 26h:11m:28s (2h:25m:43s left)
Log-likelihood cutoff on original alignment: -182240.485
Iteration 960 / LogL: -182035.197 / Time: 26h:27m:45s (2h:9m:8s left)
Iteration 970 / LogL: -182030.388 / Time: 26h:42m:56s (1h:52m:29s left)
Iteration 980 / LogL: -182020.474 / Time: 26h:58m:21s (1h:35m:52s left)
Iteration 990 / LogL: -182058.540 / Time: 27h:13m:38s (1h:19m:17s left)
Iteration 1000 / LogL: -182067.327 / Time: 27h:28m:54s (1h:2m:43s left)
Log-likelihood cutoff on original alignment: -182240.485
NOTE: Bootstrap correlation coefficient of split occurrence frequencies: 0.962
NOTE: UFBoot does not converge, continue at least 100 more iterations
WARNING: bootstrap analysis did not converge. You should rerun with higher number of iterations (-nm option)
TREE SEARCH COMPLETED AFTER 1001 ITERATIONS / Time: 27h:30m:26s

--------------------------------------------------------------------
|                    FINALIZING TREE SEARCH                        |
--------------------------------------------------------------------
Performs final model parameters optimization
Estimate model parameters (epsilon = 0.010)
1. Initial log-likelihood: -181987.902
2. Current log-likelihood: -181987.872
3. Current log-likelihood: -181987.852
4. Current log-likelihood: -181987.837
5. Current log-likelihood: -181987.825
Optimal log-likelihood: -181987.819
Site proportion and rates:  (0.069,0.014) (0.049,0.043) (0.077,0.090) (0.081,0.148) (0.127,0.229) (0.107,0.338) (0.062,0.551) (0.122,0.992) (0.145,1.354) (0.163,3.453)
Parameters optimization took 5 rounds (226.486 sec)
BEST SCORE FOUND : -181987.819

Testing tree branches by SH-like aLRT with 1000 replicates...
Alternative NNI shows better log-likelihood -181987.758 > -181987.819
Alternative NNI shows better log-likelihood -181987.809 > -181987.819
Alternative NNI shows better log-likelihood -181987.432 > -181987.819
13.240 sec.
Creating bootstrap support values...
Split supports printed to NEXUS file ghrhr_iqtree_boostrap_modelfinder.splits.nex
Total tree length: 426.734

Total number of iterations: 1001
CPU time used for tree search: 1752368.584 sec (486h:46m:8s)
Wall-clock time used for tree search: 98899.338 sec (27h:28m:19s)
Total CPU time used: 1758611.456 sec (488h:30m:11s)
Total wall-clock time used: 99271.647 sec (27h:34m:31s)

Computing bootstrap consensus tree...
Reading input file ghrhr_iqtree_boostrap_modelfinder.splits.nex...
1000 taxa and 5302 splits.
Consensus tree written to ghrhr_iqtree_boostrap_modelfinder.contree
Reading input trees file ghrhr_iqtree_boostrap_modelfinder.contree
Log-likelihood of consensus tree: -182424.322

Analysis results written to: 
  IQ-TREE report:                ghrhr_iqtree_boostrap_modelfinder.iqtree
  Maximum-likelihood tree:       ghrhr_iqtree_boostrap_modelfinder.treefile
  Likelihood distances:          ghrhr_iqtree_boostrap_modelfinder.mldist

Ultrafast bootstrap approximation results written to:
  Split support values:          ghrhr_iqtree_boostrap_modelfinder.splits.nex
  Consensus tree:                ghrhr_iqtree_boostrap_modelfinder.contree
  Screen log file:               ghrhr_iqtree_boostrap_modelfinder.log

Date and Time: Sat Jul 24 20:02:13 2021
