IQ-TREE multicore version 2.0.6 for Linux 64-bit built Aug  4 2020
Developed by Bui Quang Minh, Nguyen Lam Tung, Olga Chernomor,
Heiko Schmidt, Dominik Schrempf, Michael Woodhams.

Host:    cn05 (AVX512, FMA3, 251 GB RAM)
Command: iqtree2 -s /cta/users/ofkonar/work/resources/ramps/ramp1_filtered_fastas_blast_msa.fasta -B 2000 --nmax 2100 -alrt 2000 -nm 2100 -T AUTO --threads-max 24 --prefix ramp1_iqtree_boostrap_modelfinder
Seed:    736587 (Using SPRNG - Scalable Parallel Random Number Generator)
Time:    Fri Nov  5 15:52:48 2021
Kernel:  AVX+FMA - auto-detect threads (24 CPU cores detected)

Reading alignment file /cta/users/ofkonar/work/resources/ramps/ramp1_filtered_fastas_blast_msa.fasta ... Fasta format detected
Alignment most likely contains protein sequences
WARNING: 4 sites contain only gaps or ambiguous characters.
Alignment has 846 sequences with 7130 columns, 3094 distinct patterns
712 parsimony-informative, 1710 singleton sites, 4708 constant sites
                                Gap/Ambiguity  Composition  p-value
   1  tr|Q6DGA3|Q6DGA3_DANRE           97.97%    failed      3.39%
   2  tr|A0A0R4IAM9|A0A0R4IAM9_DANRE   97.74%    passed     19.89%
   3  tr|F1QAN5|F1QAN5_DANRE           98.20%    passed     42.27%
   4  tr|A0A2R8Q7A3|A0A2R8Q7A3_DANRE   98.77%    failed      0.04%
   5  tr|F1R120|F1R120_DANRE           97.11%    failed      1.10%
   6  tr|A7UH64|A7UH64_CHICK           97.53%    passed     10.23%
   7  tr|E1C8J0|E1C8J0_CHICK           98.25%    passed     33.79%
   8  tr|B9VGZ4|B9VGZ4_CHICK           97.81%    passed     14.91%
   9  sp|Q9WUP0|RAMP2_MOUSE            97.35%    failed      0.00%
  10  sp|Q9WUP1|RAMP3_MOUSE            97.94%    passed     39.87%
  11  sp|Q9WTJ5|RAMP1_MOUSE            97.92%    passed     15.36%
  12  tr|M3YFF1|M3YFF1_MUSPF           97.28%    failed      0.01%
  13  tr|M3Z3A9|M3Z3A9_MUSPF           97.91%    failed      1.92%
  14  tr|M3XLZ5|M3XLZ5_MUSPF           97.92%    failed      1.04%
  15  tr|H2MV54|H2MV54_ORYLA           97.39%    passed     35.79%
  16  tr|A0A3B3IGC3|A0A3B3IGC3_ORYLA   97.05%    failed      0.01%
  17  tr|A0A3B3ICH3|A0A3B3ICH3_ORYLA   96.84%    failed      0.05%
  18  tr|A0A3B3I3V1|A0A3B3I3V1_ORYLA   97.69%    passed     34.63%
  19  tr|A0A3B3IDH7|A0A3B3IDH7_ORYLA   97.91%    passed      7.66%
  20  tr|G1RM72|G1RM72_NOMLE           97.73%    failed      2.98%
  21  tr|G1QVT5|G1QVT5_NOMLE           97.92%    failed      3.69%
  22  tr|A0A2I3FT19|A0A2I3FT19_NOMLE   97.92%    failed      0.90%
  23  tr|G1Q7L9|G1Q7L9_MYOLU           97.43%    failed      0.03%
  24  tr|G1NWV9|G1NWV9_MYOLU           97.92%    passed     23.49%
  25  tr|G3HMD0|G3HMD0_CRIGR           98.37%    passed     89.19%
  26  tr|G3I239|G3I239_CRIGR           98.23%    passed     57.01%
  27  tr|G3QHF3|G3QHF3_GORGO           98.13%    passed     18.90%
  28  tr|G3RNM5|G3RNM5_GORGO           97.92%    failed      1.39%
  29  tr|G3QLL9|G3QLL9_GORGO           97.55%    failed      1.43%
  30  tr|C3YBU4|C3YBU4_BRAFL           98.04%    failed      0.69%
  31  tr|C3ZVV6|C3ZVV6_BRAFL           97.91%    passed     15.66%
  32  tr|C3YBU6|C3YBU6_BRAFL           96.24%    failed      2.48%
  33  tr|H2P923|H2P923_PONAB           97.81%    failed      0.00%
  34  tr|H2NTZ0|H2NTZ0_PONAB           97.55%    failed      0.26%
  35  tr|A0A2J8SSV2|A0A2J8SSV2_PONAB   97.92%    passed      5.65%
  36  tr|G1MRY4|G1MRY4_MELGA           97.81%    passed     19.78%
  37  tr|G1MW14|G1MW14_MELGA           97.94%    passed     33.48%
  38  tr|G1MY66|G1MY66_MELGA           97.53%    passed     20.06%
  39  tr|G1KRV0|G1KRV0_ANOCA           97.99%    passed     10.89%
  40  tr|G1KPU5|G1KPU5_ANOCA           98.33%    failed      1.34%
  41  tr|H9GD76|H9GD76_ANOCA           97.94%    passed      9.97%
  42  tr|G1TCA5|G1TCA5_RABIT           97.39%    failed      0.00%
  43  tr|G1TYN2|G1TYN2_RABIT           98.60%    passed     31.87%
  44  tr|A0A5F4DD47|A0A5F4DD47_CANLF   97.80%    failed      0.78%
  45  tr|H9GW78|H9GW78_CANLF           98.05%    passed     30.20%
  46  tr|A0A5F4DBZ9|A0A5F4DBZ9_CANLF   94.75%    failed      0.00%
  47  tr|K7CT11|K7CT11_PANTR           97.55%    failed      0.92%
  48  tr|H2QJP7|H2QJP7_PANTR           97.92%    failed      1.39%
  49  tr|H2QUJ3|H2QUJ3_PANTR           97.88%    failed      0.49%
  50  tr|A0A6I8NDQ4|A0A6I8NDQ4_ORNAN   98.58%    passed     38.04%
  51  tr|F6X2S0|F6X2S0_ORNAN           94.36%    failed      0.00%
  52  tr|A0A6I8NEV2|A0A6I8NEV2_ORNAN   97.53%    failed      0.01%
  53  tr|F7CUP7|F7CUP7_MONDO           97.52%    passed      8.47%
  54  tr|F7G5E4|F7G5E4_MONDO           98.57%    passed     33.53%
  55  tr|A0A5F8H2D9|A0A5F8H2D9_MONDO   97.77%    passed     19.62%
  56  tr|F6YYM9|F6YYM9_HORSE           97.92%    failed      0.73%
  57  tr|A0A3Q2I3B5|A0A3Q2I3B5_HORSE   96.86%    failed      0.00%
  58  tr|F7DMI6|F7DMI6_HORSE           97.46%    failed      0.16%
  59  tr|W5NZT5|W5NZT5_SHEEP           97.52%    failed      0.56%
  60  tr|W5QCE6|W5QCE6_SHEEP           97.45%    failed      0.04%
  61  tr|W5PW34|W5PW34_SHEEP           97.98%    passed     30.42%
  62  sp|Q9JJ73|RAMP3_RAT              97.94%    passed     18.33%
  63  sp|Q9JJ74|RAMP1_RAT              97.92%    passed      5.84%
  64  sp|Q9JHJ1|RAMP2_RAT              97.45%    failed      0.00%
  65  tr|A0A3B5R6V7|A0A3B5R6V7_XIPMA   97.69%    passed      5.25%
  66  tr|A0A3B5Q6M8|A0A3B5Q6M8_XIPMA   97.14%    failed      0.08%
  67  tr|M3ZIJ3|M3ZIJ3_XIPMA           97.91%    passed     82.16%
  68  tr|A0A3B5QA92|A0A3B5QA92_XIPMA   97.81%    passed     89.37%
  69  tr|A0A3B5QRD2|A0A3B5QRD2_XIPMA   97.04%    failed      0.11%
  70  tr|K3YR87|K3YR87_SETIT           92.02%    failed      0.00%
  71  tr|I3KNW0|I3KNW0_ORENI           98.56%    passed     49.19%
  72  tr|A0A669EJE0|A0A669EJE0_ORENI   97.60%    passed     20.59%
  73  tr|I3K6S9|I3K6S9_ORENI           97.91%    failed      4.72%
  74  tr|A0A669EBV1|A0A669EBV1_ORENI   97.49%    failed      0.59%
  75  tr|A0A669EW89|A0A669EW89_ORENI   96.65%    failed      0.29%
  76  tr|A0A287D1Q1|A0A287D1Q1_ICTTR   97.69%    passed      7.60%
  77  tr|A0A287CRU1|A0A287CRU1_ICTTR   97.52%    failed      0.04%
  78  tr|I3NBE6|I3NBE6_ICTTR           97.94%    failed      4.19%
  79  tr|H0XG22|H0XG22_OTOGA           97.98%    passed     57.45%
  80  tr|H0WPI2|H0WPI2_OTOGA           98.82%    passed     15.18%
  81  tr|H2UK75|H2UK75_TAKRU           97.94%    passed      7.79%
  82  tr|A0A3B5K9R5|A0A3B5K9R5_TAKRU   96.27%    failed      0.55%
  83  tr|A0A674NFY0|A0A674NFY0_TAKRU   98.35%    passed     15.91%
  84  tr|A0A674P6P3|A0A674P6P3_TAKRU   97.97%    failed      4.77%
  85  tr|A0A674PE16|A0A674PE16_TAKRU   97.71%    passed      8.16%
  86  tr|A0A674NS09|A0A674NS09_TAKRU   97.05%    failed      0.00%
  87  sp|Q8R4C5|RAMP2_CAVPO            97.80%    failed      0.02%
  88  sp|Q8R4C4|RAMP3_CAVPO            97.95%    failed      1.48%
  89  sp|Q8R4C6|RAMP1_CAVPO            97.92%    failed      0.32%
  90  tr|A0A286XXE8|A0A286XXE8_CAVPO   97.80%    failed      0.02%
  91  tr|A0A2C9F1F0|A0A2C9F1F0_CAVPO   97.31%    failed      0.15%
  92  sp|O60895|RAMP2_HUMAN            97.55%    failed      0.58%
  93  sp|O60896|RAMP3_HUMAN            97.92%    failed      1.42%
  94  sp|O60894|RAMP1_HUMAN            97.92%    failed      0.61%
  95  tr|A0A5F7ZZ32|A0A5F7ZZ32_MACMU   97.14%    failed      0.00%
  96  tr|F6UGD5|F6UGD5_MACMU           97.55%    failed      0.87%
  97  tr|A0A5F7ZVL5|A0A5F7ZVL5_MACMU   97.59%    failed      0.68%
  98  tr|G5BIM0|G5BIM0_HETGA           97.28%    failed      0.37%
  99  tr|G5BHG9|G5BHG9_HETGA           96.89%    failed      0.00%
 100  tr|G5CA02|G5CA02_HETGA           97.48%    failed      0.03%
 101  tr|K7GEZ6|K7GEZ6_PELSI           97.92%    passed     45.22%
 102  tr|K7F9E1|K7F9E1_PELSI           97.48%    failed      3.45%
 103  tr|K7F5E4|K7F5E4_PELSI           97.15%    passed      5.11%
 104  tr|H3C2N2|H3C2N2_TETNG           97.69%    passed      6.03%
 105  tr|H3CSB8|H3CSB8_TETNG           97.94%    failed      3.57%
 106  tr|H3CQ37|H3CQ37_TETNG           97.88%    failed      0.53%
 107  tr|G3P0W7|G3P0W7_GASAC           97.17%    failed      0.06%
 108  tr|G3NBZ7|G3NBZ7_GASAC           97.91%    passed      5.92%
 109  tr|G3PPA9|G3PPA9_GASAC           97.94%    failed      0.83%
 110  tr|G3NBU7|G3NBU7_GASAC           97.69%    passed     14.30%
 111  tr|G3TT69|G3TT69_LOXAF           97.53%    failed      0.15%
 112  tr|G3U1H7|G3U1H7_LOXAF           98.81%    passed      5.33%
 113  tr|G3SY87|G3SY87_LOXAF           98.82%    passed     30.52%
 114  tr|G3SV57|G3SV57_LOXAF           98.15%    passed     57.76%
 115  tr|G3VXT6|G3VXT6_SARHA           97.81%    passed     12.17%
 116  tr|A0A7N4PMX1|A0A7N4PMX1_SARHA   97.95%    passed      7.91%
 117  tr|A0A7N4PR46|A0A7N4PR46_SARHA   98.57%    passed     33.98%
 118  tr|A0A674H5T4|A0A674H5T4_TAEGU   97.32%    passed     16.32%
 119  tr|A0A674HTC8|A0A674HTC8_TAEGU   97.91%    passed     40.78%
 120  tr|H0YX27|H0YX27_TAEGU           97.46%    passed      6.75%
 121  tr|Q0IIU7|Q0IIU7_XENTR           97.92%    failed      4.49%
 122  tr|A0A803J6G8|A0A803J6G8_XENTR   96.86%    failed      0.07%
 123  tr|F7FA91|F7FA91_CALJA           97.48%    failed      0.16%
 124  tr|F6PYH1|F6PYH1_CALJA           97.92%    failed      0.53%
 125  tr|U3FPH6|U3FPH6_CALJA           97.92%    passed      6.03%
 126  sp|Q867C0|RAMP1_PIG              97.92%    failed      0.16%
 127  sp|Q7YS88|RAMP3_PIG              97.88%    failed      4.47%
 128  tr|Q867B9|Q867B9_PIG             97.52%    failed      0.06%
 129  tr|A0A287AQ81|A0A287AQ81_PIG     97.88%    failed      4.46%
 130  tr|A0A5S8KX83|A0A5S8KX83_PIG     96.20%    failed      0.00%
 131  tr|H2ZYL4|H2ZYL4_LATCH           98.36%    failed      1.46%
 132  tr|H2ZUU6|H2ZUU6_LATCH           98.06%    passed     23.19%
 133  tr|H3A928|H3A928_LATCH           97.95%    passed     44.43%
 134  tr|H3AAW5|H3AAW5_LATCH           97.91%    failed      4.16%
 135  tr|H3AAQ9|H3AAQ9_LATCH           98.02%    passed     24.58%
 136  tr|A0A7N5K2R7|A0A7N5K2R7_AILME   97.92%    failed      0.05%
 137  tr|A0A7N5JW00|A0A7N5JW00_AILME   97.91%    failed      2.83%
 138  tr|A0A7N5KLF9|A0A7N5KLF9_AILME   97.48%    failed      0.11%
 139  tr|F1MLY6|F1MLY6_BOVIN           96.26%    failed      0.00%
 140  tr|A6H7J8|A6H7J8_BOVIN           97.52%    failed      0.46%
 141  tr|A0A3Q1MCM1|A0A3Q1MCM1_BOVIN   97.90%    passed     29.86%
 142  tr|L5KTX1|L5KTX1_PTEAL           98.12%    failed      2.88%
 143  tr|L5JRB5|L5JRB5_PTEAL           98.60%    passed     48.61%
 144  tr|L5M2T4|L5M2T4_MYODS           98.23%    passed     60.59%
 145  tr|L8ICG7|L8ICG7_9CETA           97.66%    failed      0.35%
 146  tr|L8ISY9|L8ISY9_9CETA           98.04%    passed     21.53%
 147  tr|L8Y9Q2|L8Y9Q2_TUPCH           97.92%    passed      5.67%
 148  tr|L9KM55|L9KM55_TUPCH           92.40%    failed      0.00%
 149  tr|L9JWD1|L9JWD1_TUPCH           97.74%    passed      8.93%
 150  tr|L9KQW0|L9KQW0_TUPCH           98.51%    failed      0.99%
 151  tr|M3WAZ7|M3WAZ7_FELCA           97.11%    failed      0.00%
 152  tr|A0A337RZ00|A0A337RZ00_FELCA   97.90%    failed      4.94%
 153  tr|M3WRT0|M3WRT0_FELCA           97.97%    failed      0.20%
 154  tr|U3KEA0|U3KEA0_FICAL           97.76%    passed     10.83%
 155  tr|U3JD90|U3JD90_FICAL           97.52%    passed     12.93%
 156  tr|U3KFJ4|U3KFJ4_FICAL           98.05%    passed     32.74%
 157  tr|U3J6H3|U3J6H3_ANAPP           94.68%    failed      0.00%
 158  tr|U3I9F1|U3I9F1_ANAPP           97.88%    failed      4.63%
 159  tr|A0A493TC41|A0A493TC41_ANAPP   96.70%    failed      0.00%
 160  tr|A0A3B1JR40|A0A3B1JR40_ASTMX   98.37%    failed      2.28%
 161  tr|A0A3B1ID69|A0A3B1ID69_ASTMX   97.63%    failed      0.01%
 162  tr|A0A3B1JSE5|A0A3B1JSE5_ASTMX   97.97%    failed      3.08%
 163  tr|A0A3B1K142|A0A3B1K142_ASTMX   98.35%    passed     14.20%
 164  tr|A0A3B1JTA4|A0A3B1JTA4_ASTMX   98.65%    passed     34.16%
 165  tr|W5KZP9|W5KZP9_ASTMX           97.08%    failed      4.64%
 166  tr|W5N3P4|W5N3P4_LEPOC           97.69%    failed      3.47%
 167  tr|W5N3N8|W5N3N8_LEPOC           97.71%    passed      9.13%
 168  tr|W5N6X3|W5N6X3_LEPOC           97.69%    failed      0.19%
 169  tr|W5MA24|W5MA24_LEPOC           97.22%    passed     21.20%
 170  tr|V8NV37|V8NV37_OPHHA           97.52%    failed      0.28%
 171  tr|V8N9Y9|V8N9Y9_OPHHA           98.57%    failed      0.00%
 172  tr|A0A087XAC7|A0A087XAC7_POEFO   98.30%    passed     56.54%
 173  tr|A0A087Y442|A0A087Y442_POEFO   97.14%    failed      0.31%
 174  tr|A0A087Y6P8|A0A087Y6P8_POEFO   97.01%    failed      0.38%
 175  tr|A0A087Y6P5|A0A087Y6P5_POEFO   97.69%    failed      1.49%
 176  tr|A0A087Y760|A0A087Y760_POEFO   97.99%    failed      1.31%
 177  tr|A0A087Y1Q6|A0A087Y1Q6_POEFO   97.69%    failed      1.81%
 178  tr|A0A2I3MD45|A0A2I3MD45_PAPAN   98.96%    passed     53.75%
 179  tr|A0A2I3MTE2|A0A2I3MTE2_PAPAN   97.88%    failed      3.67%
 180  tr|A0A2I3LQR8|A0A2I3LQR8_PAPAN   97.48%    failed      0.54%
 181  tr|A0A091DPN6|A0A091DPN6_FUKDA   97.95%    failed      0.88%
 182  tr|A0A091EB15|A0A091EB15_FUKDA   97.78%    failed      1.15%
 183  tr|A0A091D8T5|A0A091D8T5_FUKDA   95.69%    failed      0.00%
 184  tr|A0A0D9R1A1|A0A0D9R1A1_CHLSB   97.92%    failed      1.06%
 185  tr|A0A0D9RT79|A0A0D9RT79_CHLSB   97.18%    failed      0.81%
 186  tr|A0A0D9S1H5|A0A0D9S1H5_CHLSB   97.55%    failed      0.47%
 187  tr|S9YFF6|S9YFF6_CAMFR           92.17%    failed      0.00%
 188  tr|S9XJ58|S9XJ58_CAMFR           97.62%    failed      2.65%
 189  tr|S9YL89|S9YL89_CAMFR           97.55%    failed      0.27%
 190  tr|M7BRJ6|M7BRJ6_CHEMY           98.33%    failed      0.00%
 191  tr|M7B8T5|M7B8T5_CHEMY           98.30%    passed     29.08%
 192  tr|M7AP29|M7AP29_CHEMY           98.78%    passed     44.65%
 193  tr|M7CHV8|M7CHV8_CHEMY           97.24%    failed      0.35%
 194  tr|A0A0G2FEL6|A0A0G2FEL6_9PEZI   94.53%    failed      0.00%
 195  tr|A0A0P7URR2|A0A0P7URR2_SCLFO   98.43%    passed     68.42%
 196  tr|A0A0P7Z2F5|A0A0P7Z2F5_SCLFO   98.39%    passed     46.05%
 197  tr|A0A0P7ZFT8|A0A0P7ZFT8_SCLFO   98.82%    passed     28.82%
 198  tr|A0A0P7UJX8|A0A0P7UJX8_SCLFO   98.02%    passed     16.13%
 199  tr|A0A151PBF5|A0A151PBF5_ALLMI   97.63%    passed     46.85%
 200  tr|A0A151N9W0|A0A151N9W0_ALLMI   97.98%    passed     11.26%
 201  tr|A0A151P283|A0A151P283_ALLMI   97.77%    passed      5.67%
 202  tr|A0A0Q3X7Y9|A0A0Q3X7Y9_AMAAE   97.99%    passed     35.77%
 203  tr|A0A0Q3TH84|A0A0Q3TH84_AMAAE   97.46%    passed      6.50%
 204  tr|A0A0Q3R0X9|A0A0Q3R0X9_AMAAE   97.60%    passed     21.62%
 205  tr|A0A091EMG7|A0A091EMG7_CORBR   98.32%    passed     34.31%
 206  tr|S7PRT4|S7PRT4_MYOBR           98.35%    passed     16.72%
 207  tr|S7MRU3|S7MRU3_MYOBR           98.12%    passed     53.21%
 208  tr|A0A091PAY5|A0A091PAY5_LEPDC   98.32%    passed     21.02%
 209  tr|A0A091JMH8|A0A091JMH8_EGRGA   98.32%    passed     24.24%
 210  tr|A0A093QMA3|A0A093QMA3_PHACA   98.84%    passed     80.37%
 211  tr|A0A093Q200|A0A093Q200_9PASS   98.32%    passed     24.24%
 212  tr|A0A093Q8B6|A0A093Q8B6_9PASS   98.53%    passed     89.54%
 213  tr|A0A091VBR4|A0A091VBR4_NIPNI   98.32%    passed     24.24%
 214  tr|A0A087QRY2|A0A087QRY2_APTFO   98.32%    passed     24.58%
 215  tr|A0A087QJA1|A0A087QJA1_APTFO   98.35%    passed     79.94%
 216  tr|A0A091QKQ2|A0A091QKQ2_9GRUI   98.32%    passed     40.46%
 217  tr|A0A091NIG4|A0A091NIG4_9PASS   98.32%    passed     24.79%
 218  tr|A0A093K727|A0A093K727_STRCA   98.32%    passed     14.28%
 219  tr|A0A091WHW9|A0A091WHW9_OPIHO   98.32%    passed     24.24%
 220  tr|A0A091JY90|A0A091JY90_COLST   98.32%    passed     37.04%
 221  tr|A0A094KQ49|A0A094KQ49_ANTCR   98.32%    passed     16.91%
 222  tr|A0A099ZPS5|A0A099ZPS5_TINGU   98.32%    passed     49.09%
 223  tr|A0A093CYB0|A0A093CYB0_TAUER   98.32%    passed     29.72%
 224  tr|A0A091LBN6|A0A091LBN6_CATAU   98.84%    passed     81.22%
 225  tr|A0A091GIG3|A0A091GIG3_9AVES   98.32%    passed     29.40%
 226  tr|A0A093LKC1|A0A093LKC1_FULGA   98.84%    passed     81.74%
 227  tr|A0A091RZR0|A0A091RZR0_NESNO   98.32%    passed     29.56%
 228  tr|A0A094NBZ0|A0A094NBZ0_PODCR   98.84%    passed     76.10%
 229  tr|A0A0A0A099|A0A0A0A099_CHAVO   98.32%    passed     26.30%
 230  tr|A0A2I0MIU1|A0A2I0MIU1_COLLI   83.07%    failed      0.00%
 231  tr|A0A2I0M4U9|A0A2I0M4U9_COLLI   98.11%    passed     26.56%
 232  tr|A0A2I0LN90|A0A2I0LN90_COLLI   97.55%    passed     10.68%
 233  tr|A0A093IFW6|A0A093IFW6_DRYPU   98.32%    passed     29.40%
 234  tr|A0A091GPK1|A0A091GPK1_BUCRH   98.32%    passed     35.54%
 235  tr|A0A091HC30|A0A091HC30_BUCRH   98.35%    passed     55.09%
 236  tr|A0A093NAL1|A0A093NAL1_PYGAD   98.32%    passed     24.58%
 237  tr|A0A091LUY6|A0A091LUY6_CARIC   98.84%    passed     81.22%
 238  tr|A0A091U3T0|A0A091U3T0_PELCR   98.32%    passed     24.24%
 239  tr|A0A093HCF4|A0A093HCF4_TYTAL   98.32%    passed     25.12%
 240  tr|A0A093ETL3|A0A093ETL3_TYTAL   98.95%    passed     78.59%
 241  tr|A0A093IX54|A0A093IX54_EURHL   98.32%    passed     10.02%
 242  tr|A0A091PEJ2|A0A091PEJ2_APAVI   98.32%    passed     27.20%
 243  tr|A0A091I4J4|A0A091I4J4_CALAN   98.32%    passed     13.80%
 244  tr|A0A091PI26|A0A091PI26_HALAL   98.32%    passed     24.24%
 245  tr|A0A1S3AKZ5|A0A1S3AKZ5_ERIEU   97.66%    failed      0.88%
 246  tr|A0A1S3WTB2|A0A1S3WTB2_ERIEU   98.04%    failed      0.00%
 247  tr|A0A1S3AQX0|A0A1S3AQX0_ERIEU   97.92%    failed      0.25%
 248  tr|A0A1S3FRY4|A0A1S3FRY4_DIPOR   97.91%    passed     17.99%
 249  tr|A0A1S3GIB1|A0A1S3GIB1_DIPOR   97.94%    passed      7.03%
 250  tr|A0A1S3GW39|A0A1S3GW39_DIPOR   97.80%    failed      0.21%
 251  tr|A0A1S3QBN9|A0A1S3QBN9_SALSA   98.70%    failed      3.65%
 252  tr|A0A1S3S5K7|A0A1S3S5K7_SALSA   97.03%    passed      5.43%
 253  tr|A0A1S3PNQ2|A0A1S3PNQ2_SALSA   97.91%    passed     47.11%
 254  tr|A0A1S3R7Q2|A0A1S3R7Q2_SALSA   97.03%    failed      0.48%
 255  tr|A0A1S3NZX8|A0A1S3NZX8_SALSA   97.91%    passed     16.35%
 256  tr|A0A1S3QBP5|A0A1S3QBP5_SALSA   97.12%    passed     17.25%
 257  tr|B5XDW1|B5XDW1_SALSA           97.71%    failed      0.02%
 258  tr|B5XF89|B5XF89_SALSA           97.67%    failed      1.04%
 259  tr|A0A1A6G264|A0A1A6G264_NEOLE   97.01%    passed      6.11%
 260  tr|A0A1A6HK19|A0A1A6HK19_NEOLE   98.37%    passed     70.14%
 261  tr|A0A1A6GL50|A0A1A6GL50_NEOLE   98.02%    failed      2.23%
 262  tr|A0A310TMX6|A0A310TMX6_XENLA   97.94%    passed     51.39%
 263  tr|A0A1L8EWM3|A0A1L8EWM3_XENLA   97.64%    passed      5.71%
 264  tr|A0A1L8FWS2|A0A1L8FWS2_XENLA   97.94%    passed     48.82%
 265  tr|A0A1L8EPI6|A0A1L8EPI6_XENLA   97.69%    passed      6.78%
 266  tr|A0A1L8EMD1|A0A1L8EMD1_XENLA   97.73%    failed      0.10%
 267  tr|A0A1L8ETQ4|A0A1L8ETQ4_XENLA   97.69%    failed      1.62%
 268  tr|A0A1U7U8M9|A0A1U7U8M9_CARSF   96.97%    failed      4.91%
 269  tr|A0A3Q0E0R9|A0A3Q0E0R9_CARSF   98.58%    passed     43.20%
 270  tr|A0A3Q0DY92|A0A3Q0DY92_CARSF   98.33%    passed     73.42%
 271  tr|A0A1U7RBZ3|A0A1U7RBZ3_ALLSI   97.63%    passed     45.49%
 272  tr|A0A1U7S6X8|A0A1U7S6X8_ALLSI   97.98%    passed     11.26%
 273  tr|A0A3Q0GAN6|A0A3Q0GAN6_ALLSI   97.55%    failed      0.00%
 274  tr|A0A1U7SA05|A0A1U7SA05_ALLSI   97.81%    passed     15.92%
 275  tr|A0A3Q0D9I4|A0A3Q0D9I4_MESAU   97.52%    passed     10.87%
 276  tr|A0A1U7QLU8|A0A1U7QLU8_MESAU   97.48%    failed      0.02%
 277  tr|A0A1V4JWR1|A0A1V4JWR1_PATFA   97.81%    passed     43.39%
 278  tr|A0A1V4JQR1|A0A1V4JQR1_PATFA   97.56%    passed     10.97%
 279  tr|A0A1V4JS36|A0A1V4JS36_PATFA   97.85%    failed      0.01%
 280  tr|A0A1V4K7A1|A0A1V4K7A1_PATFA   98.22%    passed     66.75%
 281  tr|A0A2I4BRD1|A0A2I4BRD1_9TELE   97.22%    failed      0.05%
 282  tr|A0A2I4CFQ3|A0A2I4CFQ3_9TELE   97.04%    failed      0.12%
 283  tr|A0A2I4CL53|A0A2I4CL53_9TELE   97.69%    passed      8.96%
 284  tr|A0A2I4CJZ2|A0A2I4CJZ2_9TELE   95.69%    failed      0.00%
 285  tr|A0A2I4C6J7|A0A2I4C6J7_9TELE   97.91%    failed      1.77%
 286  tr|A0A060XAV9|A0A060XAV9_ONCMY   97.12%    failed      2.24%
 287  tr|A0A060WEG1|A0A060WEG1_ONCMY   97.71%    failed      0.05%
 288  tr|A0A060XA72|A0A060XA72_ONCMY   97.87%    passed      6.06%
 289  tr|A0A060VVI4|A0A060VVI4_ONCMY   97.98%    failed      3.88%
 290  tr|A0A060WDM2|A0A060WDM2_ONCMY   97.67%    failed      2.00%
 291  tr|A0A060XDB4|A0A060XDB4_ONCMY   97.49%    passed     12.76%
 292  tr|A0A060ZQ18|A0A060ZQ18_ONCMY   98.05%    failed      0.97%
 293  tr|A0A218UTQ5|A0A218UTQ5_9PASE   97.29%    passed      7.94%
 294  tr|A0A218UMH4|A0A218UMH4_9PASE   97.53%    passed     38.98%
 295  tr|A0A218UIZ1|A0A218UIZ1_9PASE   97.98%    passed     41.48%
 296  tr|A0A226MIX5|A0A226MIX5_CALSU   97.53%    passed     17.46%
 297  tr|A0A226N2G0|A0A226N2G0_CALSU   97.98%    failed      3.72%
 298  tr|A0A226NWQ5|A0A226NWQ5_COLVI   97.98%    failed      4.20%
 299  tr|A0A226NT15|A0A226NT15_COLVI   97.53%    passed     25.96%
 300  tr|A0A2K5DLT3|A0A2K5DLT3_AOTNA   97.88%    passed     18.95%
 301  tr|A0A2K5F9A5|A0A2K5F9A5_AOTNA   97.48%    failed      0.02%
 302  tr|A0A2K5EVM7|A0A2K5EVM7_AOTNA   97.92%    failed      1.51%
 303  tr|A0A2K5R1E5|A0A2K5R1E5_CEBIM   97.57%    failed      0.09%
 304  tr|A0A2K5QDB2|A0A2K5QDB2_CEBIM   97.88%    passed      5.56%
 305  tr|A0A2K5RMH8|A0A2K5RMH8_CEBIM   97.92%    failed      1.60%
 306  tr|A0A2K5LG23|A0A2K5LG23_CERAT   97.55%    failed      0.87%
 307  tr|A0A2K5MYS6|A0A2K5MYS6_CERAT   97.92%    failed      1.06%
 308  tr|A0A2K5LBV9|A0A2K5LBV9_CERAT   97.88%    failed      3.42%
 309  tr|A0A2K5HA90|A0A2K5HA90_COLAP   97.88%    failed      3.55%
 310  tr|A0A2K5JHD0|A0A2K5JHD0_COLAP   97.92%    failed      1.06%
 311  tr|A0A2K5JXM5|A0A2K5JXM5_COLAP   96.97%    failed      0.25%
 312  tr|A0A2K5TKW9|A0A2K5TKW9_MACFA   97.48%    failed      0.46%
 313  tr|A0A2K5VU67|A0A2K5VU67_MACFA   97.59%    failed      0.68%
 314  tr|A0A2K5V4M1|A0A2K5V4M1_MACFA   96.42%    failed      0.00%
 315  tr|A0A2K6C8K8|A0A2K6C8K8_MACNE   97.55%    failed      0.87%
 316  tr|A0A2K6ECM7|A0A2K6ECM7_MACNE   97.92%    failed      1.06%
 317  tr|A0A2K6C7M6|A0A2K6C7M6_MACNE   97.88%    failed      1.67%
 318  tr|A0A2K5ZRE9|A0A2K5ZRE9_MANLE   97.88%    failed      4.60%
 319  tr|A0A2K5Y5N9|A0A2K5Y5N9_MANLE   98.18%    passed     17.24%
 320  tr|A0A2K5ZHK2|A0A2K5ZHK2_MANLE   96.97%    failed      0.19%
 321  tr|A0A2K6EI62|A0A2K6EI62_PROCO   97.92%    failed      0.00%
 322  tr|A0A2K6GZ14|A0A2K6GZ14_PROCO   97.88%    failed      0.89%
 323  tr|A0A2K6FYM8|A0A2K6FYM8_PROCO   97.49%    failed      0.13%
 324  tr|A0A2K6MDP4|A0A2K6MDP4_RHIBE   97.55%    failed      0.82%
 325  tr|A0A2K6L721|A0A2K6L721_RHIBE   97.88%    failed      2.85%
 326  tr|A0A2K6K6G1|A0A2K6K6G1_RHIBE   98.04%    failed      0.02%
 327  tr|A0A2K6RM81|A0A2K6RM81_RHIRO   97.55%    failed      0.82%
 328  tr|A0A2K6RRR0|A0A2K6RRR0_RHIRO   97.88%    failed      2.85%
 329  tr|A0A2K6QR80|A0A2K6QR80_RHIRO   97.92%    failed      0.37%
 330  tr|A0A2K6UZ07|A0A2K6UZ07_SAIBB   98.08%    passed      8.60%
 331  tr|A0A2K6U6T4|A0A2K6U6T4_SAIBB   98.16%    passed     36.05%
 332  tr|A0A2K6U5W5|A0A2K6U5W5_SAIBB   97.55%    failed      0.20%
 333  tr|A0A2I0U1N1|A0A2I0U1N1_LIMLA   98.01%    passed     33.52%
 334  tr|A0A2I0TB97|A0A2I0TB97_LIMLA   98.20%    passed     81.18%
 335  tr|A0A2P4S921|A0A2P4S921_BAMTH   98.49%    passed     14.92%
 336  tr|A0A2P4SXG2|A0A2P4SXG2_BAMTH   97.53%    passed     21.31%
 337  tr|A0A2R9CA45|A0A2R9CA45_PANPA   97.88%    failed      0.49%
 338  tr|A0A2R9BNU3|A0A2R9BNU3_PANPA   97.55%    failed      0.92%
 339  tr|A0A2R9B632|A0A2R9B632_PANPA   97.99%    failed      4.84%
 340  tr|A0A212CL08|A0A212CL08_CEREH   98.08%    passed     36.11%
 341  tr|A0A3P9PRE3|A0A3P9PRE3_POERE   97.97%    passed     75.87%
 342  tr|A0A3P9P364|A0A3P9P364_POERE   97.70%    passed      7.64%
 343  tr|A0A3P9NSK1|A0A3P9NSK1_POERE   97.52%    failed      0.23%
 344  tr|A0A3P9NX35|A0A3P9NX35_POERE   97.17%    failed      0.31%
 345  tr|A0A3P9PST3|A0A3P9PST3_POERE   97.98%    passed     77.70%
 346  tr|A0A2F0AXQ2|A0A2F0AXQ2_ESCRO   98.30%    passed     48.50%
 347  tr|A0A2F0BGD7|A0A2F0BGD7_ESCRO   97.99%    passed     20.57%
 348  tr|A0A6J3RVY5|A0A6J3RVY5_TURTR   97.88%    passed     14.31%
 349  tr|A0A6J3QNG3|A0A6J3QNG3_TURTR   97.52%    failed      0.04%
 350  tr|A0A2U4ADB6|A0A2U4ADB6_TURTR   97.92%    failed      0.01%
 351  tr|A0A2U3WKW5|A0A2U3WKW5_ODORO   97.91%    failed      3.97%
 352  tr|A0A2U3WNH3|A0A2U3WNH3_ODORO   97.53%    failed      0.55%
 353  tr|A0A2U3WN66|A0A2U3WN66_ODORO   97.92%    failed      2.01%
 354  tr|A0A7F8R229|A0A7F8R229_LEPWE   97.53%    failed      1.07%
 355  tr|A0A7F8PXS9|A0A7F8PXS9_LEPWE   98.16%    passed     27.36%
 356  tr|A0A2U3Z3J4|A0A2U3Z3J4_LEPWE   97.22%    passed      7.32%
 357  tr|A0A2U9CXI9|A0A2U9CXI9_SCOMX   97.88%    passed     18.05%
 358  tr|A0A2U9CAV5|A0A2U9CAV5_SCOMX   97.59%    failed      0.34%
 359  tr|A0A2U9C8I8|A0A2U9C8I8_SCOMX   98.67%    passed      5.98%
 360  tr|A0A2U9AW54|A0A2U9AW54_SCOMX   97.91%    failed      0.37%
 361  tr|A0A2U9CRC1|A0A2U9CRC1_SCOMX   97.04%    failed      0.00%
 362  tr|A0A2U9CPM0|A0A2U9CPM0_SCOMX   89.50%    failed      0.00%
 363  tr|A0A2Y9EB01|A0A2Y9EB01_TRIMA   97.88%    failed      2.03%
 364  tr|A0A2Y9RW52|A0A2Y9RW52_TRIMA   97.92%    passed     35.78%
 365  tr|A0A2Y9E5G1|A0A2Y9E5G1_TRIMA   97.97%    failed      0.48%
 366  tr|A0A2Y9GIP1|A0A2Y9GIP1_NEOSC   97.41%    failed      0.29%
 367  tr|A0A2Y9KK38|A0A2Y9KK38_ENHLU   97.90%    failed      0.57%
 368  tr|A0A2Y9J7D3|A0A2Y9J7D3_ENHLU   98.23%    passed     35.45%
 369  tr|A0A2Y9K6D4|A0A2Y9K6D4_ENHLU   97.29%    failed      0.02%
 370  tr|A0A2Y9MSA5|A0A2Y9MSA5_DELLE   97.92%    failed      0.03%
 371  tr|A0A2Y9PZW2|A0A2Y9PZW2_DELLE   97.88%    passed     17.05%
 372  tr|A0A2Y9LXU0|A0A2Y9LXU0_DELLE   97.52%    failed      0.03%
 373  tr|A0A455B437|A0A455B437_PHYMC   97.92%    failed      0.02%
 374  tr|A0A2Y9EH06|A0A2Y9EH06_PHYMC   97.14%    failed      0.00%
 375  tr|A0A455BB99|A0A455BB99_PHYMC   96.77%    failed      0.38%
 376  tr|A0A315V2H3|A0A315V2H3_GAMAF   95.54%    failed      0.00%
 377  tr|A0A315WAM8|A0A315WAM8_GAMAF   96.79%    failed      0.00%
 378  tr|A0A315VPD0|A0A315VPD0_GAMAF   97.98%    passed     24.69%
 379  tr|A0A315VEQ3|A0A315VEQ3_GAMAF   97.91%    failed      0.86%
 380  tr|A0A341BJX1|A0A341BJX1_NEOAA   97.88%    passed     15.04%
 381  tr|A0A341BGB0|A0A341BGB0_NEOAA   98.60%    passed     17.77%
 382  tr|A0A341C2D6|A0A341C2D6_NEOAA   98.23%    failed      2.96%
 383  tr|A0A3Q1C3Y2|A0A3Q1C3Y2_AMPOC   96.91%    failed      0.11%
 384  tr|A0A3Q1CEA4|A0A3Q1CEA4_AMPOC   97.69%    passed     45.29%
 385  tr|A0A3Q1BA59|A0A3Q1BA59_AMPOC   98.02%    failed      3.13%
 386  tr|A0A3Q1CZI6|A0A3Q1CZI6_AMPOC   97.19%    failed      0.01%
 387  tr|A0A3Q1ASI7|A0A3Q1ASI7_AMPOC   97.91%    failed      1.71%
 388  tr|A0A3Q1BB51|A0A3Q1BB51_AMPOC   98.49%    passed     26.48%
 389  tr|A0A3Q1G3G1|A0A3Q1G3G1_9TELE   97.91%    failed      0.60%
 390  tr|A0A3Q1GUS2|A0A3Q1GUS2_9TELE   97.90%    failed      0.00%
 391  tr|A0A3Q1F8J8|A0A3Q1F8J8_9TELE   98.09%    passed      6.31%
 392  tr|A0A3Q1GX92|A0A3Q1GX92_9TELE   97.69%    passed     35.15%
 393  tr|A0A3Q1FND4|A0A3Q1FND4_9TELE   97.19%    failed      0.02%
 394  tr|A0A3Q1FW50|A0A3Q1FW50_9TELE   97.03%    failed      0.13%
 395  tr|A0A3Q4HPS9|A0A3Q4HPS9_NEOBR   98.09%    passed     61.48%
 396  tr|A0A3Q4HRU5|A0A3Q4HRU5_NEOBR   97.91%    failed      1.68%
 397  tr|A0A3Q4MXY0|A0A3Q4MXY0_NEOBR   97.90%    failed      0.26%
 398  tr|A0A3Q4I4U2|A0A3Q4I4U2_NEOBR   97.69%    passed     14.31%
 399  tr|A0A3Q4I495|A0A3Q4I495_NEOBR   97.18%    failed      1.10%
 400  tr|A0A3Q4AR73|A0A3Q4AR73_MOLML   97.95%    failed      2.26%
 401  tr|A0A3Q3VYZ2|A0A3Q3VYZ2_MOLML   97.12%    failed      1.03%
 402  tr|A0A3Q3W5D6|A0A3Q3W5D6_MOLML   97.56%    failed      2.06%
 403  tr|A0A3Q3XK24|A0A3Q3XK24_MOLML   97.80%    failed      0.02%
 404  tr|A0A3Q4BVG2|A0A3Q4BVG2_MOLML   97.91%    failed      0.99%
 405  tr|A0A7N8XDQ6|A0A7N8XDQ6_9TELE   97.98%    failed      2.42%
 406  tr|A0A3Q3KVN6|A0A3Q3KVN6_9TELE   96.80%    failed      0.00%
 407  tr|A0A7N8WRL9|A0A7N8WRL9_9TELE   97.91%    passed      9.69%
 408  tr|A0A3Q3S8V5|A0A3Q3S8V5_9TELE   97.90%    passed     10.22%
 409  tr|A0A3Q3EN10|A0A3Q3EN10_9LABR   97.81%    passed      9.16%
 410  tr|A0A3Q3EBF8|A0A3Q3EBF8_9LABR   97.05%    failed      0.04%
 411  tr|A0A3Q3GXN5|A0A3Q3GXN5_9LABR   97.67%    passed     16.96%
 412  tr|A0A3Q3EW90|A0A3Q3EW90_9LABR   97.69%    failed      1.78%
 413  tr|A0A3Q3N7H4|A0A3Q3N7H4_9LABR   97.11%    failed      0.02%
 414  tr|A0A3Q3FFQ5|A0A3Q3FFQ5_9LABR   97.91%    failed      0.17%
 415  tr|A0A3Q3ENF6|A0A3Q3ENF6_9LABR   98.72%    failed      3.97%
 416  tr|A0A384D4J0|A0A384D4J0_URSMA   98.37%    passed     41.08%
 417  tr|A0A384CXR1|A0A384CXR1_URSMA   97.31%    failed      0.70%
 418  tr|A0A383ZSK9|A0A383ZSK9_BALAS   97.85%    failed      1.99%
 419  tr|A0A384AKL1|A0A384AKL1_BALAS   97.88%    passed      7.17%
 420  tr|A0A3Q3ERT5|A0A3Q3ERT5_KRYMA   97.97%    failed      0.18%
 421  tr|A0A3Q3B6T6|A0A3Q3B6T6_KRYMA   97.91%    passed     13.50%
 422  tr|A0A3Q3GSQ2|A0A3Q3GSQ2_KRYMA   97.17%    failed      0.03%
 423  tr|A0A3Q3BAC7|A0A3Q3BAC7_KRYMA   97.08%    failed      0.00%
 424  tr|A0A3Q3B7Y3|A0A3Q3B7Y3_KRYMA   96.79%    failed      0.52%
 425  tr|A0A3Q2UWL3|A0A3Q2UWL3_HAPBU   97.18%    failed      1.21%
 426  tr|A0A3Q2WAN4|A0A3Q2WAN4_HAPBU   96.65%    failed      0.15%
 427  tr|A0A3Q2VXD2|A0A3Q2VXD2_HAPBU   97.69%    passed     14.25%
 428  tr|A0A3Q2UYS8|A0A3Q2UYS8_HAPBU   97.85%    passed     37.58%
 429  tr|A0A3Q2WXQ3|A0A3Q2WXQ3_HAPBU   97.90%    passed     48.80%
 430  tr|A0A3Q2E2Y8|A0A3Q2E2Y8_CYPVA   97.85%    failed      1.35%
 431  tr|A0A3Q2G5E6|A0A3Q2G5E6_CYPVA   97.90%    passed     41.73%
 432  tr|A0A3Q2CBL6|A0A3Q2CBL6_CYPVA   98.35%    failed      0.61%
 433  tr|A0A3Q2EJN0|A0A3Q2EJN0_CYPVA   97.01%    failed      0.03%
 434  tr|A0A3Q2CVK1|A0A3Q2CVK1_CYPVA   97.12%    failed      0.15%
 435  tr|A0A7N6BRW8|A0A7N6BRW8_ANATE   97.91%    failed      2.84%
 436  tr|A0A3Q1I6M3|A0A3Q1I6M3_ANATE   97.90%    passed     14.64%
 437  tr|A0A3Q1H5R2|A0A3Q1H5R2_ANATE   97.18%    failed      0.01%
 438  tr|A0A7N6AGQ0|A0A7N6AGQ0_ANATE   97.69%    passed      7.46%
 439  tr|A0A7N5ZQ77|A0A7N5ZQ77_ANATE   97.12%    failed      0.05%
 440  tr|A0A3P8SMP8|A0A3P8SMP8_AMPPE   97.67%    passed     53.56%
 441  tr|A0A3P8RPC6|A0A3P8RPC6_AMPPE   98.30%    failed      0.11%
 442  tr|A0A3P8T4D1|A0A3P8T4D1_AMPPE   96.91%    failed      0.07%
 443  tr|A0A3P8TN28|A0A3P8TN28_AMPPE   97.76%    failed      0.13%
 444  tr|A0A3P8TN00|A0A3P8TN00_AMPPE   97.19%    failed      0.01%
 445  tr|A0A3P8T0V1|A0A3P8T0V1_AMPPE   97.91%    failed      2.47%
 446  tr|A0A3P8SHH8|A0A3P8SHH8_AMPPE   97.91%    passed     16.15%
 447  tr|A0A3P8WWI2|A0A3P8WWI2_CYNSE   97.90%    passed      8.86%
 448  tr|A0A3P8WG28|A0A3P8WG28_CYNSE   98.29%    passed     16.64%
 449  tr|A0A3P8WI63|A0A3P8WI63_CYNSE   98.04%    failed      0.62%
 450  tr|A0A3P8UST2|A0A3P8UST2_CYNSE   97.80%    failed      1.81%
 451  tr|A0A3P8VHK5|A0A3P8VHK5_CYNSE   97.69%    passed     36.26%
 452  tr|A0A3P8V9T6|A0A3P8V9T6_CYNSE   97.97%    failed      0.31%
 453  tr|A0A3P8XD19|A0A3P8XD19_ESOLU   97.92%    failed      0.02%
 454  tr|A0A3P8YM75|A0A3P8YM75_ESOLU   98.12%    passed     13.43%
 455  tr|A0A3P8ZLQ0|A0A3P8ZLQ0_ESOLU   97.14%    failed      2.53%
 456  tr|A0A3P8YV73|A0A3P8YV73_ESOLU   96.91%    failed      1.80%
 457  tr|A0A3P8XLP3|A0A3P8XLP3_ESOLU   97.91%    passed     36.46%
 458  tr|A0A6Q2Z4S5|A0A6Q2Z4S5_ESOLU   97.28%    passed      5.36%
 459  tr|A0A3P9CB27|A0A3P9CB27_9CICH   97.91%    failed      1.68%
 460  tr|A0A3P9BQM4|A0A3P9BQM4_9CICH   97.18%    failed      1.43%
 461  tr|A0A3P9CBY0|A0A3P9CBY0_9CICH   98.32%    failed      4.78%
 462  tr|A0A3P9D751|A0A3P9D751_9CICH   96.65%    failed      0.48%
 463  tr|A0A3P9C0A2|A0A3P9C0A2_9CICH   97.69%    passed     14.89%
 464  tr|A0A3P9AUC7|A0A3P9AUC7_9CICH   97.91%    passed     47.62%
 465  tr|A0A340WS82|A0A340WS82_LIPVE   97.52%    failed      0.06%
 466  tr|A0A340WEP3|A0A340WEP3_LIPVE   97.94%    failed      3.26%
 467  tr|A0A340WTW8|A0A340WTW8_LIPVE   97.92%    failed      0.02%
 468  tr|A0A3M0JDD4|A0A3M0JDD4_HIRRU   97.98%    passed     25.43%
 469  tr|A0A3M0JLC2|A0A3M0JLC2_HIRRU   97.53%    passed     26.43%
 470  tr|A0A3M0JZJ4|A0A3M0JZJ4_HIRRU   97.42%    failed      1.72%
 471  tr|A0A3L8SM08|A0A3L8SM08_CHLGU   97.64%    failed      1.43%
 472  tr|A0A3L8RA59|A0A3L8RA59_CHLGU   97.53%    passed     11.78%
 473  tr|A0A3L8RW76|A0A3L8RW76_CHLGU   98.40%    passed     83.83%
 474  tr|A0A3N0YT82|A0A3N0YT82_ANAGA   97.84%    failed      1.22%
 475  tr|A0A3N0XH63|A0A3N0XH63_ANAGA   97.38%    failed      1.06%
 476  tr|A0A3N0YD98|A0A3N0YD98_ANAGA   96.83%    failed      0.00%
 477  tr|A0A3N0YHT4|A0A3N0YHT4_ANAGA   98.92%    passed      6.55%
 478  tr|A0A3S2MID8|A0A3S2MID8_ORYJA   97.12%    failed      0.08%
 479  tr|A0A437C569|A0A437C569_ORYJA   97.95%    passed     40.13%
 480  tr|A0A3S2MH03|A0A3S2MH03_ORYJA   96.62%    failed      0.08%
 481  tr|A0A437DJX5|A0A437DJX5_ORYJA   97.91%    passed     14.02%
 482  tr|A0A3S2PBZ0|A0A3S2PBZ0_ORYJA   95.61%    failed      0.00%
 483  tr|A0A3Q7RPJ1|A0A3Q7RPJ1_VULVU   97.92%    failed      3.37%
 484  tr|A0A3Q7RBT5|A0A3Q7RBT5_VULVU   97.53%    failed      0.02%
 485  tr|A0A3Q7RVP6|A0A3Q7RVP6_CALUR   97.92%    failed      1.73%
 486  tr|A0A3Q7MPE2|A0A3Q7MPE2_CALUR   97.91%    failed      3.97%
 487  tr|A0A3Q7N7W9|A0A3Q7N7W9_CALUR   97.53%    failed      0.48%
 488  tr|A0A3Q7X5G8|A0A3Q7X5G8_URSAR   97.91%    failed      2.30%
 489  tr|A0A3Q7VE73|A0A3Q7VE73_URSAR   97.92%    failed      1.43%
 490  tr|A0A3Q7W5Z8|A0A3Q7W5Z8_URSAR   97.53%    failed      0.06%
 491  tr|A0A401RWN7|A0A401RWN7_CHIPU   95.82%    failed      0.13%
 492  tr|A0A401T1K8|A0A401T1K8_CHIPU   98.30%    passed     42.67%
 493  tr|A0A401T7Z4|A0A401T7Z4_CHIPU   96.65%    failed      0.01%
 494  tr|A0A401NPF5|A0A401NPF5_SCYTO   97.60%    failed      0.05%
 495  tr|A0A401PQE4|A0A401PQE4_SCYTO   98.15%    passed     65.97%
 496  tr|A0A402FRP3|A0A402FRP3_9SAUR   97.90%    passed      7.34%
 497  tr|A0A402FPB2|A0A402FPB2_9SAUR   96.77%    failed      0.00%
 498  tr|A0A402FNZ6|A0A402FNZ6_9SAUR   98.11%    failed      0.01%
 499  tr|A0A444UGE6|A0A444UGE6_ACIRT   92.75%    failed      0.00%
 500  tr|A0A662YT14|A0A662YT14_ACIRT   97.84%    passed     12.03%
 501  tr|A0A444U0D4|A0A444U0D4_ACIRT   86.04%    failed      0.00%
 502  tr|A0A498N4H6|A0A498N4H6_LABRO   97.80%    passed     16.48%
 503  tr|A0A498M4U4|A0A498M4U4_LABRO   97.78%    failed      0.04%
 504  tr|A0A498N2Y6|A0A498N2Y6_LABRO   97.29%    passed     23.68%
 505  tr|A0A498N7Q1|A0A498N7Q1_LABRO   98.64%    passed     27.14%
 506  tr|A0A498NMC9|A0A498NMC9_LABRO   97.53%    failed      4.81%
 507  tr|A0A452E0G3|A0A452E0G3_CAPHI   97.52%    failed      0.50%
 508  tr|A0A452F7B8|A0A452F7B8_CAPHI   97.94%    passed     10.97%
 509  tr|A0A452EUZ2|A0A452EUZ2_CAPHI   98.12%    failed      3.76%
 510  tr|A0A452H1L4|A0A452H1L4_9SAUR   98.11%    failed      0.46%
 511  tr|A0A452GZL7|A0A452GZL7_9SAUR   95.71%    failed      0.00%
 512  tr|A0A452GY77|A0A452GY77_9SAUR   98.32%    passed      5.59%
 513  tr|A0A452IFR4|A0A452IFR4_9SAUR   97.80%    passed      9.14%
 514  tr|A0A452QUJ7|A0A452QUJ7_URSAM   97.92%    failed      1.43%
 515  tr|A0A452RCJ5|A0A452RCJ5_URSAM   98.08%    passed      6.58%
 516  tr|A0A452RCT5|A0A452RCT5_URSAM   98.60%    passed     14.45%
 517  tr|A0A484C663|A0A484C663_PERFV   97.69%    passed     42.17%
 518  tr|A0A484CW13|A0A484CW13_PERFV   97.90%    passed     13.39%
 519  tr|A0A484CM46|A0A484CM46_PERFV   96.63%    failed      0.01%
 520  tr|A0A484CW87|A0A484CW87_PERFV   97.94%    passed     25.28%
 521  tr|A0A484BYL8|A0A484BYL8_PERFV   97.91%    failed      4.19%
 522  tr|A0A484C2A5|A0A484C2A5_PERFV   96.69%    failed      0.00%
 523  tr|A0A484GX31|A0A484GX31_SOUCH   97.52%    failed      0.02%
 524  tr|R0KVG6|R0KVG6_ANAPL           98.84%    passed     68.56%
 525  tr|R0LNR6|R0LNR6_ANAPL           98.32%    passed     12.08%
 526  tr|A0A4D9EKB7|A0A4D9EKB7_9SAUR   97.77%    failed      0.04%
 527  tr|A0A4D9DLS7|A0A4D9DLS7_9SAUR   97.76%    passed     27.13%
 528  tr|A0A4D9ETW7|A0A4D9ETW7_9SAUR   94.95%    failed      0.00%
 529  tr|A0A4D9F285|A0A4D9F285_9SAUR   97.92%    passed     47.11%
 530  tr|A0A4U5TY44|A0A4U5TY44_COLLU   97.64%    failed      4.57%
 531  tr|A0A4U5TY97|A0A4U5TY97_COLLU   97.97%    passed     14.84%
 532  tr|A0A4U5U1I5|A0A4U5U1I5_COLLU   97.92%    failed      0.03%
 533  tr|A0A4U5VI24|A0A4U5VI24_COLLU   97.60%    passed     22.18%
 534  tr|A0A4U5U028|A0A4U5U028_COLLU   97.77%    passed     11.76%
 535  tr|A0A4U5VNC3|A0A4U5VNC3_COLLU   96.93%    failed      0.25%
 536  tr|A0A4U5TYQ8|A0A4U5TYQ8_COLLU   70.04%    failed      0.00%
 537  tr|A0A4U5TYP1|A0A4U5TYP1_COLLU   98.71%    passed     36.64%
 538  tr|A0A4U5TY83|A0A4U5TY83_COLLU   98.01%    passed     47.47%
 539  tr|A0A4U5U0I2|A0A4U5U0I2_COLLU   98.72%    failed      4.48%
 540  tr|A0A5N4E515|A0A5N4E515_CAMDR   96.97%    failed      0.00%
 541  tr|A0A5N4D1S5|A0A5N4D1S5_CAMDR   97.25%    failed      0.00%
 542  tr|A0A5N4DZJ5|A0A5N4DZJ5_CAMDR   97.45%    passed     32.82%
 543  tr|A0A5N4E4U9|A0A5N4E4U9_CAMDR   98.70%    passed     13.04%
 544  tr|A0A4U1FHH4|A0A4U1FHH4_MONMO   97.52%    failed      0.03%
 545  tr|A0A4U1F3W1|A0A4U1F3W1_MONMO   98.37%    passed     72.00%
 546  tr|A0A4U1EXC8|A0A4U1EXC8_MONMO   98.12%    failed      0.01%
 547  tr|A0A4Z2GY57|A0A4Z2GY57_9TELE   97.69%    passed     27.55%
 548  tr|A0A4Z2GM02|A0A4Z2GM02_9TELE   97.19%    failed      0.06%
 549  tr|A0A4Z2FA81|A0A4Z2FA81_9TELE   97.03%    failed      0.04%
 550  tr|A0A4Z2GEV9|A0A4Z2GEV9_9TELE   98.71%    passed     51.19%
 551  tr|A0A4Z2H5X9|A0A4Z2H5X9_9TELE   97.99%    passed      5.26%
 552  tr|A0A4Z2GUA5|A0A4Z2GUA5_9TELE   97.11%    failed      0.02%
 553  tr|A0A4W6GAQ2|A0A4W6GAQ2_LATCA   97.91%    passed     43.67%
 554  tr|A0A4W6F4Z2|A0A4W6F4Z2_LATCA   97.91%    passed      5.48%
 555  tr|A0A4W6C3U3|A0A4W6C3U3_LATCA   97.69%    passed     34.58%
 556  tr|A0A4W6E8X6|A0A4W6E8X6_LATCA   97.64%    failed      1.01%
 557  tr|A0A4W6FBV6|A0A4W6FBV6_LATCA   98.61%    passed     12.09%
 558  tr|A0A4W6CR63|A0A4W6CR63_LATCA   96.68%    failed      0.04%
 559  tr|A0A4W2DD69|A0A4W2DD69_BOBOX   97.92%    failed      0.18%
 560  tr|A0A4W2CH42|A0A4W2CH42_BOBOX   97.45%    failed      0.11%
 561  tr|A0A4W2EA07|A0A4W2EA07_BOBOX   97.90%    passed     13.22%
 562  tr|A0A4W5LB34|A0A4W5LB34_9TELE   98.46%    failed      1.58%
 563  tr|A0A4W5N7H0|A0A4W5N7H0_9TELE   97.91%    passed     54.34%
 564  tr|A0A4W5LQJ1|A0A4W5LQJ1_9TELE   97.67%    failed      0.14%
 565  tr|A0A4W5K4N9|A0A4W5K4N9_9TELE   97.73%    failed      0.00%
 566  tr|A0A4W5P0R1|A0A4W5P0R1_9TELE   97.91%    passed     23.56%
 567  tr|A0A4W5P725|A0A4W5P725_9TELE   97.04%    failed      0.20%
 568  tr|A0A4W5KPQ8|A0A4W5KPQ8_9TELE   97.27%    failed      0.27%
 569  tr|A0A4W5LZX3|A0A4W5LZX3_9TELE   97.81%    failed      0.45%
 570  tr|A0A4W4ELY9|A0A4W4ELY9_ELEEL   97.07%    failed      0.04%
 571  tr|A0A4W4GUE7|A0A4W4GUE7_ELEEL   97.87%    passed     30.50%
 572  tr|A0A4W4FEV7|A0A4W4FEV7_ELEEL   97.84%    failed      4.85%
 573  tr|A0A4W4H0C1|A0A4W4H0C1_ELEEL   97.53%    failed      0.74%
 574  tr|A0A4W3HMN5|A0A4W3HMN5_CALMI   96.35%    failed      0.02%
 575  tr|A0A4W3HIL4|A0A4W3HIL4_CALMI   98.16%    failed      0.00%
 576  tr|A0A4W3I1Z7|A0A4W3I1Z7_CALMI   97.43%    failed      2.68%
 577  tr|A0A4X2LAV7|A0A4X2LAV7_VOMUR   97.92%    failed      4.35%
 578  tr|A0A4X2M6T9|A0A4X2M6T9_VOMUR   97.88%    failed      4.77%
 579  tr|A0A4X2LSH5|A0A4X2LSH5_VOMUR   98.57%    passed      7.02%
 580  tr|A0A553QTC8|A0A553QTC8_9TELE   97.57%    failed      0.28%
 581  tr|A0A553NW07|A0A553NW07_9TELE   97.95%    failed      2.13%
 582  tr|A0A553R4I3|A0A553R4I3_9TELE   98.79%    passed     15.08%
 583  tr|A0A553NWQ9|A0A553NWQ9_9TELE   97.15%    failed      0.00%
 584  tr|A0A556VKE2|A0A556VKE2_BAGYA   97.32%    failed      1.32%
 585  tr|A0A556U1F4|A0A556U1F4_BAGYA   97.70%    failed      3.25%
 586  tr|A0A556UFN6|A0A556UFN6_BAGYA   87.05%    failed      0.00%
 587  tr|A0A5C6PLD8|A0A5C6PLD8_9TELE   98.53%    passed     25.04%
 588  tr|A0A5C6PM58|A0A5C6PM58_9TELE   97.98%    failed      0.00%
 589  tr|A0A5C6PNE2|A0A5C6PNE2_9TELE   97.95%    failed      0.00%
 590  tr|A0A5C6NU62|A0A5C6NU62_9TELE   97.66%    failed      2.78%
 591  tr|A0A5C6PTA7|A0A5C6PTA7_9TELE   97.49%    failed      0.05%
 592  tr|A0A5C6NUY3|A0A5C6NUY3_9TELE   97.71%    passed      7.48%
 593  tr|A0A5C6N9Z9|A0A5C6N9Z9_9TELE   97.01%    failed      0.00%
 594  tr|A0A5A9N8H8|A0A5A9N8H8_9TELE   97.10%    failed      0.34%
 595  tr|A0A5A9NZQ8|A0A5A9NZQ8_9TELE   97.99%    passed     17.12%
 596  tr|A0A5A9N7I2|A0A5A9N7I2_9TELE   97.99%    failed      4.29%
 597  tr|A0A5A9N7M4|A0A5A9N7M4_9TELE   97.07%    failed      0.14%
 598  tr|A0A5A9N5B2|A0A5A9N5B2_9TELE   96.89%    failed      1.43%
 599  tr|A0A5J5NAV9|A0A5J5NAV9_MUNRE   96.82%    failed      0.01%
 600  tr|A0A5N3XPW0|A0A5N3XPW0_MUNRE   98.12%    passed     39.25%
 601  tr|A0A5N3X0C2|A0A5N3X0C2_MUNRE   97.52%    failed      0.17%
 602  tr|A0A5N5MCL7|A0A5N5MCL7_9ROSI   91.99%    failed      0.00%
 603  tr|A0A5N5PAZ1|A0A5N5PAZ1_PANHP   97.90%    passed     24.00%
 604  tr|A0A5N5Q5L0|A0A5N5Q5L0_PANHP   97.52%    failed      0.00%
 605  tr|A0A5N5MES9|A0A5N5MES9_PANHP   97.04%    failed      0.02%
 606  tr|A0A5N5PCI6|A0A5N5PCI6_PANHP   97.49%    failed      2.42%
 607  tr|A0A5N5KRL1|A0A5N5KRL1_PANHP   97.53%    passed     12.18%
 608  tr|A0A5J5CW15|A0A5J5CW15_9PERO   97.59%    failed      0.22%
 609  tr|A0A5J5DJ11|A0A5J5DJ11_9PERO   94.43%    failed      0.29%
 610  tr|A0A5J5CGE5|A0A5J5CGE5_9PERO   98.05%    passed     69.95%
 611  tr|A0A5J5CCT7|A0A5J5CCT7_9PERO   96.27%    failed      0.04%
 612  tr|A0A5J5D717|A0A5J5D717_9PERO   98.44%    passed     22.73%
 613  tr|A0A5E4CPN5|A0A5E4CPN5_MARMO   98.37%    passed     43.00%
 614  tr|A0A5E4BB18|A0A5E4BB18_MARMO   97.52%    failed      0.11%
 615  tr|A0A5E4CAV8|A0A5E4CAV8_MARMO   97.69%    passed      5.59%
 616  tr|A0A485NZM3|A0A485NZM3_LYNPA   97.90%    failed      3.74%
 617  tr|A0A485MLW6|A0A485MLW6_LYNPA   97.53%    failed      0.03%
 618  tr|A0A6G0HXX8|A0A6G0HXX8_LARCR   96.93%    failed      0.97%
 619  tr|A0A6G0HW35|A0A6G0HW35_LARCR   97.07%    failed      0.00%
 620  tr|A0A6G0HM29|A0A6G0HM29_LARCR   97.69%    passed     30.45%
 621  tr|A0A643ASS8|A0A643ASS8_BALPH   98.82%    failed      4.91%
 622  tr|A0A643CBY0|A0A643CBY0_BALPH   98.60%    passed     17.77%
 623  tr|A0A6A1QDM1|A0A6A1QDM1_BALPH   97.99%    passed     22.20%
 624  tr|A0A6A5E176|A0A6A5E176_PERFL   97.91%    failed      3.34%
 625  tr|A0A6A5F4C8|A0A6A5F4C8_PERFL   97.87%    passed     12.23%
 626  tr|A0A6A5DNA7|A0A6A5DNA7_PERFL   97.69%    passed     38.05%
 627  tr|A0A6A5DWS7|A0A6A5DWS7_PERFL   96.63%    failed      0.01%
 628  tr|A0A6A5EHX0|A0A6A5EHX0_PERFL   96.70%    failed      0.00%
 629  tr|A0A6A5E1B7|A0A6A5E1B7_PERFL   97.90%    passed     10.10%
 630  tr|A0A671ELI0|A0A671ELI0_RHIFE   97.45%    passed      6.19%
 631  tr|A0A671DUB2|A0A671DUB2_RHIFE   97.92%    failed      2.25%
 632  tr|A0A671QFR6|A0A671QFR6_9TELE   97.71%    failed      0.01%
 633  tr|A0A671KN50|A0A671KN50_9TELE   97.97%    passed      6.27%
 634  tr|A0A671NH14|A0A671NH14_9TELE   97.08%    failed      0.09%
 635  tr|A0A671S5L1|A0A671S5L1_9TELE   97.29%    failed      1.17%
 636  tr|A0A671S0Y9|A0A671S0Y9_9TELE   97.29%    failed      0.84%
 637  tr|A0A671KYE7|A0A671KYE7_9TELE   97.70%    failed      0.38%
 638  tr|A0A671MLF4|A0A671MLF4_9TELE   97.31%    failed      1.71%
 639  tr|A0A669PHX8|A0A669PHX8_PHACC   97.81%    passed     26.13%
 640  tr|A0A669QJM0|A0A669QJM0_PHACC   97.92%    passed     21.21%
 641  tr|A0A669PVX0|A0A669PVX0_PHACC   97.53%    passed     32.61%
 642  tr|A0A672TG80|A0A672TG80_SINGR   98.47%    passed     55.55%
 643  tr|A0A672R5P4|A0A672R5P4_SINGR   97.71%    failed      0.02%
 644  tr|A0A672KDQ6|A0A672KDQ6_SINGR   98.68%    passed     11.53%
 645  tr|A0A672SH13|A0A672SH13_SINGR   97.08%    failed      1.97%
 646  tr|A0A672QUZ7|A0A672QUZ7_SINGR   97.70%    passed      7.64%
 647  tr|A0A672KZ62|A0A672KZ62_SINGR   97.29%    failed      1.07%
 648  tr|A0A672S3Y7|A0A672S3Y7_SINGR   97.31%    failed      0.81%
 649  tr|A0A672P441|A0A672P441_SINGR   97.71%    failed      0.24%
 650  tr|A0A667WKQ9|A0A667WKQ9_9TELE   97.22%    failed      0.56%
 651  tr|A0A668AAW0|A0A668AAW0_9TELE   97.04%    failed      0.01%
 652  tr|A0A668ALW2|A0A668ALW2_9TELE   98.06%    passed     19.67%
 653  tr|A0A667Z6N4|A0A667Z6N4_9TELE   98.46%    failed      0.29%
 654  tr|A0A668A9X6|A0A668A9X6_9TELE   97.41%    failed      0.06%
 655  tr|A0A667YRL1|A0A667YRL1_9TELE   97.88%    passed      8.52%
 656  tr|A0A665WJS8|A0A665WJS8_ECHNA   97.91%    failed      0.34%
 657  tr|A0A665VIC0|A0A665VIC0_ECHNA   97.62%    failed      0.29%
 658  tr|A0A665UUR7|A0A665UUR7_ECHNA   97.91%    passed     52.55%
 659  tr|A0A665X437|A0A665X437_ECHNA   97.69%    passed     11.47%
 660  tr|A0A665UEM9|A0A665UEM9_ECHNA   97.27%    failed      0.61%
 661  tr|A0A671XL10|A0A671XL10_SPAAU   95.85%    failed      0.02%
 662  tr|A0A671VV13|A0A671VV13_SPAAU   97.90%    passed     15.32%
 663  tr|A0A671XUY4|A0A671XUY4_SPAAU   96.68%    failed      0.00%
 664  tr|A0A671UUT8|A0A671UUT8_SPAAU   97.69%    passed     17.43%
 665  tr|A0A671Y8Z3|A0A671Y8Z3_SPAAU   97.91%    failed      1.14%
 666  tr|A0A672VAW9|A0A672VAW9_STRHB   97.98%    passed     28.87%
 667  tr|A0A672TT00|A0A672TT00_STRHB   97.81%    passed     30.72%
 668  tr|A0A672UJ83|A0A672UJ83_STRHB   97.17%    failed      2.55%
 669  tr|A0A672ITE8|A0A672ITE8_SALFA   97.01%    failed      0.00%
 670  tr|A0A672G396|A0A672G396_SALFA   97.80%    failed      1.62%
 671  tr|A0A672FNI3|A0A672FNI3_SALFA   96.69%    failed      0.00%
 672  tr|A0A672IAU8|A0A672IAU8_SALFA   98.05%    failed      0.70%
 673  tr|A0A672GLZ0|A0A672GLZ0_SALFA   97.69%    passed     74.30%
 674  tr|A0A672GDN0|A0A672GDN0_SALFA   97.97%    passed      5.10%
 675  tr|A0A673SYI3|A0A673SYI3_SURSU   96.56%    failed      0.00%
 676  tr|A0A673UQ78|A0A673UQ78_SURSU   97.53%    failed      0.84%
 677  tr|A0A673TH23|A0A673TH23_SURSU   97.92%    failed      0.00%
 678  tr|A0A663MIF0|A0A663MIF0_ATHCN   97.94%    passed     21.12%
 679  tr|A0A663M1Z5|A0A663M1Z5_ATHCN   98.40%    passed     62.72%
 680  tr|A0A673I8X6|A0A673I8X6_9TELE   97.97%    passed     17.21%
 681  tr|A0A673FNP9|A0A673FNP9_9TELE   97.31%    failed      0.29%
 682  tr|A0A673JPF9|A0A673JPF9_9TELE   97.08%    failed      1.85%
 683  tr|A0A673MWR3|A0A673MWR3_9TELE   97.70%    failed      0.03%
 684  tr|A0A673H7L4|A0A673H7L4_9TELE   98.25%    passed     80.18%
 685  tr|A0A673MR96|A0A673MR96_9TELE   98.74%    failed      3.81%
 686  tr|A0A673LRY9|A0A673LRY9_9TELE   97.71%    failed      0.04%
 687  tr|A0A673KBF4|A0A673KBF4_9TELE   97.80%    passed     38.25%
 688  tr|A0A673GLR1|A0A673GLR1_9TELE   97.08%    failed      0.06%
 689  tr|A0A673C5V1|A0A673C5V1_9TELE   97.91%    failed      3.97%
 690  tr|A0A673CNW6|A0A673CNW6_9TELE   97.69%    passed      6.64%
 691  tr|A0A672ZRK1|A0A672ZRK1_9TELE   96.75%    failed      0.00%
 692  tr|A0A673BHF8|A0A673BHF8_9TELE   97.07%    failed      0.04%
 693  tr|A0A673ADT2|A0A673ADT2_9TELE   97.90%    failed      1.63%
 694  tr|A0A670K0V9|A0A670K0V9_PODMU   95.12%    failed      0.00%
 695  tr|A0A670K8L8|A0A670K8L8_PODMU   98.68%    failed      3.89%
 696  tr|A0A670HVW8|A0A670HVW8_PODMU   97.92%    passed     74.36%
 697  tr|A0A670YMZ6|A0A670YMZ6_PSETE   97.90%    passed     34.49%
 698  tr|A0A670YE68|A0A670YE68_PSETE   97.94%    failed      2.67%
 699  tr|A0A670ZTL0|A0A670ZTL0_PSETE   97.52%    failed      0.39%
 700  tr|A0A674I7U1|A0A674I7U1_TERCA   97.45%    failed      0.31%
 701  tr|A0A674IZD4|A0A674IZD4_TERCA   98.71%    passed     30.38%
 702  tr|A0A674IT30|A0A674IT30_TERCA   97.81%    passed     17.86%
 703  tr|A0A674I483|A0A674I483_TERCA   97.77%    failed      0.09%
 704  tr|A0A674IGS8|A0A674IGS8_TERCA   97.70%    passed     61.90%
 705  tr|A0A663F5E2|A0A663F5E2_AQUCH   97.80%    passed     32.89%
 706  tr|A0A663DNN7|A0A663DNN7_AQUCH   97.69%    failed      0.00%
 707  tr|A0A663DP49|A0A663DP49_AQUCH   97.53%    passed     25.38%
 708  tr|A0A663F9U5|A0A663F9U5_AQUCH   98.26%    passed     63.01%
 709  tr|A0A668SHW6|A0A668SHW6_OREAU   98.56%    passed     49.19%
 710  tr|A0A668RWE3|A0A668RWE3_OREAU   97.91%    passed     45.67%
 711  tr|A0A668SL23|A0A668SL23_OREAU   97.42%    failed      0.12%
 712  tr|A0A668T9R7|A0A668T9R7_OREAU   97.69%    passed     14.18%
 713  tr|A0A668UFW5|A0A668UFW5_OREAU   97.91%    failed      4.72%
 714  tr|A0A673WAR4|A0A673WAR4_SALTR   97.03%    failed      0.21%
 715  tr|A0A674D681|A0A674D681_SALTR   97.97%    failed      0.88%
 716  tr|A0A674ATF8|A0A674ATF8_SALTR   97.71%    failed      1.28%
 717  tr|A0A674ASX6|A0A674ASX6_SALTR   97.73%    failed      0.04%
 718  tr|A0A673XQD3|A0A673XQD3_SALTR   97.91%    passed     45.20%
 719  tr|A0A673ZPP2|A0A673ZPP2_SALTR   97.01%    failed      3.72%
 720  tr|A0A673XE75|A0A673XE75_SALTR   97.91%    passed     16.35%
 721  tr|A0A673XK30|A0A673XK30_SALTR   97.67%    failed      1.04%
 722  tr|A0A673Y789|A0A673Y789_SALTR   97.48%    failed      0.73%
 723  tr|A0A6G1AEP2|A0A6G1AEP2_CROCR   98.25%    passed     34.35%
 724  tr|A0A6G1AV94|A0A6G1AV94_CROCR   98.12%    passed     13.27%
 725  tr|A0A6G1BF92|A0A6G1BF92_CROCR   97.78%    failed      0.00%
 726  tr|A0A6F9BZI2|A0A6F9BZI2_9TELE   98.61%    passed      6.96%
 727  tr|A0A6F9AV52|A0A6F9AV52_9TELE   89.93%    failed      0.00%
 728  tr|A0A6F8ZMC1|A0A6F8ZMC1_9TELE   97.83%    failed      1.38%
 729  tr|A0A6F9CDB7|A0A6F9CDB7_9TELE   97.94%    failed      4.67%
 730  tr|A0A6G1QCU3|A0A6G1QCU3_9TELE   97.15%    failed      0.04%
 731  tr|A0A6G1PEJ6|A0A6G1PEJ6_9TELE   97.91%    failed      3.05%
 732  tr|A0A6G1PXR9|A0A6G1PXR9_9TELE   97.98%    passed     45.06%
 733  tr|A0A6G1QLI0|A0A6G1QLI0_9TELE   97.69%    passed     15.38%
 734  tr|A0A6G1PXN4|A0A6G1PXN4_9TELE   98.05%    passed     50.82%
 735  tr|A0A6I9L4N4|A0A6I9L4N4_PERMB   97.94%    failed      2.22%
 736  tr|A0A6I9MF15|A0A6I9MF15_PERMB   97.43%    failed      0.01%
 737  tr|A0A6I9M740|A0A6I9M740_PERMB   97.92%    passed     35.33%
 738  tr|A0A6I9HTH7|A0A6I9HTH7_GEOFO   97.53%    passed      9.36%
 739  tr|A0A6I9HPP4|A0A6I9HPP4_GEOFO   98.11%    passed     31.79%
 740  tr|A0A6J3AJD4|A0A6J3AJD4_VICPA   97.81%    failed      0.06%
 741  tr|A0A6I9HY06|A0A6I9HY06_VICPA   97.19%    passed     13.81%
 742  tr|A0A6I9IMR3|A0A6I9IMR3_VICPA   97.17%    failed      3.19%
 743  tr|A0A6I9MQ35|A0A6I9MQ35_9TELE   98.78%    passed     41.29%
 744  tr|A0A6I9MU79|A0A6I9MU79_9TELE   97.69%    passed     12.75%
 745  tr|A0A6I9MX09|A0A6I9MX09_9TELE   96.96%    failed      0.55%
 746  tr|A0A6I9P6A6|A0A6I9P6A6_9TELE   97.91%    failed      3.84%
 747  tr|A0A6J1V720|A0A6J1V720_9SAUR   97.43%    failed      0.33%
 748  tr|A0A6J1UD97|A0A6J1UD97_9SAUR   97.94%    failed      2.14%
 749  tr|A0A6J1V1C2|A0A6J1V1C2_9SAUR   97.83%    passed     19.02%
 750  tr|A0A6J0X494|A0A6J0X494_ODOVR   97.52%    failed      0.17%
 751  tr|A0A6J0XHQ9|A0A6J0XHQ9_ODOVR   97.90%    passed     19.30%
 752  tr|A0A6I9YU57|A0A6I9YU57_9SAUR   97.52%    failed      0.08%
 753  tr|A0A6I9XR78|A0A6I9XR78_9SAUR   97.83%    passed     20.41%
 754  tr|A0A6J0TW13|A0A6J0TW13_9SAUR   97.38%    failed      0.28%
 755  tr|A0A6J0TXH4|A0A6J0TXH4_9SAUR   96.63%    failed      0.69%
 756  tr|A0A6J0U492|A0A6J0U492_9SAUR   96.58%    failed      0.00%
 757  tr|A0A6I9JXR2|A0A6I9JXR2_CHRAS   97.97%    passed      7.91%
 758  tr|A0A6I9IYK1|A0A6I9IYK1_CHRAS   97.53%    failed      0.89%
 759  tr|A0A6J1YCH6|A0A6J1YCH6_ACIJB   97.99%    failed      0.71%
 760  tr|A0A6J1YJH4|A0A6J1YJH4_ACIJB   97.11%    failed      0.00%
 761  tr|A0A6J1YAL8|A0A6J1YAL8_ACIJB   97.90%    passed      6.47%
 762  tr|A0A7R5KLL7|A0A7R5KLL7_9PASS   97.63%    failed      2.26%
 763  tr|A0A6J2HHJ0|A0A6J2HHJ0_9PASS   97.81%    passed     41.22%
 764  tr|A0A6J2ITR5|A0A6J2ITR5_9PASS   97.53%    passed     17.50%
 765  tr|A0A6J2MBT5|A0A6J2MBT5_9CHIR   97.22%    failed      0.43%
 766  tr|A0A7E6DHN3|A0A7E6DHN3_9CHIR   97.92%    failed      0.03%
 767  tr|A0A6J2RSF7|A0A6J2RSF7_COTGO   97.00%    failed      0.01%
 768  tr|A0A6J2RYH2|A0A6J2RYH2_COTGO   97.95%    failed      0.83%
 769  tr|A0A6J2RXL8|A0A6J2RXL8_COTGO   97.91%    passed     16.46%
 770  tr|A0A6J2RSJ7|A0A6J2RSJ7_COTGO   97.41%    passed     31.32%
 771  tr|A0A6J2R8P2|A0A6J2R8P2_COTGO   97.91%    passed      6.07%
 772  tr|A0A6J2QAZ9|A0A6J2QAZ9_COTGO   96.68%    failed      0.03%
 773  tr|A0A6J2V0S9|A0A6J2V0S9_CHACN   97.69%    failed      1.43%
 774  tr|A0A6J2V2Z5|A0A6J2V2Z5_CHACN   96.86%    failed      0.35%
 775  tr|A0A6J2WZY7|A0A6J2WZY7_CHACN   96.79%    failed      0.00%
 776  tr|A0A6J2WBK0|A0A6J2WBK0_CHACN   97.91%    passed     33.93%
 777  tr|A0A6J3E9G0|A0A6J3E9G0_AYTFU   97.60%    passed     16.30%
 778  tr|A0A6J3DAF1|A0A6J3DAF1_AYTFU   97.98%    failed      3.94%
 779  tr|A0A6J3CN52|A0A6J3CN52_AYTFU   97.74%    passed     19.25%
 780  tr|A0A6J3F3S2|A0A6J3F3S2_SAPAP   97.92%    passed      6.23%
 781  tr|A0A6J3HT23|A0A6J3HT23_SAPAP   97.92%    failed      1.60%
 782  tr|A0A6J3HZN5|A0A6J3HZN5_SAPAP   97.55%    failed      0.16%
 783  tr|A0A6P6MKX6|A0A6P6MKX6_CARAU   97.70%    failed      0.29%
 784  tr|A0A6P6K1M0|A0A6P6K1M0_CARAU   97.08%    failed      0.78%
 785  tr|A0A6P6Q0N1|A0A6P6Q0N1_CARAU   96.77%    passed      8.41%
 786  tr|A0A6P6J810|A0A6P6J810_CARAU   97.60%    failed      0.06%
 787  tr|A0A6P6Q2C1|A0A6P6Q2C1_CARAU   97.97%    passed      8.02%
 788  tr|A0A6P6P0G8|A0A6P6P0G8_CARAU   98.64%    failed      1.21%
 789  tr|A0A6P6PG47|A0A6P6PG47_CARAU   98.84%    passed     28.43%
 790  tr|A0A6P6JFA8|A0A6P6JFA8_CARAU   97.71%    failed      0.17%
 791  tr|A0A6P6P1T0|A0A6P6P1T0_CARAU   97.60%    failed      0.29%
 792  tr|A0A6P6P1A1|A0A6P6P1A1_CARAU   97.08%    failed      0.58%
 793  tr|A0A6P6JAT6|A0A6P6JAT6_CARAU   97.71%    failed      0.06%
 794  tr|A0A6P6KQV2|A0A6P6KQV2_CARAU   97.97%    failed      3.04%
 795  tr|A0A6P6PC52|A0A6P6PC52_CARAU   97.12%    failed      0.99%
 796  tr|A0A6P6IDQ8|A0A6P6IDQ8_PUMCO   98.44%    failed      0.00%
 797  tr|A0A6P5DGS4|A0A6P5DGS4_BOSIN   97.52%    failed      0.46%
 798  tr|A0A6P5B9J7|A0A6P5B9J7_BOSIN   97.94%    failed      0.13%
 799  tr|A0A6P5BC10|A0A6P5BC10_BOSIN   97.90%    passed     13.22%
 800  tr|A0A6P4Y4U3|A0A6P4Y4U3_BRABE   97.70%    failed      0.01%
 801  tr|A0A6P4YAD6|A0A6P4YAD6_BRABE   98.01%    failed      0.14%
 802  tr|A0A6P4Y4W9|A0A6P4Y4W9_BRABE   97.52%    failed      0.00%
 803  tr|A0A6P4ZVM0|A0A6P4ZVM0_BRABE   98.05%    passed     50.65%
 804  tr|A0A6P4Y4X1|A0A6P4Y4X1_BRABE   97.60%    failed      0.66%
 805  tr|A0A6P5IYM8|A0A6P5IYM8_PHACI   97.95%    passed     14.48%
 806  tr|A0A6P5J536|A0A6P5J536_PHACI   97.45%    passed      5.16%
 807  tr|A0A6P5J9L9|A0A6P5J9L9_PHACI   97.88%    passed      6.81%
 808  tr|A0A6P7H2P6|A0A6P7H2P6_9TELE   97.90%    passed     25.11%
 809  tr|A0A6P7KC19|A0A6P7KC19_9TELE   96.96%    failed      0.00%
 810  tr|A0A6P7IQB0|A0A6P7IQB0_9TELE   97.21%    failed      0.01%
 811  tr|A0A6P7KFX4|A0A6P7KFX4_9TELE   97.69%    passed     12.98%
 812  tr|A0A6P7H3P4|A0A6P7H3P4_9TELE   97.71%    passed     20.76%
 813  tr|A0A6P7HMI3|A0A6P7HMI3_9TELE   97.91%    passed      8.41%
 814  tr|A0A6P7LDU9|A0A6P7LDU9_BETSP   98.06%    passed     15.31%
 815  tr|A0A6P7LG26|A0A6P7LG26_BETSP   97.91%    passed     26.30%
 816  tr|A0A6P7L9Q3|A0A6P7L9Q3_BETSP   97.10%    failed      0.00%
 817  tr|A0A6P7N2U7|A0A6P7N2U7_BETSP   96.82%    failed      0.00%
 818  tr|A0A6P7KWG9|A0A6P7KWG9_BETSP   97.91%    failed      2.02%
 819  tr|A0A6P7M965|A0A6P7M965_BETSP   97.69%    passed     45.16%
 820  tr|A0A6P8EVC1|A0A6P8EVC1_CLUHA   97.99%    failed      0.09%
 821  tr|A0A6P3VQW1|A0A6P3VQW1_CLUHA   97.91%    passed     27.96%
 822  tr|A0A6P8ELJ2|A0A6P8ELJ2_CLUHA   96.55%    failed      0.09%
 823  tr|A0A6P3VRA1|A0A6P3VRA1_CLUHA   97.70%    failed      0.37%
 824  tr|A0A6P3VUZ6|A0A6P3VUZ6_CLUHA   96.77%    passed      6.07%
 825  tr|A0A6P7YKE4|A0A6P7YKE4_9AMPH   98.01%    passed     26.13%
 826  tr|A0A6P7ZU47|A0A6P7ZU47_9AMPH   97.46%    passed     25.20%
 827  tr|A0A6P7YAS3|A0A6P7YAS3_9AMPH   97.78%    passed      7.08%
 828  tr|A0A6P9BWD5|A0A6P9BWD5_PANGU   96.96%    failed      0.02%
 829  tr|A0A6P9BN63|A0A6P9BN63_PANGU   97.83%    passed     17.36%
 830  tr|A0A6P9CCS4|A0A6P9CCS4_PANGU   97.94%    passed      7.29%
 831  tr|A0A6P8PQ93|A0A6P8PQ93_GEOSA   97.78%    failed      3.79%
 832  tr|A0A6P8NRH6|A0A6P8NRH6_GEOSA   97.32%    failed      3.75%
 833  tr|A0A6P8QVY2|A0A6P8QVY2_GEOSA   97.92%    passed     18.74%
 834  tr|A0A6P8TUJ0|A0A6P8TUJ0_GYMAC   97.67%    passed     10.26%
 835  tr|A0A6P8V8T4|A0A6P8V8T4_GYMAC   97.01%    failed      0.00%
 836  tr|A0A6P8U187|A0A6P8U187_GYMAC   97.91%    failed      4.26%
 837  tr|A0A6P8TKT2|A0A6P8TKT2_GYMAC   97.92%    passed     34.19%
 838  tr|A0A6P8UEF4|A0A6P8UEF4_GYMAC   96.80%    failed      0.03%
 839  tr|A0A6P6BX37|A0A6P6BX37_PTEVA   97.41%    failed      0.14%
 840  tr|A0A6P3S1G8|A0A6P3S1G8_PTEVA   98.68%    failed      3.43%
 841  tr|A0A6P3F2C3|A0A6P3F2C3_OCTDE   97.95%    passed     14.74%
 842  tr|A0A6P6ENG3|A0A6P6ENG3_OCTDE   97.78%    failed      0.09%
 843  tr|A0A6P6F080|A0A6P6F080_OCTDE   97.69%    failed      0.00%
 844  tr|A0A6P3JAG0|A0A6P3JAG0_BISBI   96.73%    failed      0.00%
 845  tr|A0A6P3GLH5|A0A6P3GLH5_BISBI   97.90%    passed     13.22%
 846  tr|A0A6P3HEZ9|A0A6P3HEZ9_BISBI   97.53%    failed      0.61%
WARNING: 846 sequences contain more than 50% gaps/ambiguity
****  TOTAL                            97.58%  484 sequences failed composition chi2 test (p-value<5%; df=19)
NOTE: tr|H2QJP7|H2QJP7_PANTR is identical to tr|G3RNM5|G3RNM5_GORGO but kept for subsequent analysis
NOTE: tr|A0A2R9BNU3|A0A2R9BNU3_PANPA is identical to tr|K7CT11|K7CT11_PANTR but kept for subsequent analysis
NOTE: tr|A0A2R9CA45|A0A2R9CA45_PANPA is identical to tr|H2QUJ3|H2QUJ3_PANTR but kept for subsequent analysis
NOTE: tr|A0A668SHW6|A0A668SHW6_OREAU is identical to tr|I3KNW0|I3KNW0_ORENI but kept for subsequent analysis
NOTE: tr|A0A668UFW5|A0A668UFW5_OREAU is identical to tr|I3K6S9|I3K6S9_ORENI but kept for subsequent analysis
NOTE: tr|A0A2K5LG23|A0A2K5LG23_CERAT is identical to tr|F6UGD5|F6UGD5_MACMU but kept for subsequent analysis
NOTE: tr|A0A2K5VU67|A0A2K5VU67_MACFA is identical to tr|A0A5F7ZVL5|A0A5F7ZVL5_MACMU but kept for subsequent analysis
NOTE: tr|A0A6P5DGS4|A0A6P5DGS4_BOSIN is identical to tr|A6H7J8|A6H7J8_BOVIN but kept for subsequent analysis
NOTE: tr|A0A2K5MYS6|A0A2K5MYS6_CERAT is identical to tr|A0A0D9R1A1|A0A0D9R1A1_CHLSB but kept for subsequent analysis
NOTE: tr|A0A1U7S6X8|A0A1U7S6X8_ALLSI is identical to tr|A0A151N9W0|A0A151N9W0_ALLMI but kept for subsequent analysis
NOTE: tr|A0A093Q200|A0A093Q200_9PASS is identical to tr|A0A091JMH8|A0A091JMH8_EGRGA but kept for subsequent analysis
NOTE: tr|A0A093NAL1|A0A093NAL1_PYGAD is identical to tr|A0A087QRY2|A0A087QRY2_APTFO but kept for subsequent analysis
NOTE: tr|A0A091LUY6|A0A091LUY6_CARIC is identical to tr|A0A091LBN6|A0A091LBN6_CATAU but kept for subsequent analysis
NOTE: tr|A0A673XE75|A0A673XE75_SALTR is identical to tr|A0A1S3NZX8|A0A1S3NZX8_SALSA but kept for subsequent analysis
NOTE: tr|A0A673XK30|A0A673XK30_SALTR is identical to tr|B5XF89|B5XF89_SALSA but kept for subsequent analysis
NOTE: tr|A0A6J3HT23|A0A6J3HT23_SAPAP is identical to tr|A0A2K5RMH8|A0A2K5RMH8_CEBIM but kept for subsequent analysis
NOTE: tr|A0A2K6RM81|A0A2K6RM81_RHIRO is identical to tr|A0A2K6MDP4|A0A2K6MDP4_RHIBE but kept for subsequent analysis
NOTE: tr|A0A2K6RRR0|A0A2K6RRR0_RHIRO is identical to tr|A0A2K6L721|A0A2K6L721_RHIBE but kept for subsequent analysis
NOTE: tr|A0A3Q7MPE2|A0A3Q7MPE2_CALUR is identical to tr|A0A2U3WKW5|A0A2U3WKW5_ODORO but kept for subsequent analysis
NOTE: tr|A0A4U1FHH4|A0A4U1FHH4_MONMO is identical to tr|A0A2Y9LXU0|A0A2Y9LXU0_DELLE but kept for subsequent analysis
NOTE: tr|A0A643CBY0|A0A643CBY0_BALPH is identical to tr|A0A341BGB0|A0A341BGB0_NEOAA but kept for subsequent analysis
NOTE: tr|A0A3P9CB27|A0A3P9CB27_9CICH is identical to tr|A0A3Q4HRU5|A0A3Q4HRU5_NEOBR but kept for subsequent analysis
NOTE: tr|A0A452QUJ7|A0A452QUJ7_URSAM is identical to tr|A0A3Q7VE73|A0A3Q7VE73_URSAR but kept for subsequent analysis
NOTE: tr|A0A6P5BC10|A0A6P5BC10_BOSIN is identical to tr|A0A4W2EA07|A0A4W2EA07_BOBOX but kept for subsequent analysis
NOTE: tr|A0A6J0X494|A0A6J0X494_ODOVR is identical to tr|A0A5N3X0C2|A0A5N3X0C2_MUNRE but kept for subsequent analysis
NOTE: 8 identical sequences (see below) will be ignored for subsequent analysis
NOTE: tr|A0A2K6C8K8|A0A2K6C8K8_MACNE (identical to tr|F6UGD5|F6UGD5_MACMU) is ignored but added at the end
NOTE: tr|A0A2K5JHD0|A0A2K5JHD0_COLAP (identical to tr|A0A0D9R1A1|A0A0D9R1A1_CHLSB) is ignored but added at the end
NOTE: tr|A0A2K6ECM7|A0A2K6ECM7_MACNE (identical to tr|A0A0D9R1A1|A0A0D9R1A1_CHLSB) is ignored but added at the end
NOTE: tr|A0A091VBR4|A0A091VBR4_NIPNI (identical to tr|A0A091JMH8|A0A091JMH8_EGRGA) is ignored but added at the end
NOTE: tr|A0A091WHW9|A0A091WHW9_OPIHO (identical to tr|A0A091JMH8|A0A091JMH8_EGRGA) is ignored but added at the end
NOTE: tr|A0A091U3T0|A0A091U3T0_PELCR (identical to tr|A0A091JMH8|A0A091JMH8_EGRGA) is ignored but added at the end
NOTE: tr|A0A091PI26|A0A091PI26_HALAL (identical to tr|A0A091JMH8|A0A091JMH8_EGRGA) is ignored but added at the end
NOTE: tr|A0A6P3GLH5|A0A6P3GLH5_BISBI (identical to tr|A0A4W2EA07|A0A4W2EA07_BOBOX) is ignored but added at the end
Alignment was printed to ramp1_iqtree_boostrap_modelfinder.uniqueseq.phy

For your convenience alignment with unique sequences printed to ramp1_iqtree_boostrap_modelfinder.uniqueseq.phy


Create initial parsimony tree by phylogenetic likelihood library (PLL)... 1.860 seconds
Measuring multi-threading efficiency up to 24 CPU cores
2 trees examined
Threads: 1 / Time: 27.474 sec / Speedup: 1.000 / Efficiency: 100% / LogL: -299966
Threads: 2 / Time: 14.108 sec / Speedup: 1.947 / Efficiency: 97% / LogL: -299966
Threads: 3 / Time: 9.662 sec / Speedup: 2.844 / Efficiency: 95% / LogL: -299966
Threads: 4 / Time: 7.356 sec / Speedup: 3.735 / Efficiency: 93% / LogL: -299966
Threads: 5 / Time: 5.816 sec / Speedup: 4.724 / Efficiency: 94% / LogL: -299966
Threads: 6 / Time: 5.032 sec / Speedup: 5.459 / Efficiency: 91% / LogL: -299966
Threads: 7 / Time: 4.496 sec / Speedup: 6.111 / Efficiency: 87% / LogL: -299966
Threads: 8 / Time: 5.066 sec / Speedup: 5.423 / Efficiency: 68% / LogL: -299966
BEST NUMBER OF THREADS: 7

Perform fast likelihood tree search using LG+I+G model...
Estimate model parameters (epsilon = 5.000)
Perform nearest neighbor interchange...
Estimate model parameters (epsilon = 1.000)
1. Initial log-likelihood: -139528.649
2. Current log-likelihood: -139524.522
3. Current log-likelihood: -139521.739
4. Current log-likelihood: -139519.666
5. Current log-likelihood: -139518.055
6. Current log-likelihood: -139516.768
7. Current log-likelihood: -139515.724
Optimal log-likelihood: -139514.873
Proportion of invariable sites: 0.003
Gamma shape alpha: 1.146
Parameters optimization took 7 rounds (35.659 sec)
Time for fast ML tree search: 176.373 seconds

NOTE: ModelFinder requires 4057 MB RAM!
ModelFinder will test up to 546 protein models (sample size: 7130) ...
 No. Model         -LnL         df  AIC          AICc         BIC
  1  LG            144255.462   1673 291856.925   292883.538   303353.892
  2  LG+I          144254.103   1674 291856.206   292884.236   303360.046
  3  LG+G4         139510.856   1674 282369.713   283397.742   293873.552
  4  LG+I+G4       139511.278   1675 282372.556   283402.003   293883.268
  5  LG+R2         140385.276   1675 284120.552   285149.999   295631.264
  6  LG+R3         139572.398   1677 282498.795   283531.079   294023.251
  7  LG+R4         139341.693   1679 282041.387   283076.513   293579.586
  8  LG+R5         139205.089   1681 281772.178   282810.152   293324.122
  9  LG+R6         139127.671   1683 281621.341   282662.168   293187.029
 10  LG+R7         139077.127   1685 281524.254   282567.939   293103.687
 11  LG+R8         139071.101   1687 281516.202   282562.750   293109.379
 23  LG+F+R7       140524.613   1704 284457.225   285528.311   296167.227
 24  LG+F+R8       140520.716   1706 284453.432   285527.429   296177.177
 36  WAG+R7        138187.631   1685 279745.262   280788.947   291324.694
 37  WAG+R8        138185.690   1687 279745.380   280791.928   291338.556
 49  WAG+F+R7      139438.169   1704 282284.338   283355.423   293994.339
 50  WAG+F+R8      139436.836   1706 282285.673   283359.670   294009.418
 62  JTT+R7        137279.151   1685 277928.302   278971.987   289507.734
 63  JTT+R8        137276.636   1687 277927.272   278973.819   289520.448
 75  JTT+F+R7      138567.084   1704 280542.168   281613.254   292252.169
 76  JTT+F+R8      138562.479   1706 280536.959   281610.955   292260.704
 88  JTTDCMut+R7   137330.435   1685 278030.869   279074.554   289610.301
 89  JTTDCMut+R8   137327.924   1687 278029.849   279076.396   289623.025
101  JTTDCMut+F+R7 138601.209   1704 280610.417   281681.503   292320.419
102  JTTDCMut+F+R8 138597.309   1706 280606.618   281680.615   292330.364
114  DCMut+R7      139849.145   1685 283068.290   284111.975   294647.722
115  DCMut+R8      139827.838   1687 283029.676   284076.223   294622.852
127  DCMut+F+R7    140436.630   1704 284281.259   285352.345   295991.261
128  DCMut+F+R8    140419.522   1706 284251.044   285325.041   295974.790
140  VT+R7         138020.559   1685 279411.119   280454.803   290990.551
141  VT+R8         138019.427   1687 279412.854   280459.402   291006.030
153  VT+F+R7       139399.240   1704 282206.480   283277.566   293916.481
154  VT+F+R8       139398.473   1706 282208.946   283282.943   293932.692
166  PMB+R7        138998.808   1685 281367.616   282411.301   292947.048
167  PMB+R8        138997.672   1687 281369.343   282415.891   292962.520
179  PMB+F+R7      140515.672   1704 284439.343   285510.429   296149.345
180  PMB+F+R8      140513.918   1706 284439.836   285513.833   296163.581
192  Blosum62+R7   139567.626   1685 282505.253   283548.938   294084.685
193  Blosum62+R8   139565.701   1687 282505.401   283551.949   294098.578
205  Blosum62+F+R7 140702.063   1704 284812.126   285883.212   296522.127
206  Blosum62+F+R8 140700.727   1706 284813.454   285887.451   296537.200
218  Dayhoff+R7    139854.634   1685 283079.268   284122.953   294658.700
219  Dayhoff+R8    139833.314   1687 283040.627   284087.175   294633.803
231  Dayhoff+F+R7  140443.239   1704 284294.478   285365.564   296004.480
232  Dayhoff+F+R8  140426.134   1706 284264.268   285338.264   295988.013
244  mtREV+R7      145243.892   1685 293857.785   294901.470   305437.217
245  mtREV+R8      145239.947   1687 293853.894   294900.442   305447.070
257  mtREV+F+R7    142074.950   1704 287557.900   288628.986   299267.901
258  mtREV+F+R8    142041.912   1706 287495.824   288569.820   299219.569
270  mtART+R7      149940.722   1685 303251.444   304295.129   314830.876
271  mtART+R8      149873.048   1687 303120.097   304166.644   314713.273
283  mtART+F+R7    145986.175   1704 295380.349   296451.435   307090.351
284  mtART+F+R8    145949.105   1706 295310.209   296384.206   307033.955
296  mtZOA+R7      145393.337   1685 294156.673   295200.358   305736.105
297  mtZOA+R8      145355.665   1687 294085.330   295131.878   305678.506
309  mtZOA+F+R7    143116.141   1704 289640.283   290711.369   301350.284
310  mtZOA+F+R8    143088.596   1706 289589.191   290663.188   301312.937
322  mtMet+R7      145005.740   1685 293381.481   294425.166   304960.913
323  mtMet+R8      144963.674   1687 293301.347   294347.895   304894.523
335  mtMet+F+R7    140874.625   1704 285157.249   286228.335   296867.251
336  mtMet+F+R8    140856.850   1706 285125.700   286199.697   296849.445
348  mtVer+R7      145215.978   1685 293801.955   294845.640   305381.387
349  mtVer+R8      145209.350   1687 293792.701   294839.248   305385.877
361  mtVer+F+R7    141985.291   1704 287378.582   288449.668   299088.583
362  mtVer+F+R8    141971.120   1706 287354.240   288428.237   299077.986
374  mtInv+R7      146634.309   1685 296638.618   297682.303   308218.050
375  mtInv+R8      146610.784   1687 296595.567   297642.115   308188.744
387  mtInv+F+R7    140670.754   1704 284749.509   285820.595   296459.510
388  mtInv+F+R8    140657.626   1706 284727.252   285801.249   296450.998
400  mtMAM+R7      148076.247   1685 299522.494   300566.178   311101.926
401  mtMAM+R8      148037.883   1687 299449.766   300496.314   311042.943
413  mtMAM+F+R7    144480.799   1704 292369.598   293440.683   304079.599
414  mtMAM+F+R8    144452.369   1706 292316.738   293390.735   304040.484
426  HIVb+R7       139311.863   1685 281993.725   283037.410   293573.158
427  HIVb+R8       139297.282   1687 281968.564   283015.112   293561.740
439  HIVb+F+R7     140202.545   1704 283813.090   284884.176   295523.091
440  HIVb+F+R8     140187.508   1706 283787.015   284861.012   295510.761
452  HIVw+R7       143685.494   1685 290740.988   291784.673   302320.421
453  HIVw+R8       143663.073   1687 290700.145   291746.693   302293.322
465  HIVw+F+R7     141537.722   1704 286483.445   287554.530   298193.446
466  HIVw+F+R8     141528.547   1706 286469.095   287543.092   298192.840
478  FLU+R7        140092.631   1685 283555.262   284598.947   295134.694
479  FLU+R8        140085.807   1687 283545.613   284592.161   295138.790
491  FLU+F+R7      140134.437   1704 283676.874   284747.960   295386.876
492  FLU+F+R8      140127.518   1706 283667.037   284741.034   295390.782
504  rtREV+R7      140502.623   1685 284375.246   285418.930   295954.678
505  rtREV+R8      140492.677   1687 284359.354   285405.902   295952.530
517  rtREV+F+R7    141522.199   1704 286452.398   287523.484   298162.399
518  rtREV+F+R8    141518.344   1706 286448.688   287522.685   298172.434
530  cpREV+R7      139479.022   1685 282328.043   283371.728   293907.476
531  cpREV+R8      139470.610   1687 282315.219   283361.767   293908.395
543  cpREV+F+R7    140266.050   1704 283940.100   285011.186   295650.101
544  cpREV+F+R8    140258.889   1706 283929.779   285003.775   295653.524
Akaike Information Criterion:           JTT+R8
Corrected Akaike Information Criterion: JTT+R7
Bayesian Information Criterion:         JTT+R7
Best-fit model: JTT+R7 chosen according to BIC

All model information printed to ramp1_iqtree_boostrap_modelfinder.model.gz
CPU time for ModelFinder: 447592.592 seconds (124h:19m:52s)
Wall-clock time for ModelFinder: 64516.877 seconds (17h:55m:16s)
Generating 2000 samples for ultrafast bootstrap (seed: 736587)...

NOTE: 2847 MB RAM (2 GB) is required!
Estimate model parameters (epsilon = 0.100)
1. Initial log-likelihood: -137279.151
Optimal log-likelihood: -137279.122
Site proportion and rates:  (0.058,0.082) (0.068,0.199) (0.097,0.353) (0.115,0.525) (0.212,0.788) (0.233,1.156) (0.216,2.083)
Parameters optimization took 1 rounds (52.037 sec)
Computing ML distances based on estimated model parameters... 137.364 sec
WARNING: Some pairwise ML distances are too long (saturated)
Computing BIONJ tree...
1.206 seconds
Log-likelihood of BIONJ tree: -139918.134
--------------------------------------------------------------------
|             INITIALIZING CANDIDATE TREE SET                      |
--------------------------------------------------------------------
Generating 98 parsimony trees... 192.498 second
Computing log-likelihood of 98 initial trees ... 343.000 seconds
Current best score: -137279.122

Do NNI search on 20 best initial trees
Estimate model parameters (epsilon = 0.100)
BETTER TREE FOUND at iteration 1: -137254.084
Estimate model parameters (epsilon = 0.100)
BETTER TREE FOUND at iteration 2: -137033.562
Iteration 10 / LogL: -137035.339 / Time: 0h:44m:23s
Estimate model parameters (epsilon = 0.100)
BETTER TREE FOUND at iteration 19: -136969.226
Iteration 20 / LogL: -137025.765 / Time: 1h:18m:33s
Finish initializing candidate tree set (20)
Current best tree score: -136969.226 / CPU time: 4566.053
Number of iterations: 20
--------------------------------------------------------------------
|               OPTIMIZING CANDIDATE TREE SET                      |
--------------------------------------------------------------------
Estimate model parameters (epsilon = 0.100)
BETTER TREE FOUND at iteration 24: -136968.583
Estimate model parameters (epsilon = 0.100)
BETTER TREE FOUND at iteration 26: -136956.300
Estimate model parameters (epsilon = 0.100)
BETTER TREE FOUND at iteration 30: -136954.472
Iteration 30 / LogL: -136954.472 / Time: 1h:46m:39s (6h:7m:48s left)
Estimate model parameters (epsilon = 0.100)
BETTER TREE FOUND at iteration 31: -136948.741
Estimate model parameters (epsilon = 0.100)
BETTER TREE FOUND at iteration 39: -136945.890
Iteration 40 / LogL: -137083.899 / Time: 2h:10m:0s (5h:30m:1s left)
Estimate model parameters (epsilon = 0.100)
BETTER TREE FOUND at iteration 43: -136934.059
Iteration 50 / LogL: -136974.113 / Time: 2h:29m:59s (4h:44m:40s left)
Log-likelihood cutoff on original alignment: -137105.563
Estimate model parameters (epsilon = 0.100)
BETTER TREE FOUND at iteration 59: -136932.659
Iteration 60 / LogL: -136993.544 / Time: 2h:52m:24s (4h:49m:17s left)
Iteration 70 / LogL: -136940.840 / Time: 3h:11m:25s (4h:6m:54s left)
Estimate model parameters (epsilon = 0.100)
BETTER TREE FOUND at iteration 72: -136925.426
Estimate model parameters (epsilon = 0.100)
BETTER TREE FOUND at iteration 77: -136917.004
Iteration 80 / LogL: -136950.503 / Time: 3h:33m:32s (4h:22m:11s left)
Estimate model parameters (epsilon = 0.100)
BETTER TREE FOUND at iteration 82: -136912.603
Estimate model parameters (epsilon = 0.100)
BETTER TREE FOUND at iteration 88: -136912.025
Iteration 90 / LogL: -136931.878 / Time: 3h:56m:55s (4h:20m:52s left)
Iteration 100 / LogL: -137005.590 / Time: 4h:16m:44s (3h:48m:12s left)
Log-likelihood cutoff on original alignment: -137085.235
NOTE: Bootstrap correlation coefficient of split occurrence frequencies: 0.980
NOTE: UFBoot does not converge, continue at least 100 more iterations
Iteration 110 / LogL: -136937.090 / Time: 4h:37m:2s (3h:48m:45s left)
Estimate model parameters (epsilon = 0.100)
BETTER TREE FOUND at iteration 114: -136909.896
Iteration 120 / LogL: -136933.699 / Time: 4h:56m:36s (3h:54m:17s left)
Estimate model parameters (epsilon = 0.100)
BETTER TREE FOUND at iteration 122: -136892.629
Iteration 130 / LogL: -136948.955 / Time: 5h:19m:53s (3h:48m:8s left)
Estimate model parameters (epsilon = 0.100)
BETTER TREE FOUND at iteration 133: -136890.622
Iteration 140 / LogL: -136950.481 / Time: 5h:41m:52s (3h:48m:44s left)
Iteration 150 / LogL: -136980.600 / Time: 6h:0m:25s (3h:20m:46s left)
Log-likelihood cutoff on original alignment: -137085.235
Estimate model parameters (epsilon = 0.100)
BETTER TREE FOUND at iteration 153: -136885.907
Iteration 160 / LogL: -136890.537 / Time: 6h:20m:45s (3h:42m:42s left)
Iteration 170 / LogL: -136920.249 / Time: 6h:40m:17s (3h:16m:35s left)
Iteration 180 / LogL: -136902.457 / Time: 7h:0m:24s (2h:51m:27s left)
Estimate model parameters (epsilon = 0.100)
BETTER TREE FOUND at iteration 188: -136878.136
Iteration 190 / LogL: -136895.539 / Time: 7h:20m:51s (3h:48m:35s left)
Estimate model parameters (epsilon = 0.100)
BETTER TREE FOUND at iteration 198: -136876.981
Iteration 200 / LogL: -136911.851 / Time: 7h:41m:32s (3h:47m:17s left)
Log-likelihood cutoff on original alignment: -137085.235
NOTE: Bootstrap correlation coefficient of split occurrence frequencies: 0.965
NOTE: UFBoot does not converge, continue at least 100 more iterations
Iteration 210 / LogL: -136909.605 / Time: 8h:0m:9s (3h:26m:45s left)
Iteration 220 / LogL: -136933.735 / Time: 8h:19m:26s (3h:2m:26s left)
Estimate model parameters (epsilon = 0.100)
BETTER TREE FOUND at iteration 223: -136875.415
Iteration 230 / LogL: -136907.547 / Time: 8h:39m:35s (3h:31m:0s left)
Iteration 240 / LogL: -136903.027 / Time: 9h:0m:4s (3h:7m:33s left)
Iteration 250 / LogL: -136888.692 / Time: 9h:20m:47s (2h:44m:24s left)
Log-likelihood cutoff on original alignment: -137085.235
Iteration 260 / LogL: -136922.687 / Time: 9h:39m:56s (2h:21m:4s left)
Estimate model parameters (epsilon = 0.100)
BETTER TREE FOUND at iteration 269: -136874.606
Iteration 270 / LogL: -136942.980 / Time: 10h:2m:33s (3h:41m:45s left)
Estimate model parameters (epsilon = 0.100)
BETTER TREE FOUND at iteration 280: -136870.559
Iteration 280 / LogL: -136870.559 / Time: 10h:22m:54s (3h:43m:15s left)
Iteration 290 / LogL: -136964.332 / Time: 10h:41m:27s (3h:19m:45s left)
Estimate model parameters (epsilon = 0.100)
BETTER TREE FOUND at iteration 296: -136870.085
Iteration 300 / LogL: -136991.686 / Time: 11h:1m:58s (3h:32m:32s left)
Log-likelihood cutoff on original alignment: -137011.330
NOTE: Bootstrap correlation coefficient of split occurrence frequencies: 0.977
NOTE: UFBoot does not converge, continue at least 100 more iterations
Estimate model parameters (epsilon = 0.100)
BETTER TREE FOUND at iteration 302: -136861.656
Estimate model parameters (epsilon = 0.100)
BETTER TREE FOUND at iteration 303: -136852.320
Iteration 310 / LogL: -136874.521 / Time: 11h:22m:24s (3h:25m:23s left)
Iteration 320 / LogL: -136880.645 / Time: 11h:42m:6s (3h:2m:40s left)
Iteration 330 / LogL: -136887.592 / Time: 12h:2m:12s (2h:40m:14s left)
Iteration 340 / LogL: -136914.131 / Time: 12h:21m:15s (2h:17m:45s left)
Estimate model parameters (epsilon = 0.100)
BETTER TREE FOUND at iteration 350: -136848.327
Iteration 350 / LogL: -136848.327 / Time: 12h:41m:29s (3h:38m:11s left)
Log-likelihood cutoff on original alignment: -137011.330
Iteration 360 / LogL: -136913.324 / Time: 13h:0m:44s (3h:15m:43s left)
Iteration 370 / LogL: -136991.299 / Time: 13h:19m:46s (2h:53m:23s left)
Iteration 380 / LogL: -136862.327 / Time: 13h:38m:58s (2h:31m:15s left)
Iteration 390 / LogL: -136857.520 / Time: 13h:57m:40s (2h:9m:12s left)
Iteration 400 / LogL: -136863.091 / Time: 14h:17m:10s (1h:47m:24s left)
Log-likelihood cutoff on original alignment: -137011.330
NOTE: Bootstrap correlation coefficient of split occurrence frequencies: 0.970
NOTE: UFBoot does not converge, continue at least 100 more iterations
Iteration 410 / LogL: -136886.397 / Time: 14h:35m:54s (3h:12m:44s left)
Iteration 420 / LogL: -136863.680 / Time: 14h:55m:12s (2h:50m:55s left)
Iteration 430 / LogL: -136904.182 / Time: 15h:15m:25s (2h:29m:22s left)
Estimate model parameters (epsilon = 0.100)
BETTER TREE FOUND at iteration 433: -136839.625
Iteration 440 / LogL: -136882.129 / Time: 15h:36m:20s (3h:18m:21s left)
Iteration 450 / LogL: -136882.694 / Time: 15h:56m:33s (2h:56m:49s left)
Log-likelihood cutoff on original alignment: -137011.330
Iteration 460 / LogL: -136911.785 / Time: 16h:16m:10s (2h:35m:15s left)
Iteration 470 / LogL: -136900.592 / Time: 16h:34m:58s (2h:13m:39s left)
Iteration 480 / LogL: -136942.860 / Time: 16h:54m:2s (1h:52m:12s left)
Iteration 490 / LogL: -136936.944 / Time: 17h:13m:5s (1h:30m:50s left)
Iteration 500 / LogL: -136844.612 / Time: 17h:34m:27s (1h:9m:43s left)
Log-likelihood cutoff on original alignment: -137011.330
NOTE: Bootstrap correlation coefficient of split occurrence frequencies: 0.966
NOTE: UFBoot does not converge, continue at least 100 more iterations
Iteration 510 / LogL: -136877.428 / Time: 17h:55m:9s (3h:10m:6s left)
Iteration 520 / LogL: -136934.885 / Time: 18h:14m:28s (2h:48m:42s left)
Iteration 530 / LogL: -136865.107 / Time: 18h:33m:23s (2h:27m:19s left)
Iteration 540 / LogL: -136850.385 / Time: 18h:52m:47s (2h:6m:5s left)
Iteration 550 / LogL: -136885.251 / Time: 19h:13m:18s (1h:45m:2s left)
Log-likelihood cutoff on original alignment: -137010.497
Iteration 560 / LogL: -136922.095 / Time: 19h:32m:58s (1h:23m:56s left)
Iteration 570 / LogL: -136865.185 / Time: 19h:52m:12s (1h:2m:51s left)
Iteration 580 / LogL: -136857.940 / Time: 20h:12m:21s (0h:41m:52s left)
Iteration 590 / LogL: -136862.150 / Time: 20h:31m:43s (0h:20m:54s left)
Iteration 600 / LogL: -136900.932 / Time: 20h:52m:7s (0h:0m:0s left)
Log-likelihood cutoff on original alignment: -137010.497
NOTE: Bootstrap correlation coefficient of split occurrence frequencies: 0.967
NOTE: UFBoot does not converge, continue at least 100 more iterations
Iteration 610 / LogL: -136868.218 / Time: 21h:11m:55s (3h:7m:58s left)
Estimate model parameters (epsilon = 0.100)
BETTER TREE FOUND at iteration 616: -136832.995
Iteration 620 / LogL: -136864.729 / Time: 21h:32m:26s (3h:20m:26s left)
Iteration 630 / LogL: -136878.130 / Time: 21h:53m:34s (2h:59m:35s left)
Iteration 640 / LogL: -136907.926 / Time: 22h:14m:48s (2h:38m:45s left)
Iteration 650 / LogL: -136925.349 / Time: 22h:33m:58s (2h:17m:41s left)
Log-likelihood cutoff on original alignment: -137010.497
Iteration 660 / LogL: -136848.643 / Time: 22h:54m:28s (1h:56m:47s left)
Iteration 670 / LogL: -136884.068 / Time: 23h:13m:57s (1h:35m:50s left)
Iteration 680 / LogL: -136872.154 / Time: 23h:32m:45s (1h:14m:54s left)
Iteration 690 / LogL: -136840.950 / Time: 23h:53m:3s (0h:54m:4s left)
Iteration 700 / LogL: -136842.589 / Time: 24h:12m:54s (0h:33m:15s left)
Log-likelihood cutoff on original alignment: -137010.497
NOTE: Bootstrap correlation coefficient of split occurrence frequencies: 0.981
NOTE: UFBoot does not converge, continue at least 100 more iterations
Estimate model parameters (epsilon = 0.100)
BETTER TREE FOUND at iteration 705: -136825.215
Iteration 710 / LogL: -136881.175 / Time: 24h:32m:54s (3h:17m:21s left)
Iteration 720 / LogL: -136857.565 / Time: 24h:52m:28s (2h:56m:26s left)
Iteration 730 / LogL: -136852.073 / Time: 25h:12m:28s (2h:35m:36s left)
Iteration 740 / LogL: -136873.881 / Time: 25h:31m:20s (2h:14m:41s left)
Iteration 750 / LogL: -136917.926 / Time: 25h:51m:28s (1h:53m:55s left)
Log-likelihood cutoff on original alignment: -137010.497
Iteration 760 / LogL: -136849.813 / Time: 26h:11m:6s (1h:33m:8s left)
Iteration 770 / LogL: -136936.602 / Time: 26h:30m:3s (1h:12m:22s left)
Iteration 780 / LogL: -136844.526 / Time: 26h:50m:11s (0h:51m:40s left)
Iteration 790 / LogL: -136842.725 / Time: 27h:9m:5s (0h:30m:58s left)
Iteration 800 / LogL: -136854.900 / Time: 27h:28m:47s (0h:10m:19s left)
Log-likelihood cutoff on original alignment: -137010.497
NOTE: Bootstrap correlation coefficient of split occurrence frequencies: 0.976
NOTE: UFBoot does not converge, continue at least 100 more iterations
Iteration 810 / LogL: -136832.396 / Time: 27h:47m:30s (3h:5m:30s left)
Iteration 820 / LogL: -136839.460 / Time: 28h:6m:18s (2h:44m:43s left)
Estimate model parameters (epsilon = 0.100)
BETTER TREE FOUND at iteration 829: -136820.131
Iteration 830 / LogL: -136849.218 / Time: 28h:27m:49s (3h:23m:56s left)
Iteration 840 / LogL: -136841.604 / Time: 28h:46m:52s (3h:3m:11s left)
Iteration 850 / LogL: -136867.756 / Time: 29h:5m:59s (2h:42m:27s left)
Log-likelihood cutoff on original alignment: -137010.497
Iteration 860 / LogL: -136842.179 / Time: 29h:25m:41s (2h:21m:49s left)
Iteration 870 / LogL: -136847.188 / Time: 29h:46m:15s (2h:1m:16s left)
Iteration 880 / LogL: -136827.263 / Time: 30h:5m:53s (1h:40m:40s left)
Iteration 890 / LogL: -136873.318 / Time: 30h:24m:25s (1h:20m:2s left)
Iteration 900 / LogL: -136839.270 / Time: 30h:44m:8s (0h:59m:29s left)
Log-likelihood cutoff on original alignment: -137010.497
NOTE: Bootstrap correlation coefficient of split occurrence frequencies: 0.975
NOTE: UFBoot does not converge, continue at least 100 more iterations
Iteration 910 / LogL: -136953.515 / Time: 31h:5m:23s (3h:4m:41s left)
Iteration 920 / LogL: -136950.935 / Time: 31h:24m:39s (2h:44m:3s left)
Iteration 930 / LogL: -136914.693 / Time: 31h:43m:55s (2h:23m:27s left)
Iteration 940 / LogL: -136851.576 / Time: 32h:3m:10s (2h:2m:53s left)
Iteration 950 / LogL: -136880.752 / Time: 32h:23m:15s (1h:42m:23s left)
Log-likelihood cutoff on original alignment: -137010.497
Iteration 960 / LogL: -136866.702 / Time: 32h:41m:46s (1h:21m:49s left)
Iteration 970 / LogL: -136849.361 / Time: 33h:0m:44s (1h:1m:19s left)
Iteration 980 / LogL: -136831.553 / Time: 33h:19m:31s (0h:40m:50s left)
Iteration 990 / LogL: -136890.706 / Time: 33h:39m:25s (0h:20m:25s left)
Iteration 1000 / LogL: -136849.144 / Time: 33h:58m:34s (0h:0m:0s left)
Log-likelihood cutoff on original alignment: -137010.497
NOTE: Bootstrap correlation coefficient of split occurrence frequencies: 0.974
NOTE: UFBoot does not converge, continue at least 100 more iterations
Iteration 1010 / LogL: -136831.452 / Time: 34h:17m:45s (3h:3m:32s left)
Iteration 1020 / LogL: -136860.030 / Time: 34h:37m:4s (2h:43m:4s left)
Iteration 1030 / LogL: -136916.357 / Time: 34h:56m:26s (2h:22m:36s left)
Iteration 1040 / LogL: -136903.510 / Time: 35h:16m:28s (2h:2m:13s left)
Iteration 1050 / LogL: -136883.327 / Time: 35h:35m:37s (1h:41m:47s left)
Log-likelihood cutoff on original alignment: -137010.497
Iteration 1060 / LogL: -136846.440 / Time: 35h:53m:58s (1h:21m:21s left)
Iteration 1070 / LogL: -136868.627 / Time: 36h:12m:11s (1h:0m:57s left)
Iteration 1080 / LogL: -136913.762 / Time: 36h:31m:39s (0h:40m:37s left)
Iteration 1090 / LogL: -136857.394 / Time: 36h:51m:32s (0h:20m:18s left)
Iteration 1100 / LogL: -136852.359 / Time: 37h:9m:48s (0h:0m:0s left)
Log-likelihood cutoff on original alignment: -137010.497
NOTE: Bootstrap correlation coefficient of split occurrence frequencies: 0.974
NOTE: UFBoot does not converge, continue at least 100 more iterations
Iteration 1110 / LogL: -136867.854 / Time: 37h:29m:40s (3h:2m:34s left)
Iteration 1120 / LogL: -136921.569 / Time: 37h:49m:1s (2h:42m:13s left)
Iteration 1130 / LogL: -136833.481 / Time: 38h:7m:40s (2h:21m:50s left)
Iteration 1140 / LogL: -136861.481 / Time: 38h:27m:18s (2h:1m:32s left)
Iteration 1150 / LogL: -136851.576 / Time: 38h:47m:19s (1h:41m:16s left)
Log-likelihood cutoff on original alignment: -137010.497
Iteration 1160 / LogL: -136933.179 / Time: 39h:6m:41s (1h:20m:59s left)
Iteration 1170 / LogL: -136881.714 / Time: 39h:25m:46s (1h:0m:42s left)
Iteration 1180 / LogL: -136832.695 / Time: 39h:45m:12s (0h:40m:27s left)
Iteration 1190 / LogL: -136853.683 / Time: 40h:4m:1s (0h:20m:13s left)
Iteration 1200 / LogL: -136877.913 / Time: 40h:23m:11s (0h:0m:0s left)
Log-likelihood cutoff on original alignment: -137010.497
NOTE: Bootstrap correlation coefficient of split occurrence frequencies: 0.975
NOTE: UFBoot does not converge, continue at least 100 more iterations
Iteration 1210 / LogL: -136864.224 / Time: 40h:42m:43s (3h:1m:50s left)
Iteration 1220 / LogL: -136907.143 / Time: 41h:1m:46s (2h:41m:33s left)
Iteration 1230 / LogL: -136841.024 / Time: 41h:22m:29s (2h:21m:23s left)
Iteration 1240 / LogL: -136862.609 / Time: 41h:41m:19s (2h:1m:7s left)
Iteration 1250 / LogL: -136846.947 / Time: 42h:0m:4s (1h:40m:53s left)
Log-likelihood cutoff on original alignment: -137010.497
Iteration 1260 / LogL: -136908.912 / Time: 42h:18m:58s (1h:20m:39s left)
Iteration 1270 / LogL: -136898.091 / Time: 42h:37m:41s (1h:0m:27s left)
Iteration 1280 / LogL: -136906.678 / Time: 42h:56m:54s (0h:40m:17s left)
Iteration 1290 / LogL: -136826.326 / Time: 43h:15m:34s (0h:20m:8s left)
Iteration 1300 / LogL: -136885.852 / Time: 43h:35m:1s (0h:0m:0s left)
Log-likelihood cutoff on original alignment: -137010.497
NOTE: Bootstrap correlation coefficient of split occurrence frequencies: 0.977
NOTE: UFBoot does not converge, continue at least 100 more iterations
Iteration 1310 / LogL: -136839.893 / Time: 43h:54m:56s (3h:1m:9s left)
Iteration 1320 / LogL: -136869.206 / Time: 44h:14m:18s (2h:40m:59s left)
Iteration 1330 / LogL: -136877.743 / Time: 44h:34m:4s (2h:20m:50s left)
Iteration 1340 / LogL: -136854.092 / Time: 44h:53m:53s (2h:0m:42s left)
Iteration 1350 / LogL: -136854.569 / Time: 45h:12m:37s (1h:40m:32s left)
Log-likelihood cutoff on original alignment: -137010.497
Iteration 1360 / LogL: -136970.756 / Time: 45h:31m:59s (1h:20m:24s left)
Iteration 1370 / LogL: -136944.757 / Time: 45h:51m:3s (1h:0m:17s left)
Iteration 1380 / LogL: -136868.998 / Time: 46h:10m:46s (0h:40m:11s left)
Iteration 1390 / LogL: -136879.018 / Time: 46h:30m:2s (0h:20m:5s left)
Iteration 1400 / LogL: -136852.369 / Time: 46h:51m:1s (0h:0m:0s left)
Log-likelihood cutoff on original alignment: -137010.497
NOTE: Bootstrap correlation coefficient of split occurrence frequencies: 0.979
NOTE: UFBoot does not converge, continue at least 100 more iterations
Estimate model parameters (epsilon = 0.100)
BETTER TREE FOUND at iteration 1407: -136819.413
Iteration 1410 / LogL: -136867.696 / Time: 47h:11m:30s (3h:14m:55s left)
Iteration 1420 / LogL: -136862.530 / Time: 47h:32m:12s (2h:54m:52s left)
Iteration 1430 / LogL: -136918.380 / Time: 47h:51m:16s (2h:34m:42s left)
Iteration 1440 / LogL: -136826.775 / Time: 48h:10m:39s (2h:14m:35s left)
Iteration 1450 / LogL: -136861.102 / Time: 48h:29m:28s (1h:54m:27s left)
Log-likelihood cutoff on original alignment: -137010.497
Iteration 1460 / LogL: -136876.730 / Time: 48h:49m:7s (1h:34m:21s left)
Iteration 1470 / LogL: -136940.762 / Time: 49h:10m:38s (1h:14m:19s left)
Iteration 1480 / LogL: -136858.843 / Time: 49h:29m:57s (0h:54m:13s left)
Iteration 1490 / LogL: -136944.443 / Time: 49h:49m:16s (0h:34m:7s left)
Iteration 1500 / LogL: -136949.830 / Time: 50h:7m:35s (0h:14m:2s left)
Log-likelihood cutoff on original alignment: -137010.497
NOTE: Bootstrap correlation coefficient of split occurrence frequencies: 0.988
NOTE: UFBoot does not converge, continue at least 100 more iterations
Iteration 1510 / LogL: -136878.850 / Time: 50h:27m:18s (3h:0m:33s left)
Iteration 1520 / LogL: -136854.202 / Time: 50h:46m:29s (2h:40m:26s left)
NOTE: 16.728 seconds to dump checkpoint file, increase to 335.000
Iteration 1530 / LogL: -136891.718 / Time: 51h:6m:33s (2h:20m:23s left)
Iteration 1540 / LogL: -136853.869 / Time: 51h:25m:43s (2h:0m:18s left)
Iteration 1550 / LogL: -136908.479 / Time: 51h:45m:52s (1h:40m:15s left)
Log-likelihood cutoff on original alignment: -137010.497
Iteration 1560 / LogL: -136890.823 / Time: 52h:5m:14s (1h:20m:11s left)
Iteration 1570 / LogL: -136843.342 / Time: 52h:26m:4s (1h:0m:9s left)
Iteration 1580 / LogL: -136867.828 / Time: 52h:44m:38s (0h:40m:5s left)
Iteration 1590 / LogL: -136867.607 / Time: 53h:5m:6s (0h:20m:2s left)
Iteration 1600 / LogL: -136849.496 / Time: 53h:23m:7s (0h:0m:0s left)
Log-likelihood cutoff on original alignment: -137010.497
NOTE: Bootstrap correlation coefficient of split occurrence frequencies: 0.992
TREE SEARCH COMPLETED AFTER 1600 ITERATIONS / Time: 53h:23m:17s

--------------------------------------------------------------------
|                    FINALIZING TREE SEARCH                        |
--------------------------------------------------------------------
Performs final model parameters optimization
Estimate model parameters (epsilon = 0.010)
1. Initial log-likelihood: -136819.413
Optimal log-likelihood: -136819.409
Site proportion and rates:  (0.057,0.082) (0.066,0.202) (0.099,0.361) (0.118,0.533) (0.203,0.791) (0.240,1.167) (0.217,2.039)
Parameters optimization took 1 rounds (31.379 sec)
BEST SCORE FOUND : -136819.409

Testing tree branches by SH-like aLRT with 2000 replicates...
Alternative NNI shows better log-likelihood -136819.406 > -136819.409
Alternative NNI shows better log-likelihood -136819.364 > -136819.409
Alternative NNI shows better log-likelihood -136819.092 > -136819.409
Alternative NNI shows better log-likelihood -136819.397 > -136819.409
40.431 sec.
Creating bootstrap support values...
Split supports printed to NEXUS file ramp1_iqtree_boostrap_modelfinder.splits.nex
Total tree length: 340.783

Total number of iterations: 1600
CPU time used for tree search: 1327937.384 sec (368h:52m:17s)
Wall-clock time used for tree search: 192049.695 sec (53h:20m:49s)
Total CPU time used: 1329408.316 sec (369h:16m:48s)
Total wall-clock time used: 192278.946 sec (53h:24m:38s)

Computing bootstrap consensus tree...
Reading input file ramp1_iqtree_boostrap_modelfinder.splits.nex...
838 taxa and 9102 splits.
Consensus tree written to ramp1_iqtree_boostrap_modelfinder.contree
Reading input trees file ramp1_iqtree_boostrap_modelfinder.contree
Log-likelihood of consensus tree: -136823.381

Analysis results written to: 
  IQ-TREE report:                ramp1_iqtree_boostrap_modelfinder.iqtree
  Maximum-likelihood tree:       ramp1_iqtree_boostrap_modelfinder.treefile
  Likelihood distances:          ramp1_iqtree_boostrap_modelfinder.mldist

Ultrafast bootstrap approximation results written to:
  Split support values:          ramp1_iqtree_boostrap_modelfinder.splits.nex
  Consensus tree:                ramp1_iqtree_boostrap_modelfinder.contree
  Screen log file:               ramp1_iqtree_boostrap_modelfinder.log

Date and Time: Mon Nov  8 15:13:35 2021
