IQ-TREE multicore version 2.0.6 for Linux 64-bit built Aug  4 2020
Developed by Bui Quang Minh, Nguyen Lam Tung, Olga Chernomor,
Heiko Schmidt, Dominik Schrempf, Michael Woodhams.

Host:    cn06 (AVX512, FMA3, 251 GB RAM)
Command: iqtree2 -s /cta/users/ofkonar/work/resources/class_B1/canonical/pth2r_filtered_fastas_blast_msa.fasta -B 1000 -alrt 1000 -T AUTO --threads-max 24 --prefix pth2r_iqtree_boostrap_modelfinder
Seed:    628407 (Using SPRNG - Scalable Parallel Random Number Generator)
Time:    Tue Jul 27 00:26:21 2021
Kernel:  AVX+FMA - auto-detect threads (24 CPU cores detected)

Reading alignment file /cta/users/ofkonar/work/resources/class_B1/canonical/pth2r_filtered_fastas_blast_msa.fasta ... Fasta format detected
Alignment most likely contains protein sequences
WARNING: 15 sites contain only gaps or ambiguous characters.
Alignment has 1000 sequences with 6993 columns, 3805 distinct patterns
1054 parsimony-informative, 1672 singleton sites, 4267 constant sites
                                Gap/Ambiguity  Composition  p-value
   1  tr|E9FUN7|E9FUN7_DAPPU           92.02%    failed      0.00%
   2  tr|F1QGZ1|F1QGZ1_DANRE           92.25%    passed     13.51%
   3  tr|B0S4Y6|B0S4Y6_DANRE           91.78%    failed      0.05%
   4  tr|Q9PVD3|Q9PVD3_DANRE           92.34%    failed      1.85%
   5  tr|F1RBM7|F1RBM7_DANRE           91.42%    failed      0.08%
   6  tr|F1R383|F1R383_DANRE           93.62%    failed      0.20%
   7  tr|F1R788|F1R788_DANRE           93.71%    failed      1.06%
   8  tr|A0A1D5NWI0|A0A1D5NWI0_CHICK   92.18%    passed     12.64%
   9  tr|F1P200|F1P200_CHICK           93.62%    failed      1.97%
  10  tr|C7S302|C7S302_CHICK           92.31%    failed      0.60%
  11  tr|D2CP28|D2CP28_CHICK           93.58%    failed      2.30%
  12  sp|P97751|VIPR1_MOUSE            93.44%    failed      3.89%
  13  sp|Q5FWI2|SCTR_MOUSE             93.61%    failed      0.00%
  14  sp|Q91V95|PTH2R_MOUSE            92.19%    passed     31.24%
  15  sp|P41588|VIPR2_MOUSE            93.75%    failed      0.00%
  16  sp|P41593|PTH1R_MOUSE            91.55%    failed      0.07%
  17  tr|M3YUG1|M3YUG1_MUSPF           91.48%    failed      0.00%
  18  tr|M3XN68|M3XN68_MUSPF           92.13%    passed      6.95%
  19  tr|M3XPF0|M3XPF0_MUSPF           93.58%    failed      0.02%
  20  tr|H2MV63|H2MV63_ORYLA           91.96%    passed      6.95%
  21  tr|H2M8Y6|H2M8Y6_ORYLA           93.81%    failed      2.92%
  22  tr|H2MTE1|H2MTE1_ORYLA           92.34%    failed      3.04%
  23  tr|H2LM29|H2LM29_ORYLA           92.11%    passed      5.90%
  24  tr|G1R2W9|G1R2W9_NOMLE           91.79%    failed      0.00%
  25  tr|G1RH59|G1RH59_NOMLE           93.71%    failed      0.06%
  26  tr|A0A2I3GJZ9|A0A2I3GJZ9_NOMLE   92.13%    passed     29.14%
  27  tr|G1PBN2|G1PBN2_MYOLU           92.45%    passed     18.14%
  28  tr|G1P1I6|G1P1I6_MYOLU           93.54%    failed      0.00%
  29  tr|G1P592|G1P592_MYOLU           93.81%    passed      6.66%
  30  tr|G1PDW9|G1PDW9_MYOLU           91.89%    failed      0.00%
  31  tr|G3HKS4|G3HKS4_CRIGR           91.65%    failed      0.20%
  32  tr|G3H4X8|G3H4X8_CRIGR           94.64%    passed     12.94%
  33  tr|G3QNP3|G3QNP3_GORGO           93.46%    failed      0.91%
  34  tr|G3RLB1|G3RLB1_GORGO           92.13%    passed     32.47%
  35  tr|G3SK12|G3SK12_GORGO           91.62%    failed      0.01%
  36  tr|G3SA07|G3SA07_GORGO           93.71%    failed      0.02%
  37  tr|C3YW03|C3YW03_BRAFL           94.18%    failed      2.23%
  38  tr|C3YW06|C3YW06_BRAFL           94.84%    failed      1.57%
  39  sp|Q5RAQ1|PTH1R_PONAB            91.51%    failed      0.00%
  40  tr|H2PAX3|H2PAX3_PONAB           91.61%    failed      0.00%
  41  tr|H2P8G3|H2P8G3_PONAB           92.13%    passed     19.52%
  42  tr|H2P7C5|H2P7C5_PONAB           94.07%    failed      0.56%
  43  tr|G1MSW0|G1MSW0_MELGA           93.32%    failed      0.35%
  44  sp|Q91085|VIPR_MELGA             93.46%    failed      1.24%
  45  tr|G1NI86|G1NI86_MELGA           93.56%    failed      0.93%
  46  tr|G1MV09|G1MV09_MELGA           92.51%    failed      2.58%
  47  tr|H9G9J1|H9G9J1_ANOCA           93.11%    passed      8.65%
  48  tr|G1KCF0|G1KCF0_ANOCA           92.66%    passed      5.22%
  49  tr|G1KFF0|G1KFF0_ANOCA           93.71%    failed      0.38%
  50  tr|G1KKX5|G1KKX5_ANOCA           92.42%    passed     21.68%
  51  tr|G1KFK2|G1KFK2_ANOCA           93.58%    failed      0.07%
  52  tr|G1STM3|G1STM3_RABIT           93.64%    failed      0.00%
  53  tr|A0A5F9D0K4|A0A5F9D0K4_RABIT   93.46%    failed      0.43%
  54  sp|O46502|SCTR_RABIT             93.64%    failed      0.01%
  55  tr|A0A5F9D7I8|A0A5F9D7I8_RABIT   91.15%    failed      0.00%
  56  sp|Q9TU31|PTH1R_CANLF            91.49%    failed      0.00%
  57  tr|F1PWW6|F1PWW6_CANLF           92.69%    passed     22.44%
  58  tr|F1P7Q3|F1P7Q3_CANLF           94.01%    failed      0.09%
  59  tr|E2RGU8|E2RGU8_CANLF           93.44%    failed      1.92%
  60  tr|H2QMH6|H2QMH6_PANTR           91.52%    failed      0.00%
  61  tr|H2QJB7|H2QJB7_PANTR           92.13%    passed     27.38%
  62  tr|A0A2I3T1V9|A0A2I3T1V9_PANTR   93.46%    failed      1.26%
  63  tr|H2QIM4|H2QIM4_PANTR           93.71%    failed      0.02%
  64  tr|A0A6I8PKI9|A0A6I8PKI9_ORNAN   91.88%    failed      0.00%
  65  tr|F7EXI2|F7EXI2_ORNAN           91.96%    failed      1.34%
  66  tr|F7BIH5|F7BIH5_MONDO           93.67%    passed     13.18%
  67  tr|A0A5F8GXQ4|A0A5F8GXQ4_MONDO   91.19%    failed      0.09%
  68  tr|F6R8T5|F6R8T5_MONDO           93.55%    passed      8.88%
  69  tr|F7BR47|F7BR47_MONDO           92.15%    passed     24.08%
  70  tr|F7D3V7|F7D3V7_HORSE           92.13%    failed      0.03%
  71  tr|F6Z5Y6|F6Z5Y6_HORSE           91.62%    failed      0.01%
  72  tr|A0A3Q2ICC0|A0A3Q2ICC0_HORSE   92.01%    failed      0.00%
  73  tr|W5QCN9|W5QCN9_SHEEP           91.98%    failed      2.69%
  74  tr|W5PSN2|W5PSN2_SHEEP           93.46%    failed      0.00%
  75  tr|W5NZL6|W5NZL6_SHEEP           92.96%    failed      0.00%
  76  tr|W5P9K8|W5P9K8_SHEEP           91.72%    failed      0.00%
  77  sp|P25961|PTH1R_RAT              91.55%    failed      0.02%
  78  sp|P30083|VIPR1_RAT              93.44%    failed      1.13%
  79  sp|P70555|PTH2R_RAT              92.24%    passed     22.19%
  80  sp|P23811|SCTR_RAT               93.58%    failed      0.00%
  81  tr|M4A521|M4A521_XIPMA           93.68%    failed      0.64%
  82  tr|M3ZIE1|M3ZIE1_XIPMA           92.13%    failed      3.01%
  83  tr|M3ZDL9|M3ZDL9_XIPMA           93.62%    failed      4.05%
  84  tr|M3ZUF6|M3ZUF6_XIPMA           92.13%    failed      0.17%
  85  tr|A0A3B5QQ48|A0A3B5QQ48_XIPMA   92.32%    failed      0.41%
  86  tr|A0A669BXD5|A0A669BXD5_ORENI   91.33%    failed      0.79%
  87  tr|A0A669CPL3|A0A669CPL3_ORENI   93.64%    failed      1.48%
  88  tr|I3J9R4|I3J9R4_ORENI           92.12%    passed      7.31%
  89  tr|A0A669BAW5|A0A669BAW5_ORENI   93.68%    failed      0.19%
  90  tr|I3JSQ0|I3JSQ0_ORENI           92.32%    passed      7.48%
  91  tr|I3M8I3|I3M8I3_ICTTR           93.78%    failed      0.03%
  92  tr|I3M1M7|I3M1M7_ICTTR           91.52%    failed      0.00%
  93  tr|I3MJT4|I3MJT4_ICTTR           92.19%    passed     18.03%
  94  tr|I3MQT5|I3MQT5_ICTTR           93.45%    failed      1.63%
  95  tr|H0WGS3|H0WGS3_OTOGA           94.51%    failed      0.28%
  96  tr|H0WVM0|H0WVM0_OTOGA           92.44%    passed     12.49%
  97  tr|H0XG58|H0XG58_OTOGA           91.48%    failed      0.01%
  98  tr|A0A674P1R2|A0A674P1R2_TAKRU   91.51%    failed      0.27%
  99  tr|A0A674PLC7|A0A674PLC7_TAKRU   91.39%    failed      0.06%
 100  tr|Q2UZQ9|Q2UZQ9_TAKRU           92.01%    passed     24.71%
 101  tr|A0A674NQP5|A0A674NQP5_TAKRU   92.35%    failed      0.02%
 102  tr|A0A674MA68|A0A674MA68_TAKRU   93.68%    failed      0.11%
 103  tr|A0A674M9H5|A0A674M9H5_TAKRU   93.95%    failed      0.70%
 104  tr|K1QCA3|K1QCA3_CRAGI           88.96%    failed      0.00%
 105  tr|H0V1W6|H0V1W6_CAVPO           91.56%    failed      0.00%
 106  tr|H0VT27|H0VT27_CAVPO           93.77%    failed      0.03%
 107  tr|H0VY34|H0VY34_CAVPO           92.58%    passed     34.93%
 108  tr|A0A286XMQ0|A0A286XMQ0_CAVPO   93.79%    failed      0.11%
 109  sp|P32241|VIPR1_HUMAN            93.46%    failed      1.20%
 110  sp|P47872|SCTR_HUMAN             93.71%    failed      0.02%
 111  sp|P49190|PTH2R_HUMAN            92.13%    passed     29.93%
 112  sp|Q03431|PTH1R_HUMAN            91.52%    failed      0.00%
 113  tr|F6TRW6|F6TRW6_MACMU           93.67%    failed      0.00%
 114  tr|F7BMF9|F7BMF9_MACMU           91.52%    failed      0.00%
 115  tr|A0A1D5R219|A0A1D5R219_MACMU   93.46%    failed      1.16%
 116  tr|F7GM38|F7GM38_MACMU           92.13%    passed     26.00%
 117  tr|G5ALX6|G5ALX6_HETGA           94.81%    failed      4.29%
 118  tr|G5B3E4|G5B3E4_HETGA           94.08%    passed     20.75%
 119  tr|G5ANQ5|G5ANQ5_HETGA           89.20%    failed      0.00%
 120  tr|A0A7M7P6S9|A0A7M7P6S9_STRPU   91.49%    failed      0.01%
 121  tr|K7GGM6|K7GGM6_PELSI           93.88%    failed      3.68%
 122  tr|K7F648|K7F648_PELSI           93.54%    passed      5.80%
 123  tr|K7FUB6|K7FUB6_PELSI           92.71%    passed     14.76%
 124  tr|K7FTH8|K7FTH8_PELSI           92.71%    failed      0.61%
 125  tr|K7GDU8|K7GDU8_PELSI           93.41%    failed      0.46%
 126  tr|H3DNL7|H3DNL7_TETNG           92.38%    failed      0.43%
 127  tr|H3CQ41|H3CQ41_TETNG           95.04%    passed     38.65%
 128  tr|H3CR63|H3CR63_TETNG           94.01%    failed      3.04%
 129  tr|H3D5B9|H3D5B9_TETNG           93.94%    failed      2.34%
 130  tr|H3C5B9|H3C5B9_TETNG           92.31%    failed      1.76%
 131  tr|G3NGC7|G3NGC7_GASAC           93.81%    failed      0.08%
 132  tr|G3PZF8|G3PZF8_GASAC           92.39%    passed     12.84%
 133  tr|G3NYJ0|G3NYJ0_GASAC           92.58%    failed      4.00%
 134  tr|G3NVN3|G3NVN3_GASAC           95.48%    failed      0.46%
 135  tr|G3PH86|G3PH86_GASAC           94.01%    passed     19.68%
 136  tr|G3T4R4|G3T4R4_LOXAF           92.49%    passed     26.84%
 137  tr|G3SXX0|G3SXX0_LOXAF           94.45%    failed      0.30%
 138  tr|G3TAT5|G3TAT5_LOXAF           91.66%    failed      0.00%
 139  tr|G3W7S7|G3W7S7_SARHA           93.62%    failed      3.94%
 140  tr|G3VMZ0|G3VMZ0_SARHA           92.39%    passed     72.46%
 141  tr|A0A7N4NGW1|A0A7N4NGW1_SARHA   91.93%    failed      2.58%
 142  tr|G3WU25|G3WU25_SARHA           93.72%    failed      0.60%
 143  tr|H0ZVD5|H0ZVD5_TAEGU           93.09%    failed      0.08%
 144  tr|H0YUL7|H0YUL7_TAEGU           92.42%    failed      1.18%
 145  tr|H0YPK8|H0YPK8_TAEGU           92.31%    failed      0.49%
 146  tr|A0A674GXP8|A0A674GXP8_TAEGU   94.04%    failed      3.74%
 147  tr|A0A6I8SNF4|A0A6I8SNF4_XENTR   92.28%    failed      0.24%
 148  tr|A0A803K8E7|A0A803K8E7_XENTR   93.65%    failed      0.32%
 149  tr|A0A6I8T2E8|A0A6I8T2E8_XENTR   92.16%    passed     15.57%
 150  tr|A0A6I8Q1I2|A0A6I8Q1I2_XENTR   92.81%    failed      0.82%
 151  tr|F6YCW2|F6YCW2_CIOIN           93.95%    failed      0.33%
 152  tr|F6V0N3|F6V0N3_CIOIN           94.32%    failed      0.87%
 153  tr|A0A5F4WC28|A0A5F4WC28_CALJA   91.39%    failed      0.00%
 154  tr|F7I3C1|F7I3C1_CALJA           92.12%    passed     19.05%
 155  tr|F7FCP0|F7FCP0_CALJA           92.44%    failed      0.00%
 156  tr|F6THV9|F6THV9_CALJA           93.45%    failed      0.38%
 157  tr|I3LFB5|I3LFB5_PIG             93.67%    failed      0.00%
 158  tr|A0A287BT69|A0A287BT69_PIG     93.45%    failed      1.31%
 159  sp|P50133|PTH1R_PIG              91.63%    failed      0.02%
 160  sp|Q28992|VIPR1_PIG              93.45%    failed      1.57%
 161  tr|F1SST8|F1SST8_PIG             92.13%    failed      3.91%
 162  tr|A0A5G2RDM1|A0A5G2RDM1_PIG     90.83%    failed      0.00%
 163  tr|H3AX68|H3AX68_LATCH           92.31%    passed      6.54%
 164  tr|H3AW65|H3AW65_LATCH           93.69%    failed      0.31%
 165  tr|H3B125|H3B125_LATCH           92.19%    failed      0.81%
 166  tr|G1M9Z5|G1M9Z5_AILME           92.13%    passed      5.43%
 167  tr|A0A7N5JL27|A0A7N5JL27_AILME   93.52%    failed      2.63%
 168  sp|Q1LZF7|PTH1R_BOVIN            91.58%    failed      0.00%
 169  tr|F1MF07|F1MF07_BOVIN           93.46%    failed      0.18%
 170  tr|A0A3Q1MQC7|A0A3Q1MQC7_BOVIN   90.76%    failed      0.00%
 171  tr|E1B7Q8|E1B7Q8_BOVIN           91.98%    failed      4.42%
 172  tr|A0A3Q1M5G0|A0A3Q1M5G0_BOVIN   93.36%    failed      0.00%
 173  tr|L5KI25|L5KI25_PTEAL           88.73%    failed      0.00%
 174  tr|L5JYL5|L5JYL5_PTEAL           93.88%    failed      0.10%
 175  tr|L5KH59|L5KH59_PTEAL           93.82%    failed      2.61%
 176  tr|L5K002|L5K002_PTEAL           93.52%    passed     12.22%
 177  tr|L5LFL9|L5LFL9_MYODS           92.36%    failed      0.02%
 178  tr|L5M771|L5M771_MYODS           90.56%    failed      0.00%
 179  tr|L8J1I6|L8J1I6_9CETA           92.13%    passed      8.17%
 180  tr|L8HPK2|L8HPK2_9CETA           95.58%    failed      0.06%
 181  tr|L8IT85|L8IT85_9CETA           93.79%    failed      0.59%
 182  tr|L8Y5N5|L8Y5N5_TUPCH           92.21%    failed      0.00%
 183  tr|L9LCA3|L9LCA3_TUPCH           86.92%    failed      0.00%
 184  tr|A0A337SUD5|A0A337SUD5_FELCA   93.44%    failed      0.84%
 185  tr|A0A5F5XCY0|A0A5F5XCY0_FELCA   93.42%    failed      0.00%
 186  tr|A0A2I2U988|A0A2I2U988_FELCA   91.56%    failed      0.00%
 187  tr|A0A5F5XQ32|A0A5F5XQ32_FELCA   92.13%    passed      5.24%
 188  tr|R7UVQ3|R7UVQ3_CAPTE           93.46%    passed     13.41%
 189  tr|R7VAC2|R7VAC2_CAPTE           92.94%    failed      0.79%
 190  tr|R7TYV0|R7TYV0_CAPTE           93.14%    failed      0.10%
 191  tr|R7UK82|R7UK82_CAPTE           94.69%    failed      1.87%
 192  tr|U3JQ47|U3JQ47_FICAL           92.49%    failed      0.09%
 193  tr|U3JE10|U3JE10_FICAL           93.65%    failed      3.84%
 194  tr|U3JRU3|U3JRU3_FICAL           92.31%    failed      0.39%
 195  tr|U3KGR0|U3KGR0_FICAL           93.58%    failed      4.23%
 196  tr|U3ID75|U3ID75_ANAPP           92.52%    failed      3.86%
 197  tr|U3IM16|U3IM16_ANAPP           93.56%    passed      5.41%
 198  tr|A0A3B1KJZ2|A0A3B1KJZ2_ASTMX   93.61%    failed      0.01%
 199  tr|A0A3B1KEU7|A0A3B1KEU7_ASTMX   92.26%    failed      2.73%
 200  tr|A0A3B1JEV0|A0A3B1JEV0_ASTMX   91.99%    failed      1.66%
 201  tr|A0A3B1ITM2|A0A3B1ITM2_ASTMX   93.72%    failed      1.73%
 202  tr|A0A3B1JGQ5|A0A3B1JGQ5_ASTMX   92.25%    failed      0.19%
 203  tr|A0A3B1J5X3|A0A3B1J5X3_ASTMX   91.13%    failed      0.05%
 204  tr|W5MT69|W5MT69_LEPOC           92.03%    failed      0.77%
 205  tr|W5M1B0|W5M1B0_LEPOC           92.28%    failed      2.37%
 206  tr|W5N1E7|W5N1E7_LEPOC           92.25%    failed      4.10%
 207  tr|W5MTN5|W5MTN5_LEPOC           93.65%    failed      0.02%
 208  tr|A0A087X4T1|A0A087X4T1_POEFO   92.52%    failed      3.79%
 209  tr|A0A087Y2M0|A0A087Y2M0_POEFO   92.16%    failed      0.49%
 210  tr|A0A087XR62|A0A087XR62_POEFO   92.22%    failed      0.06%
 211  tr|A0A087YDJ2|A0A087YDJ2_POEFO   93.84%    failed      2.54%
 212  tr|A0A096MQK5|A0A096MQK5_PAPAN   93.67%    failed      0.00%
 213  tr|A0A096MT91|A0A096MT91_PAPAN   93.46%    failed      1.16%
 214  tr|A0A096MXH3|A0A096MXH3_PAPAN   92.13%    passed     35.85%
 215  tr|A0A096MU19|A0A096MU19_PAPAN   91.52%    failed      0.00%
 216  tr|A0A091DCI7|A0A091DCI7_FUKDA   93.64%    failed      0.04%
 217  tr|A0A091DS28|A0A091DS28_FUKDA   91.65%    failed      0.04%
 218  tr|A0A091CKT4|A0A091CKT4_FUKDA   95.11%    passed     36.93%
 219  tr|A0A0D9RC95|A0A0D9RC95_CHLSB   92.18%    passed     43.60%
 220  tr|A0A0D9RW55|A0A0D9RW55_CHLSB   93.46%    failed      1.32%
 221  tr|A0A0D9RVJ5|A0A0D9RVJ5_CHLSB   94.01%    failed      0.02%
 222  tr|A0A0D9RUE4|A0A0D9RUE4_CHLSB   91.52%    failed      0.00%
 223  tr|S9YPT3|S9YPT3_CAMFR           92.02%    failed      0.01%
 224  tr|S9WXE3|S9WXE3_CAMFR           93.78%    passed     11.15%
 225  tr|S9YHH9|S9YHH9_CAMFR           92.99%    failed      1.05%
 226  tr|M7ANJ2|M7ANJ2_CHEMY           91.89%    failed      4.99%
 227  tr|M7BNY8|M7BNY8_CHEMY           91.38%    failed      1.23%
 228  tr|M7C6A0|M7C6A0_CHEMY           94.87%    failed      0.94%
 229  tr|A0A093BDT8|A0A093BDT8_CHAPE   93.02%    failed      0.52%
 230  tr|A0A0P7TQF0|A0A0P7TQF0_SCLFO   94.25%    failed      0.03%
 231  tr|A0A0P7U8E4|A0A0P7U8E4_SCLFO   96.87%    failed      4.35%
 232  tr|A0A0P7V4N4|A0A0P7V4N4_SCLFO   92.48%    passed      6.47%
 233  tr|A0A151PBQ7|A0A151PBQ7_ALLMI   92.19%    failed      1.17%
 234  tr|A0A151M0U5|A0A151M0U5_ALLMI   93.42%    passed      6.24%
 235  tr|A0A151PDN7|A0A151PDN7_ALLMI   93.62%    passed      9.37%
 236  tr|A0A151N9F2|A0A151N9F2_ALLMI   92.06%    passed     15.55%
 237  tr|A0A151PDH7|A0A151PDH7_ALLMI   93.15%    failed      0.73%
 238  tr|A0A151LZI9|A0A151LZI9_ALLMI   92.31%    failed      0.69%
 239  tr|A0A0Q3XAN0|A0A0Q3XAN0_AMAAE   93.62%    failed      0.57%
 240  tr|A0A0Q3LT60|A0A0Q3LT60_AMAAE   92.34%    failed      1.36%
 241  tr|A0A0Q3PPJ9|A0A0Q3PPJ9_AMAAE   91.66%    passed      7.52%
 242  tr|A0A091QCR1|A0A091QCR1_MERNU   94.31%    failed      3.02%
 243  tr|A0A091QVD2|A0A091QVD2_MERNU   93.84%    failed      1.66%
 244  tr|A0A091FBK9|A0A091FBK9_CORBR   92.42%    failed      2.52%
 245  tr|A0A091F1E9|A0A091F1E9_CORBR   94.31%    passed     23.93%
 246  tr|A0A091F0N6|A0A091F0N6_CORBR   93.59%    passed      9.77%
 247  tr|S7N8Z7|S7N8Z7_MYOBR           93.61%    failed      2.13%
 248  tr|S7PK66|S7PK66_MYOBR           92.99%    failed      0.89%
 249  tr|A0A091R3U3|A0A091R3U3_LEPDC   93.16%    failed      3.56%
 250  tr|A0A091JD35|A0A091JD35_EGRGA   94.39%    passed      9.61%
 251  tr|A0A091J7N1|A0A091J7N1_EGRGA   93.12%    failed      2.49%
 252  tr|A0A091JB16|A0A091JB16_EGRGA   92.48%    failed      1.60%
 253  tr|A0A093C5P9|A0A093C5P9_9AVES   93.88%    failed      1.59%
 254  tr|A0A093QVX7|A0A093QVX7_PHACA   96.12%    passed      6.35%
 255  tr|A0A093R3Q0|A0A093R3Q0_PHACA   94.41%    passed      8.97%
 256  tr|A0A093SB36|A0A093SB36_9PASS   92.35%    failed      1.92%
 257  tr|A0A093PUZ9|A0A093PUZ9_9PASS   94.39%    passed      5.92%
 258  tr|A0A091X6A9|A0A091X6A9_NIPNI   92.48%    failed      0.91%
 259  tr|A0A091UP36|A0A091UP36_NIPNI   94.39%    failed      4.97%
 260  tr|A0A091V2T7|A0A091V2T7_NIPNI   92.95%    failed      2.66%
 261  tr|A0A087QVN2|A0A087QVN2_APTFO   94.34%    failed      0.64%
 262  tr|A0A087QNN1|A0A087QNN1_APTFO   94.39%    passed      8.32%
 263  tr|A0A087R5F0|A0A087R5F0_APTFO   92.44%    passed      5.22%
 264  tr|A0A087RIQ5|A0A087RIQ5_APTFO   94.37%    passed     31.93%
 265  tr|A0A087VBC1|A0A087VBC1_BALRE   94.32%    failed      0.97%
 266  tr|A0A087VDC0|A0A087VDC0_BALRE   92.48%    failed      1.54%
 267  tr|A0A091KRZ7|A0A091KRZ7_9GRUI   94.25%    failed      0.96%
 268  tr|A0A091KZX7|A0A091KZX7_9GRUI   94.39%    failed      3.88%
 269  tr|A0A091KQN9|A0A091KQN9_9GRUI   92.66%    failed      0.37%
 270  tr|A0A091RHW4|A0A091RHW4_9GRUI   94.71%    passed     10.73%
 271  tr|A0A0L8IBN1|A0A0L8IBN1_OCTBM   94.69%    passed     13.05%
 272  tr|A0A091MNC6|A0A091MNC6_9PASS   94.25%    failed      0.93%
 273  tr|A0A091MN47|A0A091MN47_9PASS   93.88%    failed      0.46%
 274  tr|A0A093JVG3|A0A093JVG3_STRCA   94.39%    passed      9.75%
 275  tr|A0A093I2P1|A0A093I2P1_STRCA   92.42%    failed      0.95%
 276  tr|A0A091VQT5|A0A091VQT5_OPIHO   94.15%    failed      3.55%
 277  tr|A0A091WDG9|A0A091WDG9_OPIHO   92.44%    passed      5.80%
 278  tr|A0A091VFX4|A0A091VFX4_OPIHO   94.39%    failed      1.79%
 279  tr|A0A091KBZ0|A0A091KBZ0_COLST   94.25%    failed      0.70%
 280  tr|A0A091KEU3|A0A091KEU3_COLST   93.78%    failed      1.64%
 281  tr|A0A094L386|A0A094L386_ANTCR   94.25%    failed      1.21%
 282  tr|A0A094L9W4|A0A094L9W4_ANTCR   93.88%    failed      1.58%
 283  tr|A0A091TPZ6|A0A091TPZ6_PHALP   94.24%    failed      2.31%
 284  tr|A0A091TTQ0|A0A091TTQ0_PHALP   94.14%    passed     12.26%
 285  tr|A0A099YTP2|A0A099YTP2_TINGU   94.87%    passed      7.25%
 286  tr|A0A099Z2C7|A0A099Z2C7_TINGU   93.25%    failed      3.19%
 287  tr|A0A099ZHM7|A0A099ZHM7_TINGU   93.16%    failed      4.20%
 288  tr|A0A093EZY1|A0A093EZY1_TAUER   94.07%    passed     11.97%
 289  tr|A0A093CFY2|A0A093CFY2_TAUER   92.48%    failed      2.33%
 290  tr|A0A093CRR2|A0A093CRR2_TAUER   94.39%    passed      6.46%
 291  tr|A0A091U9U0|A0A091U9U0_PHORB   94.39%    failed      3.89%
 292  tr|A0A091LH31|A0A091LH31_CATAU   95.21%    failed      2.92%
 293  tr|A0A091LJ18|A0A091LJ18_CATAU   94.25%    failed      0.93%
 294  tr|A0A091FM96|A0A091FM96_9AVES   94.41%    failed      0.57%
 295  tr|A0A091GEM4|A0A091GEM4_9AVES   92.42%    failed      0.68%
 296  tr|A0A093ILW6|A0A093ILW6_FULGA   94.39%    failed      4.95%
 297  tr|A0A093I3B0|A0A093I3B0_FULGA   93.72%    passed     14.45%
 298  tr|A0A093I1S0|A0A093I1S0_FULGA   94.25%    failed      0.93%
 299  tr|A0A091SEI1|A0A091SEI1_NESNO   94.25%    failed      0.68%
 300  tr|A0A091S7T5|A0A091S7T5_NESNO   94.34%    failed      1.35%
 301  tr|A0A091S9N8|A0A091S9N8_NESNO   92.96%    failed      0.08%
 302  tr|A0A094KW54|A0A094KW54_PODCR   94.39%    passed      7.97%
 303  tr|A0A0A0AMI0|A0A0A0AMI0_CHAVO   94.39%    passed      6.44%
 304  tr|A0A0A0A678|A0A0A0A678_CHAVO   94.34%    failed      1.03%
 305  tr|A0A0A0ADX1|A0A0A0ADX1_CHAVO   92.95%    failed      0.97%
 306  tr|A0A2I0MGK9|A0A2I0MGK9_COLLI   93.56%    failed      2.62%
 307  tr|A0A2I0LN68|A0A2I0LN68_COLLI   92.16%    failed      0.13%
 308  tr|A0A2I0MRD7|A0A2I0MRD7_COLLI   93.59%    failed      1.85%
 309  tr|A0A2I0MQC0|A0A2I0MQC0_COLLI   91.76%    failed      0.23%
 310  tr|A0A093GX82|A0A093GX82_DRYPU   92.48%    failed      1.63%
 311  tr|A0A093GU56|A0A093GU56_DRYPU   94.35%    failed      1.95%
 312  tr|A0A093G7Y6|A0A093G7Y6_DRYPU   92.95%    failed      0.34%
 313  tr|A0A091GRA4|A0A091GRA4_BUCRH   94.39%    failed      4.19%
 314  tr|A0A091I2D3|A0A091I2D3_BUCRH   92.55%    failed      0.94%
 315  tr|A0A093REA1|A0A093REA1_PYGAD   94.39%    passed      6.96%
 316  tr|A0A093RS76|A0A093RS76_PYGAD   92.44%    passed      5.22%
 317  tr|A0A093PNG2|A0A093PNG2_PYGAD   94.34%    failed      1.09%
 318  tr|A0A093NRL8|A0A093NRL8_PYGAD   94.58%    passed     16.03%
 319  tr|A0A091MK11|A0A091MK11_CARIC   93.88%    failed      0.82%
 320  tr|A0A091LSX4|A0A091LSX4_CARIC   92.36%    failed      2.31%
 321  tr|A0A091SRY7|A0A091SRY7_PELCR   92.48%    failed      0.94%
 322  tr|A0A091TVW0|A0A091TVW0_PELCR   93.02%    failed      1.76%
 323  tr|A0A093EJI6|A0A093EJI6_TYTAL   94.39%    failed      4.90%
 324  tr|A0A093L8L3|A0A093L8L3_EURHL   94.39%    failed      3.69%
 325  tr|A0A093KM07|A0A093KM07_EURHL   96.18%    passed     12.85%
 326  tr|A0A091NIS2|A0A091NIS2_APAVI   93.88%    failed      1.62%
 327  tr|A0A091N6C3|A0A091N6C3_APAVI   94.25%    failed      1.21%
 328  tr|A0A091ICV3|A0A091ICV3_CALAN   93.14%    passed      7.13%
 329  tr|A0A091IUW3|A0A091IUW3_CALAN   94.37%    failed      2.66%
 330  tr|A0A091HWR7|A0A091HWR7_CALAN   92.82%    failed      4.91%
 331  tr|A0A093H9V5|A0A093H9V5_GAVST   92.51%    failed      1.43%
 332  tr|A0A091P0B8|A0A091P0B8_HALAL   94.39%    failed      4.71%
 333  tr|A0A091P745|A0A091P745_HALAL   92.29%    failed      0.89%
 334  tr|A0A162CGB3|A0A162CGB3_9CRUS   92.06%    failed      0.00%
 335  tr|A0A1S3W7S2|A0A1S3W7S2_ERIEU   93.87%    passed     10.78%
 336  tr|A0A1S3W4N3|A0A1S3W4N3_ERIEU   94.05%    passed      8.02%
 337  tr|A0A1S3WQ07|A0A1S3WQ07_ERIEU   92.49%    failed      0.03%
 338  tr|A0A1S2ZUQ3|A0A1S2ZUQ3_ERIEU   93.54%    failed      0.00%
 339  tr|A0A1S3GA24|A0A1S3GA24_DIPOR   91.62%    failed      0.05%
 340  tr|A0A1S3GGA0|A0A1S3GGA0_DIPOR   92.78%    passed     44.97%
 341  tr|A0A1S3FHW9|A0A1S3FHW9_DIPOR   93.69%    failed      0.06%
 342  tr|A0A1S3MUA1|A0A1S3MUA1_SALSA   92.12%    passed     18.99%
 343  tr|A0A1S3R3K4|A0A1S3R3K4_SALSA   92.25%    failed      0.72%
 344  tr|A0A1S3M140|A0A1S3M140_SALSA   93.29%    passed      5.68%
 345  tr|A0A1S3NZX9|A0A1S3NZX9_SALSA   92.05%    failed      2.38%
 346  tr|A0A1S3MR53|A0A1S3MR53_SALSA   92.11%    passed     10.49%
 347  tr|A0A1S3NF47|A0A1S3NF47_SALSA   91.71%    failed      0.11%
 348  tr|A0A1S3LZC6|A0A1S3LZC6_SALSA   92.18%    failed      0.18%
 349  tr|A0A1S3PMK3|A0A1S3PMK3_SALSA   92.18%    failed      0.48%
 350  tr|A0A1A6GTE4|A0A1A6GTE4_NEOLE   93.45%    failed      0.20%
 351  tr|A0A1A6G1L4|A0A1A6G1L4_NEOLE   94.62%    failed      0.15%
 352  tr|A0A1L8FQG9|A0A1L8FQG9_XENLA   93.65%    failed      1.29%
 353  tr|A0A1L8FUY7|A0A1L8FUY7_XENLA   92.29%    failed      0.25%
 354  tr|A0A1L8EPU1|A0A1L8EPU1_XENLA   92.16%    passed      6.18%
 355  tr|A0A1L8FQB6|A0A1L8FQB6_XENLA   93.79%    failed      0.45%
 356  tr|A0A1L8EX40|A0A1L8EX40_XENLA   92.64%    passed     10.08%
 357  tr|A0A1L8EL17|A0A1L8EL17_XENLA   92.84%    failed      0.97%
 358  tr|F8RUA9|F8RUA9_XENLA           93.56%    failed      0.31%
 359  tr|A0A1L8FV22|A0A1L8FV22_XENLA   93.65%    failed      0.15%
 360  tr|A0A1U7U3B6|A0A1U7U3B6_CARSF   94.05%    failed      3.95%
 361  tr|A0A1U7UI00|A0A1U7UI00_CARSF   94.11%    failed      4.01%
 362  tr|A0A1U7UQZ2|A0A1U7UQZ2_CARSF   92.45%    failed      0.01%
 363  tr|A0A1U7UVM9|A0A1U7UVM9_CARSF   91.52%    failed      0.00%
 364  tr|A0A1U7RS28|A0A1U7RS28_ALLSI   93.56%    failed      4.49%
 365  tr|A0A1U7SC26|A0A1U7SC26_ALLSI   91.53%    passed     15.81%
 366  tr|A0A3Q0GS41|A0A3Q0GS41_ALLSI   93.71%    failed      0.56%
 367  tr|A0A1U8D7Y1|A0A1U8D7Y1_ALLSI   94.04%    passed      7.74%
 368  tr|A0A3Q0G3N8|A0A3Q0G3N8_ALLSI   92.12%    failed      0.00%
 369  tr|A0A1U7S932|A0A1U7S932_ALLSI   92.31%    failed      0.96%
 370  tr|A0A1U7QZQ9|A0A1U7QZQ9_MESAU   93.75%    failed      0.00%
 371  tr|A0A1U7QMH3|A0A1U7QMH3_MESAU   92.78%    passed     25.31%
 372  tr|A0A1U8BZI8|A0A1U8BZI8_MESAU   93.38%    failed      0.01%
 373  tr|A0A1U7QWB5|A0A1U7QWB5_MESAU   93.45%    failed      0.16%
 374  tr|A0A3Q0CYC4|A0A3Q0CYC4_MESAU   91.31%    failed      0.13%
 375  tr|A0A1V4KDU8|A0A1V4KDU8_PATFA   91.76%    failed      0.27%
 376  tr|A0A1V4JQ78|A0A1V4JQ78_PATFA   94.11%    failed      1.95%
 377  tr|A0A1V4K7A8|A0A1V4K7A8_PATFA   93.55%    failed      1.46%
 378  tr|A0A1V4JQU3|A0A1V4JQU3_PATFA   92.39%    failed      0.40%
 379  tr|A0A2I4CJZ4|A0A2I4CJZ4_9TELE   91.79%    passed      7.53%
 380  tr|A0A2I4CY35|A0A2I4CY35_9TELE   92.32%    failed      1.58%
 381  tr|A0A2I4AQA0|A0A2I4AQA0_9TELE   93.67%    failed      0.21%
 382  tr|A0A2I4B9I2|A0A2I4B9I2_9TELE   93.62%    passed      5.83%
 383  tr|A0A2I4BNT6|A0A2I4BNT6_9TELE   92.11%    failed      0.25%
 384  tr|A0A060WYG6|A0A060WYG6_ONCMY   94.98%    failed      3.97%
 385  tr|A0A060YD53|A0A060YD53_ONCMY   92.25%    passed     13.91%
 386  tr|A0A060W249|A0A060W249_ONCMY   94.58%    passed     27.84%
 387  tr|A0A060VQ59|A0A060VQ59_ONCMY   94.87%    passed      8.05%
 388  tr|A0A218UHU1|A0A218UHU1_9PASE   91.05%    failed      0.00%
 389  tr|A0A218UDX6|A0A218UDX6_9PASE   91.83%    failed      0.00%
 390  tr|A0A226MZM3|A0A226MZM3_CALSU   94.08%    failed      0.05%
 391  tr|A0A226NDE5|A0A226NDE5_CALSU   94.58%    passed      6.60%
 392  tr|A0A226M7Q1|A0A226M7Q1_CALSU   96.58%    failed      3.68%
 393  tr|A0A226N867|A0A226N867_CALSU   95.61%    passed     14.57%
 394  tr|A0A226NV10|A0A226NV10_COLVI   93.28%    failed      0.00%
 395  tr|A0A226P6K7|A0A226P6K7_COLVI   93.29%    failed      1.40%
 396  tr|A0A226P2N4|A0A226P2N4_COLVI   94.09%    failed      1.32%
 397  tr|A0A2K5DB37|A0A2K5DB37_AOTNA   92.13%    passed     26.92%
 398  tr|A0A2K5EFQ5|A0A2K5EFQ5_AOTNA   93.46%    failed      0.03%
 399  tr|A0A2K5DHX1|A0A2K5DHX1_AOTNA   93.67%    failed      0.01%
 400  tr|A0A2K5D940|A0A2K5D940_AOTNA   91.52%    failed      0.00%
 401  tr|A0A2K5SBI4|A0A2K5SBI4_CEBIM   92.13%    passed     18.57%
 402  tr|A0A2K5Q1A3|A0A2K5Q1A3_CEBIM   93.67%    failed      0.00%
 403  tr|A0A2K5RQU5|A0A2K5RQU5_CEBIM   93.46%    failed      0.22%
 404  tr|A0A2K5QJE1|A0A2K5QJE1_CEBIM   91.52%    failed      0.00%
 405  tr|A0A2K5MTU1|A0A2K5MTU1_CERAT   92.42%    passed     41.19%
 406  tr|A0A2K5NV07|A0A2K5NV07_CERAT   91.52%    failed      0.00%
 407  tr|A0A2K5MG90|A0A2K5MG90_CERAT   93.67%    failed      0.00%
 408  tr|A0A2K5N7R1|A0A2K5N7R1_CERAT   93.46%    failed      1.38%
 409  tr|A0A2K5IP66|A0A2K5IP66_COLAP   94.17%    failed      0.00%
 410  tr|A0A2K5KGC1|A0A2K5KGC1_COLAP   91.53%    failed      0.00%
 411  tr|A0A2K5HT66|A0A2K5HT66_COLAP   93.46%    failed      0.94%
 412  tr|A0A2K5HNM2|A0A2K5HNM2_COLAP   95.32%    passed     13.39%
 413  tr|A0A2K5IF00|A0A2K5IF00_COLAP   96.81%    passed     65.35%
 414  tr|A0A2K5W7H9|A0A2K5W7H9_MACFA   93.67%    failed      0.00%
 415  tr|A0A2K5V724|A0A2K5V724_MACFA   91.92%    failed      0.00%
 416  tr|G7PLB3|G7PLB3_MACFA           92.64%    passed     79.82%
 417  tr|A0A2K5VP53|A0A2K5VP53_MACFA   94.02%    failed      0.15%
 418  tr|A0A2K6AQD4|A0A2K6AQD4_MACNE   93.72%    passed     29.07%
 419  tr|A0A2K6BC33|A0A2K6BC33_MACNE   91.52%    failed      0.00%
 420  tr|A0A2K5YL88|A0A2K5YL88_MANLE   88.82%    failed      0.00%
 421  tr|A0A2K5XM83|A0A2K5XM83_MANLE   93.71%    passed      6.74%
 422  tr|A0A2K5ZFZ1|A0A2K5ZFZ1_MANLE   92.13%    passed     28.37%
 423  tr|A0A2K5Y3M2|A0A2K5Y3M2_MANLE   93.67%    failed      0.00%
 424  tr|A0A2K6GMS6|A0A2K6GMS6_PROCO   91.56%    failed      0.00%
 425  tr|A0A2K6GA63|A0A2K6GA63_PROCO   93.45%    failed      1.12%
 426  tr|A0A2K6EYB3|A0A2K6EYB3_PROCO   93.64%    failed      0.00%
 427  tr|A0A2K6F735|A0A2K6F735_PROCO   92.68%    passed     16.81%
 428  tr|A0A2K6LB78|A0A2K6LB78_RHIBE   93.67%    failed      0.00%
 429  tr|A0A2K6L415|A0A2K6L415_RHIBE   92.13%    passed     26.18%
 430  tr|A0A2K6K399|A0A2K6K399_RHIBE   93.46%    failed      0.84%
 431  tr|A0A2K6L0L1|A0A2K6L0L1_RHIBE   91.52%    failed      0.00%
 432  tr|A0A2K6NW77|A0A2K6NW77_RHIRO   93.42%    failed      0.06%
 433  tr|A0A2K6QDP5|A0A2K6QDP5_RHIRO   91.52%    failed      0.00%
 434  tr|A0A2K6QKB6|A0A2K6QKB6_RHIRO   92.13%    passed     26.18%
 435  tr|A0A2K6RF28|A0A2K6RF28_RHIRO   93.59%    failed      0.00%
 436  tr|A0A2K6SXM1|A0A2K6SXM1_SAIBB   92.13%    passed     20.41%
 437  tr|A0A2K6TAS9|A0A2K6TAS9_SAIBB   91.49%    failed      0.00%
 438  tr|A0A2K6T7V8|A0A2K6T7V8_SAIBB   94.05%    failed      1.39%
 439  tr|A0A2K6S1I2|A0A2K6S1I2_SAIBB   93.67%    failed      0.00%
 440  tr|A0A2I0TR80|A0A2I0TR80_LIMLA   93.48%    failed      1.58%
 441  tr|A0A2I0TLC5|A0A2I0TLC5_LIMLA   96.55%    failed      0.52%
 442  tr|A0A2P4TB42|A0A2P4TB42_BAMTH   94.35%    failed      1.16%
 443  tr|A0A2P4SEW0|A0A2P4SEW0_BAMTH   95.30%    failed      0.38%
 444  tr|A0A2R8ZBW6|A0A2R8ZBW6_PANPA   93.77%    failed      0.03%
 445  tr|A0A2R9BFB8|A0A2R9BFB8_PANPA   90.91%    failed      0.00%
 446  tr|A0A2R8ZBP6|A0A2R8ZBP6_PANPA   92.26%    passed     32.54%
 447  tr|A0A2R8ZIZ6|A0A2R8ZIZ6_PANPA   93.46%    failed      1.26%
 448  tr|A0A210PZ56|A0A210PZ56_MIZYE   92.35%    failed      0.01%
 449  tr|A0A210PZJ8|A0A210PZJ8_MIZYE   92.13%    failed      0.04%
 450  tr|A0A210PTZ9|A0A210PTZ9_MIZYE   92.29%    passed      9.13%
 451  tr|A0A212D3S3|A0A212D3S3_CEREH   96.81%    passed      6.06%
 452  tr|A0A212CA19|A0A212CA19_CEREH   91.32%    failed      0.00%
 453  tr|A0A3P9QDL9|A0A3P9QDL9_POERE   93.62%    failed      1.20%
 454  tr|A0A3P9NN10|A0A3P9NN10_POERE   93.79%    failed      0.61%
 455  tr|A0A3P9PQ54|A0A3P9PQ54_POERE   92.13%    failed      2.30%
 456  tr|A0A2T7PAK1|A0A2T7PAK1_POMCA   93.05%    failed      0.04%
 457  tr|A0A2T7PB55|A0A2T7PB55_POMCA   93.16%    failed      0.69%
 458  tr|S4RDN3|S4RDN3_PETMA           93.97%    failed      4.77%
 459  tr|S4R8G8|S4R8G8_PETMA           96.55%    failed      0.06%
 460  tr|A0A6J3RXZ7|A0A6J3RXZ7_TURTR   93.72%    failed      0.00%
 461  tr|A0A2U4BNA1|A0A2U4BNA1_TURTR   92.19%    passed     23.59%
 462  tr|A0A6J3S0Y0|A0A6J3S0Y0_TURTR   93.45%    failed      0.96%
 463  tr|A0A6J3S184|A0A6J3S184_TURTR   91.58%    failed      0.01%
 464  tr|A0A2U3W944|A0A2U3W944_ODORO   93.58%    failed      0.00%
 465  tr|A0A2U3WAP4|A0A2U3WAP4_ODORO   92.13%    passed      5.16%
 466  tr|A0A2U3WX81|A0A2U3WX81_ODORO   93.44%    failed      0.94%
 467  tr|A0A2U3VUZ6|A0A2U3VUZ6_ODORO   91.62%    failed      0.00%
 468  tr|A0A2U3Y0Y6|A0A2U3Y0Y6_LEPWE   91.33%    failed      0.00%
 469  tr|A0A2U3YWB0|A0A2U3YWB0_LEPWE   94.02%    failed      1.62%
 470  tr|A0A2U3XPQ1|A0A2U3XPQ1_LEPWE   91.65%    failed      4.65%
 471  tr|A0A7F8QXZ8|A0A7F8QXZ8_LEPWE   95.55%    failed      0.00%
 472  tr|A0A2U9CSV5|A0A2U9CSV5_SCOMX   92.08%    failed      2.05%
 473  tr|A0A2U9CVJ0|A0A2U9CVJ0_SCOMX   93.89%    failed      0.02%
 474  tr|A0A2U9BIP7|A0A2U9BIP7_SCOMX   92.34%    failed      0.60%
 475  tr|A0A2U9BKT5|A0A2U9BKT5_SCOMX   93.62%    failed      2.48%
 476  tr|A0A2U9CDA2|A0A2U9CDA2_SCOMX   92.13%    failed      0.90%
 477  tr|A0A2Y9D640|A0A2Y9D640_TRIMA   93.48%    failed      0.32%
 478  tr|A0A2Y9D658|A0A2Y9D658_TRIMA   91.58%    failed      0.00%
 479  tr|A0A2Y9G1L0|A0A2Y9G1L0_TRIMA   90.05%    failed      0.00%
 480  tr|A0A2Y9DP62|A0A2Y9DP62_TRIMA   92.13%    passed     14.72%
 481  tr|A0A2Y9G9R3|A0A2Y9G9R3_NEOSC   94.02%    failed      3.06%
 482  tr|A0A2Y9I9H1|A0A2Y9I9H1_NEOSC   92.13%    passed      5.15%
 483  tr|A0A2Y9HPE4|A0A2Y9HPE4_NEOSC   92.76%    failed      0.00%
 484  tr|A0A2Y9GZW2|A0A2Y9GZW2_NEOSC   91.58%    failed      0.00%
 485  tr|A0A2Y9J781|A0A2Y9J781_ENHLU   92.13%    passed      8.00%
 486  tr|A0A2Y9INL5|A0A2Y9INL5_ENHLU   93.58%    failed      0.01%
 487  tr|A0A2Y9IZ39|A0A2Y9IZ39_ENHLU   91.53%    failed      0.00%
 488  tr|A0A2Y9KVU2|A0A2Y9KVU2_ENHLU   93.44%    failed      0.04%
 489  tr|A0A2Y9N7N3|A0A2Y9N7N3_DELLE   91.39%    failed      0.00%
 490  tr|A0A2Y9N1W7|A0A2Y9N1W7_DELLE   92.19%    passed     19.82%
 491  tr|A0A2Y9LIS0|A0A2Y9LIS0_DELLE   93.44%    failed      2.01%
 492  tr|A0A2Y9SS07|A0A2Y9SS07_PHYMC   92.19%    passed     27.03%
 493  tr|A0A2Y9ERA3|A0A2Y9ERA3_PHYMC   93.45%    failed      1.42%
 494  tr|A0A2Y9EJX1|A0A2Y9EJX1_PHYMC   93.85%    failed      0.00%
 495  tr|A0A2Y9FLT0|A0A2Y9FLT0_PHYMC   91.58%    failed      0.01%
 496  tr|A0A2Y9TG63|A0A2Y9TG63_PHYMC   93.68%    failed      0.00%
 497  tr|A0A315W6A3|A0A315W6A3_GAMAF   93.12%    passed      7.06%
 498  tr|A0A315VPY6|A0A315VPY6_GAMAF   92.35%    failed      0.96%
 499  tr|A0A315VPG6|A0A315VPG6_GAMAF   93.54%    passed      5.67%
 500  tr|A0A315V3V9|A0A315V3V9_GAMAF   92.39%    failed      0.02%
 501  tr|A0A315UZ96|A0A315UZ96_GAMAF   92.71%    failed      1.48%
 502  tr|A0A341C689|A0A341C689_NEOAA   93.45%    failed      1.36%
 503  tr|A0A341C003|A0A341C003_NEOAA   91.66%    failed      0.10%
 504  tr|A0A341AUF5|A0A341AUF5_NEOAA   92.19%    passed     19.82%
 505  tr|A0A3Q1CJH7|A0A3Q1CJH7_AMPOC   93.74%    passed     12.66%
 506  tr|A0A3Q1BMP0|A0A3Q1BMP0_AMPOC   92.75%    failed      4.64%
 507  tr|A0A3Q1AW64|A0A3Q1AW64_AMPOC   93.71%    failed      1.03%
 508  tr|A0A3Q1ANJ9|A0A3Q1ANJ9_AMPOC   91.96%    failed      0.02%
 509  tr|A0A3Q1CR18|A0A3Q1CR18_AMPOC   92.46%    failed      0.39%
 510  tr|A0A3Q1FRI6|A0A3Q1FRI6_9TELE   92.39%    failed      1.56%
 511  tr|A0A3Q1FX31|A0A3Q1FX31_9TELE   92.45%    failed      1.54%
 512  tr|A0A3Q1G4I6|A0A3Q1G4I6_9TELE   94.19%    passed     30.36%
 513  tr|A0A3Q1FGU1|A0A3Q1FGU1_9TELE   93.67%    failed      0.75%
 514  tr|A0A3Q1GJ01|A0A3Q1GJ01_9TELE   92.42%    failed      4.37%
 515  tr|A0A3Q4HM93|A0A3Q4HM93_NEOBR   93.99%    failed      0.26%
 516  tr|A0A3Q4GBQ7|A0A3Q4GBQ7_NEOBR   92.64%    passed      7.25%
 517  tr|A0A3Q4HKJ4|A0A3Q4HKJ4_NEOBR   93.85%    passed      5.38%
 518  tr|A0A3Q4MM25|A0A3Q4MM25_NEOBR   92.16%    failed      0.84%
 519  tr|A0A3Q4HFC9|A0A3Q4HFC9_NEOBR   92.85%    failed      2.88%
 520  tr|A0A3Q3WEB5|A0A3Q3WEB5_MOLML   91.95%    failed      0.75%
 521  tr|A0A3Q3WYB9|A0A3Q3WYB9_MOLML   94.15%    passed     28.18%
 522  tr|A0A3Q4B571|A0A3Q4B571_MOLML   93.99%    failed      0.01%
 523  tr|A0A3Q3VZH7|A0A3Q3VZH7_MOLML   92.96%    failed      0.91%
 524  tr|A0A3Q3VLX3|A0A3Q3VLX3_MOLML   92.82%    failed      0.05%
 525  tr|A0A3Q3MGS8|A0A3Q3MGS8_9TELE   92.12%    failed      0.98%
 526  tr|A0A7N8WPB5|A0A7N8WPB5_9TELE   93.65%    failed      0.05%
 527  tr|A0A7N9B1Q8|A0A7N9B1Q8_9TELE   93.85%    failed      0.02%
 528  tr|A0A7N8YNV4|A0A7N8YNV4_9TELE   92.44%    passed      5.39%
 529  tr|A0A7N8X018|A0A7N8X018_9TELE   91.03%    failed      0.69%
 530  tr|A0A3Q3GCN0|A0A3Q3GCN0_9LABR   92.24%    failed      3.66%
 531  tr|A0A3Q3GS55|A0A3Q3GS55_9LABR   92.74%    failed      4.35%
 532  tr|A0A3Q3EZ41|A0A3Q3EZ41_9LABR   92.05%    failed      1.43%
 533  tr|A0A3Q3MUV9|A0A3Q3MUV9_9LABR   93.65%    failed      0.56%
 534  tr|A0A3Q3E970|A0A3Q3E970_9LABR   93.68%    failed      0.96%
 535  tr|A0A384BP42|A0A384BP42_URSMA   93.74%    failed      0.00%
 536  tr|A0A384BT70|A0A384BT70_URSMA   92.31%    failed      0.00%
 537  tr|A0A384DM64|A0A384DM64_URSMA   93.46%    failed      2.09%
 538  tr|A0A384D5N7|A0A384D5N7_URSMA   92.18%    failed      0.00%
 539  tr|A0A384AKK3|A0A384AKK3_BALAS   93.28%    passed     28.42%
 540  tr|A0A383Z1F1|A0A383Z1F1_BALAS   92.42%    failed      0.45%
 541  tr|A0A384B1Q4|A0A384B1Q4_BALAS   93.45%    failed      0.83%
 542  tr|A0A384AWH5|A0A384AWH5_BALAS   93.64%    failed      0.00%
 543  tr|A0A3Q3A3J9|A0A3Q3A3J9_KRYMA   92.32%    failed      0.38%
 544  tr|A0A3Q3BCA7|A0A3Q3BCA7_KRYMA   93.64%    failed      1.50%
 545  tr|A0A3Q3AAF4|A0A3Q3AAF4_KRYMA   93.67%    failed      2.05%
 546  tr|A0A3Q3BGG9|A0A3Q3BGG9_KRYMA   92.08%    failed      1.88%
 547  tr|A0A3Q3B5N4|A0A3Q3B5N4_KRYMA   92.19%    failed      0.84%
 548  tr|A0A3Q2X6M8|A0A3Q2X6M8_HAPBU   93.64%    failed      2.59%
 549  tr|A0A3Q2WKK7|A0A3Q2WKK7_HAPBU   92.36%    passed     16.03%
 550  tr|A0A3Q2VT66|A0A3Q2VT66_HAPBU   93.68%    failed      0.18%
 551  tr|A0A3Q2WGU2|A0A3Q2WGU2_HAPBU   92.03%    failed      2.20%
 552  tr|A0A3Q2WZ97|A0A3Q2WZ97_HAPBU   92.31%    failed      2.26%
 553  tr|A0A3Q2CGB8|A0A3Q2CGB8_CYPVA   92.66%    failed      3.00%
 554  tr|A0A3Q2DAG8|A0A3Q2DAG8_CYPVA   92.34%    failed      0.74%
 555  tr|A0A3Q2G5I8|A0A3Q2G5I8_CYPVA   92.56%    failed      4.97%
 556  tr|A0A7N6BZE3|A0A7N6BZE3_ANATE   91.88%    failed      0.11%
 557  tr|A0A7N6ABN6|A0A7N6ABN6_ANATE   92.41%    failed      0.15%
 558  tr|A0A3Q1HRN8|A0A3Q1HRN8_ANATE   92.31%    failed      2.85%
 559  tr|A0A7N6ACK5|A0A7N6ACK5_ANATE   93.67%    failed      3.81%
 560  tr|A0A7N6A043|A0A7N6A043_ANATE   93.67%    failed      0.59%
 561  tr|A0A3Q1HQM4|A0A3Q1HQM4_ANATE   93.62%    failed      0.25%
 562  tr|A0A3P8T205|A0A3P8T205_AMPPE   91.98%    failed      0.02%
 563  tr|A0A3P8RPV6|A0A3P8RPV6_AMPPE   92.18%    failed      2.56%
 564  tr|A0A3P8TVW5|A0A3P8TVW5_AMPPE   93.84%    passed     12.70%
 565  tr|A0A3P8TCQ1|A0A3P8TCQ1_AMPPE   93.97%    failed      0.75%
 566  tr|A0A3P8SKD1|A0A3P8SKD1_AMPPE   92.74%    failed      0.44%
 567  tr|A0A3P8WL51|A0A3P8WL51_CYNSE   93.67%    failed      0.59%
 568  tr|A0A3P8VJ94|A0A3P8VJ94_CYNSE   92.06%    failed      0.43%
 569  tr|A0A3P8W148|A0A3P8W148_CYNSE   90.52%    failed      0.24%
 570  tr|A0A3P8VKA5|A0A3P8VKA5_CYNSE   93.46%    failed      0.75%
 571  tr|A0A3P8WT03|A0A3P8WT03_CYNSE   92.59%    passed      8.58%
 572  tr|A0A3P8ZFX3|A0A3P8ZFX3_ESOLU   93.22%    failed      2.59%
 573  tr|A0A3P8XGY2|A0A3P8XGY2_ESOLU   92.32%    failed      0.03%
 574  tr|A0A3P8Z905|A0A3P8Z905_ESOLU   91.66%    failed      0.58%
 575  tr|A0A6Q2XFB4|A0A6Q2XFB4_ESOLU   92.22%    passed     12.40%
 576  tr|A0A6Q2YC78|A0A6Q2YC78_ESOLU   92.62%    passed      9.64%
 577  tr|A0A3P9CW20|A0A3P9CW20_9CICH   93.68%    failed      0.20%
 578  tr|A0A3P9DGZ9|A0A3P9DGZ9_9CICH   92.36%    passed     16.03%
 579  tr|A0A3P9CCU8|A0A3P9CCU8_9CICH   92.59%    failed      1.85%
 580  tr|A0A3P9C186|A0A3P9C186_9CICH   93.12%    failed      1.43%
 581  tr|A0A3P9CBX7|A0A3P9CBX7_9CICH   92.03%    failed      4.10%
 582  tr|A0A3P9AW79|A0A3P9AW79_9CICH   92.35%    failed      1.04%
 583  tr|A0A340YJC5|A0A340YJC5_LIPVE   93.25%    passed     44.06%
 584  tr|A0A340WFD9|A0A340WFD9_LIPVE   93.46%    failed      1.19%
 585  tr|A0A340YHX2|A0A340YHX2_LIPVE   94.62%    failed      0.18%
 586  tr|A0A340YCZ7|A0A340YCZ7_LIPVE   91.55%    failed      0.00%
 587  tr|A0A3M0KZM4|A0A3M0KZM4_HIRRU   94.04%    failed      2.71%
 588  tr|A0A3M0IN30|A0A3M0IN30_HIRRU   92.94%    failed      1.83%
 589  tr|A0A3M0JUG8|A0A3M0JUG8_HIRRU   92.46%    failed      0.00%
 590  tr|A0A3S0ZST4|A0A3S0ZST4_ELYCH   93.44%    failed      1.69%
 591  tr|A0A3S1C4R2|A0A3S1C4R2_ELYCH   93.09%    failed      0.00%
 592  tr|A0A3L8RWW0|A0A3L8RWW0_CHLGU   95.24%    passed     29.74%
 593  tr|A0A3L8RWZ5|A0A3L8RWZ5_CHLGU   95.24%    passed     23.89%
 594  tr|A0A3L8SNG1|A0A3L8SNG1_CHLGU   93.61%    passed     10.75%
 595  tr|A0A3N0Y5F8|A0A3N0Y5F8_ANAGA   92.35%    passed      5.51%
 596  tr|A0A437CA08|A0A437CA08_ORYJA   92.35%    passed     16.58%
 597  tr|A0A437C5F8|A0A437C5F8_ORYJA   91.88%    passed     40.03%
 598  tr|A0A437CGW7|A0A437CGW7_ORYJA   92.32%    failed      4.24%
 599  tr|A0A437C8M0|A0A437C8M0_ORYJA   93.67%    failed      0.12%
 600  tr|A0A3S2PI75|A0A3S2PI75_ORYJA   93.65%    failed      1.63%
 601  tr|A0A3Q7V1E0|A0A3Q7V1E0_VULVU   93.65%    failed      0.01%
 602  tr|A0A3Q7T7Z2|A0A3Q7T7Z2_VULVU   94.04%    failed      1.92%
 603  tr|A0A3Q7TS32|A0A3Q7TS32_VULVU   93.72%    passed     13.76%
 604  tr|A0A3Q7RGV5|A0A3Q7RGV5_VULVU   91.51%    failed      0.00%
 605  tr|A0A3Q7MU50|A0A3Q7MU50_CALUR   93.81%    failed      0.07%
 606  tr|A0A3Q7Q817|A0A3Q7Q817_CALUR   92.13%    passed      6.84%
 607  tr|A0A3Q7RFT8|A0A3Q7RFT8_CALUR   93.44%    failed      2.69%
 608  tr|A0A3Q7Q5N6|A0A3Q7Q5N6_CALUR   91.45%    failed      0.00%
 609  tr|A0A3Q7XHR7|A0A3Q7XHR7_URSAR   93.55%    failed      0.00%
 610  tr|A0A3Q7WDZ4|A0A3Q7WDZ4_URSAR   93.52%    failed      4.07%
 611  tr|A0A3Q7VZ77|A0A3Q7VZ77_URSAR   93.72%    failed      4.41%
 612  tr|A0A3Q7X1H0|A0A3Q7X1H0_URSAR   91.51%    failed      0.00%
 613  tr|A0A401SL16|A0A401SL16_CHIPU   92.22%    failed      0.53%
 614  tr|A0A401RSL8|A0A401RSL8_CHIPU   94.91%    passed      7.95%
 615  tr|A0A401SRW2|A0A401SRW2_CHIPU   92.34%    failed      0.03%
 616  tr|A0A401SU79|A0A401SU79_CHIPU   93.61%    failed      0.53%
 617  tr|A0A401NKQ9|A0A401NKQ9_SCYTO   93.78%    failed      1.78%
 618  tr|A0A401PYE0|A0A401PYE0_SCYTO   94.65%    failed      4.30%
 619  tr|A0A401Q2Q1|A0A401Q2Q1_SCYTO   94.24%    failed      1.20%
 620  tr|A0A402F168|A0A402F168_9SAUR   93.61%    passed     20.69%
 621  tr|A0A402FUM4|A0A402FUM4_9SAUR   92.59%    failed      0.23%
 622  tr|A0A402F0Q4|A0A402F0Q4_9SAUR   92.31%    failed      0.22%
 623  tr|A0A402F6W4|A0A402F6W4_9SAUR   92.96%    failed      1.60%
 624  tr|A0A402FMZ4|A0A402FMZ4_9SAUR   94.45%    passed      8.09%
 625  tr|A0A662YTQ9|A0A662YTQ9_ACIRT   60.69%    failed      0.00%
 626  tr|A0A444U8T0|A0A444U8T0_ACIRT   93.34%    passed     18.91%
 627  tr|A0A444TX22|A0A444TX22_ACIRT   89.99%    failed      0.01%
 628  tr|A0A498LVK7|A0A498LVK7_LABRO   91.48%    failed      0.02%
 629  tr|A0A498NAU3|A0A498NAU3_LABRO   90.72%    failed      0.00%
 630  tr|A0A498M4F1|A0A498M4F1_LABRO   93.04%    passed      5.57%
 631  tr|A0A498LVU6|A0A498LVU6_LABRO   89.38%    failed      0.00%
 632  tr|A0A498N9M6|A0A498N9M6_LABRO   92.35%    failed      2.45%
 633  tr|A0A452FS30|A0A452FS30_CAPHI   93.72%    failed      0.02%
 634  tr|A0A452FIH0|A0A452FIH0_CAPHI   93.45%    failed      0.08%
 635  tr|A0A452DQB4|A0A452DQB4_CAPHI   91.98%    failed      1.35%
 636  tr|A0A452DV82|A0A452DV82_CAPHI   91.58%    failed      0.00%
 637  tr|A0A452GTM1|A0A452GTM1_9SAUR   93.64%    failed      3.19%
 638  tr|A0A452J1V7|A0A452J1V7_9SAUR   92.62%    failed      0.69%
 639  tr|A0A452H3Z8|A0A452H3Z8_9SAUR   94.99%    passed     73.20%
 640  tr|A0A452I9S4|A0A452I9S4_9SAUR   93.78%    failed      0.07%
 641  tr|A0A452SLM1|A0A452SLM1_URSAM   91.51%    failed      0.00%
 642  tr|A0A452QNJ9|A0A452QNJ9_URSAM   93.55%    failed      0.00%
 643  tr|A0A484CW17|A0A484CW17_PERFV   94.28%    failed      0.29%
 644  tr|A0A484CQ07|A0A484CQ07_PERFV   92.42%    passed     10.56%
 645  tr|A0A484CAJ7|A0A484CAJ7_PERFV   91.65%    failed      1.21%
 646  tr|R0LJJ8|R0LJJ8_ANAPL           94.39%    passed     17.60%
 647  tr|R0JN62|R0JN62_ANAPL           94.37%    failed      1.99%
 648  tr|R0LAQ1|R0LAQ1_ANAPL           93.14%    failed      4.26%
 649  tr|A0A4D9E7C0|A0A4D9E7C0_9SAUR   94.05%    failed      1.44%
 650  tr|A0A4D9EGG5|A0A4D9EGG5_9SAUR   92.35%    failed      0.22%
 651  tr|A0A4D9EAL7|A0A4D9EAL7_9SAUR   93.34%    failed      2.73%
 652  tr|A0A4D9ECR9|A0A4D9ECR9_9SAUR   93.36%    failed      1.49%
 653  tr|A0A4D9DTN2|A0A4D9DTN2_9SAUR   93.94%    failed      3.64%
 654  tr|A0A4D9EHQ2|A0A4D9EHQ2_9SAUR   92.32%    passed      5.31%
 655  tr|A0A4U5VHG1|A0A4U5VHG1_COLLU   92.38%    failed      0.00%
 656  tr|A0A4U5U0G2|A0A4U5U0G2_COLLU   92.05%    failed      4.52%
 657  tr|A0A4U5VMW0|A0A4U5VMW0_COLLU   92.45%    failed      0.41%
 658  tr|A0A4U5U0H1|A0A4U5U0H1_COLLU   92.29%    failed      3.05%
 659  tr|A0A4U5UWS2|A0A4U5UWS2_COLLU   93.51%    passed     10.77%
 660  tr|A0A5N4E6I9|A0A5N4E6I9_CAMDR   96.61%    failed      0.39%
 661  tr|A0A5N4E5P8|A0A5N4E5P8_CAMDR   94.15%    failed      0.01%
 662  tr|A0A5N4E701|A0A5N4E701_CAMDR   97.04%    passed     19.34%
 663  tr|A0A5N4CYI4|A0A5N4CYI4_CAMDR   91.43%    failed      0.00%
 664  tr|A0A4U1FL70|A0A4U1FL70_MONMO   96.81%    passed     63.83%
 665  tr|A0A4U1EHR8|A0A4U1EHR8_MONMO   93.44%    failed      2.22%
 666  tr|A0A4U1ERA5|A0A4U1ERA5_MONMO   91.23%    failed      0.00%
 667  tr|A0A4Z2G2L6|A0A4Z2G2L6_9TELE   95.22%    failed      0.40%
 668  tr|A0A4Z2I4E5|A0A4Z2I4E5_9TELE   92.94%    failed      0.85%
 669  tr|A0A4W6C5Q5|A0A4W6C5Q5_LATCA   91.83%    passed      6.91%
 670  tr|A0A4W6DCC3|A0A4W6DCC3_LATCA   93.67%    failed      0.06%
 671  tr|A0A4W6DXG3|A0A4W6DXG3_LATCA   92.49%    failed      0.05%
 672  tr|A0A4W6G8U9|A0A4W6G8U9_LATCA   92.95%    failed      0.08%
 673  tr|A0A4W6CJY6|A0A4W6CJY6_LATCA   94.04%    failed      0.39%
 674  tr|A0A4W2BQ19|A0A4W2BQ19_BOBOX   93.45%    failed      0.18%
 675  tr|A0A4W2CN77|A0A4W2CN77_BOBOX   91.98%    failed      4.42%
 676  tr|A0A4W2FPX7|A0A4W2FPX7_BOBOX   93.79%    failed      0.01%
 677  tr|A0A4W2E9X8|A0A4W2E9X8_BOBOX   91.58%    failed      0.00%
 678  tr|A0A4W5MMN4|A0A4W5MMN4_9TELE   92.12%    passed      6.20%
 679  tr|A0A4W5RAX7|A0A4W5RAX7_9TELE   94.17%    failed      0.68%
 680  tr|A0A4W5Q2M1|A0A4W5Q2M1_9TELE   92.29%    failed      4.18%
 681  tr|A0A4W5NAL9|A0A4W5NAL9_9TELE   92.32%    failed      2.54%
 682  tr|A0A4W5N8C8|A0A4W5N8C8_9TELE   92.09%    passed     14.38%
 683  tr|A0A4W5M370|A0A4W5M370_9TELE   91.71%    failed      0.04%
 684  tr|A0A4W5JZ26|A0A4W5JZ26_9TELE   92.01%    failed      0.93%
 685  tr|A0A4W4H5N1|A0A4W4H5N1_ELEEL   93.71%    failed      1.97%
 686  tr|A0A4W4H001|A0A4W4H001_ELEEL   93.92%    failed      0.11%
 687  tr|A0A4W4HIQ1|A0A4W4HIQ1_ELEEL   91.72%    failed      0.80%
 688  tr|A0A4W4HJ77|A0A4W4HJ77_ELEEL   92.48%    failed      1.35%
 689  tr|A0A4W4HPI0|A0A4W4HPI0_ELEEL   92.68%    failed      0.62%
 690  tr|A0A4W4GUG5|A0A4W4GUG5_ELEEL   92.92%    failed      0.58%
 691  tr|A0A4W3HJ89|A0A4W3HJ89_CALMI   93.32%    failed      0.77%
 692  tr|A0A4W3J4J7|A0A4W3J4J7_CALMI   91.55%    failed      0.39%
 693  tr|A0A4W3HIU5|A0A4W3HIU5_CALMI   92.64%    failed      3.63%
 694  tr|A0A4X2KRN0|A0A4X2KRN0_VOMUR   93.65%    failed      0.33%
 695  tr|A0A4X2JVF4|A0A4X2JVF4_VOMUR   92.99%    failed      1.59%
 696  tr|A0A4X2K8M4|A0A4X2K8M4_VOMUR   92.24%    passed     15.24%
 697  tr|A0A4X2KX32|A0A4X2KX32_VOMUR   91.65%    failed      0.15%
 698  tr|A0A553RNW3|A0A553RNW3_9TELE   93.78%    passed      6.42%
 699  tr|A0A553QPS0|A0A553QPS0_9TELE   90.96%    failed      0.56%
 700  tr|A0A553MZT0|A0A553MZT0_9TELE   91.45%    failed      0.37%
 701  tr|A0A553R4K8|A0A553R4K8_9TELE   93.05%    failed      0.79%
 702  tr|A0A556TWG4|A0A556TWG4_BAGYA   93.55%    failed      0.00%
 703  tr|A0A556TTU0|A0A556TTU0_BAGYA   91.49%    failed      0.18%
 704  tr|A0A556U0Y1|A0A556U0Y1_BAGYA   92.11%    failed      0.48%
 705  tr|A0A5C6PMC0|A0A5C6PMC0_9TELE   92.15%    failed      3.27%
 706  tr|A0A5C6PNJ1|A0A5C6PNJ1_9TELE   92.45%    failed      0.03%
 707  tr|A0A5C6NZI4|A0A5C6NZI4_9TELE   92.38%    failed      1.91%
 708  tr|A0A5C6P3Y2|A0A5C6P3Y2_9TELE   92.61%    failed      4.92%
 709  tr|A0A5C6NTW7|A0A5C6NTW7_9TELE   91.81%    failed      0.02%
 710  tr|A0A5A9PA17|A0A5A9PA17_9TELE   92.78%    failed      2.76%
 711  tr|A0A5A9PVQ8|A0A5A9PVQ8_9TELE   92.16%    failed      2.74%
 712  tr|A0A5A9P3R0|A0A5A9P3R0_9TELE   91.49%    failed      0.01%
 713  tr|A0A5A9NRF9|A0A5A9NRF9_9TELE   91.38%    failed      0.88%
 714  tr|A0A5N3Y1Z4|A0A5N3Y1Z4_MUNRE   90.58%    failed      0.00%
 715  tr|A0A5N3XX21|A0A5N3XX21_MUNRE   91.65%    failed      0.05%
 716  tr|A0A5J5MIS5|A0A5J5MIS5_MUNRE   92.31%    failed      3.00%
 717  tr|A0A5J5MLH0|A0A5J5MLH0_MUNRE   94.28%    failed      0.03%
 718  tr|A0A5N5PHD7|A0A5N5PHD7_PANHP   92.65%    passed     13.99%
 719  tr|A0A5N5MJE3|A0A5N5MJE3_PANHP   92.11%    failed      0.28%
 720  tr|A0A5N5KYF8|A0A5N5KYF8_PANHP   93.68%    failed      1.30%
 721  tr|A0A5N5KSE5|A0A5N5KSE5_PANHP   93.55%    failed      0.05%
 722  tr|A0A5E4B4A3|A0A5E4B4A3_MARMO   91.36%    failed      0.00%
 723  tr|A0A5E4AT72|A0A5E4AT72_MARMO   93.58%    failed      0.00%
 724  tr|A0A5E4B9S7|A0A5E4B9S7_MARMO   93.59%    failed      0.10%
 725  tr|A0A485MPM6|A0A485MPM6_LYNPA   93.74%    failed      0.04%
 726  tr|A0A485MMW7|A0A485MMW7_LYNPA   92.13%    failed      3.82%
 727  tr|A0A485MKM9|A0A485MKM9_LYNPA   93.62%    failed      0.00%
 728  tr|A0A485NRT1|A0A485NRT1_LYNPA   93.44%    failed      0.33%
 729  tr|A0A485MCI6|A0A485MCI6_LYNPA   92.01%    failed      0.01%
 730  tr|A0A6G0J7J6|A0A6G0J7J6_LARCR   92.54%    failed      4.07%
 731  tr|A0A6G0J6W5|A0A6G0J6W5_LARCR   92.52%    failed      4.29%
 732  tr|A0A6G0IHY2|A0A6G0IHY2_LARCR   92.31%    passed      6.74%
 733  tr|A0A6G0HYT9|A0A6G0HYT9_LARCR   92.48%    failed      0.63%
 734  tr|A0A643BTL6|A0A643BTL6_BALPH   96.81%    passed     50.17%
 735  tr|A0A6A5EAD3|A0A6A5EAD3_PERFL   94.41%    failed      0.02%
 736  tr|A0A6A5F185|A0A6A5F185_PERFL   92.12%    passed      6.71%
 737  tr|A0A6A5E0Z8|A0A6A5E0Z8_PERFL   92.03%    failed      0.04%
 738  tr|A0A6A5EZC2|A0A6A5EZC2_PERFL   92.34%    failed      4.47%
 739  tr|A0A6A5F1N2|A0A6A5F1N2_PERFL   93.36%    failed      0.21%
 740  tr|A0A671G0F9|A0A671G0F9_RHIFE   92.12%    passed     35.62%
 741  tr|A0A671EA41|A0A671EA41_RHIFE   93.64%    failed      0.01%
 742  tr|A0A671FAN0|A0A671FAN0_RHIFE   93.48%    failed      0.91%
 743  tr|A0A671FL54|A0A671FL54_RHIFE   89.99%    failed      0.00%
 744  tr|A0A671NCA3|A0A671NCA3_9TELE   93.36%    failed      0.16%
 745  tr|A0A671MFN7|A0A671MFN7_9TELE   94.09%    failed      2.07%
 746  tr|A0A671RY76|A0A671RY76_9TELE   92.34%    failed      1.58%
 747  tr|A0A671RIW3|A0A671RIW3_9TELE   93.67%    failed      0.58%
 748  tr|A0A671LLW9|A0A671LLW9_9TELE   92.28%    failed      1.15%
 749  tr|A0A671SMM9|A0A671SMM9_9TELE   92.29%    passed      8.71%
 750  tr|A0A671RRX3|A0A671RRX3_9TELE   92.26%    failed      0.03%
 751  tr|A0A671PH42|A0A671PH42_9TELE   92.35%    passed     17.25%
 752  tr|A0A671S9R2|A0A671S9R2_9TELE   92.45%    failed      0.03%
 753  tr|A0A671SW91|A0A671SW91_9TELE   92.39%    failed      1.67%
 754  tr|A0A669QNU2|A0A669QNU2_PHACC   93.61%    failed      1.23%
 755  tr|A0A669QSB2|A0A669QSB2_PHACC   92.31%    failed      0.60%
 756  tr|A0A669PH32|A0A669PH32_PHACC   93.87%    passed      8.01%
 757  tr|A0A669PZ04|A0A669PZ04_PHACC   92.38%    failed      0.06%
 758  tr|A0A672P3H3|A0A672P3H3_SINGR   91.93%    failed      0.12%
 759  tr|A0A672N2B3|A0A672N2B3_SINGR   91.99%    passed     17.74%
 760  tr|A0A672T2H4|A0A672T2H4_SINGR   93.79%    failed      0.43%
 761  tr|A0A672Q989|A0A672Q989_SINGR   91.52%    failed      0.00%
 762  tr|A0A672SLS0|A0A672SLS0_SINGR   94.05%    failed      4.04%
 763  tr|A0A672L956|A0A672L956_SINGR   92.84%    passed      5.18%
 764  tr|A0A672L1T4|A0A672L1T4_SINGR   96.11%    passed     40.44%
 765  tr|A0A672PW92|A0A672PW92_SINGR   92.72%    passed      5.09%
 766  tr|A0A672SRM0|A0A672SRM0_SINGR   92.34%    failed      1.78%
 767  tr|A0A668ARE8|A0A668ARE8_9TELE   92.24%    failed      0.38%
 768  tr|A0A667ZK87|A0A667ZK87_9TELE   92.28%    passed      8.87%
 769  tr|A0A667WH47|A0A667WH47_9TELE   94.02%    failed      0.13%
 770  tr|A0A668ACB5|A0A668ACB5_9TELE   93.84%    failed      0.15%
 771  tr|A0A668A7R0|A0A668A7R0_9TELE   92.12%    passed     13.51%
 772  tr|A0A665VI47|A0A665VI47_ECHNA   93.99%    failed      0.03%
 773  tr|A0A665VGZ0|A0A665VGZ0_ECHNA   92.56%    failed      0.82%
 774  tr|A0A665U245|A0A665U245_ECHNA   92.58%    failed      3.63%
 775  tr|A0A665WMJ1|A0A665WMJ1_ECHNA   92.35%    failed      3.69%
 776  tr|A0A671Y501|A0A671Y501_SPAAU   92.26%    passed     15.37%
 777  tr|A0A671Y1L5|A0A671Y1L5_SPAAU   93.38%    failed      0.05%
 778  tr|A0A671YUG4|A0A671YUG4_SPAAU   92.05%    failed      0.88%
 779  tr|A0A671WAG5|A0A671WAG5_SPAAU   93.67%    failed      0.37%
 780  tr|A0A671VUP1|A0A671VUP1_SPAAU   92.19%    failed      3.11%
 781  tr|A0A672TQQ6|A0A672TQQ6_STRHB   92.31%    failed      0.60%
 782  tr|A0A672TPR7|A0A672TPR7_STRHB   93.62%    failed      1.66%
 783  tr|A0A672UI54|A0A672UI54_STRHB   91.82%    failed      0.00%
 784  tr|A0A672GMV8|A0A672GMV8_SALFA   91.83%    failed      0.02%
 785  tr|A0A672GP58|A0A672GP58_SALFA   93.69%    failed      4.69%
 786  tr|A0A672HZQ7|A0A672HZQ7_SALFA   93.38%    failed      1.88%
 787  tr|A0A672GL58|A0A672GL58_SALFA   92.42%    failed      0.74%
 788  tr|A0A672J2U2|A0A672J2U2_SALFA   91.96%    failed      0.04%
 789  tr|A0A673SSZ7|A0A673SSZ7_SURSU   93.62%    failed      0.00%
 790  tr|A0A673SY79|A0A673SY79_SURSU   92.11%    failed      2.10%
 791  tr|A0A673TUZ9|A0A673TUZ9_SURSU   91.56%    failed      0.00%
 792  tr|A0A673SZG1|A0A673SZG1_SURSU   93.44%    failed      1.80%
 793  tr|A0A663MTK2|A0A663MTK2_ATHCN   93.89%    passed      5.88%
 794  tr|A0A663MSA7|A0A663MSA7_ATHCN   91.41%    failed      0.00%
 795  tr|A0A663M736|A0A663M736_ATHCN   93.68%    failed      0.14%
 796  tr|A0A663M4U4|A0A663M4U4_ATHCN   93.65%    failed      1.85%
 797  tr|A0A663M589|A0A663M589_ATHCN   92.11%    failed      3.25%
 798  tr|A0A663N758|A0A663N758_ATHCN   93.62%    failed      1.66%
 799  tr|A0A673J0E1|A0A673J0E1_9TELE   92.25%    failed      2.22%
 800  tr|A0A673ISF0|A0A673ISF0_9TELE   94.01%    failed      0.31%
 801  tr|A0A673HLA5|A0A673HLA5_9TELE   92.13%    failed      0.01%
 802  tr|A0A673FTX3|A0A673FTX3_9TELE   94.08%    failed      1.00%
 803  tr|A0A673H2P6|A0A673H2P6_9TELE   93.75%    failed      2.90%
 804  tr|A0A673JWX2|A0A673JWX2_9TELE   93.02%    passed     26.05%
 805  tr|A0A673M750|A0A673M750_9TELE   91.99%    passed     21.69%
 806  tr|A0A673HYV9|A0A673HYV9_9TELE   92.39%    failed      0.93%
 807  tr|A0A673L6W5|A0A673L6W5_9TELE   95.45%    passed     58.16%
 808  tr|A0A673H8U6|A0A673H8U6_9TELE   92.52%    passed      5.08%
 809  tr|A0A673L355|A0A673L355_9TELE   93.67%    failed      0.63%
 810  tr|A0A673LXL5|A0A673LXL5_9TELE   91.31%    failed      0.01%
 811  tr|A0A673C0G1|A0A673C0G1_9TELE   91.73%    failed      0.96%
 812  tr|A0A673CAY1|A0A673CAY1_9TELE   93.99%    failed      0.24%
 813  tr|A0A673B2I5|A0A673B2I5_9TELE   92.11%    failed      0.00%
 814  tr|A0A672ZII0|A0A672ZII0_9TELE   92.34%    failed      3.88%
 815  tr|A0A670ISS8|A0A670ISS8_PODMU   93.72%    failed      0.07%
 816  tr|A0A670JT36|A0A670JT36_PODMU   92.31%    failed      0.76%
 817  tr|A0A670IY00|A0A670IY00_PODMU   92.13%    failed      0.47%
 818  tr|A0A670JRS4|A0A670JRS4_PODMU   93.59%    failed      3.30%
 819  tr|A0A670HRM1|A0A670HRM1_PODMU   92.22%    passed      7.31%
 820  tr|A0A670Z9Q6|A0A670Z9Q6_PSETE   95.28%    passed      6.78%
 821  tr|A0A670YH70|A0A670YH70_PSETE   92.21%    passed     21.37%
 822  tr|A0A670ZWI4|A0A670ZWI4_PSETE   96.04%    passed     16.36%
 823  tr|A0A674INE4|A0A674INE4_TERCA   92.35%    failed      0.20%
 824  tr|A0A674IQM7|A0A674IQM7_TERCA   93.95%    failed      2.20%
 825  tr|A0A674IRT4|A0A674IRT4_TERCA   94.05%    passed      5.36%
 826  tr|A0A674I5Z8|A0A674I5Z8_TERCA   92.18%    passed     40.33%
 827  tr|A0A674JP26|A0A674JP26_TERCA   92.29%    passed      5.48%
 828  tr|A0A663F3E3|A0A663F3E3_AQUCH   92.65%    passed      7.72%
 829  tr|A0A663F8C9|A0A663F8C9_AQUCH   92.31%    failed      0.60%
 830  tr|A0A668RHC6|A0A668RHC6_OREAU   93.85%    failed      2.00%
 831  tr|A0A668RYZ3|A0A668RYZ3_OREAU   92.88%    passed     23.61%
 832  tr|A0A668UQB2|A0A668UQB2_OREAU   94.92%    failed      2.86%
 833  tr|A0A668VF33|A0A668VF33_OREAU   92.03%    passed      8.73%
 834  tr|A0A668RLU1|A0A668RLU1_OREAU   93.69%    failed      1.53%
 835  tr|A0A674EXV0|A0A674EXV0_SALTR   92.12%    failed      2.26%
 836  tr|A0A673XMG5|A0A673XMG5_SALTR   92.91%    failed      1.28%
 837  tr|A0A674D884|A0A674D884_SALTR   92.31%    passed      7.43%
 838  tr|A0A673XQG3|A0A673XQG3_SALTR   92.12%    failed      1.25%
 839  tr|A0A673YLP8|A0A673YLP8_SALTR   92.12%    passed      8.19%
 840  tr|A0A674BDQ8|A0A674BDQ8_SALTR   93.02%    failed      0.00%
 841  tr|A0A673Y4Y1|A0A673Y4Y1_SALTR   92.32%    failed      1.00%
 842  tr|A0A674AQ79|A0A674AQ79_SALTR   93.71%    failed      0.54%
 843  tr|A0A674CMB1|A0A674CMB1_SALTR   92.26%    failed      0.19%
 844  tr|A0A6G1BGK2|A0A6G1BGK2_CROCR   93.94%    failed      0.01%
 845  tr|A0A6G1AFL2|A0A6G1AFL2_CROCR   93.91%    failed      0.04%
 846  tr|A0A6G1BES8|A0A6G1BES8_CROCR   92.48%    passed     11.88%
 847  tr|A0A6G1AGK7|A0A6G1AGK7_CROCR   91.92%    failed      0.02%
 848  tr|A0A6G1BAD1|A0A6G1BAD1_CROCR   93.65%    failed      0.85%
 849  tr|A0A6F9A1S9|A0A6F9A1S9_9TELE   95.75%    passed     19.97%
 850  tr|A0A6F9AS68|A0A6F9AS68_9TELE   94.79%    failed      0.64%
 851  tr|A0A6F9AWK9|A0A6F9AWK9_9TELE   96.27%    failed      3.03%
 852  tr|A0A6G1QLN1|A0A6G1QLN1_9TELE   93.67%    failed      0.05%
 853  tr|A0A6G1PKC6|A0A6G1PKC6_9TELE   93.48%    failed      1.45%
 854  tr|A0A6G1Q9Y5|A0A6G1Q9Y5_9TELE   91.98%    failed      3.27%
 855  tr|A0A6I9M2R6|A0A6I9M2R6_PERMB   93.75%    failed      0.00%
 856  tr|A0A6I9L1M5|A0A6I9L1M5_PERMB   92.19%    passed     12.34%
 857  tr|A0A6I9LDP5|A0A6I9LDP5_PERMB   93.45%    failed      0.00%
 858  tr|A0A6J0D3Z1|A0A6J0D3Z1_PERMB   91.31%    failed      0.13%
 859  tr|A0A6I9LFS0|A0A6I9LFS0_PERMB   93.45%    failed      0.67%
 860  tr|A0A6I9HBW2|A0A6I9HBW2_GEOFO   93.58%    failed      3.15%
 861  tr|A0A6J3BBJ0|A0A6J3BBJ0_VICPA   93.44%    failed      2.07%
 862  tr|A0A6I9I023|A0A6I9I023_VICPA   92.05%    failed      0.04%
 863  tr|A0A6I9I799|A0A6I9I799_VICPA   92.15%    passed     13.24%
 864  tr|A0A6J3ALR9|A0A6J3ALR9_VICPA   94.49%    failed      0.18%
 865  tr|A0A6I9MVM8|A0A6I9MVM8_9TELE   92.35%    failed      1.77%
 866  tr|A0A6I9PGT5|A0A6I9PGT5_9TELE   93.61%    failed      0.11%
 867  tr|A0A6I9MYL6|A0A6I9MYL6_9TELE   93.06%    failed      0.02%
 868  tr|A0A6J1UA54|A0A6J1UA54_9SAUR   91.96%    failed      0.86%
 869  tr|A0A6J1UD93|A0A6J1UD93_9SAUR   92.18%    passed     14.92%
 870  tr|A0A6J1V606|A0A6J1V606_9SAUR   93.55%    failed      1.76%
 871  tr|A0A6J1VKD8|A0A6J1VKD8_9SAUR   92.32%    failed      2.56%
 872  tr|A0A6J0Z7R0|A0A6J0Z7R0_ODOVR   94.02%    failed      0.05%
 873  tr|A0A6J0ZDJ6|A0A6J0ZDJ6_ODOVR   91.58%    failed      0.00%
 874  tr|A0A6J0XIQ1|A0A6J0XIQ1_ODOVR   91.96%    failed      4.04%
 875  tr|A0A6I9Y6D4|A0A6I9Y6D4_9SAUR   92.19%    failed      2.41%
 876  tr|A0A6I9XGD9|A0A6I9XGD9_9SAUR   95.72%    passed     36.34%
 877  tr|A0A6I9X9Z2|A0A6I9X9Z2_9SAUR   93.77%    passed     22.73%
 878  tr|A0A6I9Y182|A0A6I9Y182_9SAUR   92.45%    failed      0.89%
 879  tr|A0A6J0V912|A0A6J0V912_9SAUR   93.72%    failed      3.63%
 880  tr|A0A6J0TMA2|A0A6J0TMA2_9SAUR   91.91%    failed      1.33%
 881  tr|A0A6J0SFZ7|A0A6J0SFZ7_9SAUR   93.45%    failed      2.64%
 882  tr|A0A6J0UR25|A0A6J0UR25_9SAUR   92.32%    failed      0.36%
 883  tr|A0A6J0SNI7|A0A6J0SNI7_9SAUR   92.22%    passed     38.41%
 884  tr|A0A6I9KHG5|A0A6I9KHG5_CHRAS   93.72%    failed      3.98%
 885  tr|A0A6I9K5G0|A0A6I9K5G0_CHRAS   91.61%    failed      0.05%
 886  tr|A0A6I9K3F7|A0A6I9K3F7_CHRAS   93.65%    failed      0.79%
 887  tr|A0A6J1XP96|A0A6J1XP96_ACIJB   91.28%    failed      0.00%
 888  tr|A0A6J1XW05|A0A6J1XW05_ACIJB   93.44%    failed      0.91%
 889  tr|A0A6J1YV30|A0A6J1YV30_ACIJB   92.11%    passed      6.52%
 890  tr|A0A6J1YP75|A0A6J1YP75_ACIJB   93.68%    failed      0.03%
 891  tr|A0A6J1Z4S7|A0A6J1Z4S7_ACIJB   93.64%    failed      0.00%
 892  tr|A0A6J2HYR4|A0A6J2HYR4_9PASS   93.44%    failed      1.53%
 893  tr|A0A7R5KSI1|A0A7R5KSI1_9PASS   93.97%    failed      1.28%
 894  tr|A0A6J2IUA2|A0A6J2IUA2_9PASS   92.36%    failed      1.26%
 895  tr|A0A6J2GVU0|A0A6J2GVU0_9PASS   93.56%    failed      2.06%
 896  tr|A0A7E6DKK9|A0A7E6DKK9_9CHIR   93.56%    failed      0.16%
 897  tr|A0A6J2M4U7|A0A6J2M4U7_9CHIR   93.48%    failed      0.04%
 898  tr|A0A6J2LL51|A0A6J2LL51_9CHIR   92.11%    passed     37.73%
 899  tr|A0A6J2M345|A0A6J2M345_9CHIR   91.58%    failed      0.00%
 900  tr|A0A6J2MQE6|A0A6J2MQE6_9CHIR   93.68%    failed      0.00%
 901  tr|A0A6J2RNT8|A0A6J2RNT8_COTGO   91.93%    failed      0.05%
 902  tr|A0A6J2S1V7|A0A6J2S1V7_COTGO   92.03%    passed      6.00%
 903  tr|A0A6J2RG47|A0A6J2RG47_COTGO   92.41%    passed      5.04%
 904  tr|A0A6J2QZ01|A0A6J2QZ01_COTGO   92.66%    failed      2.57%
 905  tr|A0A6J2RWN3|A0A6J2RWN3_COTGO   93.67%    failed      0.18%
 906  tr|A0A6J2RJB2|A0A6J2RJB2_COTGO   93.61%    failed      0.35%
 907  tr|A0A6J2VEN3|A0A6J2VEN3_CHACN   92.34%    failed      2.46%
 908  tr|A0A6J2UZP8|A0A6J2UZP8_CHACN   93.97%    failed      0.69%
 909  tr|A0A6J2VGB3|A0A6J2VGB3_CHACN   91.28%    failed      0.06%
 910  tr|A0A6J2WGD1|A0A6J2WGD1_CHACN   92.24%    failed      0.54%
 911  tr|A0A6J2VAG9|A0A6J2VAG9_CHACN   93.67%    failed      2.59%
 912  tr|A0A6J2V506|A0A6J2V506_CHACN   91.98%    failed      1.18%
 913  tr|A0A6J3E5K3|A0A6J3E5K3_AYTFU   92.34%    failed      0.05%
 914  tr|A0A6J3CP98|A0A6J3CP98_AYTFU   91.96%    failed      4.21%
 915  tr|A0A6J3D4C6|A0A6J3D4C6_AYTFU   93.56%    failed      3.82%
 916  tr|A0A6J3CQM4|A0A6J3CQM4_AYTFU   93.78%    failed      1.44%
 917  tr|A0A6J3E9J4|A0A6J3E9J4_AYTFU   93.89%    passed      5.16%
 918  tr|A0A6J3F597|A0A6J3F597_SAPAP   93.68%    failed      0.02%
 919  tr|A0A6J3HVT5|A0A6J3HVT5_SAPAP   92.13%    passed     21.43%
 920  tr|A0A6J3JFY1|A0A6J3JFY1_SAPAP   91.33%    failed      0.00%
 921  tr|A0A6J3FM84|A0A6J3FM84_SAPAP   93.67%    failed      0.00%
 922  tr|A0A6J3GRS7|A0A6J3GRS7_SAPAP   91.95%    failed      0.00%
 923  tr|A0A6J8C3Y9|A0A6J8C3Y9_MYTCO   92.66%    failed      0.00%
 924  tr|A0A6J8C8Q0|A0A6J8C8Q0_MYTCO   88.53%    failed      0.00%
 925  tr|A0A6J8EA69|A0A6J8EA69_MYTCO   92.84%    failed      0.25%
 926  tr|A0A6P6M4G5|A0A6P6M4G5_CARAU   91.52%    failed      0.01%
 927  sp|Q90308|VIPR_CARAU             93.61%    failed      3.83%
 928  tr|A0A6P6R7J0|A0A6P6R7J0_CARAU   93.72%    failed      3.33%
 929  tr|A0A6P6JRM2|A0A6P6JRM2_CARAU   93.71%    failed      2.06%
 930  tr|A0A6P6KNE5|A0A6P6KNE5_CARAU   91.85%    failed      2.34%
 931  tr|A0A6P6L3I5|A0A6P6L3I5_CARAU   92.13%    passed     17.63%
 932  tr|A0A6P6NBY8|A0A6P6NBY8_CARAU   91.48%    failed      0.11%
 933  tr|A0A6P6JSV6|A0A6P6JSV6_CARAU   92.34%    failed      3.16%
 934  tr|A0A6P6J797|A0A6P6J797_CARAU   91.71%    passed      5.10%
 935  tr|A0A6P6MBQ0|A0A6P6MBQ0_CARAU   93.28%    failed      2.83%
 936  tr|A0A6P6JE83|A0A6P6JE83_CARAU   93.62%    failed      1.17%
 937  tr|A0A6P6QH15|A0A6P6QH15_CARAU   92.15%    passed     16.95%
 938  tr|A0A6P6N8R2|A0A6P6N8R2_CARAU   93.59%    failed      1.25%
 939  tr|A0A6P6N8A2|A0A6P6N8A2_CARAU   91.86%    failed      1.33%
 940  tr|A0A6P6H8B0|A0A6P6H8B0_PUMCO   91.85%    failed      0.01%
 941  tr|A0A6P6GW38|A0A6P6GW38_PUMCO   92.61%    passed     31.93%
 942  tr|A0A6P5DL81|A0A6P5DL81_BOSIN   93.46%    failed      0.25%
 943  tr|A0A6P5DRW1|A0A6P5DRW1_BOSIN   91.61%    failed      0.00%
 944  tr|A0A6P5D3Y7|A0A6P5D3Y7_BOSIN   91.98%    failed      4.60%
 945  tr|A0A6P5DQ44|A0A6P5DQ44_BOSIN   93.44%    failed      0.20%
 946  tr|A0A6P5A040|A0A6P5A040_BRABE   92.15%    failed      0.34%
 947  tr|A0A6P4Z0Q8|A0A6P4Z0Q8_BRABE   92.36%    failed      0.02%
 948  tr|A0A6P4ZBF3|A0A6P4ZBF3_BRABE   93.14%    failed      0.69%
 949  tr|A0A6P4Z099|A0A6P4Z099_BRABE   91.96%    passed      5.16%
 950  tr|A0A6P4ZW33|A0A6P4ZW33_BRABE   91.46%    failed      0.91%
 951  tr|A0A6P5A9P8|A0A6P5A9P8_BRABE   93.32%    failed      0.19%
 952  tr|A0A6P5LGW6|A0A6P5LGW6_PHACI   93.64%    passed     15.82%
 953  tr|A0A6P5M154|A0A6P5M154_PHACI   93.64%    passed     23.99%
 954  tr|A0A6P5L9M7|A0A6P5L9M7_PHACI   91.63%    failed      0.19%
 955  tr|A0A6P5IC55|A0A6P5IC55_PHACI   93.65%    failed      0.79%
 956  tr|A0A6P7KJY8|A0A6P7KJY8_9TELE   93.62%    failed      0.05%
 957  tr|A0A6P7KAK9|A0A6P7KAK9_9TELE   92.03%    failed      4.81%
 958  tr|A0A6P7K2X1|A0A6P7K2X1_9TELE   92.34%    failed      0.48%
 959  tr|A0A6P7KPW3|A0A6P7KPW3_9TELE   92.22%    failed      2.01%
 960  tr|A0A6P7JF18|A0A6P7JF18_9TELE   92.59%    failed      2.04%
 961  tr|A0A6P7K9F8|A0A6P7K9F8_9TELE   93.62%    failed      0.63%
 962  tr|A0A6P7L858|A0A6P7L858_BETSP   91.92%    passed      6.45%
 963  tr|A0A6P7LG87|A0A6P7LG87_BETSP   91.81%    failed      0.15%
 964  tr|A0A6P7KVV7|A0A6P7KVV7_BETSP   92.36%    failed      0.57%
 965  tr|A0A6P7MAB6|A0A6P7MAB6_BETSP   93.65%    failed      0.20%
 966  tr|A0A6P8EZ38|A0A6P8EZ38_CLUHA   91.89%    failed      0.05%
 967  tr|A0A6P3VWQ2|A0A6P3VWQ2_CLUHA   92.29%    failed      0.69%
 968  tr|A0A6P3VHG1|A0A6P3VHG1_CLUHA   93.64%    failed      0.06%
 969  tr|A0A6P8EEM4|A0A6P8EEM4_CLUHA   93.92%    failed      0.06%
 970  tr|A0A6P8F4V9|A0A6P8F4V9_CLUHA   93.69%    failed      0.17%
 971  tr|A0A7E6FU78|A0A7E6FU78_OCTVU   90.88%    failed      0.00%
 972  tr|A0A6P7YPN4|A0A6P7YPN4_9AMPH   91.99%    passed     10.93%
 973  tr|A0A6P7XQW6|A0A6P7XQW6_9AMPH   92.39%    failed      0.98%
 974  tr|A0A6P7XLZ8|A0A6P7XLZ8_9AMPH   93.68%    failed      0.01%
 975  tr|A0A6P7ZSW4|A0A6P7ZSW4_9AMPH   91.89%    passed     23.58%
 976  tr|A0A6P9CX76|A0A6P9CX76_PANGU   92.13%    passed     10.98%
 977  tr|A0A6P9BJ63|A0A6P9BJ63_PANGU   92.13%    failed      0.47%
 978  tr|A0A6P9AZC7|A0A6P9AZC7_PANGU   93.24%    failed      0.18%
 979  tr|A0A6P8PV33|A0A6P8PV33_GEOSA   92.39%    failed      0.18%
 980  tr|A0A6P8PCJ5|A0A6P8PCJ5_GEOSA   92.76%    failed      1.48%
 981  tr|A0A6P8QNL1|A0A6P8QNL1_GEOSA   93.88%    failed      0.87%
 982  tr|A0A6P8PFU3|A0A6P8PFU3_GEOSA   93.65%    failed      0.20%
 983  tr|A0A6P8QP16|A0A6P8QP16_GEOSA   92.18%    failed      0.61%
 984  tr|A0A6P8VC98|A0A6P8VC98_GYMAC   93.62%    failed      0.29%
 985  tr|A0A6P8U2L8|A0A6P8U2L8_GYMAC   91.93%    failed      3.14%
 986  tr|A0A6P8SYZ6|A0A6P8SYZ6_GYMAC   93.65%    failed      0.16%
 987  tr|A0A6P8U1L0|A0A6P8U1L0_GYMAC   92.05%    failed      0.55%
 988  tr|A0A6P8WRZ2|A0A6P8WRZ2_GYMAC   92.35%    failed      1.55%
 989  tr|A0A6P3R4B2|A0A6P3R4B2_PTEVA   92.22%    passed     25.36%
 990  tr|A0A6P6CQS7|A0A6P6CQS7_PTEVA   93.36%    failed      0.00%
 991  tr|A0A6P6CBM2|A0A6P6CBM2_PTEVA   93.44%    failed      0.86%
 992  tr|A0A6P3FML1|A0A6P3FML1_OCTDE   91.56%    failed      0.02%
 993  tr|A0A6P6D8I0|A0A6P6D8I0_OCTDE   93.71%    failed      0.96%
 994  tr|A0A6P3EL11|A0A6P3EL11_OCTDE   90.18%    failed      1.71%
 995  tr|A0A6P6E0E8|A0A6P6E0E8_OCTDE   93.59%    failed      0.02%
 996  tr|A0A6P3V9Y1|A0A6P3V9Y1_OCTDE   93.71%    failed      0.00%
 997  tr|A0A6P3J2M1|A0A6P3J2M1_BISBI   92.92%    failed      0.20%
 998  tr|A0A6P3H556|A0A6P3H556_BISBI   94.04%    failed      0.47%
 999  tr|A0A6P3J6M4|A0A6P3J6M4_BISBI   93.79%    failed      0.01%
1000  tr|A0A6P3IYL5|A0A6P3IYL5_BISBI   92.13%    passed      6.39%
WARNING: 1000 sequences contain more than 50% gaps/ambiguity
****  TOTAL                            92.91%  778 sequences failed composition chi2 test (p-value<5%; df=19)
NOTE: tr|A0A669QSB2|A0A669QSB2_PHACC is identical to tr|C7S302|C7S302_CHICK but kept for subsequent analysis
NOTE: tr|A0A2R8ZIZ6|A0A2R8ZIZ6_PANPA is identical to tr|A0A2I3T1V9|A0A2I3T1V9_PANTR but kept for subsequent analysis
NOTE: tr|A0A096MT91|A0A096MT91_PAPAN is identical to tr|A0A1D5R219|A0A1D5R219_MACMU but kept for subsequent analysis
NOTE: tr|A0A4W2CN77|A0A4W2CN77_BOBOX is identical to tr|E1B7Q8|E1B7Q8_BOVIN but kept for subsequent analysis
NOTE: tr|A0A093RS76|A0A093RS76_PYGAD is identical to tr|A0A087R5F0|A0A087R5F0_APTFO but kept for subsequent analysis
NOTE: tr|A0A091LJ18|A0A091LJ18_CATAU is identical to tr|A0A091MNC6|A0A091MNC6_9PASS but kept for subsequent analysis
NOTE: tr|A0A091N6C3|A0A091N6C3_APAVI is identical to tr|A0A094L386|A0A094L386_ANTCR but kept for subsequent analysis
NOTE: tr|A0A2K6QKB6|A0A2K6QKB6_RHIRO is identical to tr|A0A2K6L415|A0A2K6L415_RHIBE but kept for subsequent analysis
NOTE: tr|A0A2K6QDP5|A0A2K6QDP5_RHIRO is identical to tr|A0A2K6L0L1|A0A2K6L0L1_RHIBE but kept for subsequent analysis
NOTE: tr|A0A341AUF5|A0A341AUF5_NEOAA is identical to tr|A0A2Y9N1W7|A0A2Y9N1W7_DELLE but kept for subsequent analysis
NOTE: tr|A0A3P9DGZ9|A0A3P9DGZ9_9CICH is identical to tr|A0A3Q2WKK7|A0A3Q2WKK7_HAPBU but kept for subsequent analysis
NOTE: tr|A0A452SLM1|A0A452SLM1_URSAM is identical to tr|A0A3Q7X1H0|A0A3Q7X1H0_URSAR but kept for subsequent analysis
NOTE: tr|A0A6P3J6M4|A0A6P3J6M4_BISBI is identical to tr|A0A4W2FPX7|A0A4W2FPX7_BOBOX but kept for subsequent analysis
NOTE: 3 identical sequences (see below) will be ignored for subsequent analysis
NOTE: tr|A0A672TQQ6|A0A672TQQ6_STRHB (identical to tr|C7S302|C7S302_CHICK) is ignored but added at the end
NOTE: tr|A0A663F8C9|A0A663F8C9_AQUCH (identical to tr|C7S302|C7S302_CHICK) is ignored but added at the end
NOTE: tr|A0A093I1S0|A0A093I1S0_FULGA (identical to tr|A0A091MNC6|A0A091MNC6_9PASS) is ignored but added at the end
Alignment was printed to pth2r_iqtree_boostrap_modelfinder.uniqueseq.phy

For your convenience alignment with unique sequences printed to pth2r_iqtree_boostrap_modelfinder.uniqueseq.phy


Create initial parsimony tree by phylogenetic likelihood library (PLL)... 2.850 seconds
Measuring multi-threading efficiency up to 24 CPU cores
2 trees examined
Threads: 1 / Time: 39.289 sec / Speedup: 1.000 / Efficiency: 100% / LogL: -750304
Threads: 2 / Time: 21.349 sec / Speedup: 1.840 / Efficiency: 92% / LogL: -750304
Threads: 3 / Time: 14.498 sec / Speedup: 2.710 / Efficiency: 90% / LogL: -750304
Threads: 4 / Time: 11.279 sec / Speedup: 3.483 / Efficiency: 87% / LogL: -750304
Threads: 5 / Time: 11.035 sec / Speedup: 3.560 / Efficiency: 71% / LogL: -750304
Threads: 6 / Time: 9.493 sec / Speedup: 4.139 / Efficiency: 69% / LogL: -750304
Threads: 7 / Time: 7.550 sec / Speedup: 5.204 / Efficiency: 74% / LogL: -750304
Threads: 8 / Time: 6.997 sec / Speedup: 5.615 / Efficiency: 70% / LogL: -750304
Threads: 9 / Time: 5.846 sec / Speedup: 6.721 / Efficiency: 75% / LogL: -750304
Threads: 10 / Time: 6.538 sec / Speedup: 6.009 / Efficiency: 60% / LogL: -750304
BEST NUMBER OF THREADS: 9

Perform fast likelihood tree search using LG+I+G model...
Estimate model parameters (epsilon = 5.000)
Perform nearest neighbor interchange...
Estimate model parameters (epsilon = 1.000)
1. Initial log-likelihood: -232421.333
2. Current log-likelihood: -232419.047
3. Current log-likelihood: -232417.583
Optimal log-likelihood: -232416.662
Proportion of invariable sites: 0.003
Gamma shape alpha: 0.786
Parameters optimization took 3 rounds (19.526 sec)
Time for fast ML tree search: 234.637 seconds

NOTE: ModelFinder requires 5910 MB RAM!
ModelFinder will test up to 546 protein models (sample size: 6993) ...
 No. Model         -LnL         df  AIC          AICc         BIC
  1  LG            246491.203   1991 496964.407   498550.519   510608.063
  2  LG+I          246393.322   1992 496770.643   498358.666   510421.152
  3  LG+G4         232427.645   1992 468839.290   470427.312   482489.799
  4  LG+I+G4       232415.530   1993 468817.059   470406.994   482474.421
  5  LG+R2         236306.503   1993 476599.006   478188.941   490256.368
  6  LG+R3         233541.382   1995 471072.765   472666.529   484743.831
  7  LG+R4         232261.961   1997 468517.922   470115.522   482202.694
  8  LG+R5         231755.712   1999 467509.424   469110.866   481207.901
  9  LG+R6         231532.042   2001 467066.084   468671.374   480778.266
 10  LG+R7         231334.967   2003 466675.934   468285.079   480401.822
 11  LG+R8         231248.311   2005 466506.621   468119.627   480246.215
 12  LG+R9         231208.283   2007 466430.567   468047.440   480183.865
 13  LG+R10        231160.482   2009 466338.963   467959.710   480105.967
 26  LG+F+R10      231696.957   2028 467449.914   469107.776   481347.119
 39  WAG+R10       229839.118   2009 463696.235   465316.982   477463.239
 52  WAG+F+R10     230272.085   2028 464600.169   466258.030   478497.374
 65  JTT+R10       227215.722   2009 458449.445   460070.191   472216.448
 78  JTT+F+R10     227733.151   2028 459522.302   461180.164   473419.507
 91  JTTDCMut+R10  227331.822   2009 458681.644   460302.390   472448.648
104  JTTDCMut+F+R10 227821.989   2028 459699.977   461357.839   473597.182
117  DCMut+R10     232747.564   2009 469513.127   471133.874   483280.131
130  DCMut+F+R10   232173.396   2028 468402.792   470060.654   482299.997
143  VT+R10        229440.950   2009 462899.901   464520.647   476666.904
156  VT+F+R10      230014.224   2028 464084.447   465742.309   477981.652
169  PMB+R10       231544.444   2009 467106.888   468727.634   480873.892
182  PMB+F+R10     232690.470   2028 469436.939   471094.801   483334.144
195  Blosum62+R10  232531.663   2009 469081.325   470702.072   482848.329
208  Blosum62+F+R10 233075.080   2028 470206.161   471864.022   484103.365
221  Dayhoff+R10   232744.253   2009 469506.506   471127.252   483273.509
234  Dayhoff+F+R10 232170.149   2028 468396.298   470054.159   482293.502
247  mtREV+R10     238884.154   2009 481786.308   483407.055   495553.312
260  mtREV+F+R10   233701.504   2028 471459.008   473116.869   485356.212
273  mtART+R10     246658.923   2009 497335.846   498956.593   511102.850
286  mtART+F+R10   241247.295   2028 486550.591   488208.452   500447.795
299  mtZOA+R10     238763.644   2009 481545.287   483166.034   495312.291
312  mtZOA+F+R10   235692.133   2028 475440.267   477098.128   489337.471
325  mtMet+R10     237325.454   2009 478668.909   480289.655   492435.912
338  mtMet+F+R10   231373.057   2028 466802.115   468459.976   480699.319
351  mtVer+R10     238250.355   2009 480518.709   482139.456   494285.713
364  mtVer+F+R10   233510.233   2028 471076.466   472734.328   484973.671
377  mtInv+R10     239887.740   2009 483793.480   485414.227   497560.484
390  mtInv+F+R10   231308.444   2028 466672.889   468330.750   480570.093
403  mtMAM+R10     244128.538   2009 492275.076   493895.822   506042.080
416  mtMAM+F+R10   238559.840   2028 481175.680   482833.542   495072.885
429  HIVb+R10      231495.307   2009 467008.614   468629.361   480775.618
442  HIVb+F+R10    231474.141   2028 467004.282   468662.143   480901.486
455  HIVw+R10      238513.337   2009 481044.675   482665.421   494811.678
468  HIVw+F+R10    234633.626   2028 473323.253   474981.114   487220.457
481  FLU+R10       232132.748   2009 468283.495   469904.242   482050.499
494  FLU+F+R10     231136.112   2028 466328.224   467986.085   480225.429
507  rtREV+R10     233782.418   2009 471582.836   473203.583   485349.840
520  rtREV+F+R10   233942.478   2028 471940.957   473598.818   485838.161
533  cpREV+R10     231242.267   2009 466502.533   468123.280   480269.537
546  cpREV+F+R10   231479.033   2028 467014.066   468671.927   480911.270
Akaike Information Criterion:           JTT+R10
Corrected Akaike Information Criterion: JTT+R10
Bayesian Information Criterion:         JTT+R10
Best-fit model: JTT+R10 chosen according to BIC

All model information printed to pth2r_iqtree_boostrap_modelfinder.model.gz
CPU time for ModelFinder: 602071.176 seconds (167h:14m:31s)
Wall-clock time for ModelFinder: 70154.886 seconds (19h:29m:14s)
Generating 1000 samples for ultrafast bootstrap (seed: 628407)...

NOTE: 5910 MB RAM (5 GB) is required!
Estimate model parameters (epsilon = 0.100)
1. Initial log-likelihood: -227215.722
Optimal log-likelihood: -227215.633
Site proportion and rates:  (0.041,0.015) (0.049,0.042) (0.071,0.082) (0.077,0.133) (0.105,0.211) (0.129,0.313) (0.095,0.432) (0.055,0.614) (0.168,1.084) (0.209,3.170)
Parameters optimization took 1 rounds (93.820 sec)
Computing ML distances based on estimated model parameters... 310.496 sec
WARNING: Some pairwise ML distances are too long (saturated)
Computing BIONJ tree...
1.922 seconds
Log-likelihood of BIONJ tree: -238711.178
--------------------------------------------------------------------
|             INITIALIZING CANDIDATE TREE SET                      |
--------------------------------------------------------------------
Generating 98 parsimony trees... 303.999 second
Computing log-likelihood of 98 initial trees ... 680.393 seconds
Current best score: -227215.633

Do NNI search on 20 best initial trees
Estimate model parameters (epsilon = 0.100)
BETTER TREE FOUND at iteration 1: -227176.693
Estimate model parameters (epsilon = 0.100)
BETTER TREE FOUND at iteration 2: -227129.901
Estimate model parameters (epsilon = 0.100)
BETTER TREE FOUND at iteration 4: -227124.054
Iteration 10 / LogL: -227193.367 / Time: 2h:5m:26s
Iteration 20 / LogL: -227241.041 / Time: 4h:8m:54s
Finish initializing candidate tree set (20)
Current best tree score: -227124.054 / CPU time: 14593.511
Number of iterations: 20
--------------------------------------------------------------------
|               OPTIMIZING CANDIDATE TREE SET                      |
--------------------------------------------------------------------
Iteration 30 / LogL: -227174.932 / Time: 4h:56m:42s (12h:37m:7s left)
Estimate model parameters (epsilon = 0.100)
BETTER TREE FOUND at iteration 38: -227113.368
Iteration 40 / LogL: -227375.284 / Time: 5h:44m:12s (14h:24m:55s left)
Iteration 50 / LogL: -227132.427 / Time: 6h:34m:34s (11h:48m:37s left)
Log-likelihood cutoff on original alignment: -227237.259
Iteration 60 / LogL: -227478.970 / Time: 7h:23m:12s (9h:45m:56s left)
Iteration 70 / LogL: -227179.021 / Time: 8h:3m:7s (7h:56m:7s left)
Iteration 80 / LogL: -227144.297 / Time: 8h:47m:56s (6h:27m:36s left)
Estimate model parameters (epsilon = 0.100)
BETTER TREE FOUND at iteration 85: -227111.332
Estimate model parameters (epsilon = 0.100)
BETTER TREE FOUND at iteration 88: -227110.814
Iteration 90 / LogL: -227180.998 / Time: 9h:38m:47s (10h:37m:19s left)
Iteration 100 / LogL: -227182.272 / Time: 10h:20m:23s (9h:11m:27s left)
Log-likelihood cutoff on original alignment: -227237.259
NOTE: Bootstrap correlation coefficient of split occurrence frequencies: 0.997
Iteration 110 / LogL: -227207.941 / Time: 11h:1m:14s (9h:5m:58s left)
Estimate model parameters (epsilon = 0.100)
BETTER TREE FOUND at iteration 117: -227092.447
Iteration 120 / LogL: -227146.650 / Time: 11h:49m:37s (9h:38m:26s left)
Iteration 130 / LogL: -227141.120 / Time: 12h:32m:3s (8h:27m:11s left)
Iteration 140 / LogL: -227215.110 / Time: 13h:18m:20s (7h:22m:14s left)
Iteration 150 / LogL: -227174.914 / Time: 14h:3m:26s (6h:19m:15s left)
Log-likelihood cutoff on original alignment: -227237.259
Iteration 160 / LogL: -227129.526 / Time: 14h:47m:51s (5h:18m:17s left)
Iteration 170 / LogL: -227206.574 / Time: 15h:34m:6s (4h:19m:46s left)
Estimate model parameters (epsilon = 0.100)
BETTER TREE FOUND at iteration 171: -227081.778
Iteration 180 / LogL: -227250.290 / Time: 16h:15m:49s (8h:16m:5s left)
Iteration 190 / LogL: -227128.959 / Time: 16h:58m:59s (7h:16m:42s left)
Iteration 200 / LogL: -227102.027 / Time: 17h:38m:33s (6h:17m:40s left)
Log-likelihood cutoff on original alignment: -227237.259
NOTE: Bootstrap correlation coefficient of split occurrence frequencies: 0.989
NOTE: UFBoot does not converge, continue at least 100 more iterations
Iteration 210 / LogL: -227106.469 / Time: 18h:16m:12s (7h:52m:2s left)
Iteration 220 / LogL: -227107.154 / Time: 19h:5m:52s (6h:58m:35s left)
Iteration 230 / LogL: -227097.328 / Time: 19h:53m:20s (6h:4m:46s left)
Estimate model parameters (epsilon = 0.100)
BETTER TREE FOUND at iteration 237: -227076.217
Iteration 240 / LogL: -227091.266 / Time: 20h:42m:48s (8h:24m:24s left)
Iteration 250 / LogL: -227116.954 / Time: 21h:26m:17s (7h:29m:25s left)
Log-likelihood cutoff on original alignment: -227237.259
Iteration 260 / LogL: -227120.698 / Time: 22h:8m:42s (6h:35m:1s left)
Iteration 270 / LogL: -227083.955 / Time: 22h:54m:55s (5h:42m:27s left)
Iteration 280 / LogL: -227080.405 / Time: 23h:34m:25s (4h:48m:58s left)
Estimate model parameters (epsilon = 0.100)
BETTER TREE FOUND at iteration 281: -227070.602
Iteration 290 / LogL: -227228.652 / Time: 24h:18m:42s (7h:39m:18s left)
Estimate model parameters (epsilon = 0.100)
BETTER TREE FOUND at iteration 300: -227069.811
Iteration 300 / LogL: -227069.811 / Time: 24h:58m:57s (8h:21m:19s left)
Log-likelihood cutoff on original alignment: -227237.259
NOTE: Bootstrap correlation coefficient of split occurrence frequencies: 0.983
NOTE: UFBoot does not converge, continue at least 100 more iterations
Estimate model parameters (epsilon = 0.100)
BETTER TREE FOUND at iteration 305: -227065.051
Iteration 310 / LogL: -227074.810 / Time: 25h:43m:50s (7h:54m:38s left)
Estimate model parameters (epsilon = 0.100)
BETTER TREE FOUND at iteration 312: -227053.725
Iteration 320 / LogL: -227147.848 / Time: 26h:27m:58s (7h:37m:58s left)
Iteration 330 / LogL: -227067.267 / Time: 27h:9m:35s (6h:46m:9s left)
Iteration 340 / LogL: -227134.654 / Time: 27h:50m:35s (5h:54m:49s left)
Estimate model parameters (epsilon = 0.100)
BETTER TREE FOUND at iteration 350: -227043.103
Iteration 350 / LogL: -227043.103 / Time: 28h:33m:47s (8h:11m:3s left)
Log-likelihood cutoff on original alignment: -227237.259
Iteration 360 / LogL: -227387.643 / Time: 29h:15m:42s (7h:20m:8s left)
Iteration 370 / LogL: -227104.456 / Time: 29h:55m:41s (6h:29m:18s left)
Iteration 380 / LogL: -227091.320 / Time: 30h:36m:20s (5h:39m:9s left)
Iteration 390 / LogL: -227070.276 / Time: 31h:20m:29s (4h:50m:2s left)
Iteration 400 / LogL: -227066.419 / Time: 31h:56m:54s (4h:0m:12s left)
Log-likelihood cutoff on original alignment: -227227.667
NOTE: Bootstrap correlation coefficient of split occurrence frequencies: 0.969
NOTE: UFBoot does not converge, continue at least 100 more iterations
Iteration 410 / LogL: -227080.443 / Time: 32h:36m:11s (7h:10m:27s left)
Iteration 420 / LogL: -227085.219 / Time: 33h:21m:22s (6h:22m:7s left)
Iteration 430 / LogL: -227063.614 / Time: 34h:2m:45s (5h:33m:19s left)
Iteration 440 / LogL: -227130.983 / Time: 34h:41m:53s (4h:44m:32s left)
Iteration 450 / LogL: -227216.667 / Time: 35h:27m:50s (3h:56m:57s left)
Log-likelihood cutoff on original alignment: -227227.667
Iteration 460 / LogL: -227213.731 / Time: 36h:8m:5s (3h:8m:56s left)
Iteration 470 / LogL: -227062.493 / Time: 36h:52m:4s (2h:21m:29s left)
Iteration 480 / LogL: -227200.722 / Time: 37h:31m:19s (1h:34m:0s left)
Iteration 490 / LogL: -227045.609 / Time: 38h:18m:2s (0h:46m:59s left)
Iteration 500 / LogL: -227126.756 / Time: 39h:1m:2s (0h:0m:0s left)
Log-likelihood cutoff on original alignment: -227227.667
NOTE: Bootstrap correlation coefficient of split occurrence frequencies: 0.971
NOTE: UFBoot does not converge, continue at least 100 more iterations
Iteration 510 / LogL: -227119.428 / Time: 39h:45m:7s (7h:1m:43s left)
Iteration 520 / LogL: -227060.731 / Time: 40h:30m:1s (6h:14m:34s left)
Iteration 530 / LogL: -227068.400 / Time: 41h:8m:26s (5h:26m:38s left)
Iteration 540 / LogL: -227093.200 / Time: 41h:47m:58s (4h:39m:10s left)
Iteration 550 / LogL: -227076.661 / Time: 42h:27m:23s (3h:52m:0s left)
Log-likelihood cutoff on original alignment: -227227.667
Iteration 560 / LogL: -227206.393 / Time: 43h:5m:59s (3h:5m:2s left)
Iteration 570 / LogL: -227299.231 / Time: 43h:40m:36s (2h:18m:10s left)
Iteration 580 / LogL: -227115.707 / Time: 44h:23m:36s (1h:32m:0s left)
Iteration 590 / LogL: -227100.936 / Time: 45h:5m:42s (0h:45m:56s left)
Iteration 600 / LogL: -227172.781 / Time: 45h:48m:37s (0h:0m:0s left)
Log-likelihood cutoff on original alignment: -227227.667
NOTE: Bootstrap correlation coefficient of split occurrence frequencies: 0.978
NOTE: UFBoot does not converge, continue at least 100 more iterations
Iteration 610 / LogL: -227211.530 / Time: 46h:30m:20s (6h:52m:21s left)
Iteration 620 / LogL: -227188.722 / Time: 47h:9m:43s (6h:5m:42s left)
Iteration 630 / LogL: -227179.643 / Time: 47h:55m:26s (5h:20m:0s left)
Estimate model parameters (epsilon = 0.100)
BETTER TREE FOUND at iteration 635: -227040.185
Iteration 640 / LogL: -227057.612 / Time: 48h:41m:3s (7h:14m:16s left)
Iteration 650 / LogL: -227087.236 / Time: 49h:19m:46s (6h:27m:38s left)
Log-likelihood cutoff on original alignment: -227227.667
Iteration 660 / LogL: -227060.516 / Time: 49h:59m:8s (5h:41m:19s left)
Iteration 670 / LogL: -227133.852 / Time: 50h:37m:58s (4h:55m:10s left)
Iteration 680 / LogL: -227088.417 / Time: 51h:23m:53s (4h:9m:47s left)
Iteration 690 / LogL: -227089.075 / Time: 52h:12m:48s (3h:24m:36s left)
Estimate model parameters (epsilon = 0.100)
BETTER TREE FOUND at iteration 696: -227039.116
Iteration 700 / LogL: -227071.649 / Time: 52h:56m:42s (7h:16m:17s left)
Log-likelihood cutoff on original alignment: -227227.667
NOTE: Bootstrap correlation coefficient of split occurrence frequencies: 0.992
Iteration 710 / LogL: -227094.287 / Time: 53h:40m:6s (6h:48m:45s left)
Iteration 720 / LogL: -227067.126 / Time: 54h:20m:38s (6h:2m:47s left)
Iteration 730 / LogL: -227209.932 / Time: 55h:4m:46s (5h:17m:19s left)
Iteration 740 / LogL: -227101.562 / Time: 55h:44m:48s (4h:31m:34s left)
Iteration 750 / LogL: -227060.037 / Time: 56h:28m:13s (3h:46m:10s left)
Log-likelihood cutoff on original alignment: -227227.667
Iteration 760 / LogL: -227153.759 / Time: 57h:7m:17s (3h:0m:37s left)
Iteration 770 / LogL: -227076.375 / Time: 57h:48m:25s (2h:15m:18s left)
Iteration 780 / LogL: -227067.794 / Time: 58h:28m:5s (1h:30m:4s left)
Iteration 790 / LogL: -227107.065 / Time: 59h:4m:17s (0h:44m:55s left)
TREE SEARCH COMPLETED AFTER 797 ITERATIONS / Time: 59h:35m:18s

--------------------------------------------------------------------
|                    FINALIZING TREE SEARCH                        |
--------------------------------------------------------------------
Performs final model parameters optimization
Estimate model parameters (epsilon = 0.010)
1. Initial log-likelihood: -227039.116
2. Current log-likelihood: -227039.087
3. Current log-likelihood: -227039.043
4. Current log-likelihood: -227039.000
5. Current log-likelihood: -227038.966
6. Current log-likelihood: -227038.944
7. Current log-likelihood: -227038.913
8. Current log-likelihood: -227038.892
9. Current log-likelihood: -227038.871
10. Current log-likelihood: -227038.850
11. Current log-likelihood: -227038.839
12. Current log-likelihood: -227038.820
13. Current log-likelihood: -227038.800
14. Current log-likelihood: -227038.781
15. Current log-likelihood: -227038.761
16. Current log-likelihood: -227038.746
17. Current log-likelihood: -227038.731
18. Current log-likelihood: -227038.713
19. Current log-likelihood: -227038.699
20. Current log-likelihood: -227038.682
21. Current log-likelihood: -227038.669
22. Current log-likelihood: -227038.652
23. Current log-likelihood: -227038.639
24. Current log-likelihood: -227038.622
25. Current log-likelihood: -227038.611
26. Current log-likelihood: -227038.597
27. Current log-likelihood: -227038.582
28. Current log-likelihood: -227038.571
29. Current log-likelihood: -227038.559
30. Current log-likelihood: -227038.544
Optimal log-likelihood: -227038.530
Site proportion and rates:  (0.037,0.014) (0.050,0.038) (0.073,0.079) (0.080,0.130) (0.102,0.207) (0.130,0.307) (0.097,0.426) (0.057,0.604) (0.165,1.074) (0.209,3.197)
Parameters optimization took 30 rounds (1761.930 sec)
BEST SCORE FOUND : -227038.530

Testing tree branches by SH-like aLRT with 1000 replicates...
Alternative NNI shows better log-likelihood -227038.133 > -227038.530
Alternative NNI shows better log-likelihood -227038.518 > -227038.530
37.210 sec.
Creating bootstrap support values...
Split supports printed to NEXUS file pth2r_iqtree_boostrap_modelfinder.splits.nex
Total tree length: 526.897

Total number of iterations: 797
CPU time used for tree search: 1873325.744 sec (520h:22m:5s)
Wall-clock time used for tree search: 214176.908 sec (59h:29m:36s)
Total CPU time used: 1891459.052 sec (525h:24m:19s)
Total wall-clock time used: 216324.477 sec (60h:5m:24s)

Computing bootstrap consensus tree...
Reading input file pth2r_iqtree_boostrap_modelfinder.splits.nex...
997 taxa and 5935 splits.
Consensus tree written to pth2r_iqtree_boostrap_modelfinder.contree
Reading input trees file pth2r_iqtree_boostrap_modelfinder.contree
Log-likelihood of consensus tree: -227032.553

Analysis results written to: 
  IQ-TREE report:                pth2r_iqtree_boostrap_modelfinder.iqtree
  Maximum-likelihood tree:       pth2r_iqtree_boostrap_modelfinder.treefile
  Likelihood distances:          pth2r_iqtree_boostrap_modelfinder.mldist

Ultrafast bootstrap approximation results written to:
  Split support values:          pth2r_iqtree_boostrap_modelfinder.splits.nex
  Consensus tree:                pth2r_iqtree_boostrap_modelfinder.contree
  Screen log file:               pth2r_iqtree_boostrap_modelfinder.log

Date and Time: Fri Jul 30 08:04:53 2021
