IQ-TREE multicore version 2.0.6 for Linux 64-bit built Aug  4 2020
Developed by Bui Quang Minh, Nguyen Lam Tung, Olga Chernomor,
Heiko Schmidt, Dominik Schrempf, Michael Woodhams.

Host:    cn02 (AVX512, FMA3, 251 GB RAM)
Command: iqtree2 -s /cta/users/ofkonar/work/resources/class_B1/canonical/gipr_filtered_fastas_blast_msa.fasta -B 1000 -alrt 1000 -T AUTO --threads-max 24 --prefix gipr_iqtree_boostrap_modelfinder
Seed:    456792 (Using SPRNG - Scalable Parallel Random Number Generator)
Time:    Fri Jul 23 20:02:41 2021
Kernel:  AVX+FMA - auto-detect threads (24 CPU cores detected)

Reading alignment file /cta/users/ofkonar/work/resources/class_B1/canonical/gipr_filtered_fastas_blast_msa.fasta ... Fasta format detected
Alignment most likely contains protein sequences
WARNING: 80 sites contain only gaps or ambiguous characters.
Alignment has 1000 sequences with 8816 columns, 3621 distinct patterns
1057 parsimony-informative, 1793 singleton sites, 5966 constant sites
                                Gap/Ambiguity  Composition  p-value
   1  tr|F1QSJ4|F1QSJ4_DANRE           95.00%    failed      0.01%
   2  tr|E7FB43|E7FB43_DANRE           94.10%    failed      0.03%
   3  tr|F1RCQ6|F1RCQ6_DANRE           94.23%    failed      0.80%
   4  tr|E7FCX8|E7FCX8_DANRE           94.17%    passed     14.88%
   5  tr|A0A3Q2UK12|A0A3Q2UK12_CHICK   95.15%    failed      0.00%
   6  tr|B4ZY91|B4ZY91_CHICK           94.79%    failed      0.18%
   7  tr|C0J3M4|C0J3M4_CHICK           95.12%    failed      0.00%
   8  tr|C4P7J2|C4P7J2_CHICK           94.00%    failed      0.00%
   9  tr|D2CP28|D2CP28_CHICK           94.91%    failed      0.50%
  10  sp|Q5IXF8|GLP2R_MOUSE            94.19%    failed      0.00%
  11  sp|P97751|VIPR1_MOUSE            94.79%    failed      1.15%
  12  sp|O35659|GLP1R_MOUSE            94.75%    failed      0.01%
  13  sp|Q5FWI2|SCTR_MOUSE             94.93%    failed      0.00%
  14  sp|Q61606|GLR_MOUSE              94.50%    failed      0.00%
  15  sp|Q0P543|GIPR_MOUSE             94.78%    failed      0.00%
  16  tr|M3Y8K2|M3Y8K2_MUSPF           94.37%    failed      0.00%
  17  tr|M3YQU3|M3YQU3_MUSPF           95.02%    failed      0.01%
  18  tr|M3YIV3|M3YIV3_MUSPF           94.46%    failed      0.00%
  19  tr|M3XPF0|M3XPF0_MUSPF           94.91%    failed      0.02%
  20  tr|M3Y308|M3Y308_MUSPF           94.71%    failed      0.00%
  21  tr|H2MD52|H2MD52_ORYLA           94.03%    failed      0.02%
  22  tr|H2LTR1|H2LTR1_ORYLA           95.36%    failed      0.10%
  23  tr|A0A3B3HYZ9|A0A3B3HYZ9_ORYLA   94.08%    failed      0.02%
  24  tr|A0A2I3HAI5|A0A2I3HAI5_NOMLE   94.76%    failed      0.26%
  25  tr|G1RH24|G1RH24_NOMLE           94.59%    failed      0.00%
  26  tr|G1RGH0|G1RGH0_NOMLE           93.73%    failed      0.00%
  27  tr|G1RH59|G1RH59_NOMLE           95.01%    failed      0.08%
  28  tr|G1PC03|G1PC03_MYOLU           93.74%    failed      0.00%
  29  tr|G1NVA0|G1NVA0_MYOLU           95.29%    failed      0.00%
  30  tr|G3GX77|G3GX77_CRIGR           94.49%    failed      0.00%
  31  tr|G3HLD4|G3HLD4_CRIGR           95.04%    failed      0.10%
  32  tr|G3RJ74|G3RJ74_GORGO           94.71%    failed      0.00%
  33  tr|G3QZN1|G3QZN1_GORGO           93.73%    failed      0.00%
  34  tr|G3RF24|G3RF24_GORGO           94.75%    failed      0.07%
  35  tr|G3R9V0|G3R9V0_GORGO           94.56%    failed      0.00%
  36  tr|G3SA07|G3SA07_GORGO           95.01%    failed      0.03%
  37  tr|H2NSQ5|H2NSQ5_PONAB           93.73%    failed      0.00%
  38  tr|K7EUR9|K7EUR9_PONAB           95.97%    failed      0.00%
  39  tr|H2PIX8|H2PIX8_PONAB           94.75%    failed      0.03%
  40  tr|H2NZ92|H2NZ92_PONAB           95.13%    failed      0.00%
  41  tr|G1N1K7|G1N1K7_MELGA           94.40%    failed      3.08%
  42  tr|G1NI86|G1NI86_MELGA           94.90%    failed      0.20%
  43  tr|G1NDT0|G1NDT0_MELGA           95.05%    failed      0.50%
  44  tr|G1MT82|G1MT82_MELGA           94.75%    failed      0.03%
  45  tr|G1NB66|G1NB66_MELGA           95.41%    failed      0.02%
  46  tr|G1KKF1|G1KKF1_ANOCA           94.33%    passed      6.23%
  47  tr|L7MZG5|L7MZG5_ANOCA           96.62%    failed      0.00%
  48  tr|G1KTD5|G1KTD5_ANOCA           94.40%    failed      0.01%
  49  tr|H9GFA6|H9GFA6_ANOCA           95.12%    failed      0.10%
  50  tr|G1KA26|G1KA26_ANOCA           94.44%    failed      0.26%
  51  tr|A0A5F9D5N3|A0A5F9D5N3_RABIT   94.46%    failed      0.01%
  52  tr|G1STM3|G1STM3_RABIT           94.95%    failed      0.01%
  53  tr|G1T265|G1T265_RABIT           94.69%    failed      0.00%
  54  sp|O46502|SCTR_RABIT             94.95%    failed      0.01%
  55  tr|A0A5F9D1X7|A0A5F9D1X7_RABIT   93.93%    failed      0.00%
  56  tr|A0A5F4D872|A0A5F4D872_CANLF   91.42%    failed      0.00%
  57  tr|E2RIK5|E2RIK5_CANLF           94.71%    failed      0.00%
  58  tr|F1PQW0|F1PQW0_CANLF           91.96%    failed      0.00%
  59  tr|F1PDW3|F1PDW3_CANLF           95.04%    failed      0.02%
  60  tr|F1P7Q3|F1P7Q3_CANLF           95.25%    failed      0.06%
  61  tr|A0A2I3RBA7|A0A2I3RBA7_PANTR   94.71%    failed      0.00%
  62  tr|H2QC94|H2QC94_PANTR           93.73%    failed      0.00%
  63  tr|H2QIM4|H2QIM4_PANTR           95.01%    failed      0.02%
  64  tr|H2RC88|H2RC88_PANTR           94.56%    failed      0.00%
  65  tr|H2QSY0|H2QSY0_PANTR           94.75%    failed      0.04%
  66  tr|A0A6I8NRC9|A0A6I8NRC9_ORNAN   95.70%    failed      0.00%
  67  tr|A0A6I8N3Y9|A0A6I8N3Y9_ORNAN   93.59%    failed      0.00%
  68  tr|A0A6I8P5H3|A0A6I8P5H3_ORNAN   94.58%    failed      0.00%
  69  tr|F7F467|F7F467_MONDO           93.82%    failed      0.00%
  70  tr|F6R8T5|F6R8T5_MONDO           94.88%    failed      4.56%
  71  tr|F7CG94|F7CG94_MONDO           95.00%    failed      0.00%
  72  tr|F6WUD5|F6WUD5_MONDO           94.87%    failed      0.00%
  73  tr|F6ZL39|F6ZL39_MONDO           94.74%    failed      0.31%
  74  tr|F6Q5D8|F6Q5D8_MONDO           94.20%    failed      2.34%
  75  tr|F6WQ12|F6WQ12_HORSE           94.75%    failed      0.02%
  76  tr|F6Q776|F6Q776_HORSE           92.58%    failed      0.00%
  77  tr|F7AVX3|F7AVX3_HORSE           91.95%    failed      0.00%
  78  tr|F6VG30|F6VG30_HORSE           94.71%    failed      0.00%
  79  tr|W5PKD1|W5PKD1_SHEEP           94.71%    failed      0.00%
  80  tr|W5Q9S8|W5Q9S8_SHEEP           94.54%    failed      0.01%
  81  tr|W5Q4G0|W5Q4G0_SHEEP           94.76%    failed      0.01%
  82  tr|W5P226|W5P226_SHEEP           93.73%    failed      0.00%
  83  sp|P30082|GLR_RAT                94.50%    failed      0.00%
  84  sp|Q9Z0W0|GLP2R_RAT              93.76%    failed      0.00%
  85  sp|P43219|GIPR_RAT               94.84%    failed      0.00%
  86  sp|P23811|SCTR_RAT               94.91%    failed      0.00%
  87  sp|P32301|GLP1R_RAT              94.75%    failed      0.01%
  88  tr|A0A3B5Q0S7|A0A3B5Q0S7_XIPMA   94.12%    failed      0.58%
  89  tr|M4ADN5|M4ADN5_XIPMA           93.93%    failed      0.22%
  90  tr|M3ZT07|M3ZT07_XIPMA           94.43%    failed      0.07%
  91  tr|I3J0U5|I3J0U5_ORENI           94.04%    failed      0.22%
  92  tr|A0A669D5D6|A0A669D5D6_ORENI   94.04%    failed      1.86%
  93  tr|A0A669BJW2|A0A669BJW2_ORENI   95.26%    failed      0.54%
  94  tr|A0A669DQ48|A0A669DQ48_ORENI   95.72%    failed      4.43%
  95  tr|I3KU32|I3KU32_ORENI           93.98%    failed      0.01%
  96  tr|I3N2F6|I3N2F6_ICTTR           94.80%    failed      0.00%
  97  tr|I3M8I3|I3M8I3_ICTTR           95.07%    failed      0.03%
  98  tr|I3MG10|I3MG10_ICTTR           93.78%    failed      0.00%
  99  tr|I3M889|I3M889_ICTTR           94.63%    failed      0.03%
 100  tr|I3NFM0|I3NFM0_ICTTR           94.54%    failed      0.00%
 101  tr|H0WM87|H0WM87_OTOGA           94.75%    failed      0.01%
 102  tr|H0XI39|H0XI39_OTOGA           95.27%    failed      0.00%
 103  tr|H0X783|H0X783_OTOGA           94.76%    failed      0.00%
 104  tr|H0WHM2|H0WHM2_OTOGA           93.75%    failed      0.00%
 105  tr|A0A674PJE3|A0A674PJE3_TAKRU   94.03%    failed      0.01%
 106  tr|A0A674NQ92|A0A674NQ92_TAKRU   95.70%    passed     45.13%
 107  tr|A0A674NBR2|A0A674NBR2_TAKRU   94.85%    failed      0.01%
 108  tr|H2U0Q8|H2U0Q8_TAKRU           94.25%    failed      0.37%
 109  tr|H2V4D8|H2V4D8_TAKRU           93.92%    failed      0.89%
 110  tr|H0UZE2|H0UZE2_CAVPO           94.04%    failed      0.00%
 111  tr|H0VTD3|H0VTD3_CAVPO           94.75%    failed      0.00%
 112  tr|H0VT27|H0VT27_CAVPO           95.05%    failed      0.01%
 113  tr|H0VZQ6|H0VZQ6_CAVPO           94.54%    failed      0.00%
 114  tr|H0UYK5|H0UYK5_CAVPO           94.84%    failed      0.00%
 115  sp|P47872|SCTR_HUMAN             95.01%    failed      0.03%
 116  sp|P48546|GIPR_HUMAN             94.71%    failed      0.00%
 117  sp|O95838|GLP2R_HUMAN            93.73%    failed      0.00%
 118  sp|P43220|GLP1R_HUMAN            94.75%    failed      0.03%
 119  sp|P47871|GLR_HUMAN              94.59%    failed      0.00%
 120  tr|F7E1R9|F7E1R9_MACMU           94.71%    failed      0.00%
 121  tr|F6TRW6|F6TRW6_MACMU           94.98%    failed      0.00%
 122  tr|F7E3K6|F7E3K6_MACMU           94.75%    failed      0.05%
 123  tr|A0A1D5QZY8|A0A1D5QZY8_MACMU   94.43%    failed      0.00%
 124  tr|A0A1D5Q3Z3|A0A1D5Q3Z3_MACMU   93.73%    failed      0.00%
 125  tr|G5B9F2|G5B9F2_HETGA           95.00%    failed      0.10%
 126  tr|G5BJ74|G5BJ74_HETGA           94.56%    failed      0.00%
 127  tr|G5AUX3|G5AUX3_HETGA           94.24%    failed      0.00%
 128  tr|K7F648|K7F648_PELSI           94.87%    failed      2.02%
 129  tr|K7FMV5|K7FMV5_PELSI           95.01%    failed      0.00%
 130  tr|K7FB39|K7FB39_PELSI           94.91%    failed      0.41%
 131  tr|K7GJ88|K7GJ88_PELSI           94.73%    failed      0.20%
 132  tr|H3CYL1|H3CYL1_TETNG           94.31%    failed      1.80%
 133  tr|H3D488|H3D488_TETNG           95.09%    failed      0.09%
 134  tr|H3D5K6|H3D5K6_TETNG           95.10%    failed      0.38%
 135  tr|H3CTH0|H3CTH0_TETNG           95.52%    failed      0.06%
 136  tr|G3PPK9|G3PPK9_GASAC           94.40%    failed      0.01%
 137  tr|G3P8K2|G3P8K2_GASAC           94.06%    failed      0.12%
 138  tr|G3P333|G3P333_GASAC           95.26%    failed      4.70%
 139  tr|G3Q4Z3|G3Q4Z3_GASAC           94.03%    failed      2.05%
 140  tr|G3SXX0|G3SXX0_LOXAF           95.60%    failed      0.10%
 141  tr|G3TZT9|G3TZT9_LOXAF           95.15%    failed      0.20%
 142  tr|G3T6D2|G3T6D2_LOXAF           93.72%    failed      0.00%
 143  tr|G3UKY6|G3UKY6_LOXAF           95.59%    failed      0.00%
 144  tr|G3SU22|G3SU22_LOXAF           94.74%    failed      0.02%
 145  tr|A0A7N4PGY7|A0A7N4PGY7_SARHA   94.80%    failed      0.04%
 146  tr|G3WE67|G3WE67_SARHA           94.35%    failed      0.03%
 147  tr|G3WU25|G3WU25_SARHA           95.02%    failed      0.22%
 148  tr|G3VAN1|G3VAN1_SARHA           94.93%    failed      0.00%
 149  tr|G3VNA5|G3VNA5_SARHA           93.78%    failed      0.00%
 150  tr|H0Z060|H0Z060_TAEGU           95.09%    failed      0.00%
 151  tr|H0ZVD5|H0ZVD5_TAEGU           94.52%    failed      0.01%
 152  tr|H0ZAY9|H0ZAY9_TAEGU           94.02%    failed      0.01%
 153  tr|A0A674GX67|A0A674GX67_TAEGU   94.29%    failed      4.97%
 154  tr|H0ZBN2|H0ZBN2_TAEGU           94.79%    failed      0.09%
 155  tr|A0A803J9T5|A0A803J9T5_XENTR   94.02%    failed      0.85%
 156  tr|A0A803JWD0|A0A803JWD0_XENTR   94.90%    failed      0.00%
 157  tr|F6UDH6|F6UDH6_XENTR           94.20%    failed      1.61%
 158  tr|A0A803JMZ9|A0A803JMZ9_XENTR   94.91%    failed      0.14%
 159  tr|F7EEJ5|F7EEJ5_XENTR           94.52%    passed      8.27%
 160  tr|F6YCW2|F6YCW2_CIOIN           95.20%    failed      0.05%
 161  tr|F6V0N3|F6V0N3_CIOIN           95.50%    failed      0.07%
 162  tr|F7I1R7|F7I1R7_CALJA           93.68%    failed      0.00%
 163  tr|F7FCP0|F7FCP0_CALJA           94.00%    failed      0.00%
 164  tr|F7I191|F7I191_CALJA           94.84%    failed      0.00%
 165  tr|H9KVX4|H9KVX4_CALJA           94.98%    failed      0.00%
 166  tr|F6Y4K4|F6Y4K4_CALJA           94.71%    failed      0.00%
 167  tr|I3LFB5|I3LFB5_PIG             94.98%    failed      0.00%
 168  tr|A0A286ZPF4|A0A286ZPF4_PIG     93.69%    failed      0.00%
 169  tr|A0A5G2QV54|A0A5G2QV54_PIG     94.71%    failed      0.00%
 170  tr|A0A5G2QXJ7|A0A5G2QXJ7_PIG     94.69%    failed      0.05%
 171  tr|H3A1R4|H3A1R4_LATCH           95.66%    failed      0.21%
 172  tr|H3A145|H3A145_LATCH           94.25%    failed      0.00%
 173  tr|H3B352|H3B352_LATCH           95.33%    failed      0.00%
 174  tr|H3AGG3|H3AGG3_LATCH           94.11%    failed      3.49%
 175  tr|H3B540|H3B540_LATCH           94.24%    failed      4.75%
 176  tr|D2I071|D2I071_AILME           94.71%    failed      0.00%
 177  tr|G1M0C5|G1M0C5_AILME           93.66%    failed      0.00%
 178  tr|G1M570|G1M570_AILME           94.75%    failed      0.00%
 179  tr|G1MGL8|G1MGL8_AILME           94.49%    failed      0.00%
 180  tr|F1MF07|F1MF07_BOVIN           94.82%    failed      0.03%
 181  tr|E1BKB6|E1BKB6_BOVIN           94.57%    failed      0.01%
 182  tr|E1B8G5|E1B8G5_BOVIN           94.71%    failed      0.00%
 183  tr|A0A3Q1MDR8|A0A3Q1MDR8_BOVIN   94.41%    failed      0.00%
 184  tr|E1BAY1|E1BAY1_BOVIN           93.73%    failed      0.00%
 185  tr|A0A3Q1M5G0|A0A3Q1M5G0_BOVIN   94.74%    failed      0.00%
 186  tr|L5JQE1|L5JQE1_PTEAL           94.94%    failed      0.07%
 187  tr|L5JYL5|L5JYL5_PTEAL           95.15%    failed      0.07%
 188  tr|L5K060|L5K060_PTEAL           94.12%    failed      0.00%
 189  tr|L5KQ17|L5KQ17_PTEAL           94.20%    failed      0.00%
 190  tr|L5KL05|L5KL05_PTEAL           95.09%    failed      0.00%
 191  tr|L5LTC0|L5LTC0_MYODS           94.61%    failed      0.00%
 192  tr|L8HZJ9|L8HZJ9_9CETA           94.57%    failed      0.01%
 193  tr|L8I9G9|L8I9G9_9CETA           94.68%    failed      0.00%
 194  tr|L8HXJ0|L8HXJ0_9CETA           93.73%    failed      0.00%
 195  tr|L9LBK3|L9LBK3_TUPCH           95.08%    failed      0.00%
 196  tr|L9KZI1|L9KZI1_TUPCH           94.94%    failed      0.00%
 197  tr|L9KUE9|L9KUE9_TUPCH           92.80%    failed      0.00%
 198  tr|M3VXD8|M3VXD8_FELCA           95.77%    failed      0.00%
 199  tr|A0A337SUD5|A0A337SUD5_FELCA   94.79%    failed      0.18%
 200  tr|A0A5F5XCY0|A0A5F5XCY0_FELCA   94.78%    failed      0.00%
 201  tr|M3W5V1|M3W5V1_FELCA           94.85%    failed      0.00%
 202  tr|A0A337SBM7|A0A337SBM7_FELCA   94.70%    failed      0.00%
 203  tr|M3WND6|M3WND6_FELCA           94.51%    failed      0.00%
 204  tr|U3K8W3|U3K8W3_FICAL           94.78%    failed      1.15%
 205  tr|U3JP90|U3JP90_FICAL           95.09%    failed      0.00%
 206  tr|U3JD61|U3JD61_FICAL           94.08%    failed      0.00%
 207  tr|U3KGR0|U3KGR0_FICAL           94.91%    failed      1.46%
 208  tr|U3KC43|U3KC43_FICAL           93.92%    passed      5.71%
 209  tr|U3I7Y3|U3I7Y3_ANAPP           94.00%    failed      0.01%
 210  tr|U3IM16|U3IM16_ANAPP           94.90%    failed      2.01%
 211  tr|U3IBL2|U3IBL2_ANAPP           94.80%    failed      0.04%
 212  tr|U3IIF7|U3IIF7_ANAPP           95.29%    failed      0.01%
 213  tr|W5KSS3|W5KSS3_ASTMX           94.11%    passed      8.63%
 214  tr|W5KKH7|W5KKH7_ASTMX           94.42%    failed      1.37%
 215  tr|W5L9W9|W5L9W9_ASTMX           94.03%    failed      0.04%
 216  tr|A0A3B1JPT3|A0A3B1JPT3_ASTMX   94.07%    failed      0.02%
 217  tr|W5N1P0|W5N1P0_LEPOC           94.15%    failed      0.02%
 218  tr|W5N950|W5N950_LEPOC           94.25%    failed      0.93%
 219  tr|W5NC52|W5NC52_LEPOC           94.33%    passed      7.17%
 220  tr|V8P8M3|V8P8M3_OPHHA           94.39%    passed      7.41%
 221  tr|V8NIQ9|V8NIQ9_OPHHA           95.09%    failed      0.51%
 222  tr|A0A087YLS0|A0A087YLS0_POEFO   93.94%    failed      0.18%
 223  tr|A0A087YLV7|A0A087YLV7_POEFO   93.98%    failed      0.00%
 224  tr|A0A087X8D2|A0A087X8D2_POEFO   94.12%    failed      0.15%
 225  tr|A0A087YD24|A0A087YD24_POEFO   95.25%    failed      0.23%
 226  tr|A0A096MQK5|A0A096MQK5_PAPAN   94.98%    failed      0.00%
 227  tr|A0A2I3MN00|A0A2I3MN00_PAPAN   94.08%    failed      0.00%
 228  tr|A0A096NHY6|A0A096NHY6_PAPAN   94.75%    failed      0.05%
 229  tr|A0A0A0MX16|A0A0A0MX16_PAPAN   94.71%    failed      0.00%
 230  tr|A0A091DUE1|A0A091DUE1_FUKDA   94.54%    failed      0.00%
 231  tr|A0A091D9Q2|A0A091D9Q2_FUKDA   90.98%    failed      0.04%
 232  tr|A0A091CP67|A0A091CP67_FUKDA   94.65%    failed      0.00%
 233  tr|A0A091DCI7|A0A091DCI7_FUKDA   94.95%    failed      0.02%
 234  tr|A0A0D9S1Z4|A0A0D9S1Z4_CHLSB   94.71%    failed      0.00%
 235  tr|A0A0D9S4L9|A0A0D9S4L9_CHLSB   94.43%    failed      0.00%
 236  tr|A0A0D9RCP5|A0A0D9RCP5_CHLSB   93.73%    failed      0.00%
 237  tr|A0A0D9RVJ5|A0A0D9RVJ5_CHLSB   95.25%    failed      0.02%
 238  tr|A0A0D9REZ4|A0A0D9REZ4_CHLSB   94.74%    failed      0.05%
 239  tr|S9WE27|S9WE27_CAMFR           94.24%    failed      0.00%
 240  tr|S9X2T2|S9X2T2_CAMFR           95.29%    failed      0.00%
 241  tr|M7BV94|M7BV94_CHEMY           95.20%    failed      0.00%
 242  tr|M7BA54|M7BA54_CHEMY           92.91%    failed      0.03%
 243  tr|M7BYD2|M7BYD2_CHEMY           95.50%    failed      0.05%
 244  tr|A0A0P7W0V5|A0A0P7W0V5_SCLFO   94.54%    passed     22.73%
 245  tr|A0A0P7XQA4|A0A0P7XQA4_SCLFO   94.59%    failed      0.01%
 246  tr|A0A151NK47|A0A151NK47_ALLMI   95.39%    failed      0.00%
 247  tr|A0A151N6I1|A0A151N6I1_ALLMI   94.68%    failed      0.98%
 248  tr|A0A151M0U5|A0A151M0U5_ALLMI   94.78%    failed      1.49%
 249  tr|A0A151P334|A0A151P334_ALLMI   95.03%    failed      1.54%
 250  tr|A0A151MPW7|A0A151MPW7_ALLMI   93.81%    failed      0.02%
 251  tr|A0A151NY97|A0A151NY97_ALLMI   94.34%    failed      1.22%
 252  tr|A0A0Q3PJT1|A0A0Q3PJT1_AMAAE   94.44%    failed      1.27%
 253  tr|A0A0Q3MNG3|A0A0Q3MNG3_AMAAE   94.84%    failed      0.00%
 254  tr|A0A0Q3TAA2|A0A0Q3TAA2_AMAAE   95.43%    failed      0.01%
 255  tr|A0A0Q3MC27|A0A0Q3MC27_AMAAE   94.02%    failed      0.02%
 256  tr|A0A091QCR1|A0A091QCR1_MERNU   95.49%    failed      0.83%
 257  tr|A0A091QFC3|A0A091QFC3_MERNU   95.84%    failed      0.02%
 258  tr|A0A091EHH2|A0A091EHH2_CORBR   95.17%    failed      0.00%
 259  tr|A0A091F219|A0A091F219_CORBR   95.78%    failed      0.00%
 260  tr|A0A091F1E9|A0A091F1E9_CORBR   95.49%    passed     10.57%
 261  tr|A0A091F626|A0A091F626_CORBR   95.22%    failed      0.32%
 262  tr|A0A091F4N8|A0A091F4N8_CORBR   95.08%    failed      0.28%
 263  tr|S7MNW9|S7MNW9_MYOBR           94.62%    failed      0.00%
 264  tr|S7N8C2|S7N8C2_MYOBR           95.00%    failed      0.01%
 265  tr|S7NGB5|S7NGB5_MYOBR           94.44%    failed      0.00%
 266  tr|A0A091JD35|A0A091JD35_EGRGA   95.55%    failed      3.44%
 267  tr|A0A091ILM2|A0A091ILM2_EGRGA   95.05%    failed      0.64%
 268  tr|A0A091J4F3|A0A091J4F3_EGRGA   95.22%    failed      0.13%
 269  tr|A0A093C5P9|A0A093C5P9_9AVES   95.15%    failed      0.63%
 270  tr|A0A093PLT6|A0A093PLT6_PHACA   95.05%    failed      0.52%
 271  tr|A0A093R3Q0|A0A093R3Q0_PHACA   95.56%    failed      4.09%
 272  tr|A0A093RWY7|A0A093RWY7_9PASS   95.68%    failed      0.00%
 273  tr|A0A093RZF1|A0A093RZF1_9PASS   95.22%    failed      0.02%
 274  tr|A0A093T2M1|A0A093T2M1_9PASS   95.05%    failed      0.83%
 275  tr|A0A093PS28|A0A093PS28_9PASS   95.86%    failed      1.46%
 276  tr|A0A093PUZ9|A0A093PUZ9_9PASS   95.55%    failed      2.45%
 277  tr|A0A091VPP1|A0A091VPP1_NIPNI   96.11%    passed     13.55%
 278  tr|A0A091UP36|A0A091UP36_NIPNI   95.55%    failed      2.08%
 279  tr|A0A091VZI1|A0A091VZI1_NIPNI   95.05%    failed      1.01%
 280  tr|A0A091VQH5|A0A091VQH5_NIPNI   95.22%    failed      0.03%
 281  tr|A0A087RAP5|A0A087RAP5_APTFO   95.05%    failed      0.51%
 282  tr|A0A087RB67|A0A087RB67_APTFO   95.22%    failed      0.12%
 283  tr|A0A087QNN1|A0A087QNN1_APTFO   95.55%    failed      2.68%
 284  tr|A0A087QIB9|A0A087QIB9_APTFO   95.88%    failed      0.00%
 285  tr|A0A091KZX7|A0A091KZX7_9GRUI   95.55%    failed      1.61%
 286  tr|A0A091QLW8|A0A091QLW8_9GRUI   95.85%    failed      0.13%
 287  tr|A0A091MRV2|A0A091MRV2_9PASS   95.77%    failed      0.04%
 288  tr|A0A091MN47|A0A091MN47_9PASS   95.15%    failed      0.20%
 289  tr|A0A093JVG3|A0A093JVG3_STRCA   95.55%    failed      2.84%
 290  tr|A0A093HQ60|A0A093HQ60_STRCA   95.27%    failed      0.04%
 291  tr|A0A091WYS1|A0A091WYS1_OPIHO   95.05%    failed      0.93%
 292  tr|A0A091V803|A0A091V803_OPIHO   95.22%    failed      0.03%
 293  tr|A0A091VFX4|A0A091VFX4_OPIHO   95.55%    failed      0.63%
 294  tr|A0A091KD13|A0A091KD13_COLST   95.81%    failed      0.02%
 295  tr|A0A094L9W4|A0A094L9W4_ANTCR   95.15%    failed      0.66%
 296  tr|A0A091TPZ6|A0A091TPZ6_PHALP   95.43%    failed      0.81%
 297  tr|A0A091TND2|A0A091TND2_PHALP   95.56%    failed      0.07%
 298  tr|A0A099YTP2|A0A099YTP2_TINGU   95.93%    failed      2.10%
 299  tr|A0A099ZMC2|A0A099ZMC2_TINGU   95.05%    failed      0.75%
 300  tr|A0A099YZW2|A0A099YZW2_TINGU   95.46%    failed      0.08%
 301  tr|A0A093CRR2|A0A093CRR2_TAUER   95.55%    failed      2.85%
 302  tr|A0A091U304|A0A091U304_PHORB   95.22%    failed      0.09%
 303  tr|A0A091U9U0|A0A091U9U0_PHORB   95.55%    failed      1.62%
 304  tr|A0A091LBQ7|A0A091LBQ7_CATAU   95.63%    failed      0.15%
 305  tr|A0A091LH31|A0A091LH31_CATAU   96.20%    failed      0.68%
 306  tr|A0A091FQH8|A0A091FQH8_9AVES   95.37%    failed      0.01%
 307  tr|A0A091FM96|A0A091FM96_9AVES   95.56%    failed      0.14%
 308  tr|A0A091GX48|A0A091GX48_9AVES   95.05%    failed      1.51%
 309  tr|A0A091GEH0|A0A091GEH0_9AVES   95.22%    failed      0.05%
 310  tr|A0A091FXC4|A0A091FXC4_9AVES   95.17%    failed      0.00%
 311  tr|A0A091FW07|A0A091FW07_9AVES   95.78%    failed      0.71%
 312  tr|A0A093JN53|A0A093JN53_FULGA   95.05%    failed      0.61%
 313  tr|A0A093ILW6|A0A093ILW6_FULGA   95.55%    failed      1.64%
 314  tr|A0A091S561|A0A091S561_NESNO   95.56%    failed      0.00%
 315  tr|A0A091S7T5|A0A091S7T5_NESNO   95.51%    failed      0.43%
 316  tr|A0A091S2V6|A0A091S2V6_NESNO   95.05%    failed      0.93%
 317  tr|A0A091S5A2|A0A091S5A2_NESNO   95.22%    failed      0.20%
 318  tr|A0A094KW54|A0A094KW54_PODCR   95.55%    failed      3.02%
 319  tr|A0A0A0AMI0|A0A0A0AMI0_CHAVO   95.55%    failed      2.30%
 320  tr|A0A0A0A6K1|A0A0A0A6K1_CHAVO   95.05%    failed      0.99%
 321  tr|A0A0A0AH61|A0A0A0AH61_CHAVO   95.22%    failed      0.05%
 322  tr|A0A2I0MGK9|A0A2I0MGK9_COLLI   94.90%    failed      0.71%
 323  tr|A0A2I0LP26|A0A2I0LP26_COLLI   95.09%    failed      0.03%
 324  tr|A0A2I0MRD7|A0A2I0MRD7_COLLI   94.92%    failed      0.20%
 325  tr|A0A2I0LMU6|A0A2I0LMU6_COLLI   96.91%    failed      0.01%
 326  tr|A0A2I0MAF4|A0A2I0MAF4_COLLI   95.17%    failed      0.95%
 327  tr|A0A2I0LJA6|A0A2I0LJA6_COLLI   94.00%    failed      0.01%
 328  tr|A0A093IB47|A0A093IB47_DRYPU   95.05%    failed      1.60%
 329  tr|A0A093GU56|A0A093GU56_DRYPU   95.52%    failed      0.64%
 330  tr|A0A093H916|A0A093H916_DRYPU   95.22%    failed      0.71%
 331  tr|A0A091GRA4|A0A091GRA4_BUCRH   95.55%    failed      1.43%
 332  tr|A0A091H5Y7|A0A091H5Y7_BUCRH   95.28%    failed      0.49%
 333  tr|A0A093REA1|A0A093REA1_PYGAD   95.55%    failed      2.19%
 334  tr|A0A093QRL4|A0A093QRL4_PYGAD   95.22%    failed      0.05%
 335  tr|A0A093PIX2|A0A093PIX2_PYGAD   95.05%    failed      0.73%
 336  tr|A0A091MK11|A0A091MK11_CARIC   95.15%    failed      0.41%
 337  tr|A0A091M3F1|A0A091M3F1_CARIC   95.61%    failed      0.11%
 338  tr|A0A091LW30|A0A091LW30_CARIC   95.78%    failed      0.05%
 339  tr|A0A091SLR1|A0A091SLR1_PELCR   95.72%    failed      0.00%
 340  tr|A0A091T1B2|A0A091T1B2_PELCR   95.05%    failed      1.15%
 341  tr|A0A093L8L3|A0A093L8L3_EURHL   95.55%    failed      1.64%
 342  tr|A0A091I0X9|A0A091I0X9_CALAN   95.13%    failed      0.70%
 343  tr|A0A091IUW3|A0A091IUW3_CALAN   95.53%    failed      0.94%
 344  tr|A0A091HZR4|A0A091HZR4_CALAN   95.22%    failed      0.06%
 345  tr|A0A091ITY0|A0A091ITY0_CALAN   95.64%    failed      0.00%
 346  tr|A0A093F6V4|A0A093F6V4_GAVST   95.22%    failed      0.01%
 347  tr|A0A091P5K7|A0A091P5K7_HALAL   95.05%    failed      1.17%
 348  tr|A0A091QIC0|A0A091QIC0_HALAL   95.22%    failed      0.20%
 349  tr|A0A091P0B8|A0A091P0B8_HALAL   95.55%    failed      1.75%
 350  tr|A0A1S2ZDW7|A0A1S2ZDW7_ERIEU   94.86%    failed      0.01%
 351  tr|A0A1S3ABF6|A0A1S3ABF6_ERIEU   93.58%    failed      0.00%
 352  tr|A0A1S3WVE5|A0A1S3WVE5_ERIEU   94.34%    failed      0.00%
 353  tr|A0A1S2ZUQ3|A0A1S2ZUQ3_ERIEU   94.87%    failed      0.00%
 354  tr|A0A1S3EVW9|A0A1S3EVW9_DIPOR   93.47%    failed      0.00%
 355  tr|A0A1S3GK17|A0A1S3GK17_DIPOR   94.61%    failed      0.00%
 356  tr|A0A1S3GGP9|A0A1S3GGP9_DIPOR   94.46%    failed      0.00%
 357  tr|A0A1S3FHW9|A0A1S3FHW9_DIPOR   95.00%    failed      0.06%
 358  tr|A0A1S3Q6J8|A0A1S3Q6J8_SALSA   93.83%    failed      0.00%
 359  tr|A0A1S3RC43|A0A1S3RC43_SALSA   93.74%    failed      1.95%
 360  tr|A0A1S3NQC3|A0A1S3NQC3_SALSA   94.11%    failed      4.27%
 361  tr|A0A1S3QEB0|A0A1S3QEB0_SALSA   95.47%    failed      0.64%
 362  tr|A0A1S3NDL9|A0A1S3NDL9_SALSA   94.18%    failed      0.11%
 363  tr|A0A1S3SZ13|A0A1S3SZ13_SALSA   94.14%    failed      3.26%
 364  tr|A0A1S3NGW0|A0A1S3NGW0_SALSA   95.12%    failed      0.57%
 365  tr|A0A1A6GZD8|A0A1A6GZD8_NEOLE   94.50%    failed      0.00%
 366  tr|A0A1L8F842|A0A1L8F842_XENLA   94.07%    failed      0.02%
 367  tr|B7ZSD5|B7ZSD5_XENLA           94.44%    passed      6.77%
 368  tr|A0A1L8F3F8|A0A1L8F3F8_XENLA   94.48%    failed      0.00%
 369  tr|A0A1L8G0Z9|A0A1L8G0Z9_XENLA   94.91%    failed      0.29%
 370  tr|A0A1L8EYD0|A0A1L8EYD0_XENLA   95.22%    failed      0.06%
 371  tr|A0A1L8EN96|A0A1L8EN96_XENLA   94.00%    failed      0.08%
 372  tr|A0A1L8EUV9|A0A1L8EUV9_XENLA   94.00%    failed      0.05%
 373  tr|A0A1L8ENG6|A0A1L8ENG6_XENLA   94.86%    failed      0.06%
 374  tr|A0A1L8G6V7|A0A1L8G6V7_XENLA   94.87%    failed      0.05%
 375  tr|A0A1U7UKG8|A0A1U7UKG8_CARSF   93.73%    failed      0.00%
 376  tr|A0A1U7UQZ2|A0A1U7UQZ2_CARSF   94.01%    failed      0.01%
 377  tr|A0A3Q0EA52|A0A3Q0EA52_CARSF   94.98%    failed      0.00%
 378  tr|A0A3Q0E5G2|A0A3Q0E5G2_CARSF   95.27%    failed      0.00%
 379  tr|A0A1U7RS28|A0A1U7RS28_ALLSI   94.90%    failed      1.15%
 380  tr|A0A3Q0H3A9|A0A3Q0H3A9_ALLSI   94.01%    failed      0.04%
 381  tr|A0A1U8D7Y1|A0A1U8D7Y1_ALLSI   95.27%    failed      1.52%
 382  tr|A0A1U7SJN2|A0A1U7SJN2_ALLSI   94.34%    failed      0.97%
 383  tr|A0A3Q0G1T8|A0A3Q0G1T8_ALLSI   95.08%    failed      0.86%
 384  tr|A0A1U7SLM7|A0A1U7SLM7_ALLSI   93.90%    failed      0.14%
 385  tr|A0A3Q0CKL8|A0A3Q0CKL8_MESAU   94.75%    failed      0.00%
 386  tr|A0A3Q0CJ75|A0A3Q0CJ75_MESAU   93.94%    failed      0.00%
 387  tr|I7GUL9|I7GUL9_MESAU           93.76%    failed      0.00%
 388  tr|A0A1U8BZI8|A0A1U8BZI8_MESAU   94.75%    failed      0.01%
 389  sp|P43218|GIPR_MESAU             94.76%    failed      0.00%
 390  tr|A0A1U7RDC8|A0A1U7RDC8_MESAU   95.77%    failed      0.00%
 391  tr|A0A1V4JGN5|A0A1V4JGN5_PATFA   93.94%    failed      0.02%
 392  tr|A0A1V4JJS4|A0A1V4JJS4_PATFA   94.40%    failed      0.11%
 393  tr|A0A1V4K7A8|A0A1V4K7A8_PATFA   94.88%    failed      0.46%
 394  tr|A0A1V4KT83|A0A1V4KT83_PATFA   95.09%    failed      0.03%
 395  tr|A0A1V4J7A3|A0A1V4J7A3_PATFA   94.49%    failed      0.66%
 396  tr|A0A2I4CKW1|A0A2I4CKW1_9TELE   94.09%    passed      6.95%
 397  tr|A0A2I4CKE8|A0A2I4CKE8_9TELE   93.99%    failed      0.01%
 398  tr|A0A2I4C9T4|A0A2I4C9T4_9TELE   94.02%    failed      0.18%
 399  tr|A0A060W6Z9|A0A060W6Z9_ONCMY   94.00%    failed      2.46%
 400  tr|A0A060WGN5|A0A060WGN5_ONCMY   94.73%    passed     10.15%
 401  tr|A0A060Y2Z1|A0A060Y2Z1_ONCMY   94.44%    failed      0.03%
 402  tr|A0A060VV55|A0A060VV55_ONCMY   94.93%    failed      3.46%
 403  tr|A0A218ULL4|A0A218ULL4_9PASE   94.02%    passed      7.26%
 404  tr|A0A226NE26|A0A226NE26_CALSU   95.75%    failed      0.16%
 405  tr|A0A226N0K0|A0A226N0K0_CALSU   94.40%    failed      3.82%
 406  tr|A0A226MY85|A0A226MY85_CALSU   94.61%    failed      0.00%
 407  tr|A0A226P366|A0A226P366_COLVI   94.61%    failed      0.00%
 408  tr|A0A226PA54|A0A226PA54_COLVI   95.86%    failed      0.17%
 409  tr|A0A226PLU6|A0A226PLU6_COLVI   94.37%    failed      2.81%
 410  tr|A0A2K5DK68|A0A2K5DK68_AOTNA   93.68%    failed      0.00%
 411  tr|A0A2K5EE36|A0A2K5EE36_AOTNA   95.21%    failed      0.00%
 412  tr|A0A2K5EFQ5|A0A2K5EFQ5_AOTNA   94.82%    failed      0.01%
 413  tr|A0A2K5DHX1|A0A2K5DHX1_AOTNA   94.98%    failed      0.01%
 414  tr|A0A2K5CFX8|A0A2K5CFX8_AOTNA   94.84%    failed      0.00%
 415  tr|A0A2K5PBN9|A0A2K5PBN9_CEBIM   94.83%    failed      0.01%
 416  tr|A0A2K5Q1A3|A0A2K5Q1A3_CEBIM   94.98%    failed      0.01%
 417  tr|A0A2K5QCD5|A0A2K5QCD5_CEBIM   93.74%    failed      0.00%
 418  tr|A0A2K5QNV3|A0A2K5QNV3_CEBIM   94.71%    failed      0.00%
 419  tr|A0A2K5RQU5|A0A2K5RQU5_CEBIM   94.82%    failed      0.06%
 420  tr|A0A2K5R5J6|A0A2K5R5J6_CEBIM   94.56%    failed      0.00%
 421  tr|A0A2K5N5W0|A0A2K5N5W0_CERAT   94.43%    failed      0.00%
 422  tr|A0A2K5MAU0|A0A2K5MAU0_CERAT   93.73%    failed      0.00%
 423  tr|A0A2K5P7D9|A0A2K5P7D9_CERAT   94.75%    failed      0.05%
 424  tr|A0A2K5MG90|A0A2K5MG90_CERAT   94.98%    failed      0.00%
 425  tr|A0A2K5N2U6|A0A2K5N2U6_CERAT   94.71%    failed      0.00%
 426  tr|A0A2K5IDM5|A0A2K5IDM5_COLAP   93.73%    failed      0.00%
 427  tr|A0A2K5IP66|A0A2K5IP66_COLAP   95.37%    failed      0.00%
 428  tr|A0A2K5JST1|A0A2K5JST1_COLAP   94.07%    failed      0.00%
 429  tr|A0A2K5J5H8|A0A2K5J5H8_COLAP   94.75%    failed      0.03%
 430  tr|A0A2K5ICL3|A0A2K5ICL3_COLAP   97.18%    failed      0.01%
 431  tr|A0A2K5VD75|A0A2K5VD75_MACFA   94.71%    failed      0.00%
 432  tr|A0A2K5WDY5|A0A2K5WDY5_MACFA   94.28%    failed      0.00%
 433  tr|A0A2K5W7H9|A0A2K5W7H9_MACFA   94.98%    failed      0.00%
 434  tr|A0A2K5WMI4|A0A2K5WMI4_MACFA   93.73%    failed      0.00%
 435  tr|A0A2K6CIT3|A0A2K6CIT3_MACNE   94.74%    failed      0.00%
 436  tr|A0A2K6E9G1|A0A2K6E9G1_MACNE   94.43%    failed      0.00%
 437  tr|A0A2K6E567|A0A2K6E567_MACNE   93.73%    failed      0.00%
 438  tr|A0A2K6BF82|A0A2K6BF82_MACNE   94.75%    failed      0.05%
 439  tr|A0A2K5YZU7|A0A2K5YZU7_MANLE   93.73%    failed      0.00%
 440  tr|A0A2K6AGC6|A0A2K6AGC6_MANLE   95.09%    failed      0.00%
 441  tr|A0A2K5ZFH3|A0A2K5ZFH3_MANLE   94.43%    failed      0.00%
 442  tr|A0A2K5ZYN4|A0A2K5ZYN4_MANLE   94.75%    failed      0.06%
 443  tr|A0A2K5Y3M2|A0A2K5Y3M2_MANLE   94.98%    failed      0.00%
 444  tr|A0A2K6G1A6|A0A2K6G1A6_PROCO   94.68%    failed      0.00%
 445  tr|A0A2K6GA63|A0A2K6GA63_PROCO   94.80%    failed      0.36%
 446  tr|A0A2K6ETB1|A0A2K6ETB1_PROCO   93.74%    failed      0.00%
 447  tr|A0A2K6EYB3|A0A2K6EYB3_PROCO   94.95%    failed      0.00%
 448  tr|A0A2K6G5S8|A0A2K6G5S8_PROCO   94.88%    failed      0.00%
 449  tr|A0A2K6LB78|A0A2K6LB78_RHIBE   94.98%    failed      0.00%
 450  tr|A0A2K6LK25|A0A2K6LK25_RHIBE   93.73%    failed      0.00%
 451  tr|A0A2K6M2Q7|A0A2K6M2Q7_RHIBE   94.75%    failed      0.04%
 452  tr|A0A2K6L0C1|A0A2K6L0C1_RHIBE   94.08%    failed      0.00%
 453  tr|A0A2K6N0C9|A0A2K6N0C9_RHIBE   94.71%    failed      0.00%
 454  tr|A0A2K6Q8N1|A0A2K6Q8N1_RHIRO   94.75%    failed      0.03%
 455  tr|A0A2K6RF28|A0A2K6RF28_RHIRO   94.92%    failed      0.00%
 456  tr|A0A2K6R2L1|A0A2K6R2L1_RHIRO   94.51%    failed      0.00%
 457  tr|A0A2K6Q8G1|A0A2K6Q8G1_RHIRO   93.73%    failed      0.00%
 458  tr|A0A2K6PCE6|A0A2K6PCE6_RHIRO   94.71%    failed      0.00%
 459  tr|A0A2K6T3P6|A0A2K6T3P6_SAIBB   96.15%    failed      0.00%
 460  tr|A0A2K6T7V8|A0A2K6T7V8_SAIBB   95.28%    failed      0.26%
 461  tr|A0A2K6S1I2|A0A2K6S1I2_SAIBB   94.98%    failed      0.00%
 462  tr|A0A2K6THG2|A0A2K6THG2_SAIBB   95.15%    failed      0.07%
 463  tr|A0A2K6TGB7|A0A2K6TGB7_SAIBB   93.74%    failed      0.00%
 464  tr|A0A2I0TR80|A0A2I0TR80_LIMLA   94.83%    failed      0.46%
 465  tr|A0A2I0U531|A0A2I0U531_LIMLA   94.18%    failed      0.00%
 466  tr|A0A2I0UM93|A0A2I0UM93_LIMLA   94.74%    failed      0.15%
 467  tr|A0A2P4SGX7|A0A2P4SGX7_BAMTH   95.05%    failed      0.00%
 468  tr|A0A2P4TCX2|A0A2P4TCX2_BAMTH   94.37%    failed      2.01%
 469  tr|A0A2R8ZBW6|A0A2R8ZBW6_PANPA   95.05%    failed      0.03%
 470  tr|A0A2R9AQ36|A0A2R9AQ36_PANPA   94.69%    failed      0.11%
 471  tr|A0A2R9BLK3|A0A2R9BLK3_PANPA   93.73%    failed      0.00%
 472  tr|A0A2R9AXT8|A0A2R9AXT8_PANPA   94.59%    failed      0.00%
 473  tr|A0A2R9A9R5|A0A2R9A9R5_PANPA   94.90%    failed      0.00%
 474  tr|A0A212D4K2|A0A212D4K2_CEREH   95.33%    failed      0.02%
 475  tr|A0A212DCE4|A0A212DCE4_CEREH   94.33%    failed      0.00%
 476  tr|A0A212D936|A0A212D936_CEREH   94.57%    failed      0.01%
 477  tr|A0A3P9N951|A0A3P9N951_POERE   94.14%    failed      0.07%
 478  tr|A0A3P9Q024|A0A3P9Q024_POERE   95.67%    passed     14.98%
 479  tr|A0A3P9MTA0|A0A3P9MTA0_POERE   93.91%    failed      0.19%
 480  tr|A0A3P9PY58|A0A3P9PY58_POERE   94.23%    failed      0.03%
 481  tr|A0A2F0B651|A0A2F0B651_ESCRO   96.06%    failed      0.00%
 482  tr|A0A2F0B890|A0A2F0B890_ESCRO   94.91%    failed      0.03%
 483  tr|A0A2T7PB55|A0A2T7PB55_POMCA   94.58%    failed      0.12%
 484  tr|S4RG94|S4RG94_PETMA           96.35%    passed     20.66%
 485  tr|A0A6J3QBZ7|A0A6J3QBZ7_TURTR   94.71%    failed      0.00%
 486  tr|A0A6J3QNU5|A0A6J3QNU5_TURTR   92.84%    failed      0.00%
 487  tr|A0A6J3S126|A0A6J3S126_TURTR   94.75%    failed      0.11%
 488  tr|A0A2U4C2M2|A0A2U4C2M2_TURTR   93.73%    failed      0.00%
 489  tr|A0A2U3W944|A0A2U3W944_ODORO   94.91%    failed      0.00%
 490  tr|A0A2U3W8F6|A0A2U3W8F6_ODORO   90.20%    failed      0.00%
 491  tr|A0A2U3VTQ9|A0A2U3VTQ9_ODORO   94.00%    failed      0.00%
 492  tr|A0A2U3ZGC6|A0A2U3ZGC6_ODORO   94.71%    failed      0.00%
 493  tr|A0A2U3WR40|A0A2U3WR40_ODORO   94.75%    failed      0.00%
 494  tr|A0A2U3Y4N4|A0A2U3Y4N4_LEPWE   96.26%    failed      0.00%
 495  tr|A0A2U3YHV1|A0A2U3YHV1_LEPWE   94.62%    failed      0.00%
 496  tr|A0A2U3Z782|A0A2U3Z782_LEPWE   95.83%    failed      0.00%
 497  tr|A0A2U9CN19|A0A2U9CN19_SCOMX   73.75%    failed      0.00%
 498  tr|A0A2U9CQW6|A0A2U9CQW6_SCOMX   94.07%    failed      0.02%
 499  tr|A0A2U9CL38|A0A2U9CL38_SCOMX   94.12%    failed      0.00%
 500  tr|A0A2U9BR54|A0A2U9BR54_SCOMX   94.08%    failed      0.28%
 501  tr|A0A2Y9DJY0|A0A2Y9DJY0_TRIMA   93.72%    failed      0.00%
 502  tr|A0A2Y9DGE9|A0A2Y9DGE9_TRIMA   94.56%    failed      0.01%
 503  tr|A0A2Y9R5V5|A0A2Y9R5V5_TRIMA   94.76%    failed      0.13%
 504  tr|A0A2Y9G1L0|A0A2Y9G1L0_TRIMA   92.11%    failed      0.00%
 505  tr|A0A2Y9DWH2|A0A2Y9DWH2_TRIMA   94.10%    failed      0.00%
 506  tr|A0A2Y9HKX7|A0A2Y9HKX7_NEOSC   94.00%    failed      0.00%
 507  tr|A0A2Y9GR21|A0A2Y9GR21_NEOSC   94.75%    failed      0.00%
 508  tr|A0A2Y9HPE4|A0A2Y9HPE4_NEOSC   94.26%    failed      0.00%
 509  tr|A0A2Y9GFU6|A0A2Y9GFU6_NEOSC   94.83%    failed      0.00%
 510  tr|A0A2Y9GCN4|A0A2Y9GCN4_NEOSC   93.65%    failed      0.00%
 511  tr|A0A2Y9JPL5|A0A2Y9JPL5_ENHLU   94.75%    failed      0.00%
 512  tr|A0A2Y9L4K1|A0A2Y9L4K1_ENHLU   93.99%    failed      0.00%
 513  tr|A0A2Y9INL5|A0A2Y9INL5_ENHLU   94.91%    failed      0.00%
 514  tr|A0A2Y9L0M5|A0A2Y9L0M5_ENHLU   94.71%    failed      0.00%
 515  tr|A0A2Y9KZY3|A0A2Y9KZY3_ENHLU   94.51%    failed      0.00%
 516  tr|A0A2Y9NX78|A0A2Y9NX78_DELLE   94.75%    failed      0.07%
 517  tr|A0A2Y9PCQ4|A0A2Y9PCQ4_DELLE   94.71%    failed      0.00%
 518  tr|A0A2Y9Q7U8|A0A2Y9Q7U8_DELLE   93.73%    failed      0.00%
 519  tr|A0A2Y9PGR4|A0A2Y9PGR4_DELLE   94.24%    failed      0.00%
 520  tr|A0A2Y9EJX1|A0A2Y9EJX1_PHYMC   95.12%    failed      0.00%
 521  tr|A0A2Y9EJG0|A0A2Y9EJG0_PHYMC   94.71%    failed      0.00%
 522  tr|A0A455ASX0|A0A455ASX0_PHYMC   94.24%    failed      0.00%
 523  tr|A0A455BXZ3|A0A455BXZ3_PHYMC   94.80%    failed      0.00%
 524  tr|A0A2Y9SK94|A0A2Y9SK94_PHYMC   94.75%    failed      0.03%
 525  tr|A0A315UXG3|A0A315UXG3_GAMAF   92.33%    failed      0.00%
 526  tr|A0A315V398|A0A315V398_GAMAF   93.68%    failed      0.67%
 527  tr|A0A341DAU2|A0A341DAU2_NEOAA   94.71%    failed      0.00%
 528  tr|A0A341D756|A0A341D756_NEOAA   94.99%    failed      0.67%
 529  tr|A0A341BNJ9|A0A341BNJ9_NEOAA   93.73%    failed      0.00%
 530  tr|A0A341CPK1|A0A341CPK1_NEOAA   94.57%    failed      0.00%
 531  tr|A0A3Q1C0D6|A0A3Q1C0D6_AMPOC   94.07%    failed      1.13%
 532  tr|A0A3Q1BDS4|A0A3Q1BDS4_AMPOC   94.63%    failed      0.66%
 533  tr|A0A3Q1CNY4|A0A3Q1CNY4_AMPOC   95.72%    failed      0.08%
 534  tr|A0A3Q1BRR1|A0A3Q1BRR1_AMPOC   95.60%    passed      8.93%
 535  tr|A0A3Q1GAI2|A0A3Q1GAI2_9TELE   93.99%    failed      0.51%
 536  tr|A0A3Q1GPR3|A0A3Q1GPR3_9TELE   95.28%    passed      9.96%
 537  tr|A0A3Q1FX27|A0A3Q1FX27_9TELE   94.49%    failed      0.21%
 538  tr|A0A3Q1F6G5|A0A3Q1F6G5_9TELE   94.96%    failed      1.76%
 539  tr|A0A3Q4HY61|A0A3Q4HY61_NEOBR   94.83%    failed      0.03%
 540  tr|A0A3Q4NBL1|A0A3Q4NBL1_NEOBR   94.34%    failed      0.24%
 541  tr|A0A3Q4HG57|A0A3Q4HG57_NEOBR   95.39%    failed      0.09%
 542  tr|A0A3Q4BY65|A0A3Q4BY65_MOLML   94.59%    failed      0.14%
 543  tr|A0A3Q4AF36|A0A3Q4AF36_MOLML   95.66%    failed      3.23%
 544  tr|A0A3Q4C037|A0A3Q4C037_MOLML   94.52%    failed      0.19%
 545  tr|A0A3Q3WCL9|A0A3Q3WCL9_MOLML   95.36%    passed     11.91%
 546  tr|A0A3Q3MPM1|A0A3Q3MPM1_9TELE   95.62%    passed     14.77%
 547  tr|A0A3Q3NBA4|A0A3Q3NBA4_9TELE   94.11%    failed      0.02%
 548  tr|A0A3Q3M836|A0A3Q3M836_9TELE   94.17%    failed      0.14%
 549  tr|A0A3Q3SU62|A0A3Q3SU62_9TELE   94.07%    failed      0.13%
 550  tr|A0A3Q3E3C4|A0A3Q3E3C4_9LABR   95.59%    failed      0.00%
 551  tr|A0A3Q3H207|A0A3Q3H207_9LABR   93.99%    failed      0.01%
 552  tr|A0A3Q3NE20|A0A3Q3NE20_9LABR   94.09%    failed      0.03%
 553  tr|A0A3Q3MH95|A0A3Q3MH95_9LABR   94.39%    failed      3.05%
 554  tr|A0A384DNG6|A0A384DNG6_URSMA   94.39%    failed      0.00%
 555  tr|A0A384BJT7|A0A384BJT7_URSMA   93.97%    failed      0.00%
 556  tr|A0A384BP42|A0A384BP42_URSMA   95.03%    failed      0.00%
 557  tr|A0A384BW26|A0A384BW26_URSMA   95.07%    failed      0.00%
 558  tr|A0A384AF31|A0A384AF31_BALAS   94.43%    failed      0.00%
 559  tr|A0A452C6V5|A0A452C6V5_BALAS   94.66%    failed      0.00%
 560  tr|A0A384BEE1|A0A384BEE1_BALAS   95.01%    failed      0.15%
 561  tr|A0A383YUD5|A0A383YUD5_BALAS   92.98%    failed      0.00%
 562  tr|A0A3Q3EHJ4|A0A3Q3EHJ4_KRYMA   93.99%    failed      0.00%
 563  tr|A0A3Q3AMG5|A0A3Q3AMG5_KRYMA   94.09%    failed      0.14%
 564  tr|A0A3Q3GGJ9|A0A3Q3GGJ9_KRYMA   93.95%    failed      0.74%
 565  tr|A0A3Q3AKZ9|A0A3Q3AKZ9_KRYMA   95.26%    failed      3.17%
 566  tr|A0A3Q2WF39|A0A3Q2WF39_HAPBU   94.04%    failed      0.09%
 567  tr|A0A3Q3C7B4|A0A3Q3C7B4_HAPBU   94.04%    failed      0.94%
 568  tr|A0A3Q2VC21|A0A3Q2VC21_HAPBU   94.45%    failed      0.02%
 569  tr|A0A3Q2V387|A0A3Q2V387_HAPBU   95.98%    failed      0.05%
 570  tr|A0A3Q2CNW1|A0A3Q2CNW1_CYPVA   93.94%    failed      0.09%
 571  tr|A0A3Q2C7Z0|A0A3Q2C7Z0_CYPVA   95.15%    failed      0.00%
 572  tr|A0A3Q1IMQ7|A0A3Q1IMQ7_ANATE   95.45%    failed      0.81%
 573  tr|A0A7N6ACK5|A0A7N6ACK5_ANATE   94.98%    failed      2.14%
 574  tr|A0A3Q1JUK9|A0A3Q1JUK9_ANATE   94.09%    failed      0.12%
 575  tr|A0A3Q1K2T3|A0A3Q1K2T3_ANATE   93.93%    failed      0.34%
 576  tr|A0A3P8S9Q7|A0A3P8S9Q7_AMPPE   94.07%    failed      1.13%
 577  tr|A0A3P8TCQ1|A0A3P8TCQ1_AMPPE   95.21%    failed      1.15%
 578  tr|A0A3P8SZH5|A0A3P8SZH5_AMPPE   94.32%    failed      2.32%
 579  tr|A0A3P8SCN3|A0A3P8SCN3_AMPPE   95.69%    passed     31.11%
 580  tr|A0A3P8VYT5|A0A3P8VYT5_CYNSE   95.12%    failed      0.88%
 581  tr|A0A3P8VJF3|A0A3P8VJF3_CYNSE   94.28%    failed      0.02%
 582  tr|A0A6Q2Y0P3|A0A6Q2Y0P3_ESOLU   93.80%    failed      0.05%
 583  tr|A0A6Q2X3S1|A0A6Q2X3S1_ESOLU   94.03%    failed      0.58%
 584  tr|A0A3P9AJY2|A0A3P9AJY2_ESOLU   93.84%    failed      0.01%
 585  tr|A0A3P8XX12|A0A3P8XX12_ESOLU   95.03%    failed      1.17%
 586  tr|A0A3P8Y598|A0A3P8Y598_ESOLU   94.11%    passed     12.38%
 587  tr|A0A3P9D2G7|A0A3P9D2G7_9CICH   95.24%    failed      0.56%
 588  tr|A0A3P9BER6|A0A3P9BER6_9CICH   94.23%    failed      3.35%
 589  tr|A0A3P9DEM3|A0A3P9DEM3_9CICH   95.22%    failed      0.92%
 590  tr|A0A3P9B7W9|A0A3P9B7W9_9CICH   94.45%    failed      0.03%
 591  tr|A0A3P9DT29|A0A3P9DT29_9CICH   94.53%    failed      2.49%
 592  tr|A0A3P9BZT5|A0A3P9BZT5_9CICH   95.46%    failed      0.85%
 593  tr|A0A340XDQ6|A0A340XDQ6_LIPVE   94.75%    failed      0.02%
 594  tr|A0A340XEN5|A0A340XEN5_LIPVE   94.71%    failed      0.00%
 595  tr|A0A340XFA2|A0A340XFA2_LIPVE   93.73%    failed      0.00%
 596  tr|A0A340XLV4|A0A340XLV4_LIPVE   94.57%    failed      0.00%
 597  tr|A0A340YHX2|A0A340YHX2_LIPVE   95.74%    failed      0.05%
 598  tr|A0A3M0KHA6|A0A3M0KHA6_HIRRU   91.56%    failed      0.00%
 599  tr|A0A3M0J181|A0A3M0J181_HIRRU   93.11%    failed      0.05%
 600  tr|A0A3M0JUG8|A0A3M0JUG8_HIRRU   94.02%    failed      0.00%
 601  tr|A0A3M0KX32|A0A3M0KX32_HIRRU   95.44%    failed      0.00%
 602  tr|A0A3M0IQL1|A0A3M0IQL1_HIRRU   94.29%    failed      0.00%
 603  tr|A0A3M0LD70|A0A3M0LD70_HIRRU   95.16%    failed      0.00%
 604  tr|A0A3L8SNG1|A0A3L8SNG1_CHLGU   94.93%    failed      4.36%
 605  tr|A0A3L8RZG9|A0A3L8RZG9_CHLGU   93.36%    failed      2.33%
 606  tr|A0A3L8RWW7|A0A3L8RWW7_CHLGU   94.22%    failed      0.00%
 607  tr|A0A3N0Z3J1|A0A3N0Z3J1_ANAGA   93.13%    failed      0.07%
 608  tr|A0A3N0XXW4|A0A3N0XXW4_ANAGA   95.52%    passed     15.19%
 609  tr|A0A437D4P8|A0A437D4P8_ORYJA   94.03%    failed      0.05%
 610  tr|A0A437CBB9|A0A437CBB9_ORYJA   94.03%    failed      0.00%
 611  tr|A0A437CF90|A0A437CF90_ORYJA   95.04%    failed      0.00%
 612  tr|A0A437CA12|A0A437CA12_ORYJA   74.50%    failed      0.00%
 613  tr|A0A3Q7V1E0|A0A3Q7V1E0_VULVU   94.96%    failed      0.01%
 614  tr|A0A3Q7TKR9|A0A3Q7TKR9_VULVU   94.59%    failed      0.00%
 615  tr|A0A3Q7RMZ4|A0A3Q7RMZ4_VULVU   94.70%    failed      0.02%
 616  tr|A0A3Q7U8B0|A0A3Q7U8B0_VULVU   94.71%    failed      0.00%
 617  tr|A0A3Q7SZM2|A0A3Q7SZM2_VULVU   93.97%    failed      0.00%
 618  tr|A0A3Q7MU50|A0A3Q7MU50_CALUR   95.09%    failed      0.04%
 619  tr|A0A3Q7MEF5|A0A3Q7MEF5_CALUR   93.52%    failed      0.00%
 620  tr|A0A3Q7NDR9|A0A3Q7NDR9_CALUR   94.75%    failed      0.00%
 621  tr|A0A3Q7NN15|A0A3Q7NN15_CALUR   94.00%    failed      0.00%
 622  tr|A0A3Q7N3I1|A0A3Q7N3I1_CALUR   94.54%    failed      0.00%
 623  tr|A0A3Q7XHR7|A0A3Q7XHR7_URSAR   94.88%    failed      0.00%
 624  tr|A0A3Q7VJW3|A0A3Q7VJW3_URSAR   94.70%    failed      0.04%
 625  tr|A0A3Q7VIT2|A0A3Q7VIT2_URSAR   94.35%    failed      0.00%
 626  tr|A0A3Q7VNW1|A0A3Q7VNW1_URSAR   94.50%    failed      0.00%
 627  tr|A0A3Q7XHL3|A0A3Q7XHL3_URSAR   94.39%    failed      0.00%
 628  tr|A0A401SCF3|A0A401SCF3_CHIPU   94.57%    failed      0.81%
 629  tr|A0A401SU79|A0A401SU79_CHIPU   94.93%    failed      0.16%
 630  tr|A0A401SML2|A0A401SML2_CHIPU   94.51%    failed      0.01%
 631  tr|A0A401PI60|A0A401PI60_SCYTO   94.53%    failed      0.05%
 632  tr|A0A401NRU3|A0A401NRU3_SCYTO   94.82%    failed      0.44%
 633  tr|A0A402F168|A0A402F168_9SAUR   94.93%    failed      4.61%
 634  tr|A0A402F6W4|A0A402F6W4_9SAUR   94.42%    failed      0.29%
 635  tr|A0A402F3P9|A0A402F3P9_9SAUR   94.34%    failed      1.78%
 636  tr|A0A444UBF5|A0A444UBF5_ACIRT   62.52%    failed      0.00%
 637  tr|A0A444UKL4|A0A444UKL4_ACIRT   94.59%    failed      1.43%
 638  tr|A0A498LIL6|A0A498LIL6_LABRO   95.43%    failed      4.33%
 639  tr|A0A498LBN0|A0A498LBN0_LABRO   94.09%    failed      0.40%
 640  tr|A0A498M767|A0A498M767_LABRO   94.39%    failed      0.93%
 641  tr|A0A498MLG1|A0A498MLG1_LABRO   91.31%    failed      0.00%
 642  tr|A0A498NNZ0|A0A498NNZ0_LABRO   95.41%    failed      0.02%
 643  tr|A0A498L821|A0A498L821_LABRO   89.18%    failed      0.00%
 644  tr|A0A452G863|A0A452G863_CAPHI   93.73%    failed      0.00%
 645  tr|A0A452FS30|A0A452FS30_CAPHI   95.02%    failed      0.01%
 646  tr|A0A452FF74|A0A452FF74_CAPHI   94.71%    failed      0.00%
 647  tr|A0A452FIH0|A0A452FIH0_CAPHI   94.80%    failed      0.01%
 648  tr|A0A452E887|A0A452E887_CAPHI   94.44%    failed      0.00%
 649  tr|A0A452FQ81|A0A452FQ81_CAPHI   94.75%    failed      0.00%
 650  tr|A0A452H2D9|A0A452H2D9_9SAUR   95.09%    failed      0.01%
 651  tr|A0A452H8M2|A0A452H8M2_9SAUR   94.46%    failed      0.07%
 652  tr|A0A452HRR5|A0A452HRR5_9SAUR   94.49%    passed      7.19%
 653  tr|A0A452RQM5|A0A452RQM5_URSAM   94.51%    failed      0.00%
 654  tr|A0A452QZ31|A0A452QZ31_URSAM   94.53%    failed      0.00%
 655  tr|A0A452SCV5|A0A452SCV5_URSAM   94.71%    failed      0.00%
 656  tr|A0A452QNJ9|A0A452QNJ9_URSAM   94.88%    failed      0.00%
 657  tr|A0A484DK35|A0A484DK35_PERFV   94.66%    passed     75.73%
 658  tr|A0A484CGW1|A0A484CGW1_PERFV   94.07%    failed      0.09%
 659  tr|A0A484DKE1|A0A484DKE1_PERFV   94.17%    failed      2.52%
 660  tr|A0A484H5D3|A0A484H5D3_SOUCH   95.02%    failed      0.88%
 661  tr|A0A484GIU9|A0A484GIU9_SOUCH   93.73%    failed      0.00%
 662  tr|R0LDN7|R0LDN7_ANAPL           95.05%    failed      0.59%
 663  tr|R0LJJ8|R0LJJ8_ANAPL           95.55%    passed      7.63%
 664  tr|R0L1K8|R0L1K8_ANAPL           96.36%    failed      0.00%
 665  tr|R0LTC9|R0LTC9_ANAPL           95.22%    failed      0.05%
 666  tr|A0A4D9DQ96|A0A4D9DQ96_9SAUR   94.15%    failed      0.00%
 667  tr|A0A4D9EAL7|A0A4D9EAL7_9SAUR   94.71%    failed      1.00%
 668  tr|A0A4D9E6I5|A0A4D9E6I5_9SAUR   92.87%    failed      0.02%
 669  tr|A0A4D9EQ57|A0A4D9EQ57_9SAUR   95.02%    failed      0.00%
 670  tr|A0A4D9DQQ8|A0A4D9DQQ8_9SAUR   94.78%    failed      0.00%
 671  tr|A0A4D9E594|A0A4D9E594_9SAUR   94.27%    failed      0.02%
 672  tr|A0A4D9EQ52|A0A4D9EQ52_9SAUR   95.17%    failed      1.85%
 673  tr|A0A4U5U4A9|A0A4U5U4A9_COLLU   93.33%    failed      0.04%
 674  tr|A0A4U5VNX7|A0A4U5VNX7_COLLU   93.97%    failed      0.02%
 675  tr|A0A4U5U4C9|A0A4U5U4C9_COLLU   93.33%    failed      0.03%
 676  tr|A0A5N4CT91|A0A5N4CT91_CAMDR   94.71%    failed      0.03%
 677  tr|A0A5N4E5P8|A0A5N4E5P8_CAMDR   95.36%    failed      0.00%
 678  tr|A0A5N4D3I1|A0A5N4D3I1_CAMDR   94.31%    failed      0.00%
 679  tr|A0A5N4DRI7|A0A5N4DRI7_CAMDR   94.42%    failed      0.00%
 680  tr|A0A4U1EJ31|A0A4U1EJ31_MONMO   94.83%    failed      1.35%
 681  tr|A0A4U1FU10|A0A4U1FU10_MONMO   93.30%    failed      0.00%
 682  tr|A0A4U1FYU3|A0A4U1FYU3_MONMO   94.92%    failed      0.00%
 683  tr|A0A4Z2HWV5|A0A4Z2HWV5_9TELE   94.04%    passed     13.24%
 684  tr|A0A4W6E842|A0A4W6E842_LATCA   93.98%    failed      0.00%
 685  tr|A0A4W6G365|A0A4W6G365_LATCA   95.13%    failed      2.38%
 686  tr|A0A4W6G035|A0A4W6G035_LATCA   94.82%    failed      0.32%
 687  tr|A0A4W6CV82|A0A4W6CV82_LATCA   94.49%    failed      2.40%
 688  tr|A0A4W6DYE8|A0A4W6DYE8_LATCA   94.02%    failed      0.97%
 689  tr|A0A4W2BQ19|A0A4W2BQ19_BOBOX   94.80%    failed      0.03%
 690  tr|A0A4W2CR90|A0A4W2CR90_BOBOX   94.57%    failed      0.01%
 691  tr|A0A4W2C4N8|A0A4W2C4N8_BOBOX   93.66%    failed      0.00%
 692  tr|A0A4W2C2Y8|A0A4W2C2Y8_BOBOX   94.75%    failed      0.00%
 693  tr|A0A4W2FPX7|A0A4W2FPX7_BOBOX   95.08%    failed      0.01%
 694  tr|A0A4W2GMZ1|A0A4W2GMZ1_BOBOX   94.71%    failed      0.00%
 695  tr|A0A4W5R2H6|A0A4W5R2H6_9TELE   94.41%    failed      4.56%
 696  tr|A0A4W5QLR0|A0A4W5QLR0_9TELE   94.25%    failed      0.01%
 697  tr|A0A4W5QMW7|A0A4W5QMW7_9TELE   95.29%    failed      0.24%
 698  tr|A0A4W5QHF7|A0A4W5QHF7_9TELE   94.10%    failed      4.02%
 699  tr|A0A4W4EZP5|A0A4W4EZP5_ELEEL   94.51%    passed     24.28%
 700  tr|A0A4W4FZM3|A0A4W4FZM3_ELEEL   94.27%    failed      0.05%
 701  tr|A0A4W3HJ89|A0A4W3HJ89_CALMI   94.70%    failed      0.08%
 702  tr|A0A4W3IE46|A0A4W3IE46_CALMI   95.58%    failed      0.00%
 703  tr|A0A4W3GTZ0|A0A4W3GTZ0_CALMI   94.82%    failed      0.23%
 704  tr|A0A4W3KK49|A0A4W3KK49_CALMI   94.08%    passed     14.96%
 705  tr|A0A4X2LVB2|A0A4X2LVB2_VOMUR   95.16%    failed      0.00%
 706  tr|A0A4X2KRN0|A0A4X2KRN0_VOMUR   94.96%    failed      0.13%
 707  tr|A0A4X2K7K5|A0A4X2K7K5_VOMUR   95.08%    failed      0.00%
 708  tr|A0A4X2L5S0|A0A4X2L5S0_VOMUR   94.27%    failed      0.00%
 709  tr|A0A4X2KPN3|A0A4X2KPN3_VOMUR   94.32%    failed      0.03%
 710  tr|A0A4X2KYK5|A0A4X2KYK5_VOMUR   94.40%    failed      0.04%
 711  tr|A0A553NWH6|A0A553NWH6_9TELE   94.27%    passed     31.15%
 712  tr|A0A556V8W2|A0A556V8W2_BAGYA   94.90%    failed      2.77%
 713  tr|A0A556TL80|A0A556TL80_BAGYA   94.49%    failed      0.09%
 714  tr|A0A5C6P3I6|A0A5C6P3I6_9TELE   95.02%    failed      0.16%
 715  tr|A0A5C6MWD4|A0A5C6MWD4_9TELE   95.21%    failed      0.07%
 716  tr|A0A5C6N0C0|A0A5C6N0C0_9TELE   93.41%    failed      0.01%
 717  tr|A0A5A9PIP5|A0A5A9PIP5_9TELE   93.83%    failed      2.17%
 718  tr|A0A5A9N6G7|A0A5A9N6G7_9TELE   93.93%    failed      0.06%
 719  tr|A0A5J5MZY2|A0A5J5MZY2_MUNRE   94.71%    failed      0.00%
 720  tr|A0A5N3VZI0|A0A5N3VZI0_MUNRE   94.68%    failed      0.10%
 721  tr|A0A5N3WZ47|A0A5N3WZ47_MUNRE   93.73%    failed      0.00%
 722  tr|A0A5N3X140|A0A5N3X140_MUNRE   94.57%    failed      0.00%
 723  tr|A0A5N5MKE6|A0A5N5MKE6_PANHP   94.06%    failed      0.00%
 724  tr|A0A5N5M5Z1|A0A5N5M5Z1_PANHP   93.99%    failed      2.24%
 725  tr|A0A5N5K983|A0A5N5K983_PANHP   94.22%    failed      0.25%
 726  tr|A0A5N5KKB2|A0A5N5KKB2_PANHP   94.17%    failed      0.07%
 727  tr|A0A5N5KSG1|A0A5N5KSG1_PANHP   94.66%    failed      0.04%
 728  tr|A0A5E4AT72|A0A5E4AT72_MARMO   94.91%    failed      0.00%
 729  tr|A0A5E4AM21|A0A5E4AM21_MARMO   93.55%    failed      0.00%
 730  tr|A0A5E4CUJ4|A0A5E4CUJ4_MARMO   94.75%    failed      0.01%
 731  tr|A0A485NL97|A0A485NL97_LYNPA   95.46%    failed      0.00%
 732  tr|A0A485MB39|A0A485MB39_LYNPA   94.75%    failed      0.00%
 733  tr|A0A485MKM9|A0A485MKM9_LYNPA   94.94%    failed      0.00%
 734  tr|A0A485NRT1|A0A485NRT1_LYNPA   94.79%    failed      0.07%
 735  tr|A0A485PL13|A0A485PL13_LYNPA   94.07%    failed      0.00%
 736  tr|A0A6G0HVJ7|A0A6G0HVJ7_LARCR   94.11%    failed      0.16%
 737  tr|A0A6G0HZP6|A0A6G0HZP6_LARCR   93.97%    failed      0.03%
 738  tr|A0A643BU05|A0A643BU05_BALPH   89.92%    failed      0.00%
 739  tr|A0A643CEF3|A0A643CEF3_BALPH   96.71%    failed      0.01%
 740  tr|A0A6A5EYA4|A0A6A5EYA4_PERFL   93.94%    failed      1.31%
 741  tr|A0A6A5EVC7|A0A6A5EVC7_PERFL   94.07%    failed      0.14%
 742  tr|A0A6A5FP59|A0A6A5FP59_PERFL   94.65%    passed     52.22%
 743  tr|A0A671EA41|A0A671EA41_RHIFE   94.95%    failed      0.00%
 744  tr|A0A671E745|A0A671E745_RHIFE   93.73%    failed      0.00%
 745  tr|A0A671EIS0|A0A671EIS0_RHIFE   94.71%    failed      0.00%
 746  tr|A0A671DK65|A0A671DK65_RHIFE   94.80%    failed      0.00%
 747  tr|A0A671KJY6|A0A671KJY6_9TELE   94.10%    failed      0.31%
 748  tr|A0A671S5F6|A0A671S5F6_9TELE   95.05%    failed      0.03%
 749  tr|A0A671KJ22|A0A671KJ22_9TELE   96.26%    failed      0.00%
 750  tr|A0A671NNV6|A0A671NNV6_9TELE   94.73%    failed      2.44%
 751  tr|A0A671NAR8|A0A671NAR8_9TELE   94.43%    failed      1.28%
 752  tr|A0A671MFC6|A0A671MFC6_9TELE   94.10%    failed      0.29%
 753  tr|A0A671NWX7|A0A671NWX7_9TELE   94.87%    passed     15.31%
 754  tr|A0A669Q6W8|A0A669Q6W8_PHACC   94.00%    failed      0.00%
 755  tr|A0A669PKX2|A0A669PKX2_PHACC   95.02%    failed      0.03%
 756  tr|A0A669PH32|A0A669PH32_PHACC   95.13%    failed      2.34%
 757  tr|A0A672RFB6|A0A672RFB6_SINGR   94.45%    passed      9.56%
 758  tr|A0A672P8M6|A0A672P8M6_SINGR   94.17%    failed      1.23%
 759  tr|A0A672R5Z5|A0A672R5Z5_SINGR   95.38%    failed      0.01%
 760  tr|A0A672LQL6|A0A672LQL6_SINGR   94.10%    failed      0.23%
 761  tr|A0A672P1Q2|A0A672P1Q2_SINGR   94.56%    failed      0.14%
 762  tr|A0A667YH33|A0A667YH33_9TELE   95.08%    failed      0.03%
 763  tr|A0A667XCC4|A0A667XCC4_9TELE   95.30%    passed      7.15%
 764  tr|A0A668AQW3|A0A668AQW3_9TELE   94.16%    failed      0.12%
 765  tr|A0A667WL00|A0A667WL00_9TELE   94.08%    failed      1.02%
 766  tr|A0A667YN15|A0A667YN15_9TELE   94.09%    failed      0.70%
 767  tr|A0A665UKG9|A0A665UKG9_ECHNA   93.98%    failed      2.40%
 768  tr|A0A665WWW3|A0A665WWW3_ECHNA   94.46%    failed      0.06%
 769  tr|A0A665VFT6|A0A665VFT6_ECHNA   94.00%    failed      0.39%
 770  tr|A0A671WJ94|A0A671WJ94_SPAAU   94.75%    failed      1.39%
 771  tr|A0A671YYZ1|A0A671YYZ1_SPAAU   94.06%    failed      0.35%
 772  tr|A0A671V5U9|A0A671V5U9_SPAAU   93.97%    failed      0.01%
 773  tr|A0A671WTU9|A0A671WTU9_SPAAU   95.09%    failed      0.49%
 774  tr|A0A671YSV7|A0A671YSV7_SPAAU   93.95%    failed      3.19%
 775  tr|A0A672TRA8|A0A672TRA8_STRHB   95.10%    failed      0.00%
 776  tr|A0A672V6I2|A0A672V6I2_STRHB   94.77%    failed      0.00%
 777  tr|A0A672VAZ0|A0A672VAZ0_STRHB   94.00%    failed      0.02%
 778  tr|A0A672FXM8|A0A672FXM8_SALFA   95.32%    failed      0.07%
 779  tr|A0A672FPJ2|A0A672FPJ2_SALFA   94.04%    failed      0.05%
 780  tr|A0A672FRR1|A0A672FRR1_SALFA   93.87%    failed      0.01%
 781  tr|A0A672IL21|A0A672IL21_SALFA   94.23%    failed      1.85%
 782  tr|A0A672HB10|A0A672HB10_SALFA   94.04%    failed      0.05%
 783  tr|A0A673ULE4|A0A673ULE4_SURSU   94.06%    failed      0.00%
 784  tr|A0A673SSZ7|A0A673SSZ7_SURSU   94.94%    failed      0.00%
 785  tr|A0A673T9B4|A0A673T9B4_SURSU   94.80%    failed      0.00%
 786  tr|A0A673V7W5|A0A673V7W5_SURSU   94.79%    failed      0.00%
 787  tr|A0A663LQA8|A0A663LQA8_ATHCN   95.09%    failed      0.00%
 788  tr|A0A663LK04|A0A663LK04_ATHCN   95.17%    failed      0.75%
 789  tr|A0A663NF86|A0A663NF86_ATHCN   94.01%    failed      0.00%
 790  tr|A0A663N758|A0A663N758_ATHCN   94.94%    failed      0.60%
 791  tr|A0A673IN95|A0A673IN95_9TELE   95.12%    failed      0.64%
 792  tr|A0A673GHC2|A0A673GHC2_9TELE   94.29%    failed      2.93%
 793  tr|A0A673J205|A0A673J205_9TELE   94.85%    failed      3.83%
 794  tr|A0A673NEY4|A0A673NEY4_9TELE   94.36%    failed      0.06%
 795  tr|A0A673ILR9|A0A673ILR9_9TELE   94.48%    failed      0.01%
 796  tr|A0A673JYA4|A0A673JYA4_9TELE   93.93%    failed      1.98%
 797  tr|A0A673HZB3|A0A673HZB3_9TELE   95.03%    failed      0.01%
 798  tr|A0A673HIY9|A0A673HIY9_9TELE   94.12%    passed     13.75%
 799  tr|A0A673BYX9|A0A673BYX9_9TELE   94.85%    failed      2.03%
 800  tr|A0A672Z762|A0A672Z762_9TELE   93.95%    failed      0.23%
 801  tr|A0A672ZAY4|A0A672ZAY4_9TELE   94.26%    passed      5.89%
 802  tr|A0A670J5A9|A0A670J5A9_PODMU   94.19%    failed      0.29%
 803  tr|A0A670ILJ2|A0A670ILJ2_PODMU   94.08%    failed      0.00%
 804  tr|A0A670JHZ6|A0A670JHZ6_PODMU   95.10%    failed      0.21%
 805  tr|A0A670HLH9|A0A670HLH9_PODMU   94.76%    failed      0.02%
 806  tr|A0A670I9Z8|A0A670I9Z8_PODMU   94.35%    passed      8.27%
 807  tr|A0A670JRS4|A0A670JRS4_PODMU   94.92%    failed      0.56%
 808  tr|A0A670Y7A7|A0A670Y7A7_PSETE   94.26%    failed      2.65%
 809  tr|A0A670ZP38|A0A670ZP38_PSETE   94.94%    failed      0.02%
 810  tr|A0A670YDJ3|A0A670YDJ3_PSETE   95.46%    failed      0.64%
 811  tr|A0A670Y1B8|A0A670Y1B8_PSETE   95.16%    failed      0.41%
 812  tr|A0A674HV81|A0A674HV81_TERCA   94.90%    failed      0.27%
 813  tr|A0A674JDL5|A0A674JDL5_TERCA   94.01%    failed      0.00%
 814  tr|A0A674I7Z7|A0A674I7Z7_TERCA   95.38%    failed      0.02%
 815  tr|A0A674I7F6|A0A674I7F6_TERCA   95.02%    failed      0.00%
 816  tr|A0A674JBE5|A0A674JBE5_TERCA   94.51%    passed      6.60%
 817  tr|A0A663DMG0|A0A663DMG0_AQUCH   94.34%    failed      0.21%
 818  tr|A0A663EVJ2|A0A663EVJ2_AQUCH   94.92%    failed      0.38%
 819  tr|A0A663E195|A0A663E195_AQUCH   94.02%    failed      0.02%
 820  tr|A0A663FIV5|A0A663FIV5_AQUCH   95.61%    failed      0.00%
 821  tr|A0A663FC10|A0A663FC10_AQUCH   95.08%    failed      0.00%
 822  tr|A0A668SUY8|A0A668SUY8_OREAU   94.11%    failed      1.10%
 823  tr|A0A668UVR2|A0A668UVR2_OREAU   95.52%    failed      3.01%
 824  tr|A0A668TNU8|A0A668TNU8_OREAU   94.09%    failed      0.21%
 825  tr|A0A668RSE3|A0A668RSE3_OREAU   95.08%    failed      1.08%
 826  tr|A0A674ACM1|A0A674ACM1_SALTR   94.45%    failed      0.83%
 827  tr|A0A674AD87|A0A674AD87_SALTR   94.44%    failed      0.43%
 828  tr|A0A673Z2G5|A0A673Z2G5_SALTR   95.11%    failed      1.11%
 829  tr|A0A673Y4W6|A0A673Y4W6_SALTR   94.11%    failed      3.85%
 830  tr|A0A674CBB7|A0A674CBB7_SALTR   95.39%    failed      2.06%
 831  tr|A0A673W7X3|A0A673W7X3_SALTR   94.14%    failed      3.76%
 832  tr|A0A673YVR5|A0A673YVR5_SALTR   93.83%    failed      0.00%
 833  tr|A0A6G1A9D4|A0A6G1A9D4_CROCR   94.65%    failed      0.00%
 834  tr|A0A6G1AFL2|A0A6G1AFL2_CROCR   95.17%    failed      0.01%
 835  tr|A0A6G1AAC1|A0A6G1AAC1_CROCR   94.36%    failed      0.00%
 836  tr|A0A6F9CFL8|A0A6F9CFL8_9TELE   94.32%    passed     17.79%
 837  tr|A0A6F9BPZ8|A0A6F9BPZ8_9TELE   93.92%    failed      0.01%
 838  tr|A0A6F9CJN3|A0A6F9CJN3_9TELE   95.75%    failed      2.86%
 839  tr|A0A6G1QRQ3|A0A6G1QRQ3_9TELE   94.57%    failed      0.66%
 840  tr|A0A6G1QCD2|A0A6G1QCD2_9TELE   93.85%    failed      0.07%
 841  tr|A0A6G1PAP9|A0A6G1PAP9_9TELE   93.89%    failed      0.15%
 842  tr|A0A6I9LZU1|A0A6I9LZU1_PERMB   94.50%    failed      0.01%
 843  tr|A0A6I9MGN5|A0A6I9MGN5_PERMB   94.79%    failed      0.00%
 844  tr|A0A6I9LVZ8|A0A6I9LVZ8_PERMB   95.16%    failed      0.00%
 845  tr|A0A6I9L991|A0A6I9L991_PERMB   93.99%    failed      0.00%
 846  tr|A0A6I9LDP5|A0A6I9LDP5_PERMB   94.80%    failed      0.00%
 847  tr|A0A6I9HP25|A0A6I9HP25_GEOFO   95.71%    failed      0.00%
 848  tr|A0A6I9ZDM5|A0A6I9ZDM5_GEOFO   94.20%    failed      1.54%
 849  tr|A0A6I9HBW2|A0A6I9HBW2_GEOFO   94.91%    failed      1.06%
 850  tr|A0A6I9HVB6|A0A6I9HVB6_GEOFO   94.19%    failed      0.01%
 851  tr|A0A6I9IMP9|A0A6I9IMP9_VICPA   93.16%    failed      0.00%
 852  tr|A0A6J3BBJ0|A0A6J3BBJ0_VICPA   94.79%    failed      0.57%
 853  tr|A0A6I9HZG0|A0A6I9HZG0_VICPA   94.60%    failed      0.00%
 854  tr|A0A6I9IEN4|A0A6I9IEN4_VICPA   94.82%    failed      0.00%
 855  tr|A0A6J3ALR9|A0A6J3ALR9_VICPA   95.63%    failed      0.10%
 856  tr|A0A6J3BI05|A0A6J3BI05_VICPA   94.93%    failed      0.04%
 857  tr|A0A6I9N8Q3|A0A6I9N8Q3_9TELE   95.12%    failed      0.24%
 858  tr|A0A6J1UZQ3|A0A6J1UZQ3_9SAUR   95.37%    failed      0.53%
 859  tr|A0A6J1U419|A0A6J1U419_9SAUR   93.89%    failed      0.00%
 860  tr|A0A6J1TYD4|A0A6J1TYD4_9SAUR   94.31%    failed      2.03%
 861  tr|A0A6J1UX86|A0A6J1UX86_9SAUR   94.53%    failed      1.06%
 862  tr|A0A6J1V606|A0A6J1V606_9SAUR   94.88%    failed      0.16%
 863  tr|A0A6J0VQ39|A0A6J0VQ39_ODOVR   93.80%    failed      0.00%
 864  tr|A0A6J0Z7R0|A0A6J0Z7R0_ODOVR   95.26%    failed      0.02%
 865  tr|A0A6J0YV98|A0A6J0YV98_ODOVR   93.61%    failed      0.00%
 866  tr|A0A6J0YLA4|A0A6J0YLA4_ODOVR   94.57%    failed      0.01%
 867  tr|A0A6J0XWP9|A0A6J0XWP9_ODOVR   95.46%    failed      0.00%
 868  tr|A0A6I9Y1K7|A0A6I9Y1K7_9SAUR   94.31%    failed      1.09%
 869  tr|A0A6I9XAX1|A0A6I9XAX1_9SAUR   94.18%    failed      0.00%
 870  tr|A0A6I9X8X2|A0A6I9X8X2_9SAUR   94.84%    failed      0.14%
 871  tr|A0A6J0T6E9|A0A6J0T6E9_9SAUR   94.25%    failed      0.00%
 872  tr|A0A6J0VGM8|A0A6J0VGM8_9SAUR   94.32%    failed      4.39%
 873  tr|A0A6J0SBQ2|A0A6J0SBQ2_9SAUR   95.10%    failed      0.01%
 874  tr|A0A6J0T1A5|A0A6J0T1A5_9SAUR   94.17%    failed      0.01%
 875  tr|A0A6J0T2A1|A0A6J0T2A1_9SAUR   94.15%    failed      0.16%
 876  tr|A0A6I9K7T4|A0A6I9K7T4_CHRAS   94.44%    failed      0.03%
 877  tr|A0A6I9JL64|A0A6I9JL64_CHRAS   93.72%    failed      0.00%
 878  tr|A0A6I9JFM9|A0A6I9JFM9_CHRAS   95.38%    passed      6.32%
 879  tr|A0A6I9KDB6|A0A6I9KDB6_CHRAS   93.61%    failed      0.00%
 880  tr|A0A6I9K3F7|A0A6I9K3F7_CHRAS   94.96%    failed      0.52%
 881  tr|A0A6J1XMG1|A0A6J1XMG1_ACIJB   94.70%    failed      0.00%
 882  tr|A0A6J1XW05|A0A6J1XW05_ACIJB   94.79%    failed      0.20%
 883  tr|A0A6J1YV72|A0A6J1YV72_ACIJB   94.52%    failed      0.00%
 884  tr|A0A6J1ZBG2|A0A6J1ZBG2_ACIJB   94.75%    failed      0.00%
 885  tr|A0A6J1YE21|A0A6J1YE21_ACIJB   94.07%    failed      0.00%
 886  tr|A0A6J1Z4S7|A0A6J1Z4S7_ACIJB   94.95%    failed      0.00%
 887  tr|A0A6J2HTZ4|A0A6J2HTZ4_9PASS   94.79%    failed      0.19%
 888  tr|A0A6J2GBG2|A0A6J2GBG2_9PASS   94.36%    failed      3.85%
 889  tr|A0A6J2HLJ1|A0A6J2HLJ1_9PASS   94.92%    failed      0.00%
 890  tr|A0A7R5KXD8|A0A7R5KXD8_9PASS   93.65%    failed      0.00%
 891  tr|A0A6J2GVU0|A0A6J2GVU0_9PASS   94.90%    failed      0.65%
 892  tr|A0A6J2N287|A0A6J2N287_9CHIR   94.68%    failed      0.00%
 893  tr|A0A6J2LFM9|A0A6J2LFM9_9CHIR   94.75%    failed      0.02%
 894  tr|A0A7E6DKK9|A0A7E6DKK9_9CHIR   94.90%    failed      0.15%
 895  tr|A0A7E6EGJ8|A0A7E6EGJ8_9CHIR   93.85%    failed      0.00%
 896  tr|A0A6J2NEV8|A0A6J2NEV8_9CHIR   93.48%    failed      0.00%
 897  tr|A0A6J2RRW3|A0A6J2RRW3_COTGO   95.11%    failed      0.38%
 898  tr|A0A6J2RNY9|A0A6J2RNY9_COTGO   93.92%    failed      0.00%
 899  tr|A0A6J2PXI8|A0A6J2PXI8_COTGO   93.98%    failed      0.40%
 900  tr|A0A6J2QZ01|A0A6J2QZ01_COTGO   94.18%    passed      5.62%
 901  tr|A0A6J2Q9F9|A0A6J2Q9F9_COTGO   94.12%    failed      0.05%
 902  tr|A0A6J2VMS8|A0A6J2VMS8_CHACN   94.11%    passed     11.80%
 903  tr|A0A6J2V2K7|A0A6J2V2K7_CHACN   94.76%    failed      0.01%
 904  tr|A0A6J2VFE9|A0A6J2VFE9_CHACN   94.43%    failed      0.37%
 905  tr|A0A6J2WKG6|A0A6J2WKG6_CHACN   94.07%    failed      0.01%
 906  tr|A0A6J2VDA0|A0A6J2VDA0_CHACN   94.15%    failed      0.00%
 907  tr|A0A6J2V141|A0A6J2V141_CHACN   94.93%    failed      0.02%
 908  tr|A0A6J2VS18|A0A6J2VS18_CHACN   94.09%    passed      7.97%
 909  tr|A0A6J3DY94|A0A6J3DY94_AYTFU   94.12%    failed      0.02%
 910  tr|A0A6J3DWG4|A0A6J3DWG4_AYTFU   95.09%    failed      0.01%
 911  tr|A0A6J3DW71|A0A6J3DW71_AYTFU   94.35%    failed      2.16%
 912  tr|A0A6J3CRM1|A0A6J3CRM1_AYTFU   95.17%    failed      0.83%
 913  tr|A0A6J3D4C6|A0A6J3D4C6_AYTFU   94.90%    failed      1.52%
 914  tr|A0A6J3EH35|A0A6J3EH35_AYTFU   94.75%    failed      0.00%
 915  tr|A0A6J3FUR3|A0A6J3FUR3_SAPAP   94.75%    failed      0.00%
 916  tr|A0A6J3FM84|A0A6J3FM84_SAPAP   94.98%    failed      0.00%
 917  tr|A0A6J3I2P2|A0A6J3I2P2_SAPAP   93.70%    failed      0.00%
 918  tr|A0A6J3EVX3|A0A6J3EVX3_SAPAP   94.56%    failed      0.00%
 919  tr|A0A6J3GM54|A0A6J3GM54_SAPAP   93.91%    failed      0.00%
 920  tr|A0A6P6KTY3|A0A6P6KTY3_CARAU   94.10%    failed      0.16%
 921  tr|A0A6P6QW23|A0A6P6QW23_CARAU   94.12%    passed     13.91%
 922  tr|A0A6P6KNS1|A0A6P6KNS1_CARAU   94.20%    failed      1.38%
 923  tr|A0A6P6NJ14|A0A6P6NJ14_CARAU   94.17%    failed      2.05%
 924  tr|A0A6P6MAR0|A0A6P6MAR0_CARAU   95.00%    failed      0.00%
 925  tr|A0A6P6LCF9|A0A6P6LCF9_CARAU   94.11%    failed      3.77%
 926  tr|A0A6P6MHE0|A0A6P6MHE0_CARAU   94.14%    failed      0.02%
 927  tr|A0A6P6MJR0|A0A6P6MJR0_CARAU   94.42%    failed      0.00%
 928  tr|A0A6P6JF02|A0A6P6JF02_CARAU   94.88%    failed      0.03%
 929  tr|A0A6P6MY48|A0A6P6MY48_CARAU   94.12%    passed     10.58%
 930  tr|A0A6P6PAP0|A0A6P6PAP0_CARAU   94.17%    failed      2.74%
 931  tr|A0A6P6P680|A0A6P6P680_CARAU   95.50%    failed      0.00%
 932  tr|A0A6P6QHU0|A0A6P6QHU0_CARAU   94.12%    failed      0.00%
 933  tr|A0A6P6I161|A0A6P6I161_PUMCO   91.18%    failed      0.00%
 934  tr|A0A6P6H2W3|A0A6P6H2W3_PUMCO   94.92%    failed      0.00%
 935  tr|A0A6P5DLH7|A0A6P5DLH7_BOSIN   94.58%    failed      0.01%
 936  tr|A0A6P5DC51|A0A6P5DC51_BOSIN   94.86%    failed      0.00%
 937  tr|A0A6P5DQT5|A0A6P5DQT5_BOSIN   94.75%    failed      0.02%
 938  tr|A0A6P5DIX5|A0A6P5DIX5_BOSIN   93.77%    failed      0.00%
 939  tr|A0A6P5DL81|A0A6P5DL81_BOSIN   94.82%    failed      0.10%
 940  tr|A0A6P5DQ44|A0A6P5DQ44_BOSIN   94.79%    failed      0.03%
 941  tr|A0A6P4ZBF3|A0A6P4ZBF3_BRABE   94.56%    failed      0.21%
 942  tr|A0A6P4ZW33|A0A6P4ZW33_BRABE   93.23%    failed      0.13%
 943  tr|A0A6P5A9P8|A0A6P5A9P8_BRABE   94.70%    failed      0.06%
 944  tr|A0A6P5LFH0|A0A6P5LFH0_PHACI   94.43%    failed      0.10%
 945  tr|A0A6P5JQ27|A0A6P5JQ27_PHACI   94.88%    failed      0.00%
 946  tr|A0A6P5LAQ5|A0A6P5LAQ5_PHACI   94.67%    failed      0.27%
 947  tr|A0A6P5IKI3|A0A6P5IKI3_PHACI   93.73%    failed      0.00%
 948  tr|A0A6P5IC55|A0A6P5IC55_PHACI   94.96%    failed      0.34%
 949  tr|A0A6P7IIJ1|A0A6P7IIJ1_9TELE   95.37%    failed      2.30%
 950  tr|A0A6P7J6X4|A0A6P7J6X4_9TELE   93.95%    failed      2.81%
 951  tr|A0A6P7IKA0|A0A6P7IKA0_9TELE   94.17%    failed      0.31%
 952  tr|A0A6P7JF18|A0A6P7JF18_9TELE   94.12%    failed      3.15%
 953  tr|A0A6P7I889|A0A6P7I889_9TELE   93.98%    failed      0.01%
 954  tr|A0A6P7LAK0|A0A6P7LAK0_BETSP   93.73%    failed      0.00%
 955  tr|A0A6P7N3L2|A0A6P7N3L2_BETSP   93.91%    failed      1.45%
 956  tr|A0A6P7L5P2|A0A6P7L5P2_BETSP   94.74%    failed      0.83%
 957  tr|A0A6P7NC84|A0A6P7NC84_BETSP   94.25%    failed      0.57%
 958  tr|A0A6P8GVY0|A0A6P8GVY0_CLUHA   94.92%    failed      0.01%
 959  tr|A0A6P8EZS1|A0A6P8EZS1_CLUHA   93.77%    failed      0.03%
 960  tr|A0A6P8GAL9|A0A6P8GAL9_CLUHA   93.97%    failed      1.18%
 961  tr|A0A6P8FQV7|A0A6P8FQV7_CLUHA   94.19%    failed      0.93%
 962  tr|A0A6P3WCG6|A0A6P3WCG6_CLUHA   95.16%    failed      0.06%
 963  tr|A0A6P7XPN8|A0A6P7XPN8_9AMPH   94.90%    failed      0.21%
 964  tr|A0A6P7XHZ5|A0A6P7XHZ5_9AMPH   95.64%    failed      0.13%
 965  tr|A0A6P7YNY5|A0A6P7YNY5_9AMPH   94.80%    failed      0.11%
 966  tr|A0A6P7YLX5|A0A6P7YLX5_9AMPH   95.15%    failed      0.73%
 967  tr|A0A6P7Y7R9|A0A6P7Y7R9_9AMPH   94.51%    passed     26.20%
 968  tr|A0A6P7ZNN3|A0A6P7ZNN3_9AMPH   94.06%    failed      4.44%
 969  tr|A0A6P7XQ22|A0A6P7XQ22_9AMPH   95.04%    failed      0.02%
 970  tr|A0A6P7XLZ8|A0A6P7XLZ8_9AMPH   94.99%    failed      0.00%
 971  tr|A0A6P9BBY3|A0A6P9BBY3_PANGU   94.31%    failed      1.48%
 972  tr|A0A6P9DES0|A0A6P9DES0_PANGU   94.26%    failed      0.20%
 973  tr|A0A6P9CHS0|A0A6P9CHS0_PANGU   94.28%    failed      0.05%
 974  tr|A0A6P9B763|A0A6P9B763_PANGU   94.17%    failed      0.00%
 975  tr|A0A6P8QXJ4|A0A6P8QXJ4_GEOSA   94.92%    failed      0.62%
 976  tr|A0A6P8RZF3|A0A6P8RZF3_GEOSA   95.00%    failed      2.42%
 977  tr|A0A6P8NME6|A0A6P8NME6_GEOSA   95.09%    failed      0.22%
 978  tr|A0A6P8SR63|A0A6P8SR63_GEOSA   94.46%    passed     12.79%
 979  tr|A0A6P8PYF2|A0A6P8PYF2_GEOSA   94.96%    failed      0.00%
 980  tr|A0A6P8PFU3|A0A6P8PFU3_GEOSA   94.96%    failed      0.01%
 981  tr|A0A6P8X4R6|A0A6P8X4R6_GYMAC   94.00%    failed      0.18%
 982  tr|A0A6P8UG40|A0A6P8UG40_GYMAC   96.68%    failed      0.01%
 983  tr|A0A6P8V909|A0A6P8V909_GYMAC   94.14%    failed      0.00%
 984  tr|A0A6P8UGB5|A0A6P8UGB5_GYMAC   94.09%    failed      2.91%
 985  tr|A0A6P3PV01|A0A6P3PV01_PTEVA   94.67%    failed      0.00%
 986  tr|A0A6P3RD03|A0A6P3RD03_PTEVA   95.47%    failed      0.00%
 987  tr|A0A6P3QK48|A0A6P3QK48_PTEVA   95.46%    failed      0.00%
 988  tr|A0A6P6CQS7|A0A6P6CQS7_PTEVA   94.74%    failed      0.00%
 989  tr|A0A6P3Q0Z5|A0A6P3Q0Z5_PTEVA   93.89%    failed      0.00%
 990  tr|A0A6P6DKP5|A0A6P6DKP5_OCTDE   94.76%    failed      0.00%
 991  tr|A0A6P6D8I0|A0A6P6D8I0_OCTDE   95.01%    failed      0.18%
 992  tr|A0A6P3FUN4|A0A6P3FUN4_OCTDE   93.75%    failed      0.00%
 993  tr|A0A6P6D5T9|A0A6P6D5T9_OCTDE   94.62%    failed      0.01%
 994  tr|A0A6P6E0E8|A0A6P6E0E8_OCTDE   94.92%    failed      0.01%
 995  tr|A0A6P3VBR8|A0A6P3VBR8_OCTDE   93.72%    failed      0.00%
 996  tr|A0A6P3H556|A0A6P3H556_BISBI   95.27%    failed      0.06%
 997  tr|A0A6P3I8U1|A0A6P3I8U1_BISBI   94.71%    failed      0.00%
 998  tr|A0A6P3J6M4|A0A6P3J6M4_BISBI   95.08%    failed      0.01%
 999  tr|A0A6P3HQ46|A0A6P3HQ46_BISBI   93.66%    failed      0.00%
1000  tr|A0A6P3I5C6|A0A6P3I5C6_BISBI   94.75%    failed      0.01%
WARNING: 1000 sequences contain more than 50% gaps/ambiguity
****  TOTAL                            94.53%  952 sequences failed composition chi2 test (p-value<5%; df=19)
NOTE: tr|A0A2K6BF82|A0A2K6BF82_MACNE is identical to tr|F7E3K6|F7E3K6_MACMU but kept for subsequent analysis
NOTE: tr|A0A4W2CR90|A0A4W2CR90_BOBOX is identical to tr|E1BKB6|E1BKB6_BOVIN but kept for subsequent analysis
NOTE: tr|A0A4W2GMZ1|A0A4W2GMZ1_BOBOX is identical to tr|E1B8G5|E1B8G5_BOVIN but kept for subsequent analysis
NOTE: tr|A0A2K5P7D9|A0A2K5P7D9_CERAT is identical to tr|A0A096NHY6|A0A096NHY6_PAPAN but kept for subsequent analysis
NOTE: tr|A0A2K6Q8N1|A0A2K6Q8N1_RHIRO is identical to tr|A0A2K5J5H8|A0A2K5J5H8_COLAP but kept for subsequent analysis
NOTE: tr|A0A3P8S9Q7|A0A3P8S9Q7_AMPPE is identical to tr|A0A3Q1C0D6|A0A3Q1C0D6_AMPOC but kept for subsequent analysis
NOTE: tr|A0A6P3J6M4|A0A6P3J6M4_BISBI is identical to tr|A0A4W2FPX7|A0A4W2FPX7_BOBOX but kept for subsequent analysis
NOTE: tr|A0A6J1ZBG2|A0A6J1ZBG2_ACIJB is identical to tr|A0A485MB39|A0A485MB39_LYNPA but kept for subsequent analysis


Create initial parsimony tree by phylogenetic likelihood library (PLL)... 2.845 seconds
Measuring multi-threading efficiency up to 24 CPU cores
2 trees examined
Threads: 1 / Time: 37.404 sec / Speedup: 1.000 / Efficiency: 100% / LogL: -793287
Threads: 2 / Time: 21.762 sec / Speedup: 1.719 / Efficiency: 86% / LogL: -793287
Threads: 3 / Time: 14.667 sec / Speedup: 2.550 / Efficiency: 85% / LogL: -793287
Threads: 4 / Time: 11.056 sec / Speedup: 3.383 / Efficiency: 85% / LogL: -793287
Threads: 5 / Time: 9.237 sec / Speedup: 4.049 / Efficiency: 81% / LogL: -793287
Threads: 6 / Time: 7.749 sec / Speedup: 4.827 / Efficiency: 80% / LogL: -793287
Threads: 7 / Time: 6.871 sec / Speedup: 5.444 / Efficiency: 78% / LogL: -793287
Threads: 8 / Time: 6.305 sec / Speedup: 5.932 / Efficiency: 74% / LogL: -793287
Threads: 9 / Time: 5.926 sec / Speedup: 6.312 / Efficiency: 70% / LogL: -793287
Threads: 10 / Time: 5.453 sec / Speedup: 6.859 / Efficiency: 69% / LogL: -793287
Threads: 11 / Time: 5.320 sec / Speedup: 7.031 / Efficiency: 64% / LogL: -793287
Threads: 12 / Time: 5.207 sec / Speedup: 7.183 / Efficiency: 60% / LogL: -793287
Threads: 13 / Time: 5.082 sec / Speedup: 7.360 / Efficiency: 57% / LogL: -793287
Threads: 14 / Time: 5.233 sec / Speedup: 7.148 / Efficiency: 51% / LogL: -793287
Threads: 15 / Time: 4.440 sec / Speedup: 8.425 / Efficiency: 56% / LogL: -793287
Threads: 16 / Time: 4.509 sec / Speedup: 8.295 / Efficiency: 52% / LogL: -793287
Threads: 17 / Time: 4.515 sec / Speedup: 8.284 / Efficiency: 49% / LogL: -793287
BEST NUMBER OF THREADS: 15

Perform fast likelihood tree search using LG+I+G model...
Estimate model parameters (epsilon = 5.000)
Perform nearest neighbor interchange...
Estimate model parameters (epsilon = 1.000)
1. Initial log-likelihood: -247679.751
2. Current log-likelihood: -247676.009
3. Current log-likelihood: -247673.437
4. Current log-likelihood: -247671.575
5. Current log-likelihood: -247670.241
Optimal log-likelihood: -247669.302
Proportion of invariable sites: 0.006
Gamma shape alpha: 0.875
Parameters optimization took 5 rounds (19.291 sec)
Time for fast ML tree search: 117.888 seconds

NOTE: ModelFinder requires 5643 MB RAM!
ModelFinder will test up to 546 protein models (sample size: 8816) ...
 No. Model         -LnL         df  AIC          AICc         BIC
  1  LG            260062.824   1997 524119.648   525290.081   538267.042
  2  LG+I          259705.106   1998 523406.212   524577.989   537560.691
  3  LG+G4         247715.048   1998 499426.095   500597.872   513580.574
  4  LG+I+G4       247667.469   1999 499332.938   500506.060   513494.501
  5  LG+R2         250650.154   1999 505298.308   506471.430   519459.871
  6  LG+R3         248651.298   2001 501304.596   502480.411   515480.327
  7  LG+R4         247502.430   2003 499010.859   500189.372   513200.759
  8  LG+R5         247132.716   2005 498275.433   499456.646   512479.502
  9  LG+R6         246954.619   2007 497923.237   499107.155   512141.474
 10  LG+R7         246752.591   2009 497523.182   498709.809   511755.588
 11  LG+R8         246700.833   2011 497423.665   498613.005   511670.240
 12  LG+R9         246635.573   2013 497297.146   498489.202   511557.889
 13  LG+R10        246613.094   2015 497256.188   498450.964   511531.100
 26  LG+F+R10      247249.203   2034 498566.407   499787.227   512975.921
 39  WAG+R10       244979.400   2015 493988.799   495183.576   508263.711
 52  WAG+F+R10     245601.792   2034 495271.584   496492.404   509681.098
 65  JTT+R10       241626.529   2015 487283.058   488477.835   501557.970
 78  JTT+F+R10     242285.762   2034 488639.523   489860.343   503049.037
 91  JTTDCMut+R10  241789.378   2015 487608.756   488803.532   501883.668
104  JTTDCMut+F+R10 242420.879   2034 488909.757   490130.577   503319.271
117  DCMut+R10     248266.548   2015 500563.096   501757.872   514838.008
130  DCMut+F+R10   247918.318   2034 499904.636   501125.455   514314.150
143  VT+R10        244563.079   2015 493156.157   494350.933   507431.069
156  VT+F+R10      245220.813   2034 494509.626   495730.446   508919.140
169  PMB+R10       247131.949   2015 498293.897   499488.674   512568.809
182  PMB+F+R10     248527.278   2034 501122.557   502343.377   515532.071
195  Blosum62+R10  248319.367   2015 500668.734   501863.510   514943.645
208  Blosum62+F+R10 249005.961   2034 502079.922   503300.742   516489.436
221  Dayhoff+R10   248260.382   2015 500550.765   501745.541   514825.677
234  Dayhoff+F+R10 247912.803   2034 499893.605   501114.425   514303.120
247  mtREV+R10     255293.840   2015 514617.680   515812.456   528892.592
260  mtREV+F+R10   249390.561   2034 502849.123   504069.943   517258.637
273  mtART+R10     265340.593   2015 534711.187   535905.963   548986.099
286  mtART+F+R10   258423.826   2034 520915.651   522136.471   535325.165
299  mtZOA+R10     255718.542   2015 515467.084   516661.860   529741.996
312  mtZOA+F+R10   251762.137   2034 507592.274   508813.094   522001.788
325  mtMet+R10     253426.178   2015 510882.356   512077.132   525157.268
338  mtMet+F+R10   246164.162   2034 496396.325   497617.145   510805.839
351  mtVer+R10     253637.771   2015 511305.541   512500.318   525580.453
364  mtVer+F+R10   248161.865   2034 500391.730   501612.550   514801.244
377  mtInv+R10     256792.624   2015 517615.247   518810.024   531890.159
390  mtInv+F+R10   246459.999   2034 496987.998   498208.818   511397.512
403  mtMAM+R10     260473.048   2015 524976.095   526170.872   539251.007
416  mtMAM+F+R10   254104.052   2034 512276.105   513496.925   526685.619
429  HIVb+R10      245741.375   2015 495512.750   496707.527   509787.662
442  HIVb+F+R10    245906.593   2034 495881.187   497102.007   510290.701
455  HIVw+R10      252991.738   2015 510013.477   511208.253   524288.389
468  HIVw+F+R10    248807.983   2034 501683.966   502904.786   516093.480
481  FLU+R10       247534.249   2015 499098.498   500293.275   513373.410
494  FLU+F+R10     246401.977   2034 496871.954   498092.774   511281.468
507  rtREV+R10     249656.315   2015 503342.629   504537.406   517617.541
520  rtREV+F+R10   249952.703   2034 503973.405   505194.225   518382.919
533  cpREV+R10     246308.656   2015 496647.312   497842.089   510922.224
546  cpREV+F+R10   246650.845   2034 497369.690   498590.510   511779.204
Akaike Information Criterion:           JTT+R10
Corrected Akaike Information Criterion: JTT+R10
Bayesian Information Criterion:         JTT+R10
Best-fit model: JTT+R10 chosen according to BIC

All model information printed to gipr_iqtree_boostrap_modelfinder.model.gz
CPU time for ModelFinder: 597731.252 seconds (166h:2m:11s)
Wall-clock time for ModelFinder: 40960.347 seconds (11h:22m:40s)
Generating 1000 samples for ultrafast bootstrap (seed: 456792)...

NOTE: 5643 MB RAM (5 GB) is required!
Estimate model parameters (epsilon = 0.100)
1. Initial log-likelihood: -241626.529
2. Current log-likelihood: -241626.424
Optimal log-likelihood: -241626.381
Site proportion and rates:  (0.049,0.023) (0.065,0.075) (0.081,0.159) (0.076,0.254) (0.136,0.381) (0.130,0.534) (0.122,0.763) (0.126,1.161) (0.156,1.997) (0.060,4.836)
Parameters optimization took 2 rounds (84.439 sec)
Computing ML distances based on estimated model parameters... 274.388 sec
Computing BIONJ tree...
1.861 seconds
Log-likelihood of BIONJ tree: -249308.988
--------------------------------------------------------------------
|             INITIALIZING CANDIDATE TREE SET                      |
--------------------------------------------------------------------
Generating 98 parsimony trees... 305.784 second
Computing log-likelihood of 98 initial trees ... 405.573 seconds
Current best score: -241626.381

Do NNI search on 20 best initial trees
Estimate model parameters (epsilon = 0.100)
BETTER TREE FOUND at iteration 1: -241594.477
Estimate model parameters (epsilon = 0.100)
BETTER TREE FOUND at iteration 2: -241466.512
Iteration 10 / LogL: -241494.380 / Time: 1h:23m:40s
Estimate model parameters (epsilon = 0.100)
BETTER TREE FOUND at iteration 13: -241459.711
Iteration 20 / LogL: -241469.547 / Time: 2h:33m:15s
Finish initializing candidate tree set (20)
Current best tree score: -241459.711 / CPU time: 8876.580
Number of iterations: 20
--------------------------------------------------------------------
|               OPTIMIZING CANDIDATE TREE SET                      |
--------------------------------------------------------------------
Iteration 30 / LogL: -241477.185 / Time: 2h:57m:55s (8h:29m:14s left)
Estimate model parameters (epsilon = 0.100)
BETTER TREE FOUND at iteration 35: -241457.982
Estimate model parameters (epsilon = 0.100)
BETTER TREE FOUND at iteration 38: -241453.005
Iteration 40 / LogL: -241584.251 / Time: 3h:25m:29s (8h:36m:22s left)
Estimate model parameters (epsilon = 0.100)
BETTER TREE FOUND at iteration 42: -241440.265
Iteration 50 / LogL: -241702.941 / Time: 3h:51m:51s (7h:15m:19s left)
Log-likelihood cutoff on original alignment: -241597.703
Estimate model parameters (epsilon = 0.100)
BETTER TREE FOUND at iteration 53: -241438.436
Iteration 60 / LogL: -241476.881 / Time: 4h:17m:25s (6h:45m:46s left)
Iteration 70 / LogL: -241517.315 / Time: 4h:42m:22s (5h:39m:40s left)
Estimate model parameters (epsilon = 0.100)
BETTER TREE FOUND at iteration 71: -241415.740
Iteration 80 / LogL: -241515.528 / Time: 5h:6m:30s (5h:53m:4s left)
Iteration 90 / LogL: -241466.925 / Time: 5h:30m:19s (5h:0m:37s left)
Iteration 100 / LogL: -241535.953 / Time: 5h:53m:53s (4h:13m:48s left)
Log-likelihood cutoff on original alignment: -241597.703
NOTE: Bootstrap correlation coefficient of split occurrence frequencies: 0.990
Iteration 110 / LogL: -241473.094 / Time: 6h:18m:9s (5h:12m:14s left)
Estimate model parameters (epsilon = 0.100)
BETTER TREE FOUND at iteration 111: -241414.603
Iteration 120 / LogL: -241426.813 / Time: 6h:42m:29s (5h:7m:46s left)
Iteration 130 / LogL: -241541.276 / Time: 7h:9m:7s (4h:29m:27s left)
Iteration 140 / LogL: -241531.121 / Time: 7h:34m:0s (3h:51m:54s left)
Iteration 150 / LogL: -241576.558 / Time: 7h:58m:37s (3h:15m:56s left)
Log-likelihood cutoff on original alignment: -241597.703
Iteration 160 / LogL: -241426.072 / Time: 8h:22m:55s (2h:41m:18s left)
Iteration 170 / LogL: -241604.976 / Time: 8h:46m:19s (2h:7m:41s left)
Iteration 180 / LogL: -241446.769 / Time: 9h:8m:20s (1h:34m:57s left)
Estimate model parameters (epsilon = 0.100)
BETTER TREE FOUND at iteration 181: -241406.411
Iteration 190 / LogL: -241800.947 / Time: 9h:31m:46s (4h:35m:17s left)
Estimate model parameters (epsilon = 0.100)
BETTER TREE FOUND at iteration 196: -241405.600
Estimate model parameters (epsilon = 0.100)
BETTER TREE FOUND at iteration 200: -241404.646
Iteration 200 / LogL: -241404.646 / Time: 9h:58m:29s (5h:0m:44s left)
Log-likelihood cutoff on original alignment: -241597.703
NOTE: Bootstrap correlation coefficient of split occurrence frequencies: 0.993
Iteration 210 / LogL: -241458.534 / Time: 10h:22m:22s (4h:28m:0s left)
Iteration 220 / LogL: -241474.692 / Time: 10h:46m:25s (3h:56m:8s left)
Iteration 230 / LogL: -241412.942 / Time: 11h:11m:28s (3h:25m:15s left)
Iteration 240 / LogL: -241454.528 / Time: 11h:36m:43s (2h:54m:54s left)
Iteration 250 / LogL: -241419.679 / Time: 12h:1m:37s (2h:24m:54s left)
Log-likelihood cutoff on original alignment: -241597.703
Estimate model parameters (epsilon = 0.100)
BETTER TREE FOUND at iteration 257: -241401.279
Iteration 260 / LogL: -241540.558 / Time: 12h:26m:58s (4h:39m:45s left)
Iteration 270 / LogL: -241447.173 / Time: 12h:51m:38s (4h:9m:33s left)
Iteration 280 / LogL: -241419.039 / Time: 13h:15m:50s (3h:39m:38s left)
Iteration 290 / LogL: -241408.271 / Time: 13h:40m:16s (3h:10m:10s left)
Iteration 300 / LogL: -241416.871 / Time: 14h:5m:15s (2h:41m:8s left)
Log-likelihood cutoff on original alignment: -241597.703
NOTE: Bootstrap correlation coefficient of split occurrence frequencies: 0.992
Estimate model parameters (epsilon = 0.100)
BETTER TREE FOUND at iteration 303: -241399.396
Iteration 310 / LogL: -241452.207 / Time: 14h:31m:8s (4h:22m:11s left)
Iteration 320 / LogL: -241481.279 / Time: 14h:58m:33s (3h:53m:47s left)
Iteration 330 / LogL: -241630.808 / Time: 15h:22m:29s (3h:24m:41s left)
Estimate model parameters (epsilon = 0.100)
BETTER TREE FOUND at iteration 338: -241394.759
Iteration 340 / LogL: -241418.236 / Time: 15h:49m:51s (4h:34m:35s left)
Iteration 350 / LogL: -241501.623 / Time: 16h:15m:38s (4h:6m:0s left)
Log-likelihood cutoff on original alignment: -241597.703
Iteration 360 / LogL: -241423.024 / Time: 16h:42m:12s (3h:37m:45s left)
Estimate model parameters (epsilon = 0.100)
BETTER TREE FOUND at iteration 369: -241384.108
Iteration 370 / LogL: -241424.615 / Time: 17h:9m:39s (4h:36m:15s left)
Iteration 380 / LogL: -241532.669 / Time: 17h:34m:48s (4h:7m:41s left)
Iteration 390 / LogL: -241672.139 / Time: 17h:59m:48s (3h:39m:17s left)
Iteration 400 / LogL: -241480.622 / Time: 18h:25m:44s (3h:11m:13s left)
Log-likelihood cutoff on original alignment: -241597.703
NOTE: Bootstrap correlation coefficient of split occurrence frequencies: 0.990
NOTE: UFBoot does not converge, continue at least 100 more iterations
Estimate model parameters (epsilon = 0.100)
BETTER TREE FOUND at iteration 409: -241381.013
Iteration 410 / LogL: -241434.671 / Time: 18h:54m:44s (4h:34m:40s left)
Iteration 420 / LogL: -241444.270 / Time: 19h:19m:35s (4h:6m:18s left)
Iteration 430 / LogL: -241548.202 / Time: 19h:45m:40s (3h:38m:20s left)
Iteration 440 / LogL: -241433.195 / Time: 20h:12m:18s (3h:10m:32s left)
Iteration 450 / LogL: -241434.747 / Time: 20h:38m:44s (2h:42m:46s left)
Log-likelihood cutoff on original alignment: -241597.703
Estimate model parameters (epsilon = 0.100)
BETTER TREE FOUND at iteration 457: -241375.816
Iteration 460 / LogL: -241395.420 / Time: 21h:6m:13s (4h:27m:35s left)
Estimate model parameters (epsilon = 0.100)
BETTER TREE FOUND at iteration 463: -241373.323
Iteration 470 / LogL: -241420.814 / Time: 21h:33m:16s (4h:16m:26s left)
Iteration 480 / LogL: -241436.445 / Time: 21h:59m:16s (3h:48m:36s left)
Iteration 490 / LogL: -241384.093 / Time: 22h:25m:39s (3h:20m:53s left)
Iteration 500 / LogL: -241387.297 / Time: 22h:50m:20s (2h:53m:0s left)
Log-likelihood cutoff on original alignment: -241597.703
NOTE: Bootstrap correlation coefficient of split occurrence frequencies: 0.989
NOTE: UFBoot does not converge, continue at least 100 more iterations
Iteration 510 / LogL: -241461.931 / Time: 23h:16m:1s (4h:6m:50s left)
Estimate model parameters (epsilon = 0.100)
BETTER TREE FOUND at iteration 520: -241362.713
Iteration 520 / LogL: -241362.713 / Time: 23h:44m:32s (4h:34m:28s left)
Iteration 530 / LogL: -241370.973 / Time: 24h:10m:26s (4h:6m:46s left)
Iteration 540 / LogL: -241397.967 / Time: 24h:36m:50s (3h:39m:11s left)
Iteration 550 / LogL: -241385.495 / Time: 25h:2m:51s (3h:11m:37s left)
Log-likelihood cutoff on original alignment: -241597.703
Iteration 560 / LogL: -241419.016 / Time: 25h:29m:11s (2h:44m:8s left)
Iteration 570 / LogL: -241416.381 / Time: 25h:55m:25s (2h:16m:40s left)
Iteration 580 / LogL: -241410.086 / Time: 26h:21m:28s (1h:49m:15s left)
Iteration 590 / LogL: -241399.161 / Time: 26h:47m:32s (1h:21m:52s left)
Iteration 600 / LogL: -241535.517 / Time: 27h:11m:51s (0h:54m:29s left)
Log-likelihood cutoff on original alignment: -241597.703
NOTE: Bootstrap correlation coefficient of split occurrence frequencies: 0.988
NOTE: UFBoot does not converge, continue at least 100 more iterations
Iteration 610 / LogL: -241385.702 / Time: 27h:35m:47s (4h:4m:41s left)
Iteration 620 / LogL: -241474.456 / Time: 28h:2m:15s (3h:37m:24s left)
Iteration 630 / LogL: -241406.862 / Time: 28h:27m:20s (3h:10m:0s left)
Iteration 640 / LogL: -241392.643 / Time: 28h:53m:52s (2h:42m:48s left)
Iteration 650 / LogL: -241506.907 / Time: 29h:19m:45s (2h:15m:34s left)
Log-likelihood cutoff on original alignment: -241597.703
Iteration 660 / LogL: -241489.048 / Time: 29h:44m:38s (1h:48m:19s left)
Iteration 670 / LogL: -241370.401 / Time: 30h:10m:2s (1h:21m:10s left)
Iteration 680 / LogL: -241514.017 / Time: 30h:35m:36s (0h:54m:4s left)
Iteration 690 / LogL: -241367.395 / Time: 31h:2m:14s (0h:27m:1s left)
Iteration 700 / LogL: -241419.237 / Time: 31h:26m:45s (0h:0m:0s left)
Log-likelihood cutoff on original alignment: -241597.703
NOTE: Bootstrap correlation coefficient of split occurrence frequencies: 0.987
NOTE: UFBoot does not converge, continue at least 100 more iterations
Iteration 710 / LogL: -241386.245 / Time: 31h:51m:32s (4h:2m:39s left)
Iteration 720 / LogL: -241397.694 / Time: 32h:16m:19s (3h:35m:26s left)
Iteration 730 / LogL: -241411.866 / Time: 32h:41m:35s (3h:8m:21s left)
Iteration 740 / LogL: -241591.003 / Time: 33h:5m:37s (2h:41m:12s left)
Iteration 750 / LogL: -241486.527 / Time: 33h:30m:56s (2h:14m:14s left)
Log-likelihood cutoff on original alignment: -241597.703
Iteration 760 / LogL: -241499.631 / Time: 33h:54m:12s (1h:47m:12s left)
Iteration 770 / LogL: -241431.740 / Time: 34h:18m:2s (1h:20m:17s left)
Iteration 780 / LogL: -241391.245 / Time: 34h:43m:31s (0h:53m:29s left)
Estimate model parameters (epsilon = 0.100)
BETTER TREE FOUND at iteration 781: -241357.394
Iteration 790 / LogL: -241393.029 / Time: 35h:9m:46s (4h:3m:19s left)
Iteration 800 / LogL: -241451.371 / Time: 35h:33m:58s (3h:36m:20s left)
Log-likelihood cutoff on original alignment: -241597.703
NOTE: Bootstrap correlation coefficient of split occurrence frequencies: 0.987
NOTE: UFBoot does not converge, continue at least 100 more iterations
Iteration 810 / LogL: -241456.606 / Time: 35h:58m:22s (4h:0m:6s left)
Iteration 820 / LogL: -241387.470 / Time: 36h:21m:52s (3h:33m:7s left)
Iteration 830 / LogL: -241406.517 / Time: 36h:47m:37s (3h:6m:24s left)
Iteration 840 / LogL: -241552.211 / Time: 37h:13m:25s (2h:39m:43s left)
Iteration 850 / LogL: -241474.140 / Time: 37h:36m:57s (2h:12m:55s left)
Log-likelihood cutoff on original alignment: -241597.703
Iteration 860 / LogL: -241685.299 / Time: 38h:0m:56s (1h:46m:12s left)
Iteration 870 / LogL: -241520.894 / Time: 38h:26m:3s (1h:19m:36s left)
Iteration 880 / LogL: -241442.191 / Time: 38h:50m:21s (0h:53m:1s left)
Iteration 890 / LogL: -241523.270 / Time: 39h:14m:44s (0h:26m:29s left)
Iteration 900 / LogL: -241447.649 / Time: 39h:38m:35s (0h:0m:0s left)
Log-likelihood cutoff on original alignment: -241597.703
NOTE: Bootstrap correlation coefficient of split occurrence frequencies: 0.991
TREE SEARCH COMPLETED AFTER 900 ITERATIONS / Time: 39h:38m:40s

--------------------------------------------------------------------
|                    FINALIZING TREE SEARCH                        |
--------------------------------------------------------------------
Performs final model parameters optimization
Estimate model parameters (epsilon = 0.010)
1. Initial log-likelihood: -241357.394
2. Current log-likelihood: -241357.382
Optimal log-likelihood: -241357.379
Site proportion and rates:  (0.046,0.021) (0.067,0.072) (0.080,0.154) (0.075,0.249) (0.129,0.369) (0.123,0.506) (0.123,0.713) (0.128,1.102) (0.163,1.924) (0.065,4.764)
Parameters optimization took 2 rounds (30.642 sec)
BEST SCORE FOUND : -241357.379

Testing tree branches by SH-like aLRT with 1000 replicates...
Alternative NNI shows better log-likelihood -241357.321 > -241357.379
Alternative NNI shows better log-likelihood -241356.703 > -241357.379
24.921 sec.
Creating bootstrap support values...
Split supports printed to NEXUS file gipr_iqtree_boostrap_modelfinder.splits.nex
Total tree length: 350.335

Total number of iterations: 900
CPU time used for tree search: 2101397.736 sec (583h:43m:17s)
Wall-clock time used for tree search: 142401.760 sec (39h:33m:21s)
Total CPU time used: 2106826.564 sec (585h:13m:46s)
Total wall-clock time used: 142782.144 sec (39h:39m:42s)

Computing bootstrap consensus tree...
Reading input file gipr_iqtree_boostrap_modelfinder.splits.nex...
1000 taxa and 4755 splits.
Consensus tree written to gipr_iqtree_boostrap_modelfinder.contree
Reading input trees file gipr_iqtree_boostrap_modelfinder.contree
Log-likelihood of consensus tree: -241355.933

Analysis results written to: 
  IQ-TREE report:                gipr_iqtree_boostrap_modelfinder.iqtree
  Maximum-likelihood tree:       gipr_iqtree_boostrap_modelfinder.treefile
  Likelihood distances:          gipr_iqtree_boostrap_modelfinder.mldist

Ultrafast bootstrap approximation results written to:
  Split support values:          gipr_iqtree_boostrap_modelfinder.splits.nex
  Consensus tree:                gipr_iqtree_boostrap_modelfinder.contree
  Screen log file:               gipr_iqtree_boostrap_modelfinder.log

Date and Time: Sun Jul 25 23:07:54 2021
