
RAxML-NG v. 1.0.3 released on 21.07.2021 by The Exelixis Lab.
Developed by: Alexey M. Kozlov and Alexandros Stamatakis.
Contributors: Diego Darriba, Tomas Flouri, Benoit Morel, Sarah Lutteropp, Ben Bettisworth.
Latest version: https://github.com/amkozlov/raxml-ng
Questions/problems/suggestions? Please visit: https://groups.google.com/forum/#!forum/raxml

System: Intel(R) Xeon(R) Gold 6140 CPU @ 2.30GHz, 36 cores, 251 GB RAM

RAxML-NG was called at 26-Nov-2021 10:43:26 as follows:

raxml-ng --all --msa /cta/users/ofkonar/work/results/trees/class_B1_raxmlng/class_B1_raxml_parse.raxml.reduced.phy --model JTT+R10 --prefix class_B1_raxml_tree --seed 777 --threads auto{20} --bs-metric fbp,tbe

Analysis options:
  run mode: ML tree search + bootstrapping (Felsenstein Bootstrap + Transfer Bootstrap)
  start tree(s): random (10) + parsimony (10)
  bootstrap replicates: max: 1000 + bootstopping (autoMRE, cutoff: 0.030000)
  random seed: 777
  tip-inner: OFF
  pattern compression: ON
  per-rate scalers: OFF
  site repeats: ON
  branch lengths: proportional (ML estimate, algorithm: NR-FAST)
  SIMD kernels: AVX2
  parallelization: coarse-grained (auto), PTHREADS (auto)

[00:00:00] Reading alignment from file: /cta/users/ofkonar/work/results/trees/class_B1_raxmlng/class_B1_raxml_parse.raxml.reduced.phy
[00:00:00] Loaded alignment with 466 taxa and 11201 sites

Alignment comprises 1 partitions and 7319 patterns

Partition 0: noname
Model: JTT+R10
Alignment sites / patterns: 11201 / 7319
Gaps: 95.49 %
Invariant sites: 50.92 %


NOTE: Binary MSA file created: class_B1_raxml_tree.raxml.rba

Parallelization scheme autoconfig: 2 worker(s) x 10 thread(s)

Parallel reduction/worker buffer size: 1 KB  / 0 KB

[00:00:00] Generating 10 random starting tree(s) with 466 taxa
[00:00:00] Generating 10 parsimony starting tree(s) with 466 taxa
[00:00:06] Data distribution: max. partitions/sites/weight per thread: 1 / 732 / 146400
[00:00:07] Data distribution: max. searches per worker: 510

Starting ML tree search with 20 distinct starting trees

[08:19:16] [worker #1] ML tree search #2, logLikelihood: -289310.523812
[09:42:05] [worker #0] ML tree search #1, logLikelihood: -289301.822294
[15:10:20] [worker #1] ML tree search #4, logLikelihood: -289304.648573
[17:34:59] [worker #0] ML tree search #3, logLikelihood: -289304.381340
[22:49:43] [worker #1] ML tree search #6, logLikelihood: -289298.794184
[24:17:57] [worker #0] ML tree search #5, logLikelihood: -289306.818055
[30:44:09] [worker #1] ML tree search #8, logLikelihood: -289302.584186
[31:37:24] [worker #0] ML tree search #7, logLikelihood: -289304.881952
[38:49:12] [worker #1] ML tree search #10, logLikelihood: -289304.003050
[38:57:02] [worker #0] ML tree search #9, logLikelihood: -289306.701896
[44:45:23] [worker #0] ML tree search #11, logLikelihood: -289304.447860
[44:55:15] [worker #1] ML tree search #12, logLikelihood: -289305.920346
[50:23:38] [worker #0] ML tree search #13, logLikelihood: -289305.504715
[50:35:51] [worker #1] ML tree search #14, logLikelihood: -289305.076986
[56:19:07] [worker #0] ML tree search #15, logLikelihood: -289306.079977
[56:26:01] [worker #1] ML tree search #16, logLikelihood: -289308.018216
[61:31:15] [worker #0] ML tree search #17, logLikelihood: -289309.085652
[62:32:03] [worker #1] ML tree search #18, logLikelihood: -289308.957275
[67:00:06] [worker #0] ML tree search #19, logLikelihood: -289308.371849
[154:59:33] [worker #1] ML tree search #20, logLikelihood: -289309.041235

[154:59:33] ML tree search completed, best tree logLH: -289298.794184

[154:59:33] Starting bootstrapping analysis with 1000 replicates.

slurmstepd: error: *** JOB 615797 ON cn03 CANCELLED AT 2021-12-03T10:48:55 DUE TO TIME LIMIT ***
