IQ-TREE multicore version 2.0.6 for Linux 64-bit built Aug  4 2020
Developed by Bui Quang Minh, Nguyen Lam Tung, Olga Chernomor,
Heiko Schmidt, Dominik Schrempf, Michael Woodhams.

Host:    cn05 (AVX512, FMA3, 251 GB RAM)
Command: iqtree2 -s /cta/users/ofkonar/work/resources/class_B1/canonical/sctr_filtered_fastas_blast_msa.fasta -B 1000 -alrt 1000 -T AUTO --threads-max 24 --prefix sctr_iqtree_boostrap_modelfinder
Seed:    22484 (Using SPRNG - Scalable Parallel Random Number Generator)
Time:    Tue Jul 27 05:46:17 2021
Kernel:  AVX+FMA - auto-detect threads (24 CPU cores detected)

Reading alignment file /cta/users/ofkonar/work/resources/class_B1/canonical/sctr_filtered_fastas_blast_msa.fasta ... Fasta format detected
Alignment most likely contains protein sequences
WARNING: 17 sites contain only gaps or ambiguous characters.
Alignment has 1000 sequences with 5500 columns, 3148 distinct patterns
932 parsimony-informative, 1185 singleton sites, 3383 constant sites
                                Gap/Ambiguity  Composition  p-value
   1  tr|F1QSJ4|F1QSJ4_DANRE           91.98%    failed      0.59%
   2  tr|E7FF76|E7FF76_DANRE           91.91%    passed     53.60%
   3  tr|F1R383|F1R383_DANRE           91.89%    failed      2.44%
   4  tr|A0A0R4IKR9|A0A0R4IKR9_DANRE   92.15%    failed      4.36%
   5  tr|E7FF79|E7FF79_DANRE           91.76%    failed      0.47%
   6  tr|F1R788|F1R788_DANRE           92.00%    passed     11.12%
   7  tr|Q309X7|Q309X7_CHICK           92.38%    failed      2.64%
   8  tr|F1P200|F1P200_CHICK           91.89%    passed     14.28%
   9  tr|F1NKQ1|F1NKQ1_CHICK           92.31%    passed     49.98%
  10  tr|Q56IA1|Q56IA1_CHICK           92.02%    failed      0.13%
  11  tr|B3F053|B3F053_CHICK           91.93%    failed      1.91%
  12  tr|A0A3Q2UHX2|A0A3Q2UHX2_CHICK   90.93%    passed     36.72%
  13  tr|D2CP28|D2CP28_CHICK           91.84%    passed      9.76%
  14  sp|P97751|VIPR1_MOUSE            91.65%    passed     17.41%
  15  sp|Q5FWI2|SCTR_MOUSE             91.87%    failed      0.01%
  16  sp|P41588|VIPR2_MOUSE            92.05%    failed      0.12%
  17  sp|P70205|PACR_MOUSE             90.98%    passed     44.12%
  18  tr|M3XPF0|M3XPF0_MUSPF           91.84%    failed      0.17%
  19  tr|M3YEW9|M3YEW9_MUSPF           91.96%    failed      0.26%
  20  tr|M3YK47|M3YK47_MUSPF           91.56%    failed      2.03%
  21  tr|H2MPZ5|H2MPZ5_ORYLA           92.09%    failed      1.46%
  22  tr|H2LHY9|H2LHY9_ORYLA           91.89%    failed      0.17%
  23  tr|H2MCM8|H2MCM8_ORYLA           91.89%    passed      7.49%
  24  tr|H2M8Y6|H2M8Y6_ORYLA           92.13%    passed     18.41%
  25  tr|A0A3B3I9J7|A0A3B3I9J7_ORYLA   91.91%    failed      1.06%
  26  tr|H2MCR9|H2MCR9_ORYLA           91.64%    failed      3.59%
  27  tr|H2MTX3|H2MTX3_ORYLA           90.80%    passed      8.98%
  28  tr|A0A3B3I9H4|A0A3B3I9H4_ORYLA   91.44%    passed     36.33%
  29  tr|G1QMW7|G1QMW7_NOMLE           90.36%    failed      0.00%
  30  tr|G1RH59|G1RH59_NOMLE           92.00%    failed      0.62%
  31  tr|A0A2I3GHM4|A0A2I3GHM4_NOMLE   92.24%    passed     10.56%
  32  tr|G1PY89|G1PY89_MYOLU           91.91%    failed      0.00%
  33  tr|G1P1I6|G1P1I6_MYOLU           91.78%    failed      0.02%
  34  tr|G1P592|G1P592_MYOLU           92.13%    passed     21.08%
  35  tr|G3H5D7|G3H5D7_CRIGR           91.95%    failed      0.01%
  36  tr|G3QNP3|G3QNP3_GORGO           91.69%    failed      3.24%
  37  tr|A0A2I2Z359|A0A2I2Z359_GORGO   89.96%    failed      0.00%
  38  tr|G3SA07|G3SA07_GORGO           92.00%    failed      0.31%
  39  tr|G3RIH3|G3RIH3_GORGO           90.47%    passed     31.92%
  40  tr|H2PB26|H2PB26_PONAB           91.69%    failed      1.03%
  41  tr|H2PP71|H2PP71_PONAB           92.36%    failed      0.70%
  42  tr|H2P7C5|H2P7C5_PONAB           92.45%    failed      3.43%
  43  tr|H2PMG5|H2PMG5_PONAB           91.15%    passed     35.12%
  44  tr|G1MT88|G1MT88_MELGA           91.49%    passed     46.96%
  45  tr|G3UTA8|G3UTA8_MELGA           91.93%    failed      3.62%
  46  sp|Q91085|VIPR_MELGA             91.69%    passed      6.03%
  47  tr|G1MSI5|G1MSI5_MELGA           92.38%    failed      1.54%
  48  tr|G1NI86|G1NI86_MELGA           91.82%    passed      5.81%
  49  tr|G1N143|G1N143_MELGA           92.20%    failed      0.42%
  50  tr|G1KF10|G1KF10_ANOCA           92.09%    passed      7.15%
  51  tr|G1KFF0|G1KFF0_ANOCA           92.00%    failed      3.20%
  52  tr|G1KFK2|G1KFK2_ANOCA           91.84%    failed      0.99%
  53  tr|G1KFA9|G1KFA9_ANOCA           90.82%    passed     17.24%
  54  tr|H9G4H4|H9G4H4_ANOCA           92.15%    failed      2.79%
  55  tr|G1KAG6|G1KAG6_ANOCA           92.05%    failed      0.07%
  56  tr|G1STM3|G1STM3_RABIT           91.91%    failed      0.06%
  57  tr|A0A5F9D0K4|A0A5F9D0K4_RABIT   91.69%    failed      1.65%
  58  tr|G1SJS9|G1SJS9_RABIT           92.02%    failed      1.58%
  59  tr|A0A5F9DV14|A0A5F9DV14_RABIT   90.02%    failed      0.50%
  60  sp|O46502|SCTR_RABIT             91.91%    failed      0.07%
  61  tr|A0A5F4CUH9|A0A5F4CUH9_CANLF   88.62%    failed      0.00%
  62  tr|F1P7Q3|F1P7Q3_CANLF           92.38%    failed      0.57%
  63  tr|E2RGU8|E2RGU8_CANLF           91.65%    passed     10.58%
  64  tr|H2QVP2|H2QVP2_PANTR           89.47%    failed      0.00%
  65  tr|A0A2I3SBB2|A0A2I3SBB2_PANTR   90.47%    passed     31.62%
  66  tr|A0A2I3T1V9|A0A2I3T1V9_PANTR   91.69%    failed      4.07%
  67  tr|H2QIM4|H2QIM4_PANTR           92.00%    failed      0.24%
  68  tr|F7DV77|F7DV77_ORNAN           91.00%    passed      5.82%
  69  tr|A0A6I8PAU6|A0A6I8PAU6_ORNAN   84.04%    failed      0.00%
  70  tr|F7BIH5|F7BIH5_MONDO           91.95%    passed     45.08%
  71  tr|F6R8T5|F6R8T5_MONDO           91.80%    passed     24.53%
  72  tr|F7CG94|F7CG94_MONDO           91.98%    failed      0.10%
  73  tr|A0A3Q2IKD1|A0A3Q2IKD1_HORSE   90.49%    failed      0.02%
  74  tr|A0A3Q2GXX1|A0A3Q2GXX1_HORSE   91.49%    failed      0.00%
  75  tr|A0A3Q2ICC0|A0A3Q2ICC0_HORSE   89.84%    failed      0.01%
  76  tr|W5PKZ4|W5PKZ4_SHEEP           92.29%    failed      0.01%
  77  tr|W5PSN2|W5PSN2_SHEEP           91.69%    failed      0.01%
  78  tr|W5NZL6|W5NZL6_SHEEP           91.05%    failed      0.00%
  79  sp|P30083|VIPR1_RAT              91.65%    passed      6.24%
  80  sp|P32215|PACR_RAT               90.49%    passed     34.18%
  81  sp|P35000|VIPR2_RAT              92.05%    failed      0.28%
  82  sp|P23811|SCTR_RAT               91.84%    failed      0.02%
  83  tr|M4A521|M4A521_XIPMA           91.96%    passed      7.98%
  84  tr|M4AR77|M4AR77_XIPMA           91.45%    passed     29.13%
  85  tr|A0A3B5QCT4|A0A3B5QCT4_XIPMA   91.09%    failed      0.82%
  86  tr|M3ZWI2|M3ZWI2_XIPMA           92.09%    failed      0.24%
  87  tr|M3ZDL9|M3ZDL9_XIPMA           91.89%    passed     18.29%
  88  tr|M3ZVZ5|M3ZVZ5_XIPMA           91.89%    passed     11.86%
  89  tr|M4ARC7|M4ARC7_XIPMA           92.05%    passed     17.39%
  90  tr|A0A669DZP2|A0A669DZP2_ORENI   91.96%    failed      2.27%
  91  tr|A0A669CPL3|A0A669CPL3_ORENI   91.91%    passed     13.35%
  92  tr|I3KTQ6|I3KTQ6_ORENI           91.47%    passed      9.13%
  93  tr|A0A669CLR1|A0A669CLR1_ORENI   91.42%    passed     13.84%
  94  tr|I3KC94|I3KC94_ORENI           92.00%    failed      0.86%
  95  tr|A0A669BAW5|A0A669BAW5_ORENI   91.96%    failed      3.27%
  96  tr|A0A669E7R0|A0A669E7R0_ORENI   91.44%    passed     24.65%
  97  tr|I3J1A0|I3J1A0_ORENI           92.49%    passed      8.39%
  98  tr|I3M8I3|I3M8I3_ICTTR           92.09%    failed      0.53%
  99  tr|I3MQT5|I3MQT5_ICTTR           91.67%    passed      5.40%
 100  tr|H0WJM1|H0WJM1_OTOGA           91.45%    passed     25.45%
 101  tr|H0WGS3|H0WGS3_OTOGA           93.02%    failed      2.85%
 102  tr|H0WY86|H0WY86_OTOGA           91.98%    failed      1.40%
 103  tr|H0WNJ3|H0WNJ3_OTOGA           91.67%    failed      0.90%
 104  tr|H2V8F6|H2V8F6_TAKRU           92.35%    failed      0.29%
 105  tr|A0A674MMM5|A0A674MMM5_TAKRU   88.33%    failed      0.00%
 106  tr|A0A674MA68|A0A674MA68_TAKRU   91.96%    failed      1.70%
 107  tr|A0A674NBR2|A0A674NBR2_TAKRU   91.75%    failed      0.51%
 108  tr|A0A674M9H5|A0A674M9H5_TAKRU   92.31%    failed      4.39%
 109  tr|A0A674NLB3|A0A674NLB3_TAKRU   91.15%    passed     43.84%
 110  tr|A0A674NZ76|A0A674NZ76_TAKRU   93.02%    failed      4.48%
 111  tr|A0A674MYW6|A0A674MYW6_TAKRU   92.13%    failed      0.26%
 112  tr|H0V6T8|H0V6T8_CAVPO           90.47%    passed     21.07%
 113  tr|H0V744|H0V744_CAVPO           91.98%    failed      0.16%
 114  tr|H0VT27|H0VT27_CAVPO           92.07%    failed      0.38%
 115  tr|A0A286XMQ0|A0A286XMQ0_CAVPO   92.11%    failed      0.69%
 116  sp|P32241|VIPR1_HUMAN            91.69%    failed      4.00%
 117  sp|P47872|SCTR_HUMAN             92.00%    failed      0.29%
 118  sp|P41587|VIPR2_HUMAN            92.04%    failed      0.28%
 119  sp|P41586|PACR_HUMAN             91.49%    passed     18.50%
 120  tr|F6TRW6|F6TRW6_MACMU           91.95%    failed      0.02%
 121  tr|A0A1D5R219|A0A1D5R219_MACMU   91.69%    failed      4.44%
 122  tr|A0A1D5Q8N3|A0A1D5Q8N3_MACMU   92.04%    failed      0.08%
 123  tr|F7GK38|F7GK38_MACMU           90.22%    passed     35.79%
 124  tr|G5ALX6|G5ALX6_HETGA           93.40%    passed     17.31%
 125  tr|G5C3J3|G5C3J3_HETGA           90.56%    passed     10.86%
 126  tr|G5AW90|G5AW90_HETGA           91.13%    failed      0.96%
 127  tr|K7GGM6|K7GGM6_PELSI           92.22%    passed     19.00%
 128  tr|K7F648|K7F648_PELSI           91.78%    passed     28.78%
 129  tr|K7FMV5|K7FMV5_PELSI           92.00%    failed      0.06%
 130  tr|K7GA46|K7GA46_PELSI           91.40%    passed     15.56%
 131  tr|K7GDU8|K7GDU8_PELSI           91.62%    failed      2.84%
 132  tr|H3C5M9|H3C5M9_TETNG           91.60%    passed      8.80%
 133  tr|H3CMC9|H3CMC9_TETNG           92.80%    failed      0.31%
 134  tr|H3CR63|H3CR63_TETNG           92.38%    passed     10.38%
 135  tr|H3CRC2|H3CRC2_TETNG           92.15%    failed      0.01%
 136  tr|H3D5B9|H3D5B9_TETNG           92.29%    passed     15.34%
 137  tr|H3CL61|H3CL61_TETNG           92.87%    failed      3.85%
 138  tr|H3BXU4|H3BXU4_TETNG           91.87%    passed      7.32%
 139  tr|H3DMQ6|H3DMQ6_TETNG           92.04%    passed     10.09%
 140  tr|G3PYK8|G3PYK8_GASAC           91.78%    passed     27.83%
 141  tr|G3NGC7|G3NGC7_GASAC           92.13%    failed      1.69%
 142  tr|G3NP55|G3NP55_GASAC           91.93%    passed     16.56%
 143  tr|G3NP79|G3NP79_GASAC           91.76%    passed     32.66%
 144  tr|G3PH86|G3PH86_GASAC           92.38%    passed     53.69%
 145  tr|G3PZZ7|G3PZZ7_GASAC           93.04%    failed      0.58%
 146  tr|G3SXX0|G3SXX0_LOXAF           92.95%    failed      1.75%
 147  tr|G3TGZ7|G3TGZ7_LOXAF           90.96%    passed     56.41%
 148  tr|G3T899|G3T899_LOXAF           91.78%    failed      1.58%
 149  tr|G3SS81|G3SS81_LOXAF           92.35%    failed      0.40%
 150  tr|G3W7S7|G3W7S7_SARHA           91.89%    passed     31.49%
 151  tr|A0A7N4NYK5|A0A7N4NYK5_SARHA   91.98%    failed      0.01%
 152  tr|G3WU25|G3WU25_SARHA           92.02%    passed      6.57%
 153  tr|A0A7N4UZV9|A0A7N4UZV9_SARHA   91.09%    passed     36.18%
 154  tr|H0YPY6|H0YPY6_TAEGU           90.60%    passed     28.56%
 155  tr|H0YPV9|H0YPV9_TAEGU           92.02%    failed      1.35%
 156  tr|H0ZVD5|H0ZVD5_TAEGU           91.22%    failed      1.29%
 157  tr|A0A674GXP8|A0A674GXP8_TAEGU   92.42%    passed     22.77%
 158  tr|A0A803K8E7|A0A803K8E7_XENTR   91.93%    passed      5.34%
 159  tr|A0A803KGP5|A0A803KGP5_XENTR   91.04%    passed     39.59%
 160  tr|A0A6I8PK67|A0A6I8PK67_XENTR   92.33%    passed     24.24%
 161  tr|A0A6I8QYN2|A0A6I8QYN2_XENTR   91.95%    failed      3.93%
 162  tr|F6XPH6|F6XPH6_CALJA           92.04%    failed      0.07%
 163  tr|F7FCP0|F7FCP0_CALJA           90.38%    failed      0.00%
 164  tr|A0A2R8NAE6|A0A2R8NAE6_CALJA   89.71%    passed     10.39%
 165  tr|F6THV9|F6THV9_CALJA           91.67%    failed      1.09%
 166  tr|I3LFB5|I3LFB5_PIG             91.95%    failed      0.02%
 167  tr|A0A287BT69|A0A287BT69_PIG     91.67%    passed      5.14%
 168  sp|Q28992|VIPR1_PIG              91.67%    passed      5.86%
 169  tr|E5F1H6|E5F1H6_PIG             91.49%    passed     17.97%
 170  tr|A0A287ACB8|A0A287ACB8_PIG     91.55%    failed      0.01%
 171  tr|A0A7N5JL27|A0A7N5JL27_AILME   91.76%    passed     11.72%
 172  tr|A0A7N5K130|A0A7N5K130_AILME   90.40%    failed      0.00%
 173  sp|Q29627|PACR_BOVIN             90.67%    passed     54.76%
 174  tr|F1MF07|F1MF07_BOVIN           91.69%    failed      0.88%
 175  tr|F1MIT6|F1MIT6_BOVIN           91.96%    failed      0.01%
 176  tr|A0A3Q1M5G0|A0A3Q1M5G0_BOVIN   91.56%    failed      0.00%
 177  tr|L5JYL5|L5JYL5_PTEAL           92.22%    failed      1.10%
 178  tr|L5KPS3|L5KPS3_PTEAL           90.98%    passed     53.47%
 179  tr|L5KH59|L5KH59_PTEAL           92.15%    passed     13.79%
 180  tr|L5L6Z2|L5L6Z2_PTEAL           92.95%    failed      0.05%
 181  tr|L8IX03|L8IX03_9CETA           90.47%    passed     24.15%
 182  tr|L8I055|L8I055_9CETA           92.35%    failed      0.01%
 183  tr|L8HPK2|L8HPK2_9CETA           94.38%    failed      0.59%
 184  tr|L8IT85|L8IT85_9CETA           92.11%    failed      2.64%
 185  tr|L9KYB7|L9KYB7_TUPCH           89.11%    failed      0.45%
 186  tr|L8Y5M7|L8Y5M7_TUPCH           93.53%    failed      2.87%
 187  tr|M3VYQ4|M3VYQ4_FELCA           90.44%    passed     17.78%
 188  tr|A0A337SUD5|A0A337SUD5_FELCA   91.65%    passed      5.87%
 189  tr|A0A5F5XCY0|A0A5F5XCY0_FELCA   91.64%    failed      0.00%
 190  tr|A0A5F5XJ08|A0A5F5XJ08_FELCA   87.78%    failed      0.00%
 191  tr|U3JDZ0|U3JDZ0_FICAL           91.91%    failed      0.06%
 192  tr|U3JE10|U3JE10_FICAL           91.93%    passed     22.01%
 193  tr|U3JDM9|U3JDM9_FICAL           92.36%    passed     13.59%
 194  tr|U3JWU4|U3JWU4_FICAL           92.73%    failed      0.12%
 195  tr|U3JDR5|U3JDR5_FICAL           90.60%    passed     28.82%
 196  tr|U3KGR0|U3KGR0_FICAL           91.84%    passed     19.16%
 197  tr|U3IM16|U3IM16_ANAPP           91.82%    passed     20.88%
 198  tr|U3IRG3|U3IRG3_ANAPP           91.95%    passed      7.30%
 199  tr|A0A493TG65|A0A493TG65_ANAPP   90.60%    passed     42.49%
 200  tr|A0A493U3H2|A0A493U3H2_ANAPP   92.40%    failed      2.23%
 201  tr|A0A3B1J280|A0A3B1J280_ASTMX   91.78%    failed      3.58%
 202  tr|A0A3B1JFR3|A0A3B1JFR3_ASTMX   92.04%    passed     21.55%
 203  tr|A0A3B1KJZ2|A0A3B1KJZ2_ASTMX   91.87%    failed      0.62%
 204  tr|A0A3B1JLY5|A0A3B1JLY5_ASTMX   91.15%    passed     14.55%
 205  tr|A0A3B1K5Z4|A0A3B1K5Z4_ASTMX   91.89%    passed     31.42%
 206  tr|A0A3B1J1G1|A0A3B1J1G1_ASTMX   92.51%    failed      0.22%
 207  tr|A0A3B1ISX9|A0A3B1ISX9_ASTMX   92.00%    passed     14.51%
 208  tr|A0A3B1ITM2|A0A3B1ITM2_ASTMX   92.02%    passed     17.23%
 209  tr|W5N6L8|W5N6L8_LEPOC           92.24%    failed      0.13%
 210  tr|W5MTE6|W5MTE6_LEPOC           92.38%    failed      0.35%
 211  tr|W5MTG6|W5MTG6_LEPOC           91.42%    passed     45.56%
 212  tr|W5MTN5|W5MTN5_LEPOC           91.93%    failed      0.71%
 213  tr|W5N3J5|W5N3J5_LEPOC           92.04%    failed      0.28%
 214  tr|W5MTL3|W5MTL3_LEPOC           92.02%    failed      1.78%
 215  tr|W5M678|W5M678_LEPOC           92.98%    failed      1.76%
 216  tr|A0A096LYR5|A0A096LYR5_POEFO   91.71%    failed      3.09%
 217  tr|A0A096LPV2|A0A096LPV2_POEFO   91.38%    failed      3.49%
 218  tr|A0A087YDJ2|A0A087YDJ2_POEFO   92.16%    passed     15.46%
 219  tr|A0A087XVS6|A0A087XVS6_POEFO   92.05%    failed      0.67%
 220  tr|A0A096MDR7|A0A096MDR7_POEFO   91.24%    passed     28.26%
 221  tr|A0A087XMS0|A0A087XMS0_POEFO   92.04%    passed     10.24%
 222  tr|A0A096MQK5|A0A096MQK5_PAPAN   91.95%    failed      0.03%
 223  tr|A0A096MT91|A0A096MT91_PAPAN   91.69%    failed      4.44%
 224  tr|A0A2I3N0J8|A0A2I3N0J8_PAPAN   90.25%    failed      0.00%
 225  tr|A0A091DCI7|A0A091DCI7_FUKDA   91.91%    failed      0.41%
 226  tr|A0A091DKD6|A0A091DKD6_FUKDA   91.24%    passed     35.97%
 227  tr|A0A091ENU1|A0A091ENU1_FUKDA   92.04%    failed      0.00%
 228  tr|A0A0D9RW55|A0A0D9RW55_CHLSB   91.69%    passed      5.55%
 229  tr|A0A0D9RQK8|A0A0D9RQK8_CHLSB   90.98%    passed     47.66%
 230  tr|A0A0D9R247|A0A0D9R247_CHLSB   92.04%    failed      0.29%
 231  tr|A0A0D9RVJ5|A0A0D9RVJ5_CHLSB   92.38%    failed      0.30%
 232  tr|S9XW05|S9XW05_CAMFR           90.22%    failed      0.06%
 233  tr|S9YHH9|S9YHH9_CAMFR           91.09%    failed      2.71%
 234  tr|M7BV94|M7BV94_CHEMY           92.31%    failed      0.38%
 235  tr|M7BBB0|M7BBB0_CHEMY           91.24%    failed      3.87%
 236  tr|A0A093BET3|A0A093BET3_CHAPE   92.80%    failed      4.23%
 237  tr|A0A0P7WFY2|A0A0P7WFY2_SCLFO   92.62%    passed     22.55%
 238  tr|A0A0P7V655|A0A0P7V655_SCLFO   92.60%    passed     13.37%
 239  tr|A0A151M0U5|A0A151M0U5_ALLMI   91.64%    passed     26.21%
 240  tr|A0A151PDN7|A0A151PDN7_ALLMI   91.89%    passed     34.67%
 241  tr|A0A151PDH7|A0A151PDH7_ALLMI   91.29%    failed      3.81%
 242  tr|A0A0Q3PP63|A0A0Q3PP63_AMAAE   91.44%    failed      0.43%
 243  tr|A0A0Q3XAN0|A0A0Q3XAN0_AMAAE   91.89%    passed      5.53%
 244  tr|A0A0Q3TR17|A0A0Q3TR17_AMAAE   92.05%    passed      8.89%
 245  tr|A0A0Q3M5E5|A0A0Q3M5E5_AMAAE   90.95%    passed     40.84%
 246  tr|A0A0Q3USQ2|A0A0Q3USQ2_AMAAE   92.02%    failed      0.12%
 247  tr|A0A091QCR1|A0A091QCR1_MERNU   92.76%    passed     11.40%
 248  tr|A0A091QBP0|A0A091QBP0_MERNU   92.25%    failed      0.21%
 249  tr|A0A091EHH2|A0A091EHH2_CORBR   92.25%    failed      0.36%
 250  tr|A0A091FAC0|A0A091FAC0_CORBR   92.38%    passed      6.65%
 251  tr|A0A091F1E9|A0A091F1E9_CORBR   92.76%    passed     53.73%
 252  tr|S7PZS5|S7PZS5_MYOBR           93.00%    failed      0.24%
 253  tr|S7MKN3|S7MKN3_MYOBR           90.96%    passed     20.33%
 254  tr|A0A091PYM1|A0A091PYM1_LEPDC   92.78%    failed      0.02%
 255  tr|A0A091JD35|A0A091JD35_EGRGA   92.87%    passed     30.26%
 256  tr|A0A091K933|A0A091K933_EGRGA   93.93%    passed      6.62%
 257  tr|A0A091JGW9|A0A091JGW9_EGRGA   93.25%    passed      7.75%
 258  tr|A0A091JK39|A0A091JK39_EGRGA   92.80%    failed      4.33%
 259  tr|A0A091IU07|A0A091IU07_EGRGA   92.25%    failed      0.27%
 260  tr|A0A091JK43|A0A091JK43_EGRGA   92.64%    passed     13.42%
 261  tr|A0A093C5P9|A0A093C5P9_9AVES   92.22%    passed      9.07%
 262  tr|A0A093C5G3|A0A093C5G3_9AVES   92.38%    passed      6.04%
 263  tr|A0A093C7T6|A0A093C7T6_9AVES   93.09%    passed      6.54%
 264  tr|A0A093QZD7|A0A093QZD7_PHACA   92.20%    failed      0.84%
 265  tr|A0A093R3Q0|A0A093R3Q0_PHACA   92.89%    passed     23.89%
 266  tr|A0A093QCH6|A0A093QCH6_PHACA   92.80%    passed      5.26%
 267  tr|A0A093PSD4|A0A093PSD4_9PASS   92.75%    failed      0.49%
 268  tr|A0A093PUZ9|A0A093PUZ9_9PASS   92.87%    passed     21.57%
 269  tr|A0A091UP36|A0A091UP36_NIPNI   92.87%    passed     18.88%
 270  tr|A0A091X6D6|A0A091X6D6_NIPNI   92.64%    passed     12.11%
 271  tr|A0A091W2N0|A0A091W2N0_NIPNI   92.67%    passed     10.94%
 272  tr|A0A091W1V8|A0A091W1V8_NIPNI   93.07%    failed      3.81%
 273  tr|A0A091W0P7|A0A091W0P7_NIPNI   92.80%    failed      2.27%
 274  tr|A0A087R0U6|A0A087R0U6_APTFO   92.25%    failed      0.20%
 275  tr|A0A087QVN1|A0A087QVN1_APTFO   92.87%    failed      4.91%
 276  tr|A0A087QVN2|A0A087QVN2_APTFO   92.80%    failed      3.00%
 277  tr|A0A087QNN1|A0A087QNN1_APTFO   92.87%    passed     24.38%
 278  tr|A0A087QVN3|A0A087QVN3_APTFO   92.75%    passed      9.44%
 279  tr|A0A087V4R0|A0A087V4R0_BALRE   92.64%    passed     21.50%
 280  tr|A0A087VBC1|A0A087VBC1_BALRE   92.78%    passed      9.88%
 281  tr|A0A091KJE6|A0A091KJE6_9GRUI   92.98%    failed      3.08%
 282  tr|A0A091L5J4|A0A091L5J4_9GRUI   92.64%    passed     10.41%
 283  tr|A0A091KZX7|A0A091KZX7_9GRUI   92.87%    passed     15.28%
 284  tr|A0A091KMJ5|A0A091KMJ5_9GRUI   92.78%    failed      4.10%
 285  tr|A0A091KED8|A0A091KED8_9GRUI   92.25%    failed      0.35%
 286  tr|A0A091RJD2|A0A091RJD2_9GRUI   92.84%    passed      8.43%
 287  tr|A0A091NH22|A0A091NH22_9PASS   92.71%    failed      2.42%
 288  tr|A0A091MN47|A0A091MN47_9PASS   92.22%    failed      3.04%
 289  tr|A0A093JVG3|A0A093JVG3_STRCA   92.87%    passed     27.82%
 290  tr|A0A093H731|A0A093H731_STRCA   93.00%    failed      3.26%
 291  tr|A0A093J220|A0A093J220_STRCA   92.65%    failed      2.08%
 292  tr|A0A093K690|A0A093K690_STRCA   92.25%    failed      0.16%
 293  tr|A0A093I2R1|A0A093I2R1_STRCA   92.80%    passed      7.37%
 294  tr|A0A091VS87|A0A091VS87_OPIHO   92.85%    passed     12.70%
 295  tr|A0A091VSW7|A0A091VSW7_OPIHO   92.55%    failed      1.69%
 296  tr|A0A091VQT5|A0A091VQT5_OPIHO   92.56%    passed     20.97%
 297  tr|A0A091VFX4|A0A091VFX4_OPIHO   92.87%    passed      6.88%
 298  tr|A0A091KQU8|A0A091KQU8_COLST   92.25%    failed      0.52%
 299  tr|A0A094NC75|A0A094NC75_ANTCR   92.85%    passed      9.74%
 300  tr|A0A094L9W4|A0A094L9W4_ANTCR   92.22%    passed      8.18%
 301  tr|A0A094KNW4|A0A094KNW4_ANTCR   92.80%    failed      3.11%
 302  tr|A0A091T6A5|A0A091T6A5_PHALP   92.82%    failed      3.29%
 303  tr|A0A091TPZ6|A0A091TPZ6_PHALP   92.67%    passed      9.83%
 304  tr|A0A091T5A5|A0A091T5A5_PHALP   93.42%    failed      2.14%
 305  tr|A0A091UNS2|A0A091UNS2_PHALP   92.64%    passed     16.41%
 306  tr|A0A099YTP2|A0A099YTP2_TINGU   93.47%    passed     29.26%
 307  tr|A0A099ZJB5|A0A099ZJB5_TINGU   92.25%    failed      1.05%
 308  tr|A0A099ZP12|A0A099ZP12_TINGU   92.69%    passed      5.36%
 309  tr|A0A093CRR2|A0A093CRR2_TAUER   92.87%    passed     20.39%
 310  tr|A0A093CA19|A0A093CA19_TAUER   93.05%    failed      2.20%
 311  tr|A0A091UFQ3|A0A091UFQ3_PHORB   92.25%    failed      0.26%
 312  tr|A0A091U9U0|A0A091U9U0_PHORB   92.87%    passed     13.36%
 313  tr|A0A091UZ03|A0A091UZ03_PHORB   92.80%    failed      3.24%
 314  tr|A0A091LH31|A0A091LH31_CATAU   93.91%    passed     11.73%
 315  tr|A0A091L479|A0A091L479_CATAU   92.80%    failed      4.18%
 316  tr|A0A091FM96|A0A091FM96_9AVES   92.89%    failed      3.85%
 317  tr|A0A091FUJ3|A0A091FUJ3_9AVES   92.80%    passed      8.76%
 318  tr|A0A091FXC4|A0A091FXC4_9AVES   92.25%    failed      0.45%
 319  tr|A0A091FYD2|A0A091FYD2_9AVES   92.85%    passed     27.76%
 320  tr|A0A093IR96|A0A093IR96_FULGA   92.64%    passed     13.35%
 321  tr|A0A093LLG0|A0A093LLG0_FULGA   92.84%    failed      4.74%
 322  tr|A0A093ILW6|A0A093ILW6_FULGA   92.87%    passed     17.82%
 323  tr|A0A091S7T5|A0A091S7T5_NESNO   92.80%    passed      7.75%
 324  tr|A0A091SBG9|A0A091SBG9_NESNO   92.38%    passed     12.35%
 325  tr|A0A094KW54|A0A094KW54_PODCR   92.87%    passed     23.56%
 326  tr|A0A0A0AMI0|A0A0A0AMI0_CHAVO   92.87%    passed     22.64%
 327  tr|A0A0A0A678|A0A0A0A678_CHAVO   92.80%    failed      4.37%
 328  tr|A0A0A0A7Y0|A0A0A0A7Y0_CHAVO   92.85%    passed     10.26%
 329  tr|A0A0A0AJS0|A0A0A0AJS0_CHAVO   92.25%    failed      0.29%
 330  tr|A0A0A0A4P1|A0A0A0A4P1_CHAVO   92.98%    passed     11.02%
 331  tr|A0A2I0MQV6|A0A2I0MQV6_COLLI   92.71%    failed      0.15%
 332  tr|A0A2I0MGK9|A0A2I0MGK9_COLLI   91.82%    passed     11.23%
 333  tr|A0A2I0MRF4|A0A2I0MRF4_COLLI   92.27%    failed      4.50%
 334  tr|A0A2I0MRD7|A0A2I0MRD7_COLLI   91.85%    passed     11.46%
 335  tr|A0A2I0MRE5|A0A2I0MRE5_COLLI   92.29%    passed      8.10%
 336  tr|A0A2I0MRD5|A0A2I0MRD5_COLLI   91.22%    passed     40.20%
 337  tr|A0A093GI94|A0A093GI94_DRYPU   92.25%    failed      0.29%
 338  tr|A0A093IFH6|A0A093IFH6_DRYPU   92.80%    failed      3.14%
 339  tr|A0A093G818|A0A093G818_DRYPU   92.64%    passed     13.35%
 340  tr|A0A093GU56|A0A093GU56_DRYPU   92.82%    passed      9.03%
 341  tr|A0A091HC20|A0A091HC20_BUCRH   92.38%    passed     12.41%
 342  tr|A0A091GRA4|A0A091GRA4_BUCRH   92.87%    passed     14.58%
 343  tr|A0A093PGD3|A0A093PGD3_PYGAD   92.25%    failed      0.16%
 344  tr|A0A093REA1|A0A093REA1_PYGAD   92.87%    passed     22.11%
 345  tr|A0A093P9T0|A0A093P9T0_PYGAD   92.64%    passed     13.80%
 346  tr|A0A093PNG2|A0A093PNG2_PYGAD   92.80%    failed      4.11%
 347  tr|A0A093PB84|A0A093PB84_PYGAD   92.80%    passed     11.91%
 348  tr|A0A091MK11|A0A091MK11_CARIC   92.22%    failed      4.49%
 349  tr|A0A091TH97|A0A091TH97_PELCR   95.53%    passed     34.53%
 350  tr|A0A093F9N4|A0A093F9N4_TYTAL   92.25%    failed      0.19%
 351  tr|A0A093EUF9|A0A093EUF9_TYTAL   92.58%    failed      1.50%
 352  tr|A0A093HIH2|A0A093HIH2_TYTAL   93.02%    passed     11.21%
 353  tr|A0A093L8L3|A0A093L8L3_EURHL   92.87%    passed     15.24%
 354  tr|A0A093I871|A0A093I871_EURHL   92.84%    passed     16.34%
 355  tr|A0A093ICE4|A0A093ICE4_EURHL   92.64%    passed      8.60%
 356  tr|A0A091NIS2|A0A091NIS2_APAVI   92.22%    passed      9.92%
 357  tr|A0A091MV47|A0A091MV47_APAVI   92.25%    failed      0.34%
 358  tr|A0A091MYS8|A0A091MYS8_APAVI   92.76%    failed      4.46%
 359  tr|A0A091IUW3|A0A091IUW3_CALAN   92.84%    passed     11.53%
 360  tr|A0A091IFG9|A0A091IFG9_CALAN   92.75%    passed     16.35%
 361  tr|A0A093FNJ0|A0A093FNJ0_GAVST   92.80%    failed      4.70%
 362  tr|A0A093EZK9|A0A093EZK9_GAVST   92.64%    passed     14.11%
 363  tr|A0A091PX03|A0A091PX03_HALAL   92.87%    passed     18.81%
 364  tr|A0A091NWN5|A0A091NWN5_HALAL   92.80%    failed      2.26%
 365  tr|A0A091P0B8|A0A091P0B8_HALAL   92.87%    passed     15.41%
 366  tr|A0A091PMP0|A0A091PMP0_HALAL   92.25%    failed      0.22%
 367  tr|A0A1S3W4N3|A0A1S3W4N3_ERIEU   92.44%    passed     24.54%
 368  tr|A0A1S3AMM0|A0A1S3AMM0_ERIEU   92.00%    failed      0.00%
 369  tr|A0A1S3A8K9|A0A1S3A8K9_ERIEU   90.98%    passed      7.11%
 370  tr|A0A1S2ZUQ3|A0A1S2ZUQ3_ERIEU   91.78%    failed      0.05%
 371  tr|A0A1S3GRL9|A0A1S3GRL9_DIPOR   90.98%    passed     31.41%
 372  tr|A0A1S3FHW9|A0A1S3FHW9_DIPOR   91.98%    failed      0.72%
 373  tr|A0A1S3LVW9|A0A1S3LVW9_SALSA   92.09%    failed      0.96%
 374  tr|A0A1S3MVF1|A0A1S3MVF1_SALSA   91.95%    passed     41.85%
 375  tr|A0A1S3P9B7|A0A1S3P9B7_SALSA   91.60%    failed      0.12%
 376  tr|A0A1S3M140|A0A1S3M140_SALSA   91.47%    passed     20.72%
 377  tr|A0A1S3KJM2|A0A1S3KJM2_SALSA   90.87%    failed      0.00%
 378  tr|A0A1S3R1G8|A0A1S3R1G8_SALSA   92.07%    failed      1.16%
 379  tr|A0A1S3PP88|A0A1S3PP88_SALSA   92.80%    failed      0.67%
 380  tr|A0A1S3KKC4|A0A1S3KKC4_SALSA   89.25%    failed      0.00%
 381  tr|A0A1S3MRH5|A0A1S3MRH5_SALSA   92.05%    passed     14.57%
 382  tr|A0A1A6GTE4|A0A1A6GTE4_NEOLE   91.67%    failed      1.39%
 383  tr|A0A1L8ES44|A0A1L8ES44_XENLA   92.20%    passed     28.68%
 384  tr|A0A1L8FQG9|A0A1L8FQG9_XENLA   91.93%    passed     14.53%
 385  tr|A0A1L8FQD9|A0A1L8FQD9_XENLA   91.73%    passed     15.02%
 386  tr|A0A1L8FV16|A0A1L8FV16_XENLA   87.95%    failed      0.05%
 387  tr|F8RUA9|F8RUA9_XENLA           91.82%    failed      3.03%
 388  tr|A0A1L8FV22|A0A1L8FV22_XENLA   91.93%    failed      3.34%
 389  tr|A0A1L8EKU8|A0A1L8EKU8_XENLA   92.33%    passed     15.86%
 390  tr|A0A1L8ENG6|A0A1L8ENG6_XENLA   91.76%    failed      2.70%
 391  tr|A0A1U7U3B6|A0A1U7U3B6_CARSF   92.44%    passed     19.35%
 392  tr|A0A3Q0DCP8|A0A3Q0DCP8_CARSF   91.56%    failed      0.03%
 393  tr|A0A1U7UQZ2|A0A1U7UQZ2_CARSF   90.40%    failed      0.08%
 394  tr|A0A1U7SVV3|A0A1U7SVV3_CARSF   90.98%    passed     32.16%
 395  tr|A0A3Q0GS33|A0A3Q0GS33_ALLSI   90.71%    passed     17.11%
 396  tr|A0A1U7RS28|A0A1U7RS28_ALLSI   91.82%    passed     23.77%
 397  tr|A0A3Q0GS41|A0A3Q0GS41_ALLSI   92.00%    failed      2.04%
 398  tr|A0A1U8D7Y1|A0A1U8D7Y1_ALLSI   92.42%    passed     29.56%
 399  tr|A0A1U7S3P2|A0A1U7S3P2_ALLSI   92.11%    failed      3.63%
 400  tr|A0A1U7QZQ9|A0A1U7QZQ9_MESAU   92.05%    failed      0.08%
 401  tr|A0A3Q0D2C5|A0A3Q0D2C5_MESAU   90.73%    passed     49.75%
 402  tr|A0A1U8BZI8|A0A1U8BZI8_MESAU   91.58%    failed      0.10%
 403  tr|A0A1U7QWB5|A0A1U7QWB5_MESAU   91.67%    failed      1.23%
 404  tr|A0A1V4KLD9|A0A1V4KLD9_PATFA   92.02%    failed      2.83%
 405  tr|A0A1V4KL94|A0A1V4KL94_PATFA   92.29%    failed      3.93%
 406  tr|A0A1V4KL87|A0A1V4KL87_PATFA   92.07%    passed     20.63%
 407  tr|A0A1V4KLG2|A0A1V4KLG2_PATFA   91.22%    passed     40.20%
 408  tr|A0A1V4K7A8|A0A1V4K7A8_PATFA   91.80%    passed      7.61%
 409  tr|A0A1V4KLL5|A0A1V4KLL5_PATFA   92.02%    failed      0.43%
 410  tr|A0A2I4CWK4|A0A2I4CWK4_9TELE   91.67%    passed     14.10%
 411  tr|A0A2I4C050|A0A2I4C050_9TELE   91.93%    passed      5.35%
 412  tr|A0A2I4CWH9|A0A2I4CWH9_9TELE   92.55%    passed      5.07%
 413  tr|A0A2I4DBA3|A0A2I4DBA3_9TELE   91.44%    passed     32.44%
 414  tr|A0A2I4CBY2|A0A2I4CBY2_9TELE   92.07%    failed      1.23%
 415  tr|A0A2I4C052|A0A2I4C052_9TELE   91.85%    passed      5.95%
 416  tr|A0A2I4AQA0|A0A2I4AQA0_9TELE   91.95%    failed      3.24%
 417  tr|A0A2I4B9I2|A0A2I4B9I2_9TELE   91.89%    passed     30.36%
 418  tr|A0A218UHN9|A0A218UHN9_9PASE   90.33%    failed      0.11%
 419  tr|A0A218UTB0|A0A218UTB0_9PASE   92.05%    failed      0.06%
 420  tr|A0A218UHL7|A0A218UHL7_9PASE   92.45%    passed      9.61%
 421  tr|A0A226P6K7|A0A226P6K7_COLVI   91.47%    passed     10.15%
 422  tr|A0A2K5EIX2|A0A2K5EIX2_AOTNA   90.67%    passed     31.61%
 423  tr|A0A2K5EFQ5|A0A2K5EFQ5_AOTNA   91.69%    failed      0.08%
 424  tr|A0A2K5DHX1|A0A2K5DHX1_AOTNA   91.95%    failed      0.15%
 425  tr|A0A2K5Q9A5|A0A2K5Q9A5_CEBIM   90.47%    passed     26.71%
 426  tr|A0A2K5Q1A3|A0A2K5Q1A3_CEBIM   91.95%    failed      0.06%
 427  tr|A0A2K5Q2Q5|A0A2K5Q2Q5_CEBIM   90.00%    failed      0.00%
 428  tr|A0A2K5RQU5|A0A2K5RQU5_CEBIM   91.69%    failed      0.66%
 429  tr|A0A2K5MG90|A0A2K5MG90_CERAT   91.95%    failed      0.02%
 430  tr|A0A2K5N7R1|A0A2K5N7R1_CERAT   91.69%    passed      5.08%
 431  tr|A0A2K5P3F2|A0A2K5P3F2_CERAT   89.45%    failed      0.00%
 432  tr|A0A2K5IRA2|A0A2K5IRA2_COLAP   92.35%    failed      0.19%
 433  tr|A0A2K5IP66|A0A2K5IP66_COLAP   92.58%    failed      0.01%
 434  tr|A0A2K5HT66|A0A2K5HT66_COLAP   91.69%    failed      3.51%
 435  tr|A0A2K5W7H9|A0A2K5W7H9_MACFA   91.95%    failed      0.02%
 436  tr|A0A2K5X117|A0A2K5X117_MACFA   91.56%    failed      0.08%
 437  tr|A0A2K5VP53|A0A2K5VP53_MACFA   92.40%    failed      0.86%
 438  tr|A0A2K6DYJ7|A0A2K6DYJ7_MACNE   91.64%    failed      0.73%
 439  tr|A0A2K6E6E3|A0A2K6E6E3_MACNE   92.55%    failed      0.36%
 440  tr|A0A2K6DXY6|A0A2K6DXY6_MACNE   89.51%    passed     16.37%
 441  tr|A0A2K5Y2C6|A0A2K5Y2C6_MANLE   90.93%    failed      0.00%
 442  tr|A0A2K5XM83|A0A2K5XM83_MANLE   92.00%    passed     22.30%
 443  tr|A0A2K5Y3M2|A0A2K5Y3M2_MANLE   91.95%    failed      0.04%
 444  tr|A0A2K6GIK3|A0A2K6GIK3_PROCO   91.98%    failed      0.07%
 445  tr|A0A2K6FND4|A0A2K6FND4_PROCO   90.47%    passed     28.05%
 446  tr|A0A2K6GA63|A0A2K6GA63_PROCO   91.67%    failed      4.56%
 447  tr|A0A2K6EYB3|A0A2K6EYB3_PROCO   91.91%    failed      0.01%
 448  tr|A0A2K6LB78|A0A2K6LB78_RHIBE   91.95%    failed      0.03%
 449  tr|A0A2K6M071|A0A2K6M071_RHIBE   89.51%    passed     27.36%
 450  tr|A0A2K6K399|A0A2K6K399_RHIBE   91.69%    failed      3.30%
 451  tr|A0A2K6MRS7|A0A2K6MRS7_RHIBE   89.71%    failed      0.00%
 452  tr|A0A2K6NW77|A0A2K6NW77_RHIRO   91.64%    failed      0.43%
 453  tr|A0A2K6RF28|A0A2K6RF28_RHIRO   91.85%    failed      0.00%
 454  tr|A0A2K6PB02|A0A2K6PB02_RHIRO   89.95%    failed      0.00%
 455  tr|A0A2K6S305|A0A2K6S305_SAIBB   90.24%    failed      0.00%
 456  tr|A0A2K6SQI7|A0A2K6SQI7_SAIBB   90.47%    passed     26.66%
 457  tr|A0A2K6T7V8|A0A2K6T7V8_SAIBB   92.44%    passed      5.82%
 458  tr|A0A2K6S1I2|A0A2K6S1I2_SAIBB   91.95%    failed      0.01%
 459  tr|A0A2I0TR80|A0A2I0TR80_LIMLA   91.71%    passed      8.70%
 460  tr|A0A2I0U9L7|A0A2I0U9L7_LIMLA   92.02%    failed      0.17%
 461  tr|A0A2P4THZ1|A0A2P4THZ1_BAMTH   92.47%    failed      0.79%
 462  tr|A0A2R8ZBW6|A0A2R8ZBW6_PANPA   92.07%    failed      0.33%
 463  tr|A0A2R9A531|A0A2R9A531_PANPA   90.60%    passed     28.26%
 464  tr|A0A2R8ZIZ6|A0A2R8ZIZ6_PANPA   91.69%    failed      4.07%
 465  tr|A0A2R8ZTG4|A0A2R8ZTG4_PANPA   89.55%    failed      0.00%
 466  tr|A0A3P9QDL9|A0A3P9QDL9_POERE   91.89%    passed     10.52%
 467  tr|A0A3P9NUP7|A0A3P9NUP7_POERE   89.91%    passed      6.33%
 468  tr|A0A3P9PR69|A0A3P9PR69_POERE   91.35%    passed     11.26%
 469  tr|A0A6J3RXZ7|A0A6J3RXZ7_TURTR   92.02%    failed      0.02%
 470  tr|A0A6J3S0Y0|A0A6J3S0Y0_TURTR   91.67%    failed      3.52%
 471  tr|A0A6J3RNY5|A0A6J3RNY5_TURTR   94.58%    failed      0.89%
 472  tr|A0A6J3RWW1|A0A6J3RWW1_TURTR   90.98%    passed     49.25%
 473  tr|A0A2U3W944|A0A2U3W944_ODORO   91.84%    failed      0.01%
 474  tr|A0A2U3ZUK8|A0A2U3ZUK8_ODORO   90.96%    passed     51.15%
 475  tr|A0A2U3WYD4|A0A2U3WYD4_ODORO   91.96%    failed      0.14%
 476  tr|A0A2U3WX81|A0A2U3WX81_ODORO   91.65%    passed      5.85%
 477  tr|A0A2U3YWB0|A0A2U3YWB0_LEPWE   92.40%    passed      9.56%
 478  tr|A0A7F8QXZ8|A0A7F8QXZ8_LEPWE   94.35%    failed      0.05%
 479  tr|A0A2U9BIP6|A0A2U9BIP6_SCOMX   91.71%    passed     37.21%
 480  tr|A0A2U9C5X0|A0A2U9C5X0_SCOMX   91.65%    failed      3.81%
 481  tr|A0A2U9BIP0|A0A2U9BIP0_SCOMX   91.42%    passed      6.92%
 482  tr|A0A2U9CVJ0|A0A2U9CVJ0_SCOMX   92.24%    failed      0.65%
 483  tr|A0A2U9BHY5|A0A2U9BHY5_SCOMX   91.96%    failed      0.04%
 484  tr|A0A2U9C1J3|A0A2U9C1J3_SCOMX   89.93%    passed      8.02%
 485  tr|A0A2U9BKT5|A0A2U9BKT5_SCOMX   91.89%    passed     17.88%
 486  tr|A0A2Y9D640|A0A2Y9D640_TRIMA   91.71%    failed      2.53%
 487  tr|A0A2Y9E1F6|A0A2Y9E1F6_TRIMA   90.96%    passed     57.57%
 488  tr|A0A2Y9G1L0|A0A2Y9G1L0_TRIMA   87.35%    failed      0.00%
 489  tr|A0A2Y9E2F1|A0A2Y9E2F1_TRIMA   91.96%    failed      0.10%
 490  tr|A0A2Y9G9R3|A0A2Y9G9R3_NEOSC   92.40%    passed     15.28%
 491  tr|A0A2Y9H152|A0A2Y9H152_NEOSC   90.96%    passed     53.65%
 492  tr|A0A2Y9HPE4|A0A2Y9HPE4_NEOSC   90.80%    failed      0.00%
 493  tr|A0A2Y9H9P9|A0A2Y9H9P9_NEOSC   90.16%    failed      0.05%
 494  tr|A0A2Y9INL5|A0A2Y9INL5_ENHLU   91.84%    failed      0.06%
 495  tr|A0A2Y9KK92|A0A2Y9KK92_ENHLU   91.96%    failed      0.88%
 496  tr|A0A2Y9JME2|A0A2Y9JME2_ENHLU   90.96%    passed     51.10%
 497  tr|A0A2Y9KVU2|A0A2Y9KVU2_ENHLU   91.65%    failed      0.43%
 498  tr|A0A2Y9LIS0|A0A2Y9LIS0_DELLE   91.65%    passed      6.52%
 499  tr|A0A2Y9MGZ7|A0A2Y9MGZ7_DELLE   95.13%    failed      0.16%
 500  tr|A0A2Y9P318|A0A2Y9P318_DELLE   90.98%    passed     48.27%
 501  tr|A0A2Y9NRD0|A0A2Y9NRD0_DELLE   91.95%    failed      0.03%
 502  tr|A0A2Y9ERA3|A0A2Y9ERA3_PHYMC   91.67%    failed      4.93%
 503  tr|A0A2Y9EJX1|A0A2Y9EJX1_PHYMC   92.18%    failed      0.00%
 504  tr|A0A2Y9TG63|A0A2Y9TG63_PHYMC   91.96%    failed      0.09%
 505  tr|A0A2Y9T8X4|A0A2Y9T8X4_PHYMC   90.98%    passed     28.50%
 506  tr|A0A315VPP0|A0A315VPP0_GAMAF   88.56%    failed      0.59%
 507  tr|A0A315W010|A0A315W010_GAMAF   91.07%    failed      1.85%
 508  tr|A0A315VYP9|A0A315VYP9_GAMAF   87.71%    failed      0.07%
 509  tr|A0A315VPG6|A0A315VPG6_GAMAF   91.78%    passed     19.79%
 510  tr|A0A315VQD2|A0A315VQD2_GAMAF   90.24%    passed      6.22%
 511  tr|A0A315W3E3|A0A315W3E3_GAMAF   83.69%    failed      0.00%
 512  tr|A0A315V3V9|A0A315V3V9_GAMAF   90.33%    failed      0.53%
 513  tr|A0A341C689|A0A341C689_NEOAA   91.67%    failed      4.29%
 514  tr|A0A341C7L2|A0A341C7L2_NEOAA   90.98%    passed     53.61%
 515  tr|A0A341C4V7|A0A341C4V7_NEOAA   89.11%    failed      0.00%
 516  tr|A0A3Q1CJH7|A0A3Q1CJH7_AMPOC   92.04%    passed     48.58%
 517  tr|A0A3Q1AW64|A0A3Q1AW64_AMPOC   92.00%    passed     11.04%
 518  tr|A0A3Q1BHB7|A0A3Q1BHB7_AMPOC   91.04%    passed     40.78%
 519  tr|A0A3Q1D6D2|A0A3Q1D6D2_AMPOC   91.60%    failed      1.36%
 520  tr|A0A3Q1CHU5|A0A3Q1CHU5_AMPOC   92.56%    passed     10.82%
 521  tr|A0A3Q1BEW5|A0A3Q1BEW5_AMPOC   92.67%    failed      0.69%
 522  tr|A0A3Q1CJC8|A0A3Q1CJC8_AMPOC   92.36%    passed      7.86%
 523  tr|A0A3Q1GAF8|A0A3Q1GAF8_9TELE   92.85%    failed      3.34%
 524  tr|A0A3Q1FGU1|A0A3Q1FGU1_9TELE   91.95%    passed      8.44%
 525  tr|A0A3Q1GSY7|A0A3Q1GSY7_9TELE   92.05%    failed      0.07%
 526  tr|A0A3Q1GV62|A0A3Q1GV62_9TELE   91.67%    passed      6.27%
 527  tr|A0A3Q1G5X6|A0A3Q1G5X6_9TELE   91.44%    passed     42.69%
 528  tr|A0A3Q4H4W3|A0A3Q4H4W3_NEOBR   91.98%    passed     22.45%
 529  tr|A0A3Q4HM93|A0A3Q4HM93_NEOBR   92.36%    failed      3.80%
 530  tr|A0A3Q4HKJ4|A0A3Q4HKJ4_NEOBR   92.18%    passed     28.45%
 531  tr|A0A3Q4GCV0|A0A3Q4GCV0_NEOBR   92.25%    passed      7.35%
 532  tr|A0A3Q4M7X3|A0A3Q4M7X3_NEOBR   92.53%    passed     15.19%
 533  tr|A0A3Q3WJP4|A0A3Q3WJP4_MOLML   91.31%    passed     64.41%
 534  tr|A0A3Q3VQ44|A0A3Q3VQ44_MOLML   92.18%    failed      0.09%
 535  tr|A0A3Q3WYB9|A0A3Q3WYB9_MOLML   92.56%    passed     70.13%
 536  tr|A0A3Q4B571|A0A3Q4B571_MOLML   92.36%    failed      0.23%
 537  tr|A0A3Q3X982|A0A3Q3X982_MOLML   92.15%    passed     14.96%
 538  tr|A0A3Q3WUS0|A0A3Q3WUS0_MOLML   91.84%    passed     10.71%
 539  tr|A0A3Q3L2M8|A0A3Q3L2M8_9TELE   92.07%    failed      0.50%
 540  tr|A0A3Q3SCI7|A0A3Q3SCI7_9TELE   92.00%    failed      1.34%
 541  tr|A0A7N8WPB5|A0A7N8WPB5_9TELE   91.93%    failed      1.18%
 542  tr|A0A7N9B1Q8|A0A7N9B1Q8_9TELE   92.18%    failed      0.70%
 543  tr|A0A3Q3M4F9|A0A3Q3M4F9_9TELE   91.60%    passed     16.36%
 544  tr|A0A7N8WSH0|A0A7N8WSH0_9TELE   91.44%    passed     32.00%
 545  tr|A0A3Q3FL65|A0A3Q3FL65_9LABR   91.76%    passed     18.51%
 546  tr|A0A3Q3MLH7|A0A3Q3MLH7_9LABR   91.42%    passed     37.24%
 547  tr|A0A3Q3GPK3|A0A3Q3GPK3_9LABR   92.33%    failed      0.02%
 548  tr|A0A3Q3FTK2|A0A3Q3FTK2_9LABR   91.56%    failed      0.09%
 549  tr|A0A3Q3GBB1|A0A3Q3GBB1_9LABR   91.78%    failed      0.00%
 550  tr|A0A3Q3MUV9|A0A3Q3MUV9_9LABR   91.93%    passed      7.34%
 551  tr|A0A3Q3FQM8|A0A3Q3FQM8_9LABR   91.93%    passed      6.66%
 552  tr|A0A3Q3E970|A0A3Q3E970_9LABR   91.96%    passed      9.54%
 553  tr|A0A384BQ12|A0A384BQ12_URSMA   90.96%    passed     38.76%
 554  tr|A0A384BXB6|A0A384BXB6_URSMA   92.31%    failed      2.69%
 555  tr|A0A384BP42|A0A384BP42_URSMA   92.04%    failed      0.04%
 556  tr|A0A384DM64|A0A384DM64_URSMA   91.69%    passed     10.51%
 557  tr|A0A384A1X5|A0A384A1X5_BALAS   93.15%    failed      0.21%
 558  tr|A0A384B1Q4|A0A384B1Q4_BALAS   91.67%    failed      3.51%
 559  tr|A0A384AWH5|A0A384AWH5_BALAS   91.91%    failed      0.00%
 560  tr|A0A452CC82|A0A452CC82_BALAS   90.98%    passed     42.37%
 561  tr|A0A3Q3BCA7|A0A3Q3BCA7_KRYMA   91.91%    passed     13.29%
 562  tr|A0A3Q2ZYA5|A0A3Q2ZYA5_KRYMA   91.58%    passed      5.87%
 563  tr|A0A3Q3BR07|A0A3Q3BR07_KRYMA   92.04%    passed      6.63%
 564  tr|A0A3Q3AAF4|A0A3Q3AAF4_KRYMA   91.95%    passed     15.40%
 565  tr|A0A3Q3B3L4|A0A3Q3B3L4_KRYMA   91.58%    failed      1.50%
 566  tr|A0A3Q3B4S1|A0A3Q3B4S1_KRYMA   91.95%    passed      5.73%
 567  tr|A0A3Q2X5B3|A0A3Q2X5B3_HAPBU   92.56%    failed      4.96%
 568  tr|A0A3Q2VEQ8|A0A3Q2VEQ8_HAPBU   91.42%    passed     24.89%
 569  tr|A0A3Q2X6M8|A0A3Q2X6M8_HAPBU   91.91%    passed     19.48%
 570  tr|A0A3Q2VT66|A0A3Q2VT66_HAPBU   91.96%    failed      3.19%
 571  tr|A0A3Q3BP34|A0A3Q3BP34_HAPBU   91.47%    passed      6.25%
 572  tr|A0A3Q2VDE4|A0A3Q2VDE4_HAPBU   91.80%    passed     30.23%
 573  tr|A0A3Q2V7H5|A0A3Q2V7H5_HAPBU   91.89%    passed     24.28%
 574  tr|A0A3Q2C7B4|A0A3Q2C7B4_CYPVA   92.29%    passed     19.95%
 575  tr|A0A3Q2DLE6|A0A3Q2DLE6_CYPVA   91.13%    passed     39.87%
 576  tr|A0A3Q2CJS7|A0A3Q2CJS7_CYPVA   92.40%    failed      3.41%
 577  tr|A0A3Q2C6C0|A0A3Q2C6C0_CYPVA   91.82%    passed     14.39%
 578  tr|A0A7N6BFQ7|A0A7N6BFQ7_ANATE   91.13%    passed     15.69%
 579  tr|A0A3Q1HCS7|A0A3Q1HCS7_ANATE   91.85%    passed     10.83%
 580  tr|A0A7N6A043|A0A7N6A043_ANATE   91.95%    passed      6.38%
 581  tr|A0A3Q1H302|A0A3Q1H302_ANATE   92.02%    failed      0.41%
 582  tr|A0A7N6AM81|A0A7N6AM81_ANATE   91.55%    passed      9.82%
 583  tr|A0A3Q1HQM4|A0A3Q1HQM4_ANATE   91.89%    failed      3.88%
 584  tr|A0A3P8TZH2|A0A3P8TZH2_AMPPE   92.47%    passed     10.16%
 585  tr|A0A3P8TVW5|A0A3P8TVW5_AMPPE   92.16%    passed     47.84%
 586  tr|A0A3P8UCX5|A0A3P8UCX5_AMPPE   92.85%    failed      1.69%
 587  tr|A0A3P8TPA6|A0A3P8TPA6_AMPPE   92.76%    failed      0.03%
 588  tr|A0A3P8WL51|A0A3P8WL51_CYNSE   91.95%    passed      6.17%
 589  tr|A0A3P8VKA5|A0A3P8VKA5_CYNSE   91.69%    passed      7.17%
 590  tr|A0A3P8VZ27|A0A3P8VZ27_CYNSE   91.27%    passed     30.94%
 591  tr|A0A3P8UT76|A0A3P8UT76_CYNSE   91.82%    passed      5.62%
 592  tr|A0A3P8UNI7|A0A3P8UNI7_CYNSE   91.38%    passed      8.38%
 593  tr|A0A3P8W1R3|A0A3P8W1R3_CYNSE   91.96%    passed     65.10%
 594  tr|A0A3P8UAH6|A0A3P8UAH6_CYNSE   92.44%    failed      0.56%
 595  tr|A0A3P8ZFX3|A0A3P8ZFX3_ESOLU   91.38%    passed     20.56%
 596  tr|A0A3P8YIQ0|A0A3P8YIQ0_ESOLU   91.15%    passed     21.14%
 597  tr|A0A3P8YY27|A0A3P8YY27_ESOLU   92.05%    failed      4.24%
 598  tr|A0A6Q2YMR3|A0A6Q2YMR3_ESOLU   90.47%    failed      0.07%
 599  tr|A0A3P8ZM74|A0A3P8ZM74_ESOLU   91.96%    passed      7.29%
 600  tr|A0A6Q2YHW3|A0A6Q2YHW3_ESOLU   90.93%    failed      1.49%
 601  tr|A0A3P9CLB5|A0A3P9CLB5_9CICH   92.47%    passed     41.08%
 602  tr|A0A3P9DBP8|A0A3P9DBP8_9CICH   92.16%    failed      0.32%
 603  tr|A0A3P9CW20|A0A3P9CW20_9CICH   91.96%    failed      3.35%
 604  tr|A0A3P9CM39|A0A3P9CM39_9CICH   91.47%    passed      6.25%
 605  tr|A0A3P9C186|A0A3P9C186_9CICH   91.25%    passed     10.59%
 606  tr|A0A340WFD9|A0A340WFD9_LIPVE   91.69%    failed      4.58%
 607  tr|A0A340XXL8|A0A340XXL8_LIPVE   91.95%    failed      0.02%
 608  tr|A0A340Y101|A0A340Y101_LIPVE   90.98%    passed     20.89%
 609  tr|A0A340YHX2|A0A340YHX2_LIPVE   93.16%    failed      1.54%
 610  tr|A0A3M0KZM4|A0A3M0KZM4_HIRRU   92.42%    passed      9.99%
 611  tr|A0A3M0JUG8|A0A3M0JUG8_HIRRU   90.42%    failed      0.01%
 612  tr|A0A3L8T0U9|A0A3L8T0U9_CHLGU   91.69%    failed      0.18%
 613  tr|A0A3L8SNG1|A0A3L8SNG1_CHLGU   91.87%    passed     34.83%
 614  tr|A0A3N0YZY4|A0A3N0YZY4_ANAGA   93.35%    passed     19.24%
 615  tr|A0A3N0Z545|A0A3N0Z545_ANAGA   92.42%    passed      5.88%
 616  tr|A0A3N0ZAN4|A0A3N0ZAN4_ANAGA   92.25%    failed      2.89%
 617  tr|A0A437CH79|A0A437CH79_ORYJA   90.31%    passed     24.75%
 618  tr|A0A437DFV3|A0A437DFV3_ORYJA   91.62%    failed      3.41%
 619  tr|A0A437DJP7|A0A437DJP7_ORYJA   91.91%    failed      0.28%
 620  tr|A0A437C8M0|A0A437C8M0_ORYJA   91.95%    failed      2.18%
 621  tr|A0A437CF90|A0A437CF90_ORYJA   92.05%    failed      0.12%
 622  tr|A0A437CH68|A0A437CH68_ORYJA   92.07%    passed     21.70%
 623  tr|A0A3S2PI75|A0A3S2PI75_ORYJA   91.93%    passed     11.77%
 624  tr|A0A3Q7V1E0|A0A3Q7V1E0_VULVU   91.93%    failed      0.10%
 625  tr|A0A3Q7S483|A0A3Q7S483_VULVU   91.96%    failed      0.47%
 626  tr|A0A3Q7V5K1|A0A3Q7V5K1_VULVU   90.95%    passed     42.02%
 627  tr|A0A3Q7T7Z2|A0A3Q7T7Z2_VULVU   92.42%    passed     12.50%
 628  tr|A0A3Q7MU50|A0A3Q7MU50_CALUR   92.13%    failed      0.47%
 629  tr|A0A3Q7N4L3|A0A3Q7N4L3_CALUR   91.96%    failed      0.03%
 630  tr|A0A3Q7RFT8|A0A3Q7RFT8_CALUR   91.65%    passed     10.01%
 631  tr|A0A3Q7QLG6|A0A3Q7QLG6_CALUR   90.96%    passed     55.11%
 632  tr|A0A3Q7WHS0|A0A3Q7WHS0_URSAR   90.96%    passed     38.76%
 633  tr|A0A3Q7XHR7|A0A3Q7XHR7_URSAR   91.80%    failed      0.00%
 634  tr|A0A3Q7UUI8|A0A3Q7UUI8_URSAR   91.96%    failed      0.74%
 635  tr|A0A3Q7WDZ4|A0A3Q7WDZ4_URSAR   91.76%    passed     15.84%
 636  tr|A0A401S9N4|A0A401S9N4_CHIPU   92.18%    failed      0.47%
 637  tr|A0A401SU79|A0A401SU79_CHIPU   91.87%    passed      6.21%
 638  tr|A0A401NKQ9|A0A401NKQ9_SCYTO   92.09%    passed      9.89%
 639  tr|A0A401Q2Q1|A0A401Q2Q1_SCYTO   92.67%    passed     10.20%
 640  tr|A0A402F168|A0A402F168_9SAUR   91.87%    passed     51.02%
 641  tr|A0A402F110|A0A402F110_9SAUR   91.38%    passed     36.66%
 642  tr|A0A402FAH7|A0A402FAH7_9SAUR   92.35%    failed      0.13%
 643  tr|A0A402F6W4|A0A402F6W4_9SAUR   91.05%    passed     11.88%
 644  tr|A0A498MWY4|A0A498MWY4_LABRO   92.15%    passed     26.11%
 645  tr|A0A498NNZ0|A0A498NNZ0_LABRO   92.64%    failed      1.72%
 646  tr|A0A452FS30|A0A452FS30_CAPHI   92.02%    failed      0.22%
 647  tr|A0A452G0E4|A0A452G0E4_CAPHI   91.96%    failed      0.00%
 648  tr|A0A452FIH0|A0A452FIH0_CAPHI   91.67%    failed      0.37%
 649  tr|A0A452DSR3|A0A452DSR3_CAPHI   90.60%    passed     24.40%
 650  tr|A0A452IRD1|A0A452IRD1_9SAUR   90.89%    passed     22.99%
 651  tr|A0A452GTM1|A0A452GTM1_9SAUR   91.91%    passed     19.95%
 652  tr|A0A452IWE4|A0A452IWE4_9SAUR   92.47%    failed      0.03%
 653  tr|A0A452J4K4|A0A452J4K4_9SAUR   92.27%    passed     43.50%
 654  tr|A0A452QNJ9|A0A452QNJ9_URSAM   91.80%    failed      0.00%
 655  tr|A0A484CQM3|A0A484CQM3_PERFV   91.45%    passed     38.58%
 656  tr|A0A484D138|A0A484D138_PERFV   91.56%    failed      0.81%
 657  tr|A0A484C7H5|A0A484C7H5_PERFV   91.98%    failed      0.01%
 658  tr|A0A484D143|A0A484D143_PERFV   91.80%    passed     25.58%
 659  tr|R0M4K5|R0M4K5_ANAPL           92.25%    failed      0.49%
 660  tr|R0LJJ8|R0LJJ8_ANAPL           92.87%    passed     45.02%
 661  tr|R0JN62|R0JN62_ANAPL           92.84%    passed     14.50%
 662  tr|R0LAV0|R0LAV0_ANAPL           91.53%    passed     17.47%
 663  tr|R0KZ55|R0KZ55_ANAPL           92.80%    passed      7.77%
 664  tr|A0A4D9E7C0|A0A4D9E7C0_9SAUR   92.44%    passed     10.76%
 665  tr|A0A4D9E9G0|A0A4D9E9G0_9SAUR   91.40%    passed     12.85%
 666  tr|A0A4D9EAL7|A0A4D9EAL7_9SAUR   91.53%    passed     17.66%
 667  tr|A0A4D9EQ57|A0A4D9EQ57_9SAUR   92.02%    failed      0.14%
 668  tr|A0A4D9ECR9|A0A4D9ECR9_9SAUR   91.56%    passed      6.95%
 669  tr|A0A4D9DTN2|A0A4D9DTN2_9SAUR   92.29%    passed     14.02%
 670  tr|A0A4U5UJH8|A0A4U5UJH8_COLLU   90.65%    passed      7.65%
 671  tr|A0A4U5VHG1|A0A4U5VHG1_COLLU   90.31%    failed      0.18%
 672  tr|A0A4U5UJG6|A0A4U5UJG6_COLLU   91.60%    passed     14.26%
 673  tr|A0A4V6AQA5|A0A4V6AQA5_COLLU   91.91%    passed     20.20%
 674  tr|A0A5N4E5P8|A0A5N4E5P8_CAMDR   92.56%    failed      0.06%
 675  tr|A0A4U1EHZ0|A0A4U1EHZ0_MONMO   89.60%    failed      0.00%
 676  tr|A0A4U1EHR8|A0A4U1EHR8_MONMO   91.65%    passed      6.84%
 677  tr|A0A4Z2HF54|A0A4Z2HF54_9TELE   92.62%    passed     15.32%
 678  tr|A0A4W6BZQ3|A0A4W6BZQ3_LATCA   92.05%    failed      0.15%
 679  tr|A0A4W6BSE0|A0A4W6BSE0_LATCA   90.00%    passed     57.22%
 680  tr|A0A4W6DCC3|A0A4W6DCC3_LATCA   91.95%    failed      1.51%
 681  tr|A0A4W6F689|A0A4W6F689_LATCA   90.87%    passed      7.93%
 682  tr|A0A4W6BT62|A0A4W6BT62_LATCA   89.95%    failed      0.08%
 683  tr|A0A4W6F7U4|A0A4W6F7U4_LATCA   91.55%    failed      2.32%
 684  tr|A0A4W6CJY6|A0A4W6CJY6_LATCA   92.42%    failed      4.22%
 685  tr|A0A4W2BQ19|A0A4W2BQ19_BOBOX   91.67%    failed      0.87%
 686  tr|A0A4W2CQ66|A0A4W2CQ66_BOBOX   90.47%    passed     26.42%
 687  tr|A0A4W2FPX7|A0A4W2FPX7_BOBOX   92.11%    failed      0.08%
 688  tr|A0A4W5P9S2|A0A4W5P9S2_9TELE   92.09%    failed      1.36%
 689  tr|A0A4W5Q4D9|A0A4W5Q4D9_9TELE   92.24%    passed     11.59%
 690  tr|A0A4W5QD32|A0A4W5QD32_9TELE   91.82%    failed      3.82%
 691  tr|A0A4W5Q3Y5|A0A4W5Q3Y5_9TELE   90.24%    failed      0.00%
 692  tr|A0A4W4H5N1|A0A4W4H5N1_ELEEL   92.00%    passed     17.01%
 693  tr|A0A4W4FFS3|A0A4W4FFS3_ELEEL   92.05%    passed     58.29%
 694  tr|A0A4W4H001|A0A4W4H001_ELEEL   92.27%    failed      2.28%
 695  tr|A0A4W4GA25|A0A4W4GA25_ELEEL   91.95%    failed      2.80%
 696  tr|A0A4W4DVX3|A0A4W4DVX3_ELEEL   90.98%    passed     12.68%
 697  tr|A0A4W3HJ89|A0A4W3HJ89_CALMI   91.51%    passed      6.74%
 698  tr|V9KG85|V9KG85_CALMI           92.18%    failed      0.11%
 699  tr|A0A4X2KRN0|A0A4X2KRN0_VOMUR   91.93%    failed      4.09%
 700  tr|A0A4X2JVF4|A0A4X2JVF4_VOMUR   91.09%    passed     10.90%
 701  tr|A0A4X2LP41|A0A4X2LP41_VOMUR   90.78%    passed     23.21%
 702  tr|A0A556TWG4|A0A556TWG4_BAGYA   91.80%    failed      0.03%
 703  tr|A0A5C6P3I6|A0A5C6P3I6_9TELE   92.02%    failed      2.02%
 704  tr|A0A5C6NZI4|A0A5C6NZI4_9TELE   90.31%    passed      8.39%
 705  tr|A0A5C6MWD4|A0A5C6MWD4_9TELE   92.33%    failed      4.23%
 706  tr|A0A5C6P4K6|A0A5C6P4K6_9TELE   92.13%    failed      0.32%
 707  tr|A0A5C6MT71|A0A5C6MT71_9TELE   82.04%    failed      0.00%
 708  tr|A0A5C6P1F4|A0A5C6P1F4_9TELE   90.80%    failed      0.16%
 709  tr|A0A5C6NTW7|A0A5C6NTW7_9TELE   89.58%    failed      0.40%
 710  tr|A0A5A9N4X6|A0A5A9N4X6_9TELE   90.64%    failed      2.95%
 711  tr|A0A5A9PA98|A0A5A9PA98_9TELE   90.82%    passed      8.16%
 712  tr|A0A5N3Y1Z4|A0A5N3Y1Z4_MUNRE   88.02%    failed      0.00%
 713  tr|A0A5N3XR16|A0A5N3XR16_MUNRE   91.35%    passed     33.29%
 714  tr|A0A5J5MLH0|A0A5J5MLH0_MUNRE   92.73%    failed      0.22%
 715  tr|A0A5N5KZG9|A0A5N5KZG9_PANHP   91.31%    passed      7.83%
 716  tr|A0A5N5PD64|A0A5N5PD64_PANHP   92.00%    passed     15.99%
 717  tr|A0A5N5PXB8|A0A5N5PXB8_PANHP   91.76%    failed      2.40%
 718  tr|A0A5N5PZ45|A0A5N5PZ45_PANHP   91.89%    passed     30.65%
 719  tr|A0A5N5KSG1|A0A5N5KSG1_PANHP   91.44%    failed      2.56%
 720  tr|A0A5N5KSE5|A0A5N5KSE5_PANHP   91.80%    failed      1.38%
 721  tr|A0A5E4AT72|A0A5E4AT72_MARMO   91.84%    failed      0.07%
 722  tr|A0A5E4AHP8|A0A5E4AHP8_MARMO   91.87%    passed     28.66%
 723  tr|A0A5E4B9S7|A0A5E4B9S7_MARMO   91.85%    failed      0.91%
 724  tr|A0A485MPM6|A0A485MPM6_LYNPA   92.04%    failed      0.90%
 725  tr|A0A485MKM9|A0A485MKM9_LYNPA   91.89%    failed      0.02%
 726  tr|A0A485NRT1|A0A485NRT1_LYNPA   91.65%    failed      2.98%
 727  tr|A0A485NA59|A0A485NA59_LYNPA   91.49%    passed     13.75%
 728  tr|A0A6G0IHP1|A0A6G0IHP1_LARCR   91.40%    passed     19.46%
 729  tr|A0A643BM27|A0A643BM27_BALPH   95.53%    failed      4.20%
 730  tr|A0A643CB79|A0A643CB79_BALPH   92.20%    passed      7.93%
 731  tr|A0A643BZ78|A0A643BZ78_BALPH   92.80%    passed     50.64%
 732  tr|A0A6A5EAD3|A0A6A5EAD3_PERFL   92.89%    failed      0.52%
 733  tr|A0A6A5E4Y5|A0A6A5E4Y5_PERFL   91.42%    passed     32.88%
 734  tr|A0A6A5F1N2|A0A6A5F1N2_PERFL   91.56%    failed      1.26%
 735  tr|A0A6A5E0W6|A0A6A5E0W6_PERFL   91.67%    failed      3.65%
 736  tr|A0A6A5F358|A0A6A5F358_PERFL   90.71%    failed      2.10%
 737  tr|A0A6A5E9I6|A0A6A5E9I6_PERFL   92.49%    passed      9.40%
 738  tr|A0A671EA41|A0A671EA41_RHIFE   91.91%    failed      0.06%
 739  tr|A0A671FAN0|A0A671FAN0_RHIFE   91.71%    passed      5.21%
 740  tr|A0A671F9N5|A0A671F9N5_RHIFE   92.05%    failed      0.28%
 741  tr|A0A671G0L0|A0A671G0L0_RHIFE   90.47%    passed     10.70%
 742  tr|A0A671NCA3|A0A671NCA3_9TELE   91.56%    failed      2.30%
 743  tr|A0A671R882|A0A671R882_9TELE   91.93%    passed      6.61%
 744  tr|A0A671MFN7|A0A671MFN7_9TELE   92.49%    passed     16.03%
 745  tr|A0A671NW12|A0A671NW12_9TELE   91.49%    passed     35.45%
 746  tr|A0A671KEP0|A0A671KEP0_9TELE   91.35%    passed     64.84%
 747  tr|A0A671S5F6|A0A671S5F6_9TELE   92.07%    failed      2.08%
 748  tr|A0A671N503|A0A671N503_9TELE   91.78%    failed      2.00%
 749  tr|A0A671NHE0|A0A671NHE0_9TELE   92.16%    failed      0.56%
 750  tr|A0A671RIW3|A0A671RIW3_9TELE   91.95%    passed      6.97%
 751  tr|A0A671TFF9|A0A671TFF9_9TELE   92.49%    failed      0.23%
 752  tr|A0A671SZ85|A0A671SZ85_9TELE   92.02%    passed     62.29%
 753  tr|A0A669R2E9|A0A669R2E9_PHACC   91.09%    passed     29.79%
 754  tr|A0A669QNU2|A0A669QNU2_PHACC   91.87%    passed     11.57%
 755  tr|A0A669PH32|A0A669PH32_PHACC   92.20%    passed     24.04%
 756  tr|A0A669P1C9|A0A669P1C9_PHACC   92.02%    failed      0.02%
 757  tr|A0A672SLB6|A0A672SLB6_SINGR   91.35%    passed     61.62%
 758  tr|A0A672T2H4|A0A672T2H4_SINGR   92.11%    passed      5.45%
 759  tr|A0A672SLS0|A0A672SLS0_SINGR   92.44%    passed     23.61%
 760  tr|A0A672T2H9|A0A672T2H9_SINGR   92.16%    passed     83.91%
 761  tr|A0A672SKT7|A0A672SKT7_SINGR   91.85%    failed      0.12%
 762  tr|A0A672NGK9|A0A672NGK9_SINGR   91.75%    passed     50.73%
 763  tr|A0A672JW19|A0A672JW19_SINGR   91.35%    failed      2.80%
 764  tr|A0A667YE22|A0A667YE22_9TELE   92.51%    passed     24.80%
 765  tr|A0A667YQ67|A0A667YQ67_9TELE   92.18%    failed      2.04%
 766  tr|A0A667YW02|A0A667YW02_9TELE   91.78%    failed      0.37%
 767  tr|A0A667WH47|A0A667WH47_9TELE   92.40%    failed      2.18%
 768  tr|A0A668ACB5|A0A668ACB5_9TELE   92.16%    failed      2.46%
 769  tr|A0A667ZN58|A0A667ZN58_9TELE   93.47%    failed      0.13%
 770  tr|A0A667YG44|A0A667YG44_9TELE   91.78%    passed      8.16%
 771  tr|A0A665VI47|A0A665VI47_ECHNA   92.36%    failed      0.78%
 772  tr|A0A665WGN8|A0A665WGN8_ECHNA   91.24%    passed      6.49%
 773  tr|A0A665WDT2|A0A665WDT2_ECHNA   91.87%    failed      3.33%
 774  tr|A0A665WDK0|A0A665WDK0_ECHNA   92.71%    passed      5.25%
 775  tr|A0A665WC46|A0A665WC46_ECHNA   91.87%    passed     23.96%
 776  tr|A0A671WFF4|A0A671WFF4_SPAAU   91.98%    failed      0.09%
 777  tr|A0A671Y1L5|A0A671Y1L5_SPAAU   91.58%    failed      1.40%
 778  tr|A0A671XCE7|A0A671XCE7_SPAAU   91.58%    passed      8.13%
 779  tr|A0A671WAG5|A0A671WAG5_SPAAU   91.95%    passed      5.30%
 780  tr|A0A671VM66|A0A671VM66_SPAAU   91.42%    passed     30.21%
 781  tr|A0A671VJY6|A0A671VJY6_SPAAU   91.84%    passed     10.78%
 782  tr|A0A671Z2R8|A0A671Z2R8_SPAAU   92.04%    failed      0.16%
 783  tr|A0A671XBC5|A0A671XBC5_SPAAU   91.84%    passed     13.21%
 784  tr|A0A672TJC8|A0A672TJC8_STRHB   91.93%    failed      1.96%
 785  tr|A0A672TSA3|A0A672TSA3_STRHB   91.44%    passed     24.59%
 786  tr|A0A672TPR7|A0A672TPR7_STRHB   91.89%    passed     12.79%
 787  tr|A0A672UJ95|A0A672UJ95_STRHB   92.07%    failed      0.83%
 788  tr|A0A672G6T0|A0A672G6T0_SALFA   91.11%    passed     13.21%
 789  tr|A0A672IIP4|A0A672IIP4_SALFA   91.98%    failed      0.01%
 790  tr|A0A672GP58|A0A672GP58_SALFA   91.98%    passed     25.00%
 791  tr|A0A672HN44|A0A672HN44_SALFA   91.80%    failed      1.31%
 792  tr|A0A672HZQ7|A0A672HZQ7_SALFA   91.58%    passed     14.25%
 793  tr|A0A672HPD7|A0A672HPD7_SALFA   91.82%    failed      1.97%
 794  tr|A0A673SSZ7|A0A673SSZ7_SURSU   91.89%    failed      0.01%
 795  tr|A0A673SZG1|A0A673SZG1_SURSU   91.65%    passed      8.95%
 796  tr|A0A663M953|A0A663M953_ATHCN   90.95%    passed     16.11%
 797  tr|A0A663M3Y6|A0A663M3Y6_ATHCN   92.24%    failed      0.40%
 798  tr|A0A663M736|A0A663M736_ATHCN   91.96%    failed      1.43%
 799  tr|A0A663M4U4|A0A663M4U4_ATHCN   91.93%    passed     14.09%
 800  tr|A0A663N758|A0A663N758_ATHCN   91.89%    passed      9.32%
 801  tr|A0A673ISF0|A0A673ISF0_9TELE   92.38%    passed      5.07%
 802  tr|A0A673IDK7|A0A673IDK7_9TELE   91.96%    failed      0.26%
 803  tr|A0A673MLH0|A0A673MLH0_9TELE   92.02%    passed     62.57%
 804  tr|A0A673FTX3|A0A673FTX3_9TELE   92.47%    passed     10.34%
 805  tr|A0A673II01|A0A673II01_9TELE   91.40%    passed     51.00%
 806  tr|A0A673H2P6|A0A673H2P6_9TELE   92.05%    passed     21.72%
 807  tr|A0A673HZB3|A0A673HZB3_9TELE   92.04%    failed      0.82%
 808  tr|A0A673L355|A0A673L355_9TELE   91.95%    passed      7.39%
 809  tr|A0A673I082|A0A673I082_9TELE   91.91%    failed      0.97%
 810  tr|A0A673IVH8|A0A673IVH8_9TELE   91.87%    passed     49.33%
 811  tr|A0A672YC48|A0A672YC48_9TELE   91.82%    passed      7.94%
 812  tr|A0A672YMD9|A0A672YMD9_9TELE   91.58%    passed     18.77%
 813  tr|A0A673CAY1|A0A673CAY1_9TELE   92.36%    failed      3.85%
 814  tr|A0A673A8B9|A0A673A8B9_9TELE   93.11%    passed      7.23%
 815  tr|A0A672ZY89|A0A672ZY89_9TELE   91.85%    failed      0.00%
 816  tr|A0A670ISS8|A0A670ISS8_PODMU   92.02%    failed      1.47%
 817  tr|A0A670J7V1|A0A670J7V1_PODMU   92.44%    failed      0.06%
 818  tr|A0A670ITC3|A0A670ITC3_PODMU   92.35%    passed     15.02%
 819  tr|A0A670ICY0|A0A670ICY0_PODMU   92.82%    passed     59.00%
 820  tr|A0A670IUN2|A0A670IUN2_PODMU   91.15%    passed     14.98%
 821  tr|A0A670JRS4|A0A670JRS4_PODMU   91.85%    passed     22.52%
 822  tr|A0A670YSZ5|A0A670YSZ5_PSETE   91.24%    passed     14.93%
 823  tr|A0A670ZSZ2|A0A670ZSZ2_PSETE   92.27%    failed      2.97%
 824  tr|A0A670YYV0|A0A670YYV0_PSETE   94.07%    failed      2.02%
 825  tr|A0A674JB60|A0A674JB60_TERCA   95.65%    failed      0.44%
 826  tr|A0A674IQM7|A0A674IQM7_TERCA   92.31%    passed      9.60%
 827  tr|A0A674IRT4|A0A674IRT4_TERCA   92.44%    passed     23.73%
 828  tr|A0A674HWC9|A0A674HWC9_TERCA   92.04%    failed      0.09%
 829  tr|A0A674IX96|A0A674IX96_TERCA   91.22%    passed     30.78%
 830  tr|A0A663DUE9|A0A663DUE9_AQUCH   92.02%    failed      0.13%
 831  tr|A0A663F2L4|A0A663F2L4_AQUCH   92.44%    failed      3.59%
 832  tr|A0A663DM13|A0A663DM13_AQUCH   92.33%    passed      7.12%
 833  tr|A0A663F288|A0A663F288_AQUCH   90.80%    passed     35.17%
 834  tr|A0A668U4W7|A0A668U4W7_OREAU   91.55%    failed      0.73%
 835  tr|A0A668RHC6|A0A668RHC6_OREAU   92.18%    passed     16.47%
 836  tr|A0A668U3R3|A0A668U3R3_OREAU   91.71%    passed     15.97%
 837  tr|A0A668VET7|A0A668VET7_OREAU   92.76%    passed      6.31%
 838  tr|A0A668RLU1|A0A668RLU1_OREAU   91.98%    passed     15.04%
 839  tr|A0A668SHC1|A0A668SHC1_OREAU   92.02%    passed      7.63%
 840  tr|A0A673YWQ4|A0A673YWQ4_SALTR   92.05%    passed     14.62%
 841  tr|A0A674D4S4|A0A674D4S4_SALTR   92.05%    passed     24.49%
 842  tr|A0A674BQW0|A0A674BQW0_SALTR   90.85%    failed      0.00%
 843  tr|A0A674D1D7|A0A674D1D7_SALTR   91.67%    failed      2.19%
 844  tr|A0A674BDQ8|A0A674BDQ8_SALTR   91.13%    failed      0.00%
 845  tr|A0A674BTP7|A0A674BTP7_SALTR   91.80%    passed     14.21%
 846  tr|A0A674BKK0|A0A674BKK0_SALTR   91.27%    passed      6.75%
 847  tr|A0A674AQ79|A0A674AQ79_SALTR   92.00%    passed      6.46%
 848  tr|A0A6G1BGK2|A0A6G1BGK2_CROCR   92.29%    failed      0.28%
 849  tr|A0A6G1AFL2|A0A6G1AFL2_CROCR   92.25%    failed      0.30%
 850  tr|A0A6G1AJ14|A0A6G1AJ14_CROCR   90.65%    passed     42.59%
 851  tr|A0A6G1BAD1|A0A6G1BAD1_CROCR   91.93%    passed      5.36%
 852  tr|A0A6F9AJN0|A0A6F9AJN0_9TELE   91.18%    failed      1.03%
 853  tr|A0A6G1PJK8|A0A6G1PJK8_9TELE   90.76%    failed      3.60%
 854  tr|A0A6G1QLN1|A0A6G1QLN1_9TELE   91.95%    failed      1.49%
 855  tr|A0A6G1PKC6|A0A6G1PKC6_9TELE   91.71%    passed      6.16%
 856  tr|A0A6I9M2R6|A0A6I9M2R6_PERMB   92.05%    failed      0.15%
 857  tr|A0A6J0DZW2|A0A6J0DZW2_PERMB   90.87%    passed     24.05%
 858  tr|A0A6I9LDP5|A0A6I9LDP5_PERMB   91.67%    failed      0.00%
 859  tr|A0A6I9LFS0|A0A6I9LFS0_PERMB   91.67%    failed      4.53%
 860  tr|A0A6I9HST9|A0A6I9HST9_GEOFO   91.95%    failed      1.68%
 861  tr|A0A6I9HPX9|A0A6I9HPX9_GEOFO   91.71%    failed      0.29%
 862  tr|A0A6I9HBW2|A0A6I9HBW2_GEOFO   91.84%    passed     13.04%
 863  tr|A0A6I9I410|A0A6I9I410_VICPA   90.98%    passed     57.79%
 864  tr|A0A6J3BBJ0|A0A6J3BBJ0_VICPA   91.65%    passed      7.08%
 865  tr|A0A6J3ALR9|A0A6J3ALR9_VICPA   93.00%    failed      1.68%
 866  tr|A0A6I9MWD4|A0A6I9MWD4_9TELE   91.29%    failed      2.69%
 867  tr|A0A6I9PGT5|A0A6I9PGT5_9TELE   91.87%    failed      2.63%
 868  tr|A0A6I9P7T7|A0A6I9P7T7_9TELE   91.69%    passed     26.57%
 869  tr|A0A6I9P7T3|A0A6I9P7T3_9TELE   91.29%    passed     16.12%
 870  tr|A0A6I9MMS3|A0A6I9MMS3_9TELE   92.75%    passed      6.07%
 871  tr|A0A6J1TR27|A0A6J1TR27_9SAUR   91.33%    failed      2.32%
 872  tr|A0A6J1VJD7|A0A6J1VJD7_9SAUR   92.07%    failed      3.38%
 873  tr|A0A6J1V606|A0A6J1V606_9SAUR   91.80%    passed     12.73%
 874  tr|A0A6J1V618|A0A6J1V618_9SAUR   90.80%    passed     39.51%
 875  tr|A0A6J0Z7R0|A0A6J0Z7R0_ODOVR   92.40%    failed      0.39%
 876  tr|A0A6I9YG85|A0A6I9YG85_9SAUR   90.75%    passed     71.26%
 877  tr|A0A6I9XN40|A0A6I9XN40_9SAUR   92.09%    failed      0.79%
 878  tr|A0A6J0V912|A0A6J0V912_9SAUR   92.02%    passed     16.53%
 879  tr|A0A6J0V2E2|A0A6J0V2E2_9SAUR   91.40%    passed     34.30%
 880  tr|A0A6J0SFZ7|A0A6J0SFZ7_9SAUR   91.67%    passed     12.49%
 881  tr|A0A6J0VI56|A0A6J0VI56_9SAUR   91.85%    passed     10.00%
 882  tr|A0A6J0SKJ3|A0A6J0SKJ3_9SAUR   92.02%    failed      0.58%
 883  tr|A0A6I9IYA5|A0A6I9IYA5_CHRAS   90.96%    passed     48.77%
 884  tr|A0A6I9KFS3|A0A6I9KFS3_CHRAS   92.76%    failed      0.00%
 885  tr|A0A6I9K3F7|A0A6I9K3F7_CHRAS   91.93%    passed      5.66%
 886  tr|A0A6J1XW05|A0A6J1XW05_ACIJB   91.65%    passed      6.52%
 887  tr|A0A6J1YP75|A0A6J1YP75_ACIJB   91.96%    failed      0.53%
 888  tr|A0A6J1Z4S7|A0A6J1Z4S7_ACIJB   91.91%    failed      0.03%
 889  tr|A0A6J2HYR4|A0A6J2HYR4_9PASS   91.65%    passed      9.06%
 890  tr|A0A6J2GN64|A0A6J2GN64_9PASS   92.02%    failed      0.05%
 891  tr|A0A6J2HXU6|A0A6J2HXU6_9PASS   92.00%    failed      1.34%
 892  tr|A0A7R5KL02|A0A7R5KL02_9PASS   90.22%    passed     28.81%
 893  tr|A0A6J2GVU0|A0A6J2GVU0_9PASS   91.82%    passed     11.31%
 894  tr|A0A7E6DKK9|A0A7E6DKK9_9CHIR   91.82%    failed      1.34%
 895  tr|A0A6J2MPI1|A0A6J2MPI1_9CHIR   91.05%    passed     51.37%
 896  tr|A0A6J2M4U7|A0A6J2M4U7_9CHIR   91.71%    failed      0.28%
 897  tr|A0A6J2MQE6|A0A6J2MQE6_9CHIR   91.96%    failed      0.00%
 898  tr|A0A6J2RI70|A0A6J2RI70_COTGO   91.31%    passed      8.13%
 899  tr|A0A6J2QXY2|A0A6J2QXY2_COTGO   91.71%    failed      1.11%
 900  tr|A0A6J2PK60|A0A6J2PK60_COTGO   92.45%    failed      2.96%
 901  tr|A0A6J2RL70|A0A6J2RL70_COTGO   92.07%    failed      0.26%
 902  tr|A0A6J2PGC4|A0A6J2PGC4_COTGO   91.84%    passed     11.66%
 903  tr|A0A6J2RWN3|A0A6J2RWN3_COTGO   91.95%    failed      3.65%
 904  tr|A0A6J2PKU3|A0A6J2PKU3_COTGO   91.56%    passed      7.75%
 905  tr|A0A6J2RJB2|A0A6J2RJB2_COTGO   91.87%    failed      4.87%
 906  tr|A0A6J2RH86|A0A6J2RH86_COTGO   91.76%    passed     22.77%
 907  tr|A0A6J2WSA6|A0A6J2WSA6_CHACN   91.78%    passed      8.60%
 908  tr|A0A6J2WR48|A0A6J2WR48_CHACN   92.16%    passed     17.50%
 909  tr|A0A6J2UZP8|A0A6J2UZP8_CHACN   92.33%    passed      6.97%
 910  tr|A0A6J2VBG3|A0A6J2VBG3_CHACN   91.16%    passed     10.56%
 911  tr|A0A6J2VI03|A0A6J2VI03_CHACN   92.35%    failed      0.24%
 912  tr|A0A6J2VDA0|A0A6J2VDA0_CHACN   90.62%    failed      0.00%
 913  tr|A0A6J2V141|A0A6J2V141_CHACN   91.87%    failed      1.35%
 914  tr|A0A6J2VAG9|A0A6J2VAG9_CHACN   91.95%    passed     14.69%
 915  tr|A0A6J2WIG1|A0A6J2WIG1_CHACN   91.55%    passed     32.89%
 916  tr|A0A6J2WG37|A0A6J2WG37_CHACN   91.58%    passed     15.71%
 917  tr|A0A6J3CLN3|A0A6J3CLN3_AYTFU   91.95%    passed     11.32%
 918  tr|A0A6J3D4C6|A0A6J3D4C6_AYTFU   91.82%    passed     16.93%
 919  tr|A0A6J3CQM4|A0A6J3CQM4_AYTFU   92.09%    passed     12.22%
 920  tr|A0A6J3CMV3|A0A6J3CMV3_AYTFU   92.04%    failed      0.07%
 921  tr|A0A6J3CHJ8|A0A6J3CHJ8_AYTFU   92.18%    failed      1.38%
 922  tr|A0A6J3CPF4|A0A6J3CPF4_AYTFU   90.80%    passed     25.79%
 923  tr|A0A6J3F597|A0A6J3F597_SAPAP   91.96%    failed      0.41%
 924  tr|A0A6J3FM84|A0A6J3FM84_SAPAP   91.95%    failed      0.05%
 925  tr|A0A6J3GRS7|A0A6J3GRS7_SAPAP   89.76%    failed      0.00%
 926  tr|A0A6J3IL41|A0A6J3IL41_SAPAP   89.73%    passed     23.89%
 927  sp|Q90308|VIPR_CARAU             91.87%    passed     19.87%
 928  tr|A0A6P6R7J0|A0A6P6R7J0_CARAU   92.02%    passed     24.34%
 929  tr|A0A6P6NBD8|A0A6P6NBD8_CARAU   92.47%    failed      1.21%
 930  tr|A0A6P6JRM2|A0A6P6JRM2_CARAU   92.00%    passed     17.51%
 931  tr|A0A6P6J3X2|A0A6P6J3X2_CARAU   91.98%    failed      0.44%
 932  tr|A0A6P6MAR0|A0A6P6MAR0_CARAU   91.98%    failed      0.28%
 933  tr|A0A6P6KPL3|A0A6P6KPL3_CARAU   91.91%    failed      0.52%
 934  tr|A0A6P6KBN8|A0A6P6KBN8_CARAU   91.75%    failed      4.47%
 935  tr|A0A6P6MBQ0|A0A6P6MBQ0_CARAU   91.45%    passed     16.27%
 936  tr|A0A6P6JF02|A0A6P6JF02_CARAU   91.80%    failed      0.95%
 937  tr|A0A6P6KBR5|A0A6P6KBR5_CARAU   91.91%    passed     54.94%
 938  tr|A0A6P6N2L2|A0A6P6N2L2_CARAU   92.29%    passed     33.01%
 939  tr|O73768|O73768_CARAU           92.04%    failed      0.11%
 940  tr|A0A6P6PKW8|A0A6P6PKW8_CARAU   91.91%    passed     48.30%
 941  tr|A0A6P6JE83|A0A6P6JE83_CARAU   91.89%    passed      9.29%
 942  tr|A0A6P6N8R2|A0A6P6N8R2_CARAU   91.85%    passed     10.13%
 943  tr|A0A6P6PJX6|A0A6P6PJX6_CARAU   91.75%    failed      1.35%
 944  tr|A0A6P6PAG4|A0A6P6PAG4_CARAU   90.78%    passed     17.50%
 945  tr|A0A6P6IC46|A0A6P6IC46_PUMCO   90.98%    passed     37.30%
 946  tr|A0A6P6IAI8|A0A6P6IAI8_PUMCO   88.09%    failed      0.00%
 947  tr|A0A6P6IA26|A0A6P6IA26_PUMCO   90.65%    failed      0.00%
 948  tr|A0A6P5DL81|A0A6P5DL81_BOSIN   91.69%    failed      1.63%
 949  tr|A0A6P5BQR8|A0A6P5BQR8_BOSIN   90.69%    passed     58.64%
 950  tr|A0A6P5DQ44|A0A6P5DQ44_BOSIN   91.65%    failed      0.93%
 951  tr|A0A6P5KLY5|A0A6P5KLY5_PHACI   91.98%    failed      0.02%
 952  tr|A0A6P5LGW6|A0A6P5LGW6_PHACI   91.91%    passed     51.42%
 953  tr|A0A6P5IG44|A0A6P5IG44_PHACI   89.51%    passed      5.05%
 954  tr|A0A6P5IC55|A0A6P5IC55_PHACI   91.93%    passed      7.96%
 955  tr|A0A6P7K793|A0A6P7K793_9TELE   92.05%    failed      0.36%
 956  tr|A0A6P7KJY8|A0A6P7KJY8_9TELE   91.89%    failed      1.42%
 957  tr|A0A6P7I8I8|A0A6P7I8I8_9TELE   91.45%    failed      0.58%
 958  tr|A0A6P7I607|A0A6P7I607_9TELE   90.76%    failed      3.53%
 959  tr|A0A6P7K4Q6|A0A6P7K4Q6_9TELE   91.33%    passed     37.63%
 960  tr|A0A6P7K9F8|A0A6P7K9F8_9TELE   91.89%    passed      7.43%
 961  tr|A0A6P7K9V1|A0A6P7K9V1_9TELE   92.80%    passed     29.01%
 962  tr|A0A6P7KWG6|A0A6P7KWG6_BETSP   92.05%    failed      3.69%
 963  tr|A0A6P7KWM7|A0A6P7KWM7_BETSP   91.38%    passed      7.72%
 964  tr|A0A6P7M6D3|A0A6P7M6D3_BETSP   90.40%    failed      0.42%
 965  tr|A0A6P7MAB6|A0A6P7MAB6_BETSP   91.93%    failed      3.75%
 966  tr|A0A6P7M8S8|A0A6P7M8S8_BETSP   91.56%    failed      2.60%
 967  tr|A0A6P8GVY0|A0A6P8GVY0_CLUHA   91.85%    failed      1.56%
 968  tr|A0A6P8EHP1|A0A6P8EHP1_CLUHA   91.65%    passed     12.09%
 969  tr|A0A6P8EW61|A0A6P8EW61_CLUHA   92.18%    passed     20.14%
 970  tr|A0A6P8ETK6|A0A6P8ETK6_CLUHA   92.07%    passed     12.49%
 971  tr|A0A6P3VHG1|A0A6P3VHG1_CLUHA   91.91%    failed      1.38%
 972  tr|A0A6P3W6S7|A0A6P3W6S7_CLUHA   92.73%    passed      5.68%
 973  tr|A0A6P8F4V9|A0A6P8F4V9_CLUHA   91.98%    failed      2.18%
 974  tr|A0A6P7X6I6|A0A6P7X6I6_9AMPH   91.40%    passed     25.43%
 975  tr|A0A6P7YNY5|A0A6P7YNY5_9AMPH   91.67%    passed      5.95%
 976  tr|A0A6P7XQ22|A0A6P7XQ22_9AMPH   92.05%    failed      1.19%
 977  tr|A0A6P7XLZ8|A0A6P7XLZ8_9AMPH   91.96%    failed      0.51%
 978  tr|A0A6P9AJ54|A0A6P9AJ54_PANGU   91.93%    failed      4.46%
 979  tr|A0A6P9D8U0|A0A6P9D8U0_PANGU   91.80%    failed      1.46%
 980  tr|A0A6P8PFT7|A0A6P8PFT7_GEOSA   91.56%    passed     15.12%
 981  tr|A0A6P8QNL1|A0A6P8QNL1_GEOSA   92.22%    passed      7.57%
 982  tr|A0A6P8PYF2|A0A6P8PYF2_GEOSA   91.93%    failed      0.26%
 983  tr|A0A6P8PFU3|A0A6P8PFU3_GEOSA   91.93%    failed      4.08%
 984  tr|A0A6P8X045|A0A6P8X045_GYMAC   90.73%    failed      1.86%
 985  tr|A0A6P8VC98|A0A6P8VC98_GYMAC   91.89%    passed      5.55%
 986  tr|A0A6P8VHE7|A0A6P8VHE7_GYMAC   91.29%    passed     20.69%
 987  tr|A0A6P8SYZ6|A0A6P8SYZ6_GYMAC   91.93%    failed      3.51%
 988  tr|A0A6P8UPV2|A0A6P8UPV2_GYMAC   92.07%    failed      0.52%
 989  tr|A0A6P8UTA1|A0A6P8UTA1_GYMAC   92.47%    failed      2.41%
 990  tr|A0A6P8X0A3|A0A6P8X0A3_GYMAC   91.60%    passed     14.85%
 991  tr|A0A6P6CQS7|A0A6P6CQS7_PTEVA   91.56%    failed      0.00%
 992  tr|A0A6P6CBM2|A0A6P6CBM2_PTEVA   91.65%    passed      5.29%
 993  tr|A0A6P6D8I0|A0A6P6D8I0_OCTDE   92.00%    failed      3.85%
 994  tr|A0A6P6E0E8|A0A6P6E0E8_OCTDE   91.85%    failed      0.07%
 995  tr|A0A6P3V9Y1|A0A6P3V9Y1_OCTDE   92.00%    failed      0.14%
 996  tr|A0A6P6E0A1|A0A6P6E0A1_OCTDE   90.85%    passed     30.95%
 997  tr|A0A6P3H556|A0A6P3H556_BISBI   92.42%    failed      2.53%
 998  tr|A0A6P3J6M4|A0A6P3J6M4_BISBI   92.11%    failed      0.08%
 999  tr|A0A6P3GLR6|A0A6P3GLR6_BISBI   90.80%    failed      0.08%
1000  tr|A0A6P3GL33|A0A6P3GL33_BISBI   90.67%    passed     49.18%
WARNING: 1000 sequences contain more than 50% gaps/ambiguity
****  TOTAL                            91.81%  508 sequences failed composition chi2 test (p-value<5%; df=19)
NOTE: tr|A0A2R8ZIZ6|A0A2R8ZIZ6_PANPA is identical to tr|A0A2I3T1V9|A0A2I3T1V9_PANTR but kept for subsequent analysis
NOTE: tr|A0A096MT91|A0A096MT91_PAPAN is identical to tr|A0A1D5R219|A0A1D5R219_MACMU but kept for subsequent analysis
NOTE: tr|A0A1V4KLG2|A0A1V4KLG2_PATFA is identical to tr|A0A2I0MRD5|A0A2I0MRD5_COLLI but kept for subsequent analysis
NOTE: tr|A0A3Q7WHS0|A0A3Q7WHS0_URSAR is identical to tr|A0A384BQ12|A0A384BQ12_URSMA but kept for subsequent analysis
NOTE: tr|A0A3P9CM39|A0A3P9CM39_9CICH is identical to tr|A0A3Q3BP34|A0A3Q3BP34_HAPBU but kept for subsequent analysis
NOTE: tr|A0A6P3J6M4|A0A6P3J6M4_BISBI is identical to tr|A0A4W2FPX7|A0A4W2FPX7_BOBOX but kept for subsequent analysis


Create initial parsimony tree by phylogenetic likelihood library (PLL)... 2.634 seconds
Measuring multi-threading efficiency up to 24 CPU cores
2 trees examined
Threads: 1 / Time: 32.592 sec / Speedup: 1.000 / Efficiency: 100% / LogL: -656024
Threads: 2 / Time: 18.175 sec / Speedup: 1.793 / Efficiency: 90% / LogL: -656024
Threads: 3 / Time: 13.017 sec / Speedup: 2.504 / Efficiency: 83% / LogL: -656024
Threads: 4 / Time: 10.502 sec / Speedup: 3.103 / Efficiency: 78% / LogL: -656024
Threads: 5 / Time: 8.319 sec / Speedup: 3.918 / Efficiency: 78% / LogL: -656024
Threads: 6 / Time: 7.557 sec / Speedup: 4.313 / Efficiency: 72% / LogL: -656024
Threads: 7 / Time: 6.272 sec / Speedup: 5.196 / Efficiency: 74% / LogL: -656024
Threads: 8 / Time: 5.829 sec / Speedup: 5.591 / Efficiency: 70% / LogL: -656024
Threads: 9 / Time: 5.425 sec / Speedup: 6.008 / Efficiency: 67% / LogL: -656024
Threads: 10 / Time: 5.120 sec / Speedup: 6.366 / Efficiency: 64% / LogL: -656024
Threads: 11 / Time: 5.333 sec / Speedup: 6.112 / Efficiency: 56% / LogL: -656024
Threads: 12 / Time: 5.104 sec / Speedup: 6.386 / Efficiency: 53% / LogL: -656024
Threads: 13 / Time: 4.366 sec / Speedup: 7.464 / Efficiency: 57% / LogL: -656024
Threads: 14 / Time: 4.652 sec / Speedup: 7.006 / Efficiency: 50% / LogL: -656024
Threads: 15 / Time: 4.327 sec / Speedup: 7.533 / Efficiency: 50% / LogL: -656024
Threads: 16 / Time: 4.052 sec / Speedup: 8.043 / Efficiency: 50% / LogL: -656024
Threads: 17 / Time: 3.779 sec / Speedup: 8.625 / Efficiency: 51% / LogL: -656024
Threads: 18 / Time: 4.113 sec / Speedup: 7.924 / Efficiency: 44% / LogL: -656024
BEST NUMBER OF THREADS: 17

Perform fast likelihood tree search using LG+I+G model...
Estimate model parameters (epsilon = 5.000)
Perform nearest neighbor interchange...
Estimate model parameters (epsilon = 1.000)
1. Initial log-likelihood: -198176.938
2. Current log-likelihood: -198173.892
3. Current log-likelihood: -198172.056
4. Current log-likelihood: -198170.968
Optimal log-likelihood: -198170.330
Proportion of invariable sites: 0.005
Gamma shape alpha: 0.651
Parameters optimization took 4 rounds (12.013 sec)
Time for fast ML tree search: 83.132 seconds

NOTE: ModelFinder requires 4906 MB RAM!
ModelFinder will test up to 546 protein models (sample size: 5500) ...
 No. Model         -LnL         df  AIC          AICc         BIC
  1  LG            211596.184   1997 427186.369   429465.070   440391.538
  2  LG+I          211325.928   1998 426647.856   428929.491   439859.637
  3  LG+G4         198180.178   1998 400356.355   402637.990   413568.137
  4  LG+I+G4       198169.298   1999 400336.595   402621.167   413554.989
  5  LG+R2         202271.241   1999 408540.481   410825.053   421758.876
  6  LG+R3         199251.897   2001 402505.795   404796.248   415737.414
  7  LG+R4         198104.598   2003 400215.196   402511.541   413460.040
  8  LG+R5         197643.087   2005 399296.174   401598.424   412554.244
  9  LG+R6         197413.121   2007 398840.243   401148.408   412111.537
 10  LG+R7         197226.895   2009 398471.791   400785.882   411756.310
 11  LG+R8         197114.457   2011 398250.914   400570.944   411548.659
 12  LG+R9         197084.863   2013 398195.725   400521.705   411506.695
 13  LG+R10        197068.277   2015 398166.553   400498.493   411490.747
 26  LG+F+R10      197211.914   2034 398491.828   400880.971   411941.660
 39  WAG+R10       195754.021   2015 395538.041   397869.982   408862.236
 52  WAG+F+R10     195718.627   2034 395505.253   397894.396   408955.085
 65  JTT+R10       193416.562   2015 390863.124   393195.064   404187.318
 78  JTT+F+R10     193513.892   2034 391095.784   393484.927   404545.616
 91  JTTDCMut+R10  193525.503   2015 391081.006   393412.947   404405.201
104  JTTDCMut+F+R10 193597.725   2034 391263.450   393652.593   404713.282
117  DCMut+R10     198533.485   2015 401096.969   403428.910   414421.164
130  DCMut+F+R10   197594.623   2034 399257.247   401646.389   412707.078
143  VT+R10        195514.955   2015 395059.910   397391.850   408384.104
156  VT+F+R10      195692.633   2034 395453.266   397842.409   408903.098
169  PMB+R10       197436.654   2015 398903.309   401235.249   412227.503
182  PMB+F+R10     198163.858   2034 400395.716   402784.859   413845.548
195  Blosum62+R10  198333.568   2015 400697.136   403029.077   414021.331
208  Blosum62+F+R10 198498.551   2034 401065.101   403454.244   414514.933
221  Dayhoff+R10   198531.470   2015 401092.939   403424.880   414417.134
234  Dayhoff+F+R10 197592.478   2034 399252.957   401642.100   412702.789
247  mtREV+R10     203218.790   2015 410467.581   412799.521   423791.775
260  mtREV+F+R10   198891.006   2034 401850.011   404239.154   415299.843
273  mtART+R10     210231.707   2015 424493.415   426825.355   437817.609
286  mtART+F+R10   206024.184   2034 416116.367   418505.510   429566.199
299  mtZOA+R10     203243.484   2015 410516.968   412848.908   423841.162
312  mtZOA+F+R10   200845.279   2034 405758.557   408147.700   419208.389
325  mtMet+R10     201556.232   2015 407142.465   409474.405   420466.659
338  mtMet+F+R10   196649.413   2034 397366.826   399755.969   410816.658
351  mtVer+R10     202342.134   2015 408714.268   411046.208   422038.462
364  mtVer+F+R10   198328.212   2034 400724.423   403113.566   414174.255
377  mtInv+R10     203783.931   2015 411597.862   413929.802   424922.056
390  mtInv+F+R10   196756.619   2034 397581.237   399970.380   411031.069
403  mtMAM+R10     207546.123   2015 419122.246   421454.186   432446.440
416  mtMAM+F+R10   202955.408   2034 409978.817   412367.959   423428.648
429  HIVb+R10      196829.375   2015 397688.751   400020.691   411012.945
442  HIVb+F+R10    196527.944   2034 397123.888   399513.031   410573.720
455  HIVw+R10      202388.287   2015 408806.574   411138.515   422130.769
468  HIVw+F+R10    198750.260   2034 401568.520   403957.663   415018.352
481  FLU+R10       197234.815   2015 398499.630   400831.571   411823.825
494  FLU+F+R10     196103.667   2034 396275.333   398664.476   409725.165
507  rtREV+R10     199476.458   2015 402982.916   405314.856   416307.110
520  rtREV+F+R10   199332.432   2034 402732.865   405122.008   416182.697
533  cpREV+R10     196823.108   2015 397676.217   400008.157   411000.411
546  cpREV+F+R10   196901.694   2034 397871.389   400260.532   411321.221
Akaike Information Criterion:           JTT+R10
Corrected Akaike Information Criterion: JTT+R10
Bayesian Information Criterion:         JTT+R10
Best-fit model: JTT+R10 chosen according to BIC

All model information printed to sctr_iqtree_boostrap_modelfinder.model.gz
CPU time for ModelFinder: 592074.928 seconds (164h:27m:54s)
Wall-clock time for ModelFinder: 36208.245 seconds (10h:3m:28s)
Generating 1000 samples for ultrafast bootstrap (seed: 22484)...

NOTE: 4906 MB RAM (4 GB) is required!
Estimate model parameters (epsilon = 0.100)
1. Initial log-likelihood: -193416.562
Optimal log-likelihood: -193416.457
Site proportion and rates:  (0.071,0.014) (0.053,0.051) (0.088,0.099) (0.082,0.158) (0.118,0.233) (0.100,0.332) (0.062,0.507) (0.162,1.030) (0.106,1.305) (0.157,3.671)
Parameters optimization took 1 rounds (53.624 sec)
Computing ML distances based on estimated model parameters... 278.476 sec
Computing BIONJ tree...
1.847 seconds
Log-likelihood of BIONJ tree: -202141.668
--------------------------------------------------------------------
|             INITIALIZING CANDIDATE TREE SET                      |
--------------------------------------------------------------------
Generating 98 parsimony trees... 274.031 second
Computing log-likelihood of 98 initial trees ... 318.939 seconds
Current best score: -193416.457

Do NNI search on 20 best initial trees
Estimate model parameters (epsilon = 0.100)
BETTER TREE FOUND at iteration 1: -193395.149
Iteration 10 / LogL: -193869.546 / Time: 0h:34m:45s
Iteration 20 / LogL: -193978.005 / Time: 0h:58m:17s
Finish initializing candidate tree set (20)
Current best tree score: -193395.149 / CPU time: 3377.972
Number of iterations: 20
--------------------------------------------------------------------
|               OPTIMIZING CANDIDATE TREE SET                      |
--------------------------------------------------------------------
Estimate model parameters (epsilon = 0.100)
BETTER TREE FOUND at iteration 25: -193337.585
Iteration 30 / LogL: -193391.784 / Time: 1h:17m:38s (4h:14m:19s left)
Estimate model parameters (epsilon = 0.100)
BETTER TREE FOUND at iteration 35: -193333.281
Iteration 40 / LogL: -193389.357 / Time: 1h:34m:53s (3h:51m:8s left)
Estimate model parameters (epsilon = 0.100)
BETTER TREE FOUND at iteration 44: -193317.934
Iteration 50 / LogL: -193365.453 / Time: 1h:52m:13s (3h:35m:17s left)
Log-likelihood cutoff on original alignment: -193424.069
Iteration 60 / LogL: -193367.632 / Time: 2h:8m:21s (3h:2m:45s left)
Iteration 70 / LogL: -193323.307 / Time: 2h:24m:30s (2h:34m:59s left)
Estimate model parameters (epsilon = 0.100)
BETTER TREE FOUND at iteration 72: -193311.332
Estimate model parameters (epsilon = 0.100)
BETTER TREE FOUND at iteration 74: -193307.319
Iteration 80 / LogL: -193314.604 / Time: 2h:46m:29s (3h:18m:5s left)
Estimate model parameters (epsilon = 0.100)
BETTER TREE FOUND at iteration 88: -193306.530
Iteration 90 / LogL: -193372.793 / Time: 3h:4m:36s (3h:23m:16s left)
Iteration 100 / LogL: -193323.354 / Time: 3h:23m:53s (3h:1m:14s left)
Log-likelihood cutoff on original alignment: -193424.069
NOTE: Bootstrap correlation coefficient of split occurrence frequencies: 0.969
NOTE: UFBoot does not converge, continue at least 100 more iterations
Iteration 110 / LogL: -193337.260 / Time: 3h:42m:22s (3h:3m:37s left)
Estimate model parameters (epsilon = 0.100)
BETTER TREE FOUND at iteration 114: -193296.434
Iteration 120 / LogL: -193328.377 / Time: 4h:0m:7s (3h:9m:40s left)
Estimate model parameters (epsilon = 0.100)
BETTER TREE FOUND at iteration 129: -193294.110
Iteration 130 / LogL: -193302.405 / Time: 4h:17m:25s (3h:17m:33s left)
Iteration 140 / LogL: -193397.317 / Time: 4h:42m:12s (3h:0m:41s left)
Iteration 150 / LogL: -193322.458 / Time: 5h:1m:34s (2h:39m:53s left)
Log-likelihood cutoff on original alignment: -193424.792
Iteration 160 / LogL: -193333.694 / Time: 5h:22m:16s (2h:19m:51s left)
Estimate model parameters (epsilon = 0.100)
BETTER TREE FOUND at iteration 164: -193293.206
Estimate model parameters (epsilon = 0.100)
BETTER TREE FOUND at iteration 165: -193286.099
Iteration 170 / LogL: -193413.332 / Time: 5h:42m:6s (3h:12m:18s left)
Iteration 180 / LogL: -193289.857 / Time: 6h:0m:2s (2h:50m:58s left)
Iteration 190 / LogL: -193758.299 / Time: 6h:16m:16s (2h:29m:18s left)
Estimate model parameters (epsilon = 0.100)
BETTER TREE FOUND at iteration 197: -193274.531
Iteration 200 / LogL: -193374.562 / Time: 6h:34m:8s (3h:12m:7s left)
Log-likelihood cutoff on original alignment: -193424.792
NOTE: Bootstrap correlation coefficient of split occurrence frequencies: 0.973
NOTE: UFBoot does not converge, continue at least 100 more iterations
Estimate model parameters (epsilon = 0.100)
BETTER TREE FOUND at iteration 202: -193264.072
Iteration 210 / LogL: -193295.714 / Time: 6h:51m:21s (3h:1m:4s left)
Iteration 220 / LogL: -193310.814 / Time: 7h:6m:58s (2h:39m:52s left)
Iteration 230 / LogL: -193362.883 / Time: 7h:23m:2s (2h:19m:17s left)
Estimate model parameters (epsilon = 0.100)
BETTER TREE FOUND at iteration 234: -193259.142
Estimate model parameters (epsilon = 0.100)
BETTER TREE FOUND at iteration 238: -193245.373
Iteration 240 / LogL: -193516.297 / Time: 7h:39m:57s (3h:8m:35s left)
Iteration 250 / LogL: -193301.390 / Time: 7h:56m:17s (2h:48m:19s left)
Log-likelihood cutoff on original alignment: -193422.843
Iteration 260 / LogL: -193323.013 / Time: 8h:13m:1s (2h:28m:28s left)
Iteration 270 / LogL: -193309.666 / Time: 8h:28m:42s (2h:8m:35s left)
Estimate model parameters (epsilon = 0.100)
BETTER TREE FOUND at iteration 271: -193241.617
Iteration 280 / LogL: -193444.885 / Time: 8h:45m:36s (2h:51m:26s left)
Iteration 290 / LogL: -193291.978 / Time: 9h:2m:45s (2h:32m:7s left)
Iteration 300 / LogL: -193336.058 / Time: 9h:19m:6s (2h:12m:45s left)
Log-likelihood cutoff on original alignment: -193411.548
NOTE: Bootstrap correlation coefficient of split occurrence frequencies: 0.953
NOTE: UFBoot does not converge, continue at least 100 more iterations
Iteration 310 / LogL: -193779.401 / Time: 9h:34m:55s (2h:47m:27s left)
Iteration 320 / LogL: -193333.748 / Time: 9h:50m:18s (2h:28m:2s left)
Iteration 330 / LogL: -193299.681 / Time: 10h:6m:31s (2h:9m:2s left)
Iteration 340 / LogL: -193315.172 / Time: 10h:23m:4s (1h:50m:16s left)
Iteration 350 / LogL: -193289.362 / Time: 10h:39m:39s (1h:31m:38s left)
Log-likelihood cutoff on original alignment: -193411.548
Iteration 360 / LogL: -193427.201 / Time: 10h:55m:53s (1h:13m:4s left)
Estimate model parameters (epsilon = 0.100)
BETTER TREE FOUND at iteration 362: -193225.485
Iteration 370 / LogL: -193489.374 / Time: 11h:12m:49s (2h:47m:45s left)
Iteration 380 / LogL: -193473.131 / Time: 11h:28m:51s (2h:29m:2s left)
Iteration 390 / LogL: -193468.010 / Time: 11h:45m:1s (2h:10m:29s left)
Iteration 400 / LogL: -193452.258 / Time: 12h:0m:31s (1h:51m:57s left)
Log-likelihood cutoff on original alignment: -193408.540
NOTE: Bootstrap correlation coefficient of split occurrence frequencies: 0.954
NOTE: UFBoot does not converge, continue at least 100 more iterations
Iteration 410 / LogL: -193534.226 / Time: 12h:16m:59s (2h:42m:10s left)
Iteration 420 / LogL: -193258.311 / Time: 12h:33m:52s (2h:23m:56s left)
Iteration 430 / LogL: -193290.294 / Time: 12h:49m:55s (2h:5m:37s left)
Iteration 440 / LogL: -193316.778 / Time: 13h:5m:34s (1h:47m:22s left)
Iteration 450 / LogL: -193490.066 / Time: 13h:21m:14s (1h:29m:13s left)
Log-likelihood cutoff on original alignment: -193408.540
Iteration 460 / LogL: -193239.511 / Time: 13h:37m:35s (1h:11m:14s left)
Iteration 470 / LogL: -193253.348 / Time: 13h:53m:44s (0h:53m:19s left)
Estimate model parameters (epsilon = 0.100)
BETTER TREE FOUND at iteration 476: -193224.573
Iteration 480 / LogL: -193288.770 / Time: 14h:10m:45s (2h:50m:30s left)
Estimate model parameters (epsilon = 0.100)
BETTER TREE FOUND at iteration 483: -193221.976
Iteration 490 / LogL: -193242.778 / Time: 14h:27m:45s (2h:45m:2s left)
Iteration 500 / LogL: -193272.937 / Time: 14h:43m:9s (2h:26m:53s left)
Log-likelihood cutoff on original alignment: -193408.540
NOTE: Bootstrap correlation coefficient of split occurrence frequencies: 0.967
NOTE: UFBoot does not converge, continue at least 100 more iterations
Iteration 510 / LogL: -193255.929 / Time: 15h:0m:8s (2h:39m:9s left)
Iteration 520 / LogL: -193235.098 / Time: 15h:15m:44s (2h:21m:9s left)
Estimate model parameters (epsilon = 0.100)
BETTER TREE FOUND at iteration 525: -193218.249
Iteration 530 / LogL: -193350.572 / Time: 15h:32m:24s (2h:47m:26s left)
Iteration 540 / LogL: -193283.440 / Time: 15h:48m:30s (2h:29m:34s left)
Estimate model parameters (epsilon = 0.100)
BETTER TREE FOUND at iteration 546: -193201.275
Iteration 550 / LogL: -193221.495 / Time: 16h:7m:33s (2h:49m:11s left)
Log-likelihood cutoff on original alignment: -193408.540
Iteration 560 / LogL: -193319.955 / Time: 16h:24m:1s (2h:31m:23s left)
Iteration 570 / LogL: -193243.475 / Time: 16h:39m:10s (2h:13m:27s left)
Iteration 580 / LogL: -193221.243 / Time: 16h:55m:21s (1h:55m:44s left)
Iteration 590 / LogL: -193241.046 / Time: 17h:11m:22s (1h:38m:3s left)
Iteration 600 / LogL: -193265.819 / Time: 17h:29m:16s (1h:20m:34s left)
Log-likelihood cutoff on original alignment: -193408.540
NOTE: Bootstrap correlation coefficient of split occurrence frequencies: 0.971
NOTE: UFBoot does not converge, continue at least 100 more iterations
Iteration 610 / LogL: -193223.198 / Time: 17h:45m:19s (2h:37m:26s left)
Iteration 620 / LogL: -193264.766 / Time: 18h:4m:11s (2h:20m:7s left)
Iteration 630 / LogL: -193442.289 / Time: 18h:21m:2s (2h:2m:31s left)
Iteration 640 / LogL: -193410.461 / Time: 18h:36m:35s (1h:44m:50s left)
Iteration 650 / LogL: -193541.695 / Time: 18h:53m:1s (1h:27m:17s left)
Log-likelihood cutoff on original alignment: -193408.540
Iteration 660 / LogL: -193321.547 / Time: 19h:9m:31s (1h:9m:46s left)
Iteration 670 / LogL: -193375.445 / Time: 19h:29m:2s (0h:52m:25s left)
Iteration 680 / LogL: -193228.472 / Time: 19h:47m:29s (0h:34m:58s left)
Iteration 690 / LogL: -193248.250 / Time: 20h:4m:8s (0h:17m:28s left)
Estimate model parameters (epsilon = 0.100)
BETTER TREE FOUND at iteration 692: -193199.141
Iteration 700 / LogL: -193256.649 / Time: 20h:20m:30s (2h:40m:38s left)
Log-likelihood cutoff on original alignment: -193408.540
NOTE: Bootstrap correlation coefficient of split occurrence frequencies: 0.973
NOTE: UFBoot does not converge, continue at least 100 more iterations
Iteration 710 / LogL: -193547.343 / Time: 20h:38m:20s (2h:37m:11s left)
Iteration 720 / LogL: -193237.484 / Time: 20h:53m:52s (2h:19m:30s left)
Iteration 730 / LogL: -193243.268 / Time: 21h:10m:1s (2h:1m:57s left)
Iteration 740 / LogL: -193249.356 / Time: 21h:25m:35s (1h:44m:22s left)
Iteration 750 / LogL: -193243.240 / Time: 21h:41m:40s (1h:26m:53s left)
Log-likelihood cutoff on original alignment: -193408.540
Iteration 760 / LogL: -193248.179 / Time: 21h:57m:43s (1h:9m:26s left)
Iteration 770 / LogL: -193272.084 / Time: 22h:13m:33s (0h:52m:1s left)
Iteration 780 / LogL: -193276.041 / Time: 22h:30m:22s (0h:34m:40s left)
Iteration 790 / LogL: -193241.116 / Time: 22h:46m:57s (0h:17m:19s left)
Iteration 800 / LogL: -193350.510 / Time: 23h:3m:50s (0h:0m:0s left)
Log-likelihood cutoff on original alignment: -193408.540
NOTE: Bootstrap correlation coefficient of split occurrence frequencies: 0.974
NOTE: UFBoot does not converge, continue at least 100 more iterations
Iteration 810 / LogL: -193233.763 / Time: 23h:20m:55s (2h:35m:51s left)
Iteration 820 / LogL: -193310.160 / Time: 23h:37m:6s (2h:18m:25s left)
Estimate model parameters (epsilon = 0.100)
BETTER TREE FOUND at iteration 823: -193194.689
Iteration 830 / LogL: -193221.889 / Time: 23h:54m:9s (2h:40m:53s left)
Iteration 840 / LogL: -193230.883 / Time: 24h:10m:23s (2h:23m:28s left)
Iteration 850 / LogL: -193480.845 / Time: 24h:27m:1s (2h:6m:8s left)
Log-likelihood cutoff on original alignment: -193408.540
Iteration 860 / LogL: -193253.082 / Time: 24h:43m:10s (1h:48m:46s left)
Iteration 870 / LogL: -193339.936 / Time: 25h:0m:29s (1h:31m:30s left)
Iteration 880 / LogL: -193570.197 / Time: 25h:16m:45s (1h:14m:11s left)
Iteration 890 / LogL: -193240.504 / Time: 25h:33m:43s (0h:56m:55s left)
Estimate model parameters (epsilon = 0.100)
BETTER TREE FOUND at iteration 900: -193184.190
Iteration 900 / LogL: -193184.190 / Time: 25h:51m:33s (2h:52m:35s left)
Log-likelihood cutoff on original alignment: -193408.540
NOTE: Bootstrap correlation coefficient of split occurrence frequencies: 0.968
NOTE: UFBoot does not converge, continue at least 100 more iterations
Iteration 910 / LogL: -193416.555 / Time: 26h:7m:33s (2h:35m:12s left)
Iteration 920 / LogL: -193567.413 / Time: 26h:23m:35s (2h:17m:51s left)
Iteration 930 / LogL: -193553.627 / Time: 26h:39m:50s (2h:0m:32s left)
Iteration 940 / LogL: -193193.963 / Time: 26h:56m:18s (1h:43m:16s left)
Iteration 950 / LogL: -193327.201 / Time: 27h:12m:30s (1h:26m:0s left)
Log-likelihood cutoff on original alignment: -193408.540
Estimate model parameters (epsilon = 0.100)
BETTER TREE FOUND at iteration 951: -193180.144
Iteration 960 / LogL: -193421.927 / Time: 27h:29m:31s (2h:36m:31s left)
Iteration 970 / LogL: -193253.265 / Time: 27h:47m:3s (2h:19m:21s left)
Iteration 980 / LogL: -193360.677 / Time: 28h:5m:3s (2h:2m:12s left)
Iteration 990 / LogL: -193205.376 / Time: 28h:21m:48s (1h:44m:57s left)
Iteration 1000 / LogL: -193204.038 / Time: 28h:38m:7s (1h:27m:42s left)
Log-likelihood cutoff on original alignment: -193399.037
NOTE: Bootstrap correlation coefficient of split occurrence frequencies: 0.959
NOTE: UFBoot does not converge, continue at least 100 more iterations
WARNING: bootstrap analysis did not converge. You should rerun with higher number of iterations (-nm option)
TREE SEARCH COMPLETED AFTER 1001 ITERATIONS / Time: 28h:39m:35s

--------------------------------------------------------------------
|                    FINALIZING TREE SEARCH                        |
--------------------------------------------------------------------
Performs final model parameters optimization
Estimate model parameters (epsilon = 0.010)
1. Initial log-likelihood: -193180.144
2. Current log-likelihood: -193180.126
3. Current log-likelihood: -193180.110
4. Current log-likelihood: -193180.097
5. Current log-likelihood: -193180.086
Optimal log-likelihood: -193180.074
Site proportion and rates:  (0.069,0.013) (0.049,0.046) (0.083,0.090) (0.085,0.146) (0.119,0.220) (0.107,0.322) (0.061,0.497) (0.177,1.003) (0.085,1.301) (0.166,3.600)
Parameters optimization took 5 rounds (87.819 sec)
BEST SCORE FOUND : -193180.074

Testing tree branches by SH-like aLRT with 1000 replicates...
Alternative NNI shows better log-likelihood -193180.024 > -193180.074
17.907 sec.
Creating bootstrap support values...
Split supports printed to NEXUS file sctr_iqtree_boostrap_modelfinder.splits.nex
Total tree length: 481.403

Total number of iterations: 1001
CPU time used for tree search: 1707390.768 sec (474h:16m:30s)
Wall-clock time used for tree search: 103055.728 sec (28h:37m:35s)
Total CPU time used: 1710955.896 sec (475h:15m:55s)
Total wall-clock time used: 103287.332 sec (28h:41m:27s)

Computing bootstrap consensus tree...
Reading input file sctr_iqtree_boostrap_modelfinder.splits.nex...
1000 taxa and 5795 splits.
Consensus tree written to sctr_iqtree_boostrap_modelfinder.contree
Reading input trees file sctr_iqtree_boostrap_modelfinder.contree
Log-likelihood of consensus tree: -193733.410

Analysis results written to: 
  IQ-TREE report:                sctr_iqtree_boostrap_modelfinder.iqtree
  Maximum-likelihood tree:       sctr_iqtree_boostrap_modelfinder.treefile
  Likelihood distances:          sctr_iqtree_boostrap_modelfinder.mldist

Ultrafast bootstrap approximation results written to:
  Split support values:          sctr_iqtree_boostrap_modelfinder.splits.nex
  Consensus tree:                sctr_iqtree_boostrap_modelfinder.contree
  Screen log file:               sctr_iqtree_boostrap_modelfinder.log

Date and Time: Wed Jul 28 20:32:03 2021
