IQ-TREE multicore version 2.0.6 for Linux 64-bit built Aug  4 2020
Developed by Bui Quang Minh, Nguyen Lam Tung, Olga Chernomor,
Heiko Schmidt, Dominik Schrempf, Michael Woodhams.

Host:    cn05 (AVX512, FMA3, 251 GB RAM)
Command: iqtree2 -s /cta/users/ofkonar/work/resources/class_B1/canonical/pth1r_filtered_fastas_blast_msa.fasta -B 1000 -alrt 1000 -T AUTO --threads-max 24 --prefix pth1r_iqtree_boostrap_modelfinder
Seed:    589252 (Using SPRNG - Scalable Parallel Random Number Generator)
Time:    Mon Jul 26 01:38:34 2021
Kernel:  AVX+FMA - auto-detect threads (24 CPU cores detected)

Reading alignment file /cta/users/ofkonar/work/resources/class_B1/canonical/pth1r_filtered_fastas_blast_msa.fasta ... Fasta format detected
Alignment most likely contains protein sequences
WARNING: 16 sites contain only gaps or ambiguous characters.
Alignment has 1000 sequences with 5640 columns, 3687 distinct patterns
1026 parsimony-informative, 1461 singleton sites, 3153 constant sites
                                Gap/Ambiguity  Composition  p-value
   1  tr|F1QGZ1|F1QGZ1_DANRE           90.39%    passed     37.99%
   2  tr|B0S4Y6|B0S4Y6_DANRE           89.80%    failed      0.65%
   3  tr|Q9PVD3|Q9PVD3_DANRE           90.50%    passed      8.08%
   4  tr|F1RBM7|F1RBM7_DANRE           89.36%    failed      0.88%
   5  tr|F1R383|F1R383_DANRE           92.09%    failed      0.80%
   6  tr|A0A1D5NWI0|A0A1D5NWI0_CHICK   90.30%    passed     35.25%
   7  tr|F1P200|F1P200_CHICK           92.09%    passed      7.93%
   8  tr|C7S302|C7S302_CHICK           90.46%    failed      3.90%
   9  tr|D2CP28|D2CP28_CHICK           92.04%    passed      9.81%
  10  sp|P97751|VIPR1_MOUSE            91.86%    passed     14.16%
  11  sp|Q5FWI2|SCTR_MOUSE             92.07%    failed      0.01%
  12  sp|Q91V95|PTH2R_MOUSE            90.32%    passed     59.89%
  13  sp|P41588|VIPR2_MOUSE            92.25%    failed      0.04%
  14  sp|P41593|PTH1R_MOUSE            89.52%    failed      0.57%
  15  tr|M3YUG1|M3YUG1_MUSPF           89.43%    failed      0.01%
  16  tr|M3XN68|M3XN68_MUSPF           90.25%    passed     23.80%
  17  tr|M3XPF0|M3XPF0_MUSPF           92.04%    failed      0.18%
  18  tr|M3YEW9|M3YEW9_MUSPF           92.16%    failed      0.24%
  19  tr|M3YK47|M3YK47_MUSPF           91.77%    failed      2.66%
  20  tr|H2MV63|H2MV63_ORYLA           90.04%    passed     20.83%
  21  tr|H2M8Y6|H2M8Y6_ORYLA           92.32%    passed      9.21%
  22  tr|H2MTE1|H2MTE1_ORYLA           90.50%    passed     12.33%
  23  tr|H2LM29|H2LM29_ORYLA           90.21%    passed     22.66%
  24  tr|G1R2W9|G1R2W9_NOMLE           89.82%    failed      0.00%
  25  tr|G1RH59|G1RH59_NOMLE           92.20%    failed      0.55%
  26  tr|A0A2I3GJZ9|A0A2I3GJZ9_NOMLE   90.25%    passed     60.66%
  27  tr|G1PBN2|G1PBN2_MYOLU           90.64%    passed     45.48%
  28  tr|G1P592|G1P592_MYOLU           92.32%    passed     20.73%
  29  tr|G1PDW9|G1PDW9_MYOLU           89.95%    failed      0.00%
  30  tr|G3HKS4|G3HKS4_CRIGR           89.65%    failed      1.03%
  31  tr|G3QNP3|G3QNP3_GORGO           91.90%    failed      4.92%
  32  tr|G3RLB1|G3RLB1_GORGO           90.25%    passed     64.72%
  33  tr|G3SK12|G3SK12_GORGO           89.61%    failed      0.06%
  34  tr|G3SA07|G3SA07_GORGO           92.20%    failed      0.24%
  35  tr|C3YW03|C3YW03_BRAFL           92.78%    passed      6.72%
  36  tr|C3YW06|C3YW06_BRAFL           93.60%    failed      4.01%
  37  sp|Q5RAQ1|PTH1R_PONAB            89.47%    failed      0.03%
  38  tr|H2PAX3|H2PAX3_PONAB           89.59%    failed      0.01%
  39  tr|H2P8G3|H2P8G3_PONAB           90.25%    passed     47.84%
  40  tr|H2P7C5|H2P7C5_PONAB           92.64%    failed      3.15%
  41  tr|G1MSW0|G1MSW0_MELGA           91.72%    failed      2.72%
  42  sp|Q91085|VIPR_MELGA             91.90%    failed      4.02%
  43  tr|G1NI86|G1NI86_MELGA           92.02%    failed      4.99%
  44  tr|G1MV09|G1MV09_MELGA           90.71%    passed     11.23%
  45  tr|H9G9J1|H9G9J1_ANOCA           91.45%    passed     27.32%
  46  tr|G1KCF0|G1KCF0_ANOCA           90.90%    passed     14.97%
  47  tr|G1KFF0|G1KFF0_ANOCA           92.20%    failed      2.33%
  48  tr|G1KKX5|G1KKX5_ANOCA           90.60%    passed     45.73%
  49  tr|G1KFK2|G1KFK2_ANOCA           92.04%    failed      0.58%
  50  tr|G1STM3|G1STM3_RABIT           92.11%    failed      0.06%
  51  tr|A0A5F9D0K4|A0A5F9D0K4_RABIT   91.90%    failed      2.81%
  52  sp|O46502|SCTR_RABIT             92.11%    failed      0.06%
  53  tr|A0A5F9D7I8|A0A5F9D7I8_RABIT   89.02%    failed      0.00%
  54  sp|Q9TU31|PTH1R_CANLF            89.45%    failed      0.00%
  55  tr|F1PWW6|F1PWW6_CANLF           90.94%    passed     49.66%
  56  tr|F1P7Q3|F1P7Q3_CANLF           92.57%    failed      0.72%
  57  tr|E2RGU8|E2RGU8_CANLF           91.86%    passed      9.54%
  58  tr|H2QMH6|H2QMH6_PANTR           89.49%    failed      0.01%
  59  tr|H2QJB7|H2QJB7_PANTR           90.25%    passed     59.44%
  60  tr|A0A2I3T1V9|A0A2I3T1V9_PANTR   91.90%    passed      6.34%
  61  tr|H2QIM4|H2QIM4_PANTR           92.20%    failed      0.19%
  62  tr|A0A6I8PKI9|A0A6I8PKI9_ORNAN   89.93%    failed      0.04%
  63  tr|F7EXI2|F7EXI2_ORNAN           90.04%    passed      8.16%
  64  tr|F7BIH5|F7BIH5_MONDO           92.15%    passed     28.50%
  65  tr|A0A5F8GXQ4|A0A5F8GXQ4_MONDO   89.08%    failed      0.70%
  66  tr|F7CG94|F7CG94_MONDO           92.18%    failed      0.02%
  67  tr|F7BR47|F7BR47_MONDO           90.27%    passed     51.95%
  68  tr|F7D3V7|F7D3V7_HORSE           90.25%    failed      0.34%
  69  tr|F6Z5Y6|F6Z5Y6_HORSE           89.61%    failed      0.11%
  70  tr|A0A3Q2ICC0|A0A3Q2ICC0_HORSE   90.09%    failed      0.03%
  71  tr|W5QCN9|W5QCN9_SHEEP           90.05%    passed     13.27%
  72  tr|W5PSN2|W5PSN2_SHEEP           91.90%    failed      0.02%
  73  tr|W5NZL6|W5NZL6_SHEEP           91.28%    failed      0.01%
  74  tr|W5P9K8|W5P9K8_SHEEP           89.73%    failed      0.00%
  75  sp|P25961|PTH1R_RAT              89.52%    failed      0.19%
  76  sp|P30083|VIPR1_RAT              91.86%    passed      5.70%
  77  sp|P35000|VIPR2_RAT              92.25%    failed      0.08%
  78  sp|P70555|PTH2R_RAT              90.37%    passed     47.63%
  79  sp|P23811|SCTR_RAT               92.04%    failed      0.02%
  80  tr|M4A521|M4A521_XIPMA           92.16%    failed      2.67%
  81  tr|M3ZIE1|M3ZIE1_XIPMA           90.25%    passed     12.92%
  82  tr|M3ZDL9|M3ZDL9_XIPMA           92.09%    passed     13.56%
  83  tr|M3ZUF6|M3ZUF6_XIPMA           90.25%    failed      1.42%
  84  tr|A0A3B5QQ48|A0A3B5QQ48_XIPMA   90.48%    failed      2.44%
  85  tr|A0A669BXD5|A0A669BXD5_ORENI   89.26%    passed      5.43%
  86  tr|A0A669CPL3|A0A669CPL3_ORENI   92.11%    failed      4.61%
  87  tr|I3J9R4|I3J9R4_ORENI           90.23%    passed     22.51%
  88  tr|A0A669BAW5|A0A669BAW5_ORENI   92.16%    failed      0.92%
  89  tr|I3JSQ0|I3JSQ0_ORENI           90.48%    passed     22.15%
  90  tr|I3M8I3|I3M8I3_ICTTR           92.29%    failed      0.37%
  91  tr|I3M1M7|I3M1M7_ICTTR           89.49%    failed      0.04%
  92  tr|I3MJT4|I3MJT4_ICTTR           90.32%    passed     43.38%
  93  tr|I3MQT5|I3MQT5_ICTTR           91.88%    passed      7.63%
  94  tr|H0WGS3|H0WGS3_OTOGA           93.19%    failed      1.73%
  95  tr|H0WVM0|H0WVM0_OTOGA           90.62%    passed     37.61%
  96  tr|H0XG58|H0XG58_OTOGA           89.43%    failed      0.09%
  97  tr|A0A674P1R2|A0A674P1R2_TAKRU   89.47%    failed      1.92%
  98  tr|A0A674PLC7|A0A674PLC7_TAKRU   89.33%    failed      0.78%
  99  tr|Q2UZQ9|Q2UZQ9_TAKRU           90.09%    passed     49.81%
 100  tr|A0A674NQP5|A0A674NQP5_TAKRU   90.51%    failed      0.21%
 101  tr|A0A674MA68|A0A674MA68_TAKRU   92.16%    failed      0.66%
 102  tr|A0A674NBR2|A0A674NBR2_TAKRU   91.95%    failed      0.60%
 103  tr|A0A674M9H5|A0A674M9H5_TAKRU   92.50%    failed      2.61%
 104  tr|K1QCA3|K1QCA3_CRAGI           86.31%    failed      0.00%
 105  tr|H0V1W6|H0V1W6_CAVPO           89.54%    failed      0.05%
 106  tr|H0VT27|H0VT27_CAVPO           92.27%    failed      0.31%
 107  tr|H0VY34|H0VY34_CAVPO           90.80%    passed     63.21%
 108  tr|A0A286XMQ0|A0A286XMQ0_CAVPO   92.30%    failed      0.70%
 109  sp|P32241|VIPR1_HUMAN            91.90%    passed      6.21%
 110  sp|P47872|SCTR_HUMAN             92.20%    failed      0.24%
 111  sp|P49190|PTH2R_HUMAN            90.25%    passed     61.65%
 112  sp|Q03431|PTH1R_HUMAN            89.49%    failed      0.01%
 113  tr|F6TRW6|F6TRW6_MACMU           92.15%    failed      0.02%
 114  tr|F7BMF9|F7BMF9_MACMU           89.49%    failed      0.01%
 115  tr|A0A1D5R219|A0A1D5R219_MACMU   91.90%    passed      6.12%
 116  tr|F7GM38|F7GM38_MACMU           90.25%    passed     59.15%
 117  tr|G5ALX6|G5ALX6_HETGA           93.56%    passed     14.56%
 118  tr|G5B3E4|G5B3E4_HETGA           92.66%    passed     45.36%
 119  tr|G5AW90|G5AW90_HETGA           91.35%    failed      0.93%
 120  tr|G5ANQ5|G5ANQ5_HETGA           86.61%    failed      0.00%
 121  tr|A0A7M7P6S9|A0A7M7P6S9_STRPU   89.45%    failed      0.05%
 122  tr|K7GGM6|K7GGM6_PELSI           92.41%    passed     11.35%
 123  tr|K7F648|K7F648_PELSI           91.99%    passed     15.85%
 124  tr|K7FMV5|K7FMV5_PELSI           92.20%    failed      0.01%
 125  tr|K7FUB6|K7FUB6_PELSI           90.96%    passed     40.05%
 126  tr|K7FTH8|K7FTH8_PELSI           90.96%    failed      3.93%
 127  tr|K7GDU8|K7GDU8_PELSI           91.83%    failed      2.83%
 128  tr|H3DNL7|H3DNL7_TETNG           90.55%    failed      3.19%
 129  tr|H3C5M9|H3C5M9_TETNG           91.81%    passed      6.08%
 130  tr|H3CQ41|H3CQ41_TETNG           93.85%    passed     58.89%
 131  tr|H3CR63|H3CR63_TETNG           92.57%    passed      8.33%
 132  tr|H3D5B9|H3D5B9_TETNG           92.48%    passed      7.33%
 133  tr|H3C5B9|H3C5B9_TETNG           90.46%    passed      8.14%
 134  tr|G3PYK8|G3PYK8_GASAC           91.99%    passed     17.90%
 135  tr|G3NGC7|G3NGC7_GASAC           92.32%    failed      0.37%
 136  tr|G3PZF8|G3PZF8_GASAC           90.57%    passed     32.94%
 137  tr|G3NYJ0|G3NYJ0_GASAC           90.80%    passed     13.73%
 138  tr|G3NVN3|G3NVN3_GASAC           94.40%    failed      1.36%
 139  tr|G3PH86|G3PH86_GASAC           92.57%    passed     38.33%
 140  tr|G3T4R4|G3T4R4_LOXAF           90.69%    passed     54.58%
 141  tr|G3SXX0|G3SXX0_LOXAF           93.12%    failed      1.98%
 142  tr|G3TAT5|G3TAT5_LOXAF           89.66%    failed      0.02%
 143  tr|G3W7S7|G3W7S7_SARHA           92.09%    passed     11.71%
 144  tr|G3VMZ0|G3VMZ0_SARHA           90.57%    passed     86.76%
 145  tr|A0A7N4NYK5|A0A7N4NYK5_SARHA   92.18%    failed      0.00%
 146  tr|A0A7N4NGW1|A0A7N4NGW1_SARHA   90.00%    passed     11.55%
 147  tr|H0ZVD5|H0ZVD5_TAEGU           91.44%    failed      0.71%
 148  tr|H0YUL7|H0YUL7_TAEGU           90.60%    passed      5.77%
 149  tr|H0YPK8|H0YPK8_TAEGU           90.46%    failed      3.33%
 150  tr|A0A674GXP8|A0A674GXP8_TAEGU   92.61%    passed     11.04%
 151  tr|A0A6I8SNF4|A0A6I8SNF4_XENTR   90.43%    failed      2.10%
 152  tr|A0A803K8E7|A0A803K8E7_XENTR   92.13%    failed      1.00%
 153  tr|A0A6I8PK67|A0A6I8PK67_XENTR   92.52%    passed     17.91%
 154  tr|A0A6I8T2E8|A0A6I8T2E8_XENTR   90.28%    passed     38.92%
 155  tr|A0A6I8Q1I2|A0A6I8Q1I2_XENTR   91.08%    failed      4.78%
 156  tr|F6YCW2|F6YCW2_CIOIN           92.50%    failed      0.82%
 157  tr|F6V0N3|F6V0N3_CIOIN           92.96%    failed      2.31%
 158  tr|A0A5F4WC28|A0A5F4WC28_CALJA   89.33%    failed      0.03%
 159  tr|F7I3C1|F7I3C1_CALJA           90.23%    passed     47.19%
 160  tr|F7FCP0|F7FCP0_CALJA           90.62%    failed      0.00%
 161  tr|F6THV9|F6THV9_CALJA           91.88%    failed      2.05%
 162  tr|A0A287BT69|A0A287BT69_PIG     91.88%    passed      6.65%
 163  sp|P50133|PTH1R_PIG              89.63%    failed      0.18%
 164  sp|Q28992|VIPR1_PIG              91.88%    passed      7.50%
 165  tr|F1SST8|F1SST8_PIG             90.25%    passed     15.30%
 166  tr|A0A5G2RDM1|A0A5G2RDM1_PIG     88.63%    failed      0.00%
 167  tr|H3AX68|H3AX68_LATCH           90.46%    passed     19.75%
 168  tr|H3AW65|H3AW65_LATCH           92.18%    failed      1.73%
 169  tr|H3B125|H3B125_LATCH           90.32%    failed      4.26%
 170  tr|G1M9Z5|G1M9Z5_AILME           90.25%    passed     22.17%
 171  tr|A0A7N5JL27|A0A7N5JL27_AILME   91.97%    passed     12.09%
 172  tr|A0A7N5K0A4|A0A7N5K0A4_AILME   95.30%    failed      0.00%
 173  sp|Q1LZF7|PTH1R_BOVIN            89.56%    failed      0.02%
 174  tr|F1MF07|F1MF07_BOVIN           91.90%    failed      1.48%
 175  tr|A0A3Q1MQC7|A0A3Q1MQC7_BOVIN   88.55%    failed      0.00%
 176  tr|E1B7Q8|E1B7Q8_BOVIN           90.05%    passed     18.50%
 177  tr|A0A3Q1M5G0|A0A3Q1M5G0_BOVIN   91.77%    failed      0.00%
 178  tr|L5KI25|L5KI25_PTEAL           86.03%    failed      0.00%
 179  tr|L5JYL5|L5JYL5_PTEAL           92.41%    failed      0.79%
 180  tr|L5LFL9|L5LFL9_MYODS           90.53%    failed      0.11%
 181  tr|L8J1I6|L8J1I6_9CETA           90.25%    passed     28.24%
 182  tr|L8HPK2|L8HPK2_9CETA           94.52%    failed      0.46%
 183  tr|L8IT85|L8IT85_9CETA           92.30%    failed      3.59%
 184  tr|L8Y5M7|L8Y5M7_TUPCH           93.69%    failed      2.13%
 185  tr|L8Y5N5|L8Y5N5_TUPCH           90.34%    failed      0.01%
 186  tr|L9LCA3|L9LCA3_TUPCH           83.78%    failed      0.00%
 187  tr|A0A337SUD5|A0A337SUD5_FELCA   91.86%    failed      4.80%
 188  tr|A0A5F5XCY0|A0A5F5XCY0_FELCA   91.84%    failed      0.00%
 189  tr|A0A2I2U988|A0A2I2U988_FELCA   89.54%    failed      0.00%
 190  tr|A0A5F5XQ32|A0A5F5XQ32_FELCA   90.25%    passed     19.01%
 191  tr|R7UVQ3|R7UVQ3_CAPTE           91.90%    passed     25.92%
 192  tr|R7TYV0|R7TYV0_CAPTE           91.49%    failed      0.49%
 193  tr|R7UK82|R7UK82_CAPTE           93.42%    failed      4.71%
 194  tr|U3JQ47|U3JQ47_FICAL           90.69%    failed      0.65%
 195  tr|U3JE10|U3JE10_FICAL           92.13%    passed     11.51%
 196  tr|U3JRU3|U3JRU3_FICAL           90.46%    failed      2.81%
 197  tr|U3KGR0|U3KGR0_FICAL           92.04%    passed     15.43%
 198  tr|U3ID75|U3ID75_ANAPP           90.73%    passed     15.34%
 199  tr|U3IM16|U3IM16_ANAPP           92.02%    passed     17.54%
 200  tr|U3IRJ0|U3IRJ0_ANAPP           94.73%    passed     34.86%
 201  tr|A0A3B1KJZ2|A0A3B1KJZ2_ASTMX   92.07%    failed      0.08%
 202  tr|A0A3B1KEU7|A0A3B1KEU7_ASTMX   90.41%    passed     13.08%
 203  tr|A0A3B1JEV0|A0A3B1JEV0_ASTMX   90.07%    passed      9.85%
 204  tr|A0A3B1ITM2|A0A3B1ITM2_ASTMX   92.22%    passed      5.82%
 205  tr|A0A3B1JGQ5|A0A3B1JGQ5_ASTMX   90.39%    failed      1.89%
 206  tr|A0A3B1J5X3|A0A3B1J5X3_ASTMX   89.01%    failed      0.55%
 207  tr|W5MT69|W5MT69_LEPOC           90.12%    passed      5.40%
 208  tr|W5M1B0|W5M1B0_LEPOC           90.43%    passed      9.29%
 209  tr|W5N1E7|W5N1E7_LEPOC           90.39%    passed     15.94%
 210  tr|W5MTN5|W5MTN5_LEPOC           92.13%    failed      0.15%
 211  tr|A0A087X4T1|A0A087X4T1_POEFO   90.73%    passed     15.88%
 212  tr|A0A087Y2M0|A0A087Y2M0_POEFO   90.28%    failed      3.27%
 213  tr|A0A087XR62|A0A087XR62_POEFO   90.35%    failed      0.46%
 214  tr|A0A087YDJ2|A0A087YDJ2_POEFO   92.36%    passed      8.22%
 215  tr|A0A087XVS6|A0A087XVS6_POEFO   92.25%    failed      0.26%
 216  tr|A0A096MQK5|A0A096MQK5_PAPAN   92.15%    failed      0.03%
 217  tr|A0A096MT91|A0A096MT91_PAPAN   91.90%    passed      6.12%
 218  tr|A0A096MXH3|A0A096MXH3_PAPAN   90.25%    passed     69.89%
 219  tr|A0A096MU19|A0A096MU19_PAPAN   89.49%    failed      0.01%
 220  tr|A0A091DCI7|A0A091DCI7_FUKDA   92.11%    failed      0.44%
 221  tr|A0A091DS28|A0A091DS28_FUKDA   89.65%    failed      0.30%
 222  tr|A0A091ENU1|A0A091ENU1_FUKDA   92.23%    failed      0.00%
 223  tr|A0A0D9RC95|A0A0D9RC95_CHLSB   90.30%    passed     73.79%
 224  tr|A0A0D9RW55|A0A0D9RW55_CHLSB   91.90%    passed      6.86%
 225  tr|A0A0D9RVJ5|A0A0D9RVJ5_CHLSB   92.57%    failed      0.23%
 226  tr|A0A0D9RUE4|A0A0D9RUE4_CHLSB   89.49%    failed      0.01%
 227  tr|S9YPT3|S9YPT3_CAMFR           90.11%    failed      0.04%
 228  tr|S9YHH9|S9YHH9_CAMFR           91.31%    passed      5.71%
 229  tr|M7ANJ2|M7ANJ2_CHEMY           89.95%    passed     14.60%
 230  tr|M7BV94|M7BV94_CHEMY           92.50%    failed      0.11%
 231  tr|M7BNY8|M7BNY8_CHEMY           89.31%    passed      7.81%
 232  tr|M7C6A0|M7C6A0_CHEMY           93.63%    failed      4.21%
 233  tr|A0A093BDT8|A0A093BDT8_CHAPE   91.35%    failed      3.38%
 234  tr|A0A0P7WFY2|A0A0P7WFY2_SCLFO   92.80%    passed     17.95%
 235  tr|A0A0P7TQF0|A0A0P7TQF0_SCLFO   92.87%    failed      0.31%
 236  tr|A0A0P7V4N4|A0A0P7V4N4_SCLFO   90.67%    passed     18.17%
 237  tr|A0A151PBQ7|A0A151PBQ7_ALLMI   90.32%    passed      7.60%
 238  tr|A0A151M0U5|A0A151M0U5_ALLMI   91.84%    passed     17.01%
 239  tr|A0A151PDN7|A0A151PDN7_ALLMI   92.09%    passed     24.51%
 240  tr|A0A151N9F2|A0A151N9F2_ALLMI   90.16%    passed     38.99%
 241  tr|A0A151PDH7|A0A151PDH7_ALLMI   91.51%    failed      4.24%
 242  tr|A0A151LZI9|A0A151LZI9_ALLMI   90.46%    failed      4.11%
 243  tr|A0A0Q3XAN0|A0A0Q3XAN0_AMAAE   92.09%    failed      2.83%
 244  tr|A0A0Q3LT60|A0A0Q3LT60_AMAAE   90.50%    passed      6.66%
 245  tr|A0A0Q3TR17|A0A0Q3TR17_AMAAE   92.25%    passed      6.44%
 246  tr|A0A0Q3PPJ9|A0A0Q3PPJ9_AMAAE   89.66%    passed     26.35%
 247  tr|A0A091QCR1|A0A091QCR1_MERNU   92.94%    passed     10.18%
 248  tr|A0A091QVD2|A0A091QVD2_MERNU   92.36%    passed      7.39%
 249  tr|A0A091FBK9|A0A091FBK9_CORBR   90.60%    passed     11.67%
 250  tr|A0A091F1E9|A0A091F1E9_CORBR   92.94%    passed     48.11%
 251  tr|A0A091F0N6|A0A091F0N6_CORBR   92.06%    passed     27.43%
 252  tr|S7PK66|S7PK66_MYOBR           91.31%    failed      3.93%
 253  tr|A0A091R3U3|A0A091R3U3_LEPDC   91.52%    passed     13.04%
 254  tr|A0A091JD35|A0A091JD35_EGRGA   93.05%    passed     22.72%
 255  tr|A0A091J7N1|A0A091J7N1_EGRGA   91.47%    passed      9.74%
 256  tr|A0A091JB16|A0A091JB16_EGRGA   90.67%    passed      7.58%
 257  tr|A0A093C5P9|A0A093C5P9_9AVES   92.41%    passed      6.64%
 258  tr|A0A093QVX7|A0A093QVX7_PHACA   95.20%    passed     13.00%
 259  tr|A0A093R3Q0|A0A093R3Q0_PHACA   93.07%    passed     21.89%
 260  tr|A0A093SB36|A0A093SB36_9PASS   90.51%    passed      9.17%
 261  tr|A0A093PUZ9|A0A093PUZ9_9PASS   93.05%    passed     15.93%
 262  tr|A0A091X6A9|A0A091X6A9_NIPNI   90.67%    failed      4.87%
 263  tr|A0A091UP36|A0A091UP36_NIPNI   93.05%    passed     15.01%
 264  tr|A0A091V2T7|A0A091V2T7_NIPNI   91.26%    passed     11.42%
 265  tr|A0A087QNN1|A0A087QNN1_APTFO   93.05%    passed     22.46%
 266  tr|A0A087R5F0|A0A087R5F0_APTFO   90.62%    passed     18.56%
 267  tr|A0A087RIQ5|A0A087RIQ5_APTFO   93.01%    passed     56.29%
 268  tr|A0A087VBC1|A0A087VBC1_BALRE   92.96%    failed      3.37%
 269  tr|A0A087VDC0|A0A087VDC0_BALRE   90.67%    passed      7.55%
 270  tr|A0A091KRZ7|A0A091KRZ7_9GRUI   92.87%    failed      4.75%
 271  tr|A0A091KZX7|A0A091KZX7_9GRUI   93.05%    passed     12.61%
 272  tr|A0A091KQN9|A0A091KQN9_9GRUI   90.90%    failed      2.54%
 273  tr|A0A091RHW4|A0A091RHW4_9GRUI   93.44%    passed     27.94%
 274  tr|A0A091MNC6|A0A091MNC6_9PASS   92.87%    failed      4.63%
 275  tr|A0A091MN47|A0A091MN47_9PASS   92.41%    failed      2.46%
 276  tr|A0A093JVG3|A0A093JVG3_STRCA   93.05%    passed     26.24%
 277  tr|A0A093I2P1|A0A093I2P1_STRCA   90.60%    passed      5.07%
 278  tr|A0A091WDG9|A0A091WDG9_OPIHO   90.62%    passed     19.98%
 279  tr|A0A091VFX4|A0A091VFX4_OPIHO   93.05%    passed      6.64%
 280  tr|A0A091KBZ0|A0A091KBZ0_COLST   92.87%    failed      3.66%
 281  tr|A0A091KEU3|A0A091KEU3_COLST   92.29%    passed      8.05%
 282  tr|A0A094L386|A0A094L386_ANTCR   92.87%    passed      5.61%
 283  tr|A0A094L9W4|A0A094L9W4_ANTCR   92.41%    passed      6.55%
 284  tr|A0A091TPZ6|A0A091TPZ6_PHALP   92.85%    passed      8.59%
 285  tr|A0A091TTQ0|A0A091TTQ0_PHALP   92.73%    passed     31.77%
 286  tr|A0A099YTP2|A0A099YTP2_TINGU   93.63%    passed     19.52%
 287  tr|A0A099Z2C7|A0A099Z2C7_TINGU   91.63%    passed     12.21%
 288  tr|A0A099ZHM7|A0A099ZHM7_TINGU   91.52%    passed     14.68%
 289  tr|A0A093EZY1|A0A093EZY1_TAUER   92.64%    passed     30.65%
 290  tr|A0A093CFY2|A0A093CFY2_TAUER   90.67%    passed     10.06%
 291  tr|A0A093CRR2|A0A093CRR2_TAUER   93.05%    passed     18.24%
 292  tr|A0A091U9U0|A0A091U9U0_PHORB   93.05%    passed     11.82%
 293  tr|A0A091LH31|A0A091LH31_CATAU   94.06%    passed      8.20%
 294  tr|A0A091LJ18|A0A091LJ18_CATAU   92.87%    failed      4.63%
 295  tr|A0A091FM96|A0A091FM96_9AVES   93.07%    failed      2.58%
 296  tr|A0A091FXC4|A0A091FXC4_9AVES   92.45%    failed      0.15%
 297  tr|A0A091GEM4|A0A091GEM4_9AVES   90.60%    failed      4.04%
 298  tr|A0A093ILW6|A0A093ILW6_FULGA   93.05%    passed     15.40%
 299  tr|A0A093I3B0|A0A093I3B0_FULGA   92.22%    passed     33.94%
 300  tr|A0A093I1S0|A0A093I1S0_FULGA   92.87%    failed      4.63%
 301  tr|A0A091SEI1|A0A091SEI1_NESNO   92.87%    failed      3.57%
 302  tr|A0A091S7T5|A0A091S7T5_NESNO   92.98%    passed      5.18%
 303  tr|A0A091S9N8|A0A091S9N8_NESNO   91.28%    failed      0.85%
 304  tr|A0A094KW54|A0A094KW54_PODCR   93.05%    passed     20.59%
 305  tr|A0A0A0AMI0|A0A0A0AMI0_CHAVO   93.05%    passed     19.13%
 306  tr|A0A0A0ADX1|A0A0A0ADX1_CHAVO   91.26%    passed      5.61%
 307  tr|A0A2I0MGK9|A0A2I0MGK9_COLLI   92.02%    passed      9.35%
 308  tr|A0A2I0LN68|A0A2I0LN68_COLLI   90.28%    failed      1.29%
 309  tr|A0A2I0MRD7|A0A2I0MRD7_COLLI   92.06%    passed      7.31%
 310  tr|A0A2I0MQC0|A0A2I0MQC0_COLLI   89.79%    failed      2.00%
 311  tr|A0A093GX82|A0A093GX82_DRYPU   90.67%    passed      7.77%
 312  tr|A0A093GU56|A0A093GU56_DRYPU   93.00%    passed      5.64%
 313  tr|A0A093G7Y6|A0A093G7Y6_DRYPU   91.26%    failed      2.24%
 314  tr|A0A091GRA4|A0A091GRA4_BUCRH   93.05%    passed     11.88%
 315  tr|A0A091I2D3|A0A091I2D3_BUCRH   90.76%    passed      5.13%
 316  tr|A0A093REA1|A0A093REA1_PYGAD   93.05%    passed     19.67%
 317  tr|A0A093RS76|A0A093RS76_PYGAD   90.62%    passed     18.56%
 318  tr|A0A093NRL8|A0A093NRL8_PYGAD   93.28%    passed     34.51%
 319  tr|A0A091MK11|A0A091MK11_CARIC   92.41%    failed      4.00%
 320  tr|A0A091LSX4|A0A091LSX4_CARIC   90.53%    passed     10.14%
 321  tr|A0A091SRY7|A0A091SRY7_PELCR   90.67%    failed      4.97%
 322  tr|A0A091TVW0|A0A091TVW0_PELCR   91.35%    passed      8.01%
 323  tr|A0A093EJI6|A0A093EJI6_TYTAL   93.05%    passed     15.74%
 324  tr|A0A093L8L3|A0A093L8L3_EURHL   93.05%    passed     12.11%
 325  tr|A0A093KM07|A0A093KM07_EURHL   95.27%    passed     25.34%
 326  tr|A0A091NIS2|A0A091NIS2_APAVI   92.41%    passed      7.22%
 327  tr|A0A091N6C3|A0A091N6C3_APAVI   92.87%    passed      5.61%
 328  tr|A0A091ICV3|A0A091ICV3_CALAN   91.49%    passed     24.00%
 329  tr|A0A091IUW3|A0A091IUW3_CALAN   93.01%    passed      8.33%
 330  tr|A0A091HWR7|A0A091HWR7_CALAN   91.10%    passed     17.00%
 331  tr|A0A093H9V5|A0A093H9V5_GAVST   90.71%    passed      6.97%
 332  tr|A0A091P0B8|A0A091P0B8_HALAL   93.05%    passed     14.16%
 333  tr|A0A091P745|A0A091P745_HALAL   90.44%    passed      5.12%
 334  tr|A0A154PCD4|A0A154PCD4_DUFNO   89.95%    passed     48.63%
 335  tr|A0A1S3W7S2|A0A1S3W7S2_ERIEU   92.39%    passed     28.36%
 336  tr|A0A1S3W4N3|A0A1S3W4N3_ERIEU   92.62%    passed     25.40%
 337  tr|A0A1S3WQ07|A0A1S3WQ07_ERIEU   90.69%    failed      0.20%
 338  tr|A0A1S2ZUQ3|A0A1S2ZUQ3_ERIEU   91.99%    failed      0.06%
 339  tr|A0A1S3GA24|A0A1S3GA24_DIPOR   89.61%    failed      0.34%
 340  tr|A0A1S3GGA0|A0A1S3GGA0_DIPOR   91.05%    passed     71.81%
 341  tr|A0A1S3FHW9|A0A1S3FHW9_DIPOR   92.18%    failed      0.57%
 342  tr|A0A1S3MUA1|A0A1S3MUA1_SALSA   90.23%    passed     47.30%
 343  tr|A0A1S3R3K4|A0A1S3R3K4_SALSA   90.39%    failed      3.94%
 344  tr|A0A1S3M140|A0A1S3M140_SALSA   91.68%    passed     13.92%
 345  tr|A0A1S3NZX9|A0A1S3NZX9_SALSA   90.14%    passed     11.01%
 346  tr|A0A1S3KJM2|A0A1S3KJM2_SALSA   91.10%    failed      0.00%
 347  tr|A0A1S3MR53|A0A1S3MR53_SALSA   90.21%    passed     31.36%
 348  tr|A0A1S3NF47|A0A1S3NF47_SALSA   89.72%    failed      1.11%
 349  tr|A0A1S3LZC6|A0A1S3LZC6_SALSA   90.30%    failed      1.11%
 350  tr|A0A1S3PMK3|A0A1S3PMK3_SALSA   90.30%    failed      2.84%
 351  tr|A0A1A6GTE4|A0A1A6GTE4_NEOLE   91.88%    failed      1.37%
 352  tr|A0A1A6G1L4|A0A1A6G1L4_NEOLE   93.33%    failed      0.89%
 353  tr|A0A1L8ES44|A0A1L8ES44_XENLA   92.39%    passed     21.81%
 354  tr|A0A1L8FQG9|A0A1L8FQG9_XENLA   92.13%    failed      3.59%
 355  tr|A0A1L8FUY7|A0A1L8FUY7_XENLA   90.44%    failed      2.12%
 356  tr|A0A1L8EPU1|A0A1L8EPU1_XENLA   90.28%    passed     21.47%
 357  tr|A0A1L8FQB6|A0A1L8FQB6_XENLA   92.30%    failed      2.22%
 358  tr|A0A1L8EX40|A0A1L8EX40_XENLA   90.87%    passed     28.05%
 359  tr|A0A1L8EL17|A0A1L8EL17_XENLA   91.12%    passed      5.66%
 360  tr|F8RUA9|F8RUA9_XENLA           92.02%    failed      2.11%
 361  tr|A0A1L8FV22|A0A1L8FV22_XENLA   92.13%    failed      0.50%
 362  tr|A0A1L8EKU8|A0A1L8EKU8_XENLA   92.52%    passed      9.35%
 363  tr|A0A1U7U3B6|A0A1U7U3B6_CARSF   92.62%    passed     15.86%
 364  tr|A0A1U7UI00|A0A1U7UI00_CARSF   92.70%    passed     13.09%
 365  tr|A0A1U7UQZ2|A0A1U7UQZ2_CARSF   90.64%    failed      0.15%
 366  tr|A0A1U7UVM9|A0A1U7UVM9_CARSF   89.49%    failed      0.02%
 367  tr|A0A1U7RS28|A0A1U7RS28_ALLSI   92.02%    passed     13.11%
 368  tr|A0A1U7SC26|A0A1U7SC26_ALLSI   89.50%    passed     36.89%
 369  tr|A0A3Q0GS41|A0A3Q0GS41_ALLSI   92.20%    failed      3.13%
 370  tr|A0A1U8D7Y1|A0A1U8D7Y1_ALLSI   92.61%    passed     20.09%
 371  tr|A0A3Q0G3N8|A0A3Q0G3N8_ALLSI   90.23%    failed      0.03%
 372  tr|A0A1U7S932|A0A1U7S932_ALLSI   90.46%    passed      5.31%
 373  tr|A0A1U7QMH3|A0A1U7QMH3_MESAU   91.05%    passed     51.79%
 374  tr|A0A1U8BZI8|A0A1U8BZI8_MESAU   91.79%    failed      0.13%
 375  tr|A0A1U7QWB5|A0A1U7QWB5_MESAU   91.88%    failed      1.26%
 376  tr|A0A3Q0CYC4|A0A3Q0CYC4_MESAU   89.22%    failed      0.94%
 377  tr|A0A1V4KDU8|A0A1V4KDU8_PATFA   89.79%    failed      2.29%
 378  tr|A0A1V4K7A8|A0A1V4K7A8_PATFA   92.00%    passed      6.58%
 379  tr|A0A1V4JQU3|A0A1V4JQU3_PATFA   90.57%    failed      3.10%
 380  tr|A0A2I4CJZ4|A0A2I4CJZ4_9TELE   89.82%    passed     22.98%
 381  tr|A0A2I4CY35|A0A2I4CY35_9TELE   90.48%    passed      7.42%
 382  tr|A0A2I4C052|A0A2I4C052_9TELE   92.06%    failed      4.09%
 383  tr|A0A2I4AQA0|A0A2I4AQA0_9TELE   92.15%    failed      0.95%
 384  tr|A0A2I4B9I2|A0A2I4B9I2_9TELE   92.09%    passed     16.97%
 385  tr|A0A2I4BNT6|A0A2I4BNT6_9TELE   90.21%    failed      2.03%
 386  tr|A0A060WYG6|A0A060WYG6_ONCMY   93.78%    passed     10.55%
 387  tr|A0A060YD53|A0A060YD53_ONCMY   90.39%    passed     36.84%
 388  tr|A0A060W249|A0A060W249_ONCMY   93.28%    passed     55.21%
 389  tr|A0A060VQ59|A0A060VQ59_ONCMY   93.63%    passed     18.46%
 390  tr|A0A218UHU1|A0A218UHU1_9PASE   88.90%    failed      0.01%
 391  tr|A0A218UDX6|A0A218UDX6_9PASE   89.88%    failed      0.04%
 392  tr|A0A226MZM3|A0A226MZM3_CALSU   92.66%    failed      0.38%
 393  tr|A0A226NDE5|A0A226NDE5_CALSU   93.28%    passed     18.22%
 394  tr|A0A226M7Q1|A0A226M7Q1_CALSU   95.76%    passed      8.80%
 395  tr|A0A226N867|A0A226N867_CALSU   94.56%    passed     31.64%
 396  tr|A0A226NV10|A0A226NV10_COLVI   91.67%    failed      0.03%
 397  tr|A0A226P6K7|A0A226P6K7_COLVI   91.68%    passed      6.35%
 398  tr|A0A226P2N4|A0A226P2N4_COLVI   92.68%    passed      6.00%
 399  tr|A0A2G8L1D4|A0A2G8L1D4_STIJA   90.21%    failed      0.33%
 400  tr|A0A2K5DB37|A0A2K5DB37_AOTNA   90.25%    passed     59.33%
 401  tr|A0A2K5EFQ5|A0A2K5EFQ5_AOTNA   91.90%    failed      0.22%
 402  tr|A0A2K5DHX1|A0A2K5DHX1_AOTNA   92.15%    failed      0.14%
 403  tr|A0A2K5D940|A0A2K5D940_AOTNA   89.49%    failed      0.00%
 404  tr|A0A2K5SBI4|A0A2K5SBI4_CEBIM   90.25%    passed     46.35%
 405  tr|A0A2K5Q1A3|A0A2K5Q1A3_CEBIM   92.15%    failed      0.06%
 406  tr|A0A2K5RQU5|A0A2K5RQU5_CEBIM   91.90%    failed      1.41%
 407  tr|A0A2K5QJE1|A0A2K5QJE1_CEBIM   89.49%    failed      0.00%
 408  tr|A0A2K5MTU1|A0A2K5MTU1_CERAT   90.60%    passed     70.81%
 409  tr|A0A2K5NV07|A0A2K5NV07_CERAT   89.49%    failed      0.01%
 410  tr|A0A2K5MG90|A0A2K5MG90_CERAT   92.15%    failed      0.02%
 411  tr|A0A2K5N7R1|A0A2K5N7R1_CERAT   91.90%    passed      6.94%
 412  tr|A0A2K5IP66|A0A2K5IP66_COLAP   92.77%    failed      0.01%
 413  tr|A0A2K5KGC1|A0A2K5KGC1_COLAP   89.50%    failed      0.02%
 414  tr|A0A2K5HT66|A0A2K5HT66_COLAP   91.90%    passed      5.14%
 415  tr|A0A2K5HNM2|A0A2K5HNM2_COLAP   94.20%    passed     26.40%
 416  tr|A0A2K5W7H9|A0A2K5W7H9_MACFA   92.15%    failed      0.02%
 417  tr|A0A2K5V724|A0A2K5V724_MACFA   89.98%    failed      0.00%
 418  tr|G7PLB3|G7PLB3_MACFA           90.87%    passed     94.86%
 419  tr|A0A2K5VP53|A0A2K5VP53_MACFA   92.59%    failed      0.93%
 420  tr|A0A2K6AQD4|A0A2K6AQD4_MACNE   92.22%    passed     58.84%
 421  tr|A0A2K6E6E3|A0A2K6E6E3_MACNE   92.73%    failed      0.27%
 422  tr|A0A2K6BC33|A0A2K6BC33_MACNE   89.49%    failed      0.01%
 423  tr|A0A2K5YL88|A0A2K5YL88_MANLE   86.13%    failed      0.00%
 424  tr|A0A2K5XM83|A0A2K5XM83_MANLE   92.20%    passed     21.41%
 425  tr|A0A2K5ZFZ1|A0A2K5ZFZ1_MANLE   90.25%    passed     61.84%
 426  tr|A0A2K5Y3M2|A0A2K5Y3M2_MANLE   92.15%    failed      0.03%
 427  tr|A0A2K6GMS6|A0A2K6GMS6_PROCO   89.54%    failed      0.01%
 428  tr|A0A2K6GA63|A0A2K6GA63_PROCO   91.88%    passed      6.03%
 429  tr|A0A2K6EYB3|A0A2K6EYB3_PROCO   92.11%    failed      0.01%
 430  tr|A0A2K6F735|A0A2K6F735_PROCO   90.92%    passed     39.84%
 431  tr|A0A2K6LB78|A0A2K6LB78_RHIBE   92.15%    failed      0.03%
 432  tr|A0A2K6L415|A0A2K6L415_RHIBE   90.25%    passed     58.06%
 433  tr|A0A2K6K399|A0A2K6K399_RHIBE   91.90%    failed      4.74%
 434  tr|A0A2K6L0L1|A0A2K6L0L1_RHIBE   89.49%    failed      0.02%
 435  tr|A0A2K6NW77|A0A2K6NW77_RHIRO   91.84%    failed      0.63%
 436  tr|A0A2K6QDP5|A0A2K6QDP5_RHIRO   89.49%    failed      0.02%
 437  tr|A0A2K6QKB6|A0A2K6QKB6_RHIRO   90.25%    passed     58.06%
 438  tr|A0A2K6RF28|A0A2K6RF28_RHIRO   92.06%    failed      0.00%
 439  tr|A0A2K6SXM1|A0A2K6SXM1_SAIBB   90.25%    passed     48.26%
 440  tr|A0A2K6TAS9|A0A2K6TAS9_SAIBB   89.45%    failed      0.00%
 441  tr|A0A2K6T7V8|A0A2K6T7V8_SAIBB   92.62%    passed      6.59%
 442  tr|A0A2K6S1I2|A0A2K6S1I2_SAIBB   92.15%    failed      0.01%
 443  tr|A0A2I0TR80|A0A2I0TR80_LIMLA   91.91%    passed      8.08%
 444  tr|A0A2I0TLC5|A0A2I0TLC5_LIMLA   95.73%    failed      1.87%
 445  tr|A0A2P4TB42|A0A2P4TB42_BAMTH   93.00%    failed      4.82%
 446  tr|A0A2P4SEW0|A0A2P4SEW0_BAMTH   94.17%    failed      1.90%
 447  tr|A0A2R8ZBW6|A0A2R8ZBW6_PANPA   92.27%    failed      0.27%
 448  tr|A0A2R9BFB8|A0A2R9BFB8_PANPA   88.72%    failed      0.00%
 449  tr|A0A2R8ZBP6|A0A2R8ZBP6_PANPA   90.41%    passed     64.04%
 450  tr|A0A2R8ZIZ6|A0A2R8ZIZ6_PANPA   91.90%    passed      6.34%
 451  tr|A0A210PZJ8|A0A210PZJ8_MIZYE   90.25%    failed      0.14%
 452  tr|A0A212CA19|A0A212CA19_CEREH   89.24%    failed      0.00%
 453  tr|A0A2A3EEL6|A0A2A3EEL6_APICC   91.24%    failed      0.22%
 454  tr|A0A3P9QDL9|A0A3P9QDL9_POERE   92.09%    passed      5.02%
 455  tr|A0A3P9NN10|A0A3P9NN10_POERE   92.30%    failed      2.84%
 456  tr|A0A3P9PQ54|A0A3P9PQ54_POERE   90.25%    passed      9.90%
 457  tr|A0A2F0BGQ7|A0A2F0BGQ7_ESCRO   96.24%    passed     10.26%
 458  tr|A0A2T7PB55|A0A2T7PB55_POMCA   91.52%    failed      2.99%
 459  tr|S4RDN3|S4RDN3_PETMA           92.52%    passed     15.07%
 460  tr|A0A6J3RXZ7|A0A6J3RXZ7_TURTR   92.22%    failed      0.01%
 461  tr|A0A2U4BNA1|A0A2U4BNA1_TURTR   90.32%    passed     55.76%
 462  tr|A0A6J3S0Y0|A0A6J3S0Y0_TURTR   91.88%    passed      5.33%
 463  tr|A0A6J3S184|A0A6J3S184_TURTR   89.56%    failed      0.09%
 464  tr|A0A2U3W944|A0A2U3W944_ODORO   92.04%    failed      0.01%
 465  tr|A0A2U3WAP4|A0A2U3WAP4_ODORO   90.25%    passed     20.14%
 466  tr|A0A2U3WYD4|A0A2U3WYD4_ODORO   92.16%    failed      0.06%
 467  tr|A0A2U3WX81|A0A2U3WX81_ODORO   91.86%    passed      5.69%
 468  tr|A0A2U3VUZ6|A0A2U3VUZ6_ODORO   89.61%    failed      0.01%
 469  tr|A0A2U3Y0Y6|A0A2U3Y0Y6_LEPWE   89.26%    failed      0.00%
 470  tr|A0A2U3YWB0|A0A2U3YWB0_LEPWE   92.59%    passed      8.20%
 471  tr|A0A2U3XPQ1|A0A2U3XPQ1_LEPWE   89.65%    passed     18.45%
 472  tr|A0A2U9CSV5|A0A2U9CSV5_SCOMX   90.18%    passed     10.26%
 473  tr|A0A2U9CVJ0|A0A2U9CVJ0_SCOMX   92.43%    failed      0.10%
 474  tr|A0A2U9BIP7|A0A2U9BIP7_SCOMX   90.50%    failed      3.22%
 475  tr|A0A2U9BKT5|A0A2U9BKT5_SCOMX   92.09%    passed      7.10%
 476  tr|A0A2U9CDA2|A0A2U9CDA2_SCOMX   90.25%    passed      5.03%
 477  tr|A0A2Y9D640|A0A2Y9D640_TRIMA   91.91%    failed      2.47%
 478  tr|A0A2Y9D658|A0A2Y9D658_TRIMA   89.56%    failed      0.02%
 479  tr|A0A2Y9G1L0|A0A2Y9G1L0_TRIMA   87.66%    failed      0.00%
 480  tr|A0A2Y9DP62|A0A2Y9DP62_TRIMA   90.25%    passed     36.63%
 481  tr|A0A2Y9G9R3|A0A2Y9G9R3_NEOSC   92.59%    passed     13.34%
 482  tr|A0A2Y9I9H1|A0A2Y9I9H1_NEOSC   90.25%    passed     19.74%
 483  tr|A0A2Y9HPE4|A0A2Y9HPE4_NEOSC   91.03%    failed      0.01%
 484  tr|A0A2Y9H9P9|A0A2Y9H9P9_NEOSC   90.41%    failed      0.05%
 485  tr|A0A2Y9GZW2|A0A2Y9GZW2_NEOSC   89.56%    failed      0.00%
 486  tr|A0A2Y9J781|A0A2Y9J781_ENHLU   90.25%    passed     27.97%
 487  tr|A0A2Y9INL5|A0A2Y9INL5_ENHLU   92.04%    failed      0.07%
 488  tr|A0A2Y9KK92|A0A2Y9KK92_ENHLU   92.16%    failed      0.80%
 489  tr|A0A2Y9IZ39|A0A2Y9IZ39_ENHLU   89.50%    failed      0.01%
 490  tr|A0A2Y9N7N3|A0A2Y9N7N3_DELLE   89.33%    failed      0.01%
 491  tr|A0A2Y9N1W7|A0A2Y9N1W7_DELLE   90.32%    passed     49.37%
 492  tr|A0A2Y9LIS0|A0A2Y9LIS0_DELLE   91.86%    passed      9.51%
 493  tr|A0A2Y9NRD0|A0A2Y9NRD0_DELLE   92.15%    failed      0.02%
 494  tr|A0A2Y9SS07|A0A2Y9SS07_PHYMC   90.32%    passed     60.10%
 495  tr|A0A2Y9ERA3|A0A2Y9ERA3_PHYMC   91.88%    passed      7.36%
 496  tr|A0A2Y9EJX1|A0A2Y9EJX1_PHYMC   92.38%    failed      0.01%
 497  tr|A0A2Y9FLT0|A0A2Y9FLT0_PHYMC   89.56%    failed      0.09%
 498  tr|A0A310SGH5|A0A310SGH5_9HYME   91.26%    passed     10.69%
 499  tr|A0A315W6A3|A0A315W6A3_GAMAF   91.47%    passed     18.83%
 500  tr|A0A315VPY6|A0A315VPY6_GAMAF   90.51%    failed      4.75%
 501  tr|A0A315VPG6|A0A315VPG6_GAMAF   91.99%    passed     16.25%
 502  tr|A0A315V3V9|A0A315V3V9_GAMAF   90.57%    failed      0.25%
 503  tr|A0A315UZ96|A0A315UZ96_GAMAF   90.96%    passed      7.18%
 504  tr|A0A341C689|A0A341C689_NEOAA   91.88%    passed      6.91%
 505  tr|A0A341C003|A0A341C003_NEOAA   89.66%    failed      0.64%
 506  tr|A0A341AUF5|A0A341AUF5_NEOAA   90.32%    passed     49.37%
 507  tr|A0A341C4V7|A0A341C4V7_NEOAA   89.38%    failed      0.00%
 508  tr|A0A3Q1CJH7|A0A3Q1CJH7_AMPOC   92.23%    passed     24.10%
 509  tr|A0A3Q1BMP0|A0A3Q1BMP0_AMPOC   91.01%    passed     13.47%
 510  tr|A0A3Q1AW64|A0A3Q1AW64_AMPOC   92.20%    failed      3.49%
 511  tr|A0A3Q1ANJ9|A0A3Q1ANJ9_AMPOC   90.04%    failed      0.19%
 512  tr|A0A3Q1CR18|A0A3Q1CR18_AMPOC   90.66%    failed      2.62%
 513  tr|A0A3Q1FRI6|A0A3Q1FRI6_9TELE   90.57%    passed      6.85%
 514  tr|A0A3Q1FX31|A0A3Q1FX31_9TELE   90.64%    passed      7.71%
 515  tr|A0A3Q1FGU1|A0A3Q1FGU1_9TELE   92.15%    failed      2.99%
 516  tr|A0A3Q1GJ01|A0A3Q1GJ01_9TELE   90.60%    passed     13.55%
 517  tr|A0A3Q4HM93|A0A3Q4HM93_NEOBR   92.55%    failed      0.98%
 518  tr|A0A3Q4GBQ7|A0A3Q4GBQ7_NEOBR   90.87%    passed     19.20%
 519  tr|A0A3Q4HKJ4|A0A3Q4HKJ4_NEOBR   92.38%    passed     12.18%
 520  tr|A0A3Q4MM25|A0A3Q4MM25_NEOBR   90.28%    passed      5.45%
 521  tr|A0A3Q4HFC9|A0A3Q4HFC9_NEOBR   91.13%    passed     10.38%
 522  tr|A0A3Q3WEB5|A0A3Q3WEB5_MOLML   90.02%    failed      3.93%
 523  tr|A0A3Q3WYB9|A0A3Q3WYB9_MOLML   92.75%    passed     47.24%
 524  tr|A0A3Q4B571|A0A3Q4B571_MOLML   92.55%    failed      0.03%
 525  tr|A0A3Q3VZH7|A0A3Q3VZH7_MOLML   91.28%    failed      3.64%
 526  tr|A0A3Q3VLX3|A0A3Q3VLX3_MOLML   91.10%    failed      0.43%
 527  tr|A0A3Q3MGS8|A0A3Q3MGS8_9TELE   90.23%    passed      5.38%
 528  tr|A0A7N8WPB5|A0A7N8WPB5_9TELE   92.13%    failed      0.24%
 529  tr|A0A7N9B1Q8|A0A7N9B1Q8_9TELE   92.38%    failed      0.10%
 530  tr|A0A7N8YNV4|A0A7N8YNV4_9TELE   90.62%    passed     16.94%
 531  tr|A0A7N8X018|A0A7N8X018_9TELE   88.88%    failed      4.79%
 532  tr|A0A3Q3GCN0|A0A3Q3GCN0_9LABR   90.37%    passed     14.78%
 533  tr|A0A3Q3GS55|A0A3Q3GS55_9LABR   90.99%    passed     16.56%
 534  tr|A0A3Q3EZ41|A0A3Q3EZ41_9LABR   90.14%    passed      6.15%
 535  tr|A0A3Q3MUV9|A0A3Q3MUV9_9LABR   92.13%    failed      1.76%
 536  tr|A0A3Q3E970|A0A3Q3E970_9LABR   92.16%    failed      2.81%
 537  tr|A0A384BP42|A0A384BP42_URSMA   92.23%    failed      0.06%
 538  tr|A0A384DM64|A0A384DM64_URSMA   91.90%    passed     10.20%
 539  tr|A0A384D5N7|A0A384D5N7_URSMA   90.30%    failed      0.00%
 540  tr|A0A384AKK3|A0A384AKK3_BALAS   91.67%    passed     56.25%
 541  tr|A0A383Z1F1|A0A383Z1F1_BALAS   90.60%    failed      2.46%
 542  tr|A0A384B1Q4|A0A384B1Q4_BALAS   91.88%    failed      4.71%
 543  tr|A0A3Q3A3J9|A0A3Q3A3J9_KRYMA   90.48%    failed      2.34%
 544  tr|A0A3Q3BCA7|A0A3Q3BCA7_KRYMA   92.11%    passed      5.07%
 545  tr|A0A3Q3AAF4|A0A3Q3AAF4_KRYMA   92.15%    passed      7.16%
 546  tr|A0A3Q3BGG9|A0A3Q3BGG9_KRYMA   90.18%    passed      9.69%
 547  tr|A0A3Q3B5N4|A0A3Q3B5N4_KRYMA   90.32%    failed      4.04%
 548  tr|A0A3Q2X6M8|A0A3Q2X6M8_HAPBU   92.11%    passed      7.42%
 549  tr|A0A3Q2WKK7|A0A3Q2WKK7_HAPBU   90.53%    passed     43.15%
 550  tr|A0A3Q2VT66|A0A3Q2VT66_HAPBU   92.16%    failed      0.85%
 551  tr|A0A3Q2WGU2|A0A3Q2WGU2_HAPBU   90.12%    passed     11.51%
 552  tr|A0A3Q2WZ97|A0A3Q2WZ97_HAPBU   90.46%    passed      8.52%
 553  tr|A0A3Q2CGB8|A0A3Q2CGB8_CYPVA   90.90%    passed     12.89%
 554  tr|A0A3Q2DAG8|A0A3Q2DAG8_CYPVA   90.50%    failed      4.09%
 555  tr|A0A3Q2G5I8|A0A3Q2G5I8_CYPVA   90.78%    passed     17.82%
 556  tr|A0A7N6BZE3|A0A7N6BZE3_ANATE   89.93%    failed      1.04%
 557  tr|A0A7N6ABN6|A0A7N6ABN6_ANATE   90.59%    failed      1.23%
 558  tr|A0A3Q1HCS7|A0A3Q1HCS7_ANATE   92.06%    passed      6.16%
 559  tr|A0A3Q1HRN8|A0A3Q1HRN8_ANATE   90.46%    passed     11.49%
 560  tr|A0A7N6ACK5|A0A7N6ACK5_ANATE   92.15%    passed     11.96%
 561  tr|A0A7N6A043|A0A7N6A043_ANATE   92.15%    failed      2.59%
 562  tr|A0A3Q1HQM4|A0A3Q1HQM4_ANATE   92.09%    failed      0.94%
 563  tr|A0A3P8T205|A0A3P8T205_AMPPE   90.05%    failed      0.20%
 564  tr|A0A3P8RPV6|A0A3P8RPV6_AMPPE   90.30%    passed      9.64%
 565  tr|A0A3P8TVW5|A0A3P8TVW5_AMPPE   92.36%    passed     25.53%
 566  tr|A0A3P8SKD1|A0A3P8SKD1_AMPPE   90.99%    failed      2.85%
 567  tr|A0A3P8WL51|A0A3P8WL51_CYNSE   92.15%    failed      2.42%
 568  tr|A0A3P8VJ94|A0A3P8VJ94_CYNSE   90.16%    failed      2.50%
 569  tr|A0A3P8W148|A0A3P8W148_CYNSE   88.24%    failed      1.60%
 570  tr|A0A3P8VKA5|A0A3P8VKA5_CYNSE   91.90%    failed      3.28%
 571  tr|A0A3P8WT03|A0A3P8WT03_CYNSE   90.82%    passed     23.41%
 572  tr|A0A3P8ZFX3|A0A3P8ZFX3_ESOLU   91.60%    passed      7.98%
 573  tr|A0A3P8YIQ0|A0A3P8YIQ0_ESOLU   91.37%    passed      8.44%
 574  tr|A0A3P8XGY2|A0A3P8XGY2_ESOLU   90.48%    failed      0.29%
 575  tr|A0A3P8Z905|A0A3P8Z905_ESOLU   89.66%    failed      4.54%
 576  tr|A0A6Q2XFB4|A0A6Q2XFB4_ESOLU   90.35%    passed     30.88%
 577  tr|A0A6Q2YC78|A0A6Q2YC78_ESOLU   90.85%    passed     26.72%
 578  tr|A0A3P9CW20|A0A3P9CW20_9CICH   92.16%    failed      0.94%
 579  tr|A0A3P9DGZ9|A0A3P9DGZ9_9CICH   90.53%    passed     43.15%
 580  tr|A0A3P9CCU8|A0A3P9CCU8_9CICH   90.82%    passed      8.33%
 581  tr|A0A3P9C186|A0A3P9C186_9CICH   91.47%    failed      4.30%
 582  tr|A0A3P9CBX7|A0A3P9CBX7_9CICH   90.12%    passed     18.12%
 583  tr|A0A3P9AW79|A0A3P9AW79_9CICH   90.51%    passed      5.02%
 584  tr|A0A340YJC5|A0A340YJC5_LIPVE   91.63%    passed     72.69%
 585  tr|A0A340WFD9|A0A340WFD9_LIPVE   91.90%    passed      6.23%
 586  tr|A0A340YHX2|A0A340YHX2_LIPVE   93.33%    failed      1.30%
 587  tr|A0A340YCZ7|A0A340YCZ7_LIPVE   89.52%    failed      0.03%
 588  tr|A0A3M0KZM4|A0A3M0KZM4_HIRRU   92.61%    passed      9.40%
 589  tr|A0A3M0IN30|A0A3M0IN30_HIRRU   91.24%    passed      7.25%
 590  tr|A0A3M0JUG8|A0A3M0JUG8_HIRRU   90.66%    failed      0.01%
 591  tr|A0A3S1C4R2|A0A3S1C4R2_ELYCH   91.44%    failed      0.02%
 592  tr|A0A3L8RWW0|A0A3L8RWW0_CHLGU   94.10%    passed     54.12%
 593  tr|A0A3L8RWZ5|A0A3L8RWZ5_CHLGU   94.10%    passed     46.33%
 594  tr|A0A3L8SNG1|A0A3L8SNG1_CHLGU   92.07%    passed     30.93%
 595  tr|A0A3N0Y5F8|A0A3N0Y5F8_ANAGA   90.51%    passed     13.76%
 596  tr|A0A437CA08|A0A437CA08_ORYJA   90.51%    passed     41.71%
 597  tr|A0A437C5F8|A0A437C5F8_ORYJA   89.93%    passed     68.44%
 598  tr|A0A437CGW7|A0A437CGW7_ORYJA   90.48%    passed     15.36%
 599  tr|A0A437C8M0|A0A437C8M0_ORYJA   92.15%    failed      0.69%
 600  tr|A0A3S2PI75|A0A3S2PI75_ORYJA   92.13%    passed      5.89%
 601  tr|A0A3Q7V1E0|A0A3Q7V1E0_VULVU   92.13%    failed      0.17%
 602  tr|A0A3Q7T7Z2|A0A3Q7T7Z2_VULVU   92.61%    passed      8.91%
 603  tr|A0A3Q7TS32|A0A3Q7TS32_VULVU   92.22%    passed     35.20%
 604  tr|A0A3Q7RGV5|A0A3Q7RGV5_VULVU   89.47%    failed      0.00%
 605  tr|A0A3Q7MU50|A0A3Q7MU50_CALUR   92.32%    failed      0.64%
 606  tr|A0A3Q7Q817|A0A3Q7Q817_CALUR   90.25%    passed     24.73%
 607  tr|A0A3Q7N4L3|A0A3Q7N4L3_CALUR   92.16%    failed      0.01%
 608  tr|A0A3Q7RFT8|A0A3Q7RFT8_CALUR   91.86%    passed     11.95%
 609  tr|A0A3Q7Q5N6|A0A3Q7Q5N6_CALUR   89.40%    failed      0.00%
 610  tr|A0A3Q7XHR7|A0A3Q7XHR7_URSAR   92.00%    failed      0.00%
 611  tr|A0A3Q7UUI8|A0A3Q7UUI8_URSAR   92.16%    failed      0.51%
 612  tr|A0A3Q7WDZ4|A0A3Q7WDZ4_URSAR   91.97%    passed     17.02%
 613  tr|A0A3Q7VZ77|A0A3Q7VZ77_URSAR   92.22%    passed     17.15%
 614  tr|A0A3Q7X1H0|A0A3Q7X1H0_URSAR   89.47%    failed      0.00%
 615  tr|A0A401SL16|A0A401SL16_CHIPU   90.35%    failed      3.60%
 616  tr|A0A401RSL8|A0A401RSL8_CHIPU   93.69%    passed     20.71%
 617  tr|A0A401SRW2|A0A401SRW2_CHIPU   90.50%    failed      0.15%
 618  tr|A0A401NKQ9|A0A401NKQ9_SCYTO   92.29%    passed      5.98%
 619  tr|A0A401PYE0|A0A401PYE0_SCYTO   93.37%    passed     15.69%
 620  tr|A0A401Q2Q1|A0A401Q2Q1_SCYTO   92.85%    passed      5.36%
 621  tr|A0A402F168|A0A402F168_9SAUR   92.07%    passed     45.39%
 622  tr|A0A402FUM4|A0A402FUM4_9SAUR   90.82%    failed      1.54%
 623  tr|A0A402FAH7|A0A402FAH7_9SAUR   92.54%    failed      0.02%
 624  tr|A0A402F0Q4|A0A402F0Q4_9SAUR   90.46%    failed      1.95%
 625  tr|A0A402F6W4|A0A402F6W4_9SAUR   91.28%    passed      6.88%
 626  tr|A0A402FMZ4|A0A402FMZ4_9SAUR   93.12%    passed     21.62%
 627  tr|A0A444U8T0|A0A444U8T0_ACIRT   91.74%    passed     36.64%
 628  tr|A0A444TX22|A0A444TX22_ACIRT   87.59%    failed      0.06%
 629  tr|A0A498MWY4|A0A498MWY4_LABRO   92.34%    passed     17.16%
 630  tr|A0A498LVK7|A0A498LVK7_LABRO   89.43%    failed      0.23%
 631  tr|A0A498NAU3|A0A498NAU3_LABRO   88.49%    failed      0.01%
 632  tr|A0A498M4F1|A0A498M4F1_LABRO   91.37%    passed     14.76%
 633  tr|A0A498LVU6|A0A498LVU6_LABRO   86.83%    failed      0.03%
 634  tr|A0A498N9M6|A0A498N9M6_LABRO   90.51%    passed     11.37%
 635  tr|A0A498N888|A0A498N888_LABRO   92.27%    passed     19.52%
 636  tr|A0A452FS30|A0A452FS30_CAPHI   92.22%    failed      0.23%
 637  tr|A0A452FIH0|A0A452FIH0_CAPHI   91.88%    failed      0.74%
 638  tr|A0A452DQB4|A0A452DQB4_CAPHI   90.05%    passed      7.98%
 639  tr|A0A452DV82|A0A452DV82_CAPHI   89.56%    failed      0.01%
 640  tr|A0A452GTM1|A0A452GTM1_9SAUR   92.11%    passed     11.50%
 641  tr|A0A452J1V7|A0A452J1V7_9SAUR   90.85%    failed      4.59%
 642  tr|A0A452H3Z8|A0A452H3Z8_9SAUR   93.79%    passed     85.57%
 643  tr|A0A452I9S4|A0A452I9S4_9SAUR   92.29%    failed      0.55%
 644  tr|A0A452SLM1|A0A452SLM1_URSAM   89.47%    failed      0.00%
 645  tr|A0A452QNJ9|A0A452QNJ9_URSAM   92.00%    failed      0.01%
 646  tr|A0A484CW17|A0A484CW17_PERFV   92.91%    failed      1.77%
 647  tr|A0A484CQ07|A0A484CQ07_PERFV   90.60%    passed     24.45%
 648  tr|A0A484CAJ7|A0A484CAJ7_PERFV   89.65%    passed      6.09%
 649  tr|A0A484D138|A0A484D138_PERFV   91.77%    failed      0.71%
 650  tr|R0LJJ8|R0LJJ8_ANAPL           93.05%    passed     36.87%
 651  tr|R0JN62|R0JN62_ANAPL           93.01%    passed      5.87%
 652  tr|R0LAQ1|R0LAQ1_ANAPL           91.49%    passed     14.91%
 653  tr|A0A4D9E7C0|A0A4D9E7C0_9SAUR   92.62%    passed      5.75%
 654  tr|A0A4D9EGG5|A0A4D9EGG5_9SAUR   90.51%    failed      1.62%
 655  tr|A0A4D9EAL7|A0A4D9EAL7_9SAUR   91.74%    passed      7.39%
 656  tr|A0A4D9EQ57|A0A4D9EQ57_9SAUR   92.22%    failed      0.03%
 657  tr|A0A4D9DTN2|A0A4D9DTN2_9SAUR   92.48%    passed     13.39%
 658  tr|A0A4D9EHQ2|A0A4D9EHQ2_9SAUR   90.48%    passed     20.70%
 659  tr|A0A4U5U0G2|A0A4U5U0G2_COLLU   90.14%    passed     17.47%
 660  tr|A0A4U5VMW0|A0A4U5VMW0_COLLU   90.64%    failed      2.29%
 661  tr|A0A4U5U0H1|A0A4U5U0H1_COLLU   90.44%    passed     11.44%
 662  tr|A0A4U5UWS2|A0A4U5UWS2_COLLU   91.95%    passed     26.65%
 663  tr|A0A5N4E5P8|A0A5N4E5P8_CAMDR   92.75%    failed      0.06%
 664  tr|A0A5N4CYI4|A0A5N4CYI4_CAMDR   89.38%    failed      0.00%
 665  tr|A0A4U1ERA5|A0A4U1ERA5_MONMO   89.13%    failed      0.00%
 666  tr|A0A4Z2G2L6|A0A4Z2G2L6_9TELE   94.08%    failed      1.54%
 667  tr|A0A4Z2I4E5|A0A4Z2I4E5_9TELE   91.24%    failed      4.41%
 668  tr|A0A4W6C5Q5|A0A4W6C5Q5_LATCA   89.88%    passed     23.60%
 669  tr|A0A4W6DCC3|A0A4W6DCC3_LATCA   92.15%    failed      0.37%
 670  tr|A0A4W6DXG3|A0A4W6DXG3_LATCA   90.69%    failed      0.39%
 671  tr|A0A4W6G8U9|A0A4W6G8U9_LATCA   91.26%    failed      0.69%
 672  tr|A0A4W6CJY6|A0A4W6CJY6_LATCA   92.61%    failed      1.16%
 673  tr|A0A4W2BQ19|A0A4W2BQ19_BOBOX   91.88%    failed      1.48%
 674  tr|A0A4W2CN77|A0A4W2CN77_BOBOX   90.05%    passed     18.50%
 675  tr|A0A4W2FPX7|A0A4W2FPX7_BOBOX   92.30%    failed      0.10%
 676  tr|A0A4W2E9X8|A0A4W2E9X8_BOBOX   89.56%    failed      0.01%
 677  tr|A0A4W5MMN4|A0A4W5MMN4_9TELE   90.23%    passed     21.63%
 678  tr|A0A4W5RAX7|A0A4W5RAX7_9TELE   92.77%    failed      3.13%
 679  tr|A0A4W5Q2M1|A0A4W5Q2M1_9TELE   90.44%    passed     13.60%
 680  tr|A0A4W5NAL9|A0A4W5NAL9_9TELE   90.48%    passed     10.85%
 681  tr|A0A4W5Q3Y5|A0A4W5Q3Y5_9TELE   90.48%    failed      0.00%
 682  tr|A0A4W5N8C8|A0A4W5N8C8_9TELE   90.20%    passed     39.21%
 683  tr|A0A4W5M370|A0A4W5M370_9TELE   89.72%    failed      0.53%
 684  tr|A0A4W5JZ26|A0A4W5JZ26_9TELE   90.09%    passed      5.17%
 685  tr|A0A4W4H5N1|A0A4W4H5N1_ELEEL   92.20%    passed      6.50%
 686  tr|A0A4W4H001|A0A4W4H001_ELEEL   92.46%    failed      0.48%
 687  tr|A0A4W4HIQ1|A0A4W4HIQ1_ELEEL   89.73%    failed      3.91%
 688  tr|A0A4W4HJ77|A0A4W4HJ77_ELEEL   90.67%    passed      6.70%
 689  tr|A0A4W4HPI0|A0A4W4HPI0_ELEEL   90.92%    failed      3.64%
 690  tr|A0A4W4GUG5|A0A4W4GUG5_ELEEL   91.22%    failed      3.05%
 691  tr|A0A4W3HJ89|A0A4W3HJ89_CALMI   91.72%    failed      3.10%
 692  tr|A0A4W3J4J7|A0A4W3J4J7_CALMI   89.52%    failed      2.63%
 693  tr|A0A4W3HIU5|A0A4W3HIU5_CALMI   90.87%    passed     13.74%
 694  tr|A0A4X2KRN0|A0A4X2KRN0_VOMUR   92.13%    failed      2.36%
 695  tr|A0A4X2JVF4|A0A4X2JVF4_VOMUR   91.31%    passed      6.53%
 696  tr|A0A4X2K8M4|A0A4X2K8M4_VOMUR   90.37%    passed     28.57%
 697  tr|A0A4X2KX32|A0A4X2KX32_VOMUR   89.65%    failed      1.24%
 698  tr|A0A553RNW3|A0A553RNW3_9TELE   92.29%    passed     17.23%
 699  tr|A0A553QPS0|A0A553QPS0_9TELE   88.79%    failed      3.81%
 700  tr|A0A553MZT0|A0A553MZT0_9TELE   89.40%    failed      3.47%
 701  tr|A0A553R4K8|A0A553R4K8_9TELE   91.38%    failed      4.39%
 702  tr|A0A556TWG4|A0A556TWG4_BAGYA   92.00%    failed      0.00%
 703  tr|A0A556V9D1|A0A556V9D1_BAGYA   94.38%    failed      1.06%
 704  tr|A0A556TTU0|A0A556TTU0_BAGYA   89.45%    failed      1.21%
 705  tr|A0A556U0Y1|A0A556U0Y1_BAGYA   90.21%    failed      3.03%
 706  tr|A0A5C6PMC0|A0A5C6PMC0_9TELE   90.27%    passed     12.26%
 707  tr|A0A5C6PNJ1|A0A5C6PNJ1_9TELE   90.64%    failed      0.28%
 708  tr|A0A5C6NZI4|A0A5C6NZI4_9TELE   90.55%    passed      7.98%
 709  tr|A0A5C6MWD4|A0A5C6MWD4_9TELE   92.52%    failed      3.33%
 710  tr|A0A5C6P3Y2|A0A5C6P3Y2_9TELE   90.83%    passed     15.51%
 711  tr|A0A5C6NTW7|A0A5C6NTW7_9TELE   89.84%    failed      0.26%
 712  tr|A0A5A9PA17|A0A5A9PA17_9TELE   91.05%    passed      8.68%
 713  tr|A0A5A9PVQ8|A0A5A9PVQ8_9TELE   90.28%    passed     13.55%
 714  tr|A0A5A9P3R0|A0A5A9P3R0_9TELE   89.45%    failed      0.15%
 715  tr|A0A5A9N4X6|A0A5A9N4X6_9TELE   90.87%    failed      0.94%
 716  tr|A0A5A9NRF9|A0A5A9NRF9_9TELE   89.31%    failed      4.80%
 717  tr|A0A5N3Y1Z4|A0A5N3Y1Z4_MUNRE   88.32%    failed      0.00%
 718  tr|A0A5N3XX21|A0A5N3XX21_MUNRE   89.65%    failed      0.30%
 719  tr|A0A5J5MIS5|A0A5J5MIS5_MUNRE   90.46%    passed     13.21%
 720  tr|A0A5J5MLH0|A0A5J5MLH0_MUNRE   92.91%    failed      0.26%
 721  tr|A0A5N5PHD7|A0A5N5PHD7_PANHP   90.89%    passed     32.61%
 722  tr|A0A5N5PXB8|A0A5N5PXB8_PANHP   91.97%    failed      1.44%
 723  tr|A0A5N5MJE3|A0A5N5MJE3_PANHP   90.21%    failed      1.93%
 724  tr|A0A5N5KSE5|A0A5N5KSE5_PANHP   92.00%    failed      0.23%
 725  tr|A0A5E4B4A3|A0A5E4B4A3_MARMO   89.29%    failed      0.02%
 726  tr|A0A5E4AT72|A0A5E4AT72_MARMO   92.04%    failed      0.05%
 727  tr|A0A5E4B9S7|A0A5E4B9S7_MARMO   92.06%    failed      0.87%
 728  tr|A0A485MPM6|A0A485MPM6_LYNPA   92.23%    failed      0.40%
 729  tr|A0A485MMW7|A0A485MMW7_LYNPA   90.25%    passed     15.27%
 730  tr|A0A485MKM9|A0A485MKM9_LYNPA   92.09%    failed      0.04%
 731  tr|A0A485NRT1|A0A485NRT1_LYNPA   91.86%    failed      2.32%
 732  tr|A0A485MCI6|A0A485MCI6_LYNPA   90.09%    failed      0.07%
 733  tr|A0A6G0J7J6|A0A6G0J7J6_LARCR   90.74%    passed     14.96%
 734  tr|A0A6G0J6W5|A0A6G0J6W5_LARCR   90.73%    passed     15.47%
 735  tr|A0A6G0IHY2|A0A6G0IHY2_LARCR   90.46%    passed     22.86%
 736  tr|A0A6G0HYT9|A0A6G0HYT9_LARCR   90.67%    failed      3.43%
 737  tr|A0A6A1QCA3|A0A6A1QCA3_BALPH   92.43%    failed      0.00%
 738  tr|A0A6A5EAD3|A0A6A5EAD3_PERFL   93.07%    failed      0.08%
 739  tr|A0A6A5F185|A0A6A5F185_PERFL   90.23%    passed     21.96%
 740  tr|A0A6A5E0Z8|A0A6A5E0Z8_PERFL   90.12%    failed      0.44%
 741  tr|A0A6A5EZC2|A0A6A5EZC2_PERFL   90.50%    passed     15.94%
 742  tr|A0A6A5F1N2|A0A6A5F1N2_PERFL   91.77%    failed      1.09%
 743  tr|A0A671G0F9|A0A671G0F9_RHIFE   90.23%    passed     68.65%
 744  tr|A0A671FAN0|A0A671FAN0_RHIFE   91.91%    passed      5.28%
 745  tr|A0A671FL54|A0A671FL54_RHIFE   87.59%    failed      0.00%
 746  tr|A0A671NCA3|A0A671NCA3_9TELE   91.77%    failed      0.85%
 747  tr|A0A671MFN7|A0A671MFN7_9TELE   92.68%    passed      6.17%
 748  tr|A0A671RY76|A0A671RY76_9TELE   90.50%    passed      6.59%
 749  tr|A0A671RIW3|A0A671RIW3_9TELE   92.15%    failed      2.05%
 750  tr|A0A671LLW9|A0A671LLW9_9TELE   90.43%    failed      4.95%
 751  tr|A0A671SMM9|A0A671SMM9_9TELE   90.44%    passed     28.66%
 752  tr|A0A671RRX3|A0A671RRX3_9TELE   90.41%    failed      0.35%
 753  tr|A0A671PH42|A0A671PH42_9TELE   90.51%    passed     42.97%
 754  tr|A0A671S9R2|A0A671S9R2_9TELE   90.64%    failed      0.32%
 755  tr|A0A671SW91|A0A671SW91_9TELE   90.57%    passed      8.81%
 756  tr|A0A669QNU2|A0A669QNU2_PHACC   92.07%    passed      5.37%
 757  tr|A0A669QSB2|A0A669QSB2_PHACC   90.46%    failed      3.90%
 758  tr|A0A669PH32|A0A669PH32_PHACC   92.39%    passed     23.15%
 759  tr|A0A669PZ04|A0A669PZ04_PHACC   90.55%    failed      0.79%
 760  tr|A0A672P3H3|A0A672P3H3_SINGR   90.00%    failed      1.03%
 761  tr|A0A672N2B3|A0A672N2B3_SINGR   90.07%    passed     43.79%
 762  tr|A0A672T2H4|A0A672T2H4_SINGR   92.30%    failed      1.38%
 763  tr|A0A672Q989|A0A672Q989_SINGR   89.49%    failed      0.05%
 764  tr|A0A672SLS0|A0A672SLS0_SINGR   92.62%    passed     10.51%
 765  tr|A0A672L956|A0A672L956_SINGR   91.12%    passed     17.49%
 766  tr|A0A672L1T4|A0A672L1T4_SINGR   95.18%    passed     53.00%
 767  tr|A0A672PW92|A0A672PW92_SINGR   90.98%    passed     18.30%
 768  tr|A0A672SRM0|A0A672SRM0_SINGR   90.50%    passed      7.65%
 769  tr|A0A668ARE8|A0A668ARE8_9TELE   90.37%    failed      2.77%
 770  tr|A0A667WL00|A0A667WL00_9TELE   90.74%    passed      7.38%
 771  tr|A0A667ZK87|A0A667ZK87_9TELE   90.43%    passed     25.51%
 772  tr|A0A668ACB5|A0A668ACB5_9TELE   92.36%    failed      0.98%
 773  tr|A0A668A7R0|A0A668A7R0_9TELE   90.23%    passed     35.91%
 774  tr|A0A667YG44|A0A667YG44_9TELE   91.99%    passed      6.26%
 775  tr|A0A665VI47|A0A665VI47_ECHNA   92.55%    failed      0.15%
 776  tr|A0A665WDT2|A0A665WDT2_ECHNA   92.07%    failed      2.52%
 777  tr|A0A665VGZ0|A0A665VGZ0_ECHNA   90.78%    failed      4.65%
 778  tr|A0A665U245|A0A665U245_ECHNA   90.80%    passed     10.06%
 779  tr|A0A665WMJ1|A0A665WMJ1_ECHNA   90.51%    passed     13.96%
 780  tr|A0A671Y501|A0A671Y501_SPAAU   90.41%    passed     39.47%
 781  tr|A0A671Y1L5|A0A671Y1L5_SPAAU   91.79%    failed      0.28%
 782  tr|A0A671YUG4|A0A671YUG4_SPAAU   90.14%    failed      4.62%
 783  tr|A0A671WAG5|A0A671WAG5_SPAAU   92.15%    failed      1.48%
 784  tr|A0A671VUP1|A0A671VUP1_SPAAU   90.32%    passed     12.43%
 785  tr|A0A672TJC8|A0A672TJC8_STRHB   92.13%    failed      1.47%
 786  tr|A0A672TQQ6|A0A672TQQ6_STRHB   90.46%    failed      3.90%
 787  tr|A0A672TPR7|A0A672TPR7_STRHB   92.09%    passed      6.56%
 788  tr|A0A672UI54|A0A672UI54_STRHB   89.86%    failed      0.08%
 789  tr|A0A672GMV8|A0A672GMV8_SALFA   89.88%    failed      0.29%
 790  tr|A0A672GP58|A0A672GP58_SALFA   92.18%    passed     11.51%
 791  tr|A0A672HZQ7|A0A672HZQ7_SALFA   91.79%    passed      5.73%
 792  tr|A0A672GL58|A0A672GL58_SALFA   90.60%    failed      3.94%
 793  tr|A0A672J2U2|A0A672J2U2_SALFA   90.04%    failed      0.46%
 794  tr|A0A673SSZ7|A0A673SSZ7_SURSU   92.09%    failed      0.02%
 795  tr|A0A673SY79|A0A673SY79_SURSU   90.21%    passed     11.59%
 796  tr|A0A673TUZ9|A0A673TUZ9_SURSU   89.54%    failed      0.00%
 797  tr|A0A673SZG1|A0A673SZG1_SURSU   91.86%    passed      8.28%
 798  tr|A0A663MTK2|A0A663MTK2_ATHCN   92.43%    passed     18.11%
 799  tr|A0A663MSA7|A0A663MSA7_ATHCN   89.34%    failed      0.06%
 800  tr|A0A663M4U4|A0A663M4U4_ATHCN   92.13%    passed      6.25%
 801  tr|A0A663M589|A0A663M589_ATHCN   90.21%    passed     14.59%
 802  tr|A0A663N758|A0A663N758_ATHCN   92.09%    passed      7.54%
 803  tr|A0A673J0E1|A0A673J0E1_9TELE   90.39%    passed     11.16%
 804  tr|A0A673ISF0|A0A673ISF0_9TELE   92.57%    failed      0.87%
 805  tr|A0A673HLA5|A0A673HLA5_9TELE   90.25%    failed      0.08%
 806  tr|A0A673FTX3|A0A673FTX3_9TELE   92.66%    failed      3.11%
 807  tr|A0A673JWX2|A0A673JWX2_9TELE   91.35%    passed     50.80%
 808  tr|A0A673M750|A0A673M750_9TELE   90.07%    passed     51.29%
 809  tr|A0A673HYV9|A0A673HYV9_9TELE   90.57%    passed      5.61%
 810  tr|A0A673L6W5|A0A673L6W5_9TELE   94.36%    passed     75.53%
 811  tr|A0A673H8U6|A0A673H8U6_9TELE   90.73%    passed     15.38%
 812  tr|A0A673L355|A0A673L355_9TELE   92.15%    failed      2.34%
 813  tr|A0A673LXL5|A0A673LXL5_9TELE   89.22%    failed      0.21%
 814  tr|A0A673C0G1|A0A673C0G1_9TELE   89.75%    passed      6.30%
 815  tr|A0A673CAY1|A0A673CAY1_9TELE   92.55%    failed      0.83%
 816  tr|A0A673B2I5|A0A673B2I5_9TELE   90.21%    failed      0.01%
 817  tr|A0A672ZII0|A0A672ZII0_9TELE   90.50%    passed     13.53%
 818  tr|A0A670JT36|A0A670JT36_PODMU   90.46%    failed      4.28%
 819  tr|A0A670IY00|A0A670IY00_PODMU   90.25%    failed      3.17%
 820  tr|A0A670ICY0|A0A670ICY0_PODMU   93.00%    passed     47.34%
 821  tr|A0A670JRS4|A0A670JRS4_PODMU   92.06%    passed     11.24%
 822  tr|A0A670HRM1|A0A670HRM1_PODMU   90.35%    passed     21.84%
 823  tr|A0A670Z9Q6|A0A670Z9Q6_PSETE   94.15%    passed     13.71%
 824  tr|A0A670YH70|A0A670YH70_PSETE   90.34%    passed     44.05%
 825  tr|A0A670ZWI4|A0A670ZWI4_PSETE   95.09%    passed     30.96%
 826  tr|A0A670YYV0|A0A670YYV0_PSETE   94.22%    failed      1.24%
 827  tr|A0A674INE4|A0A674INE4_TERCA   90.51%    failed      1.52%
 828  tr|A0A674IQM7|A0A674IQM7_TERCA   92.50%    passed      8.58%
 829  tr|A0A674IRT4|A0A674IRT4_TERCA   92.62%    passed     16.19%
 830  tr|A0A674HWC9|A0A674HWC9_TERCA   92.23%    failed      0.02%
 831  tr|A0A674I5Z8|A0A674I5Z8_TERCA   90.30%    passed     75.31%
 832  tr|A0A674JP26|A0A674JP26_TERCA   90.44%    passed     20.46%
 833  tr|A0A663DM13|A0A663DM13_AQUCH   92.52%    passed      6.90%
 834  tr|A0A663F3E3|A0A663F3E3_AQUCH   90.89%    passed     24.97%
 835  tr|A0A663F8C9|A0A663F8C9_AQUCH   90.46%    failed      3.90%
 836  tr|A0A668RYZ3|A0A668RYZ3_OREAU   91.17%    passed     47.89%
 837  tr|A0A668UQB2|A0A668UQB2_OREAU   93.71%    passed      8.11%
 838  tr|A0A668VF33|A0A668VF33_OREAU   90.12%    passed     29.26%
 839  tr|A0A668RLU1|A0A668RLU1_OREAU   92.18%    failed      4.92%
 840  tr|A0A674EXV0|A0A674EXV0_SALTR   90.23%    passed      9.81%
 841  tr|A0A673XMG5|A0A673XMG5_SALTR   91.21%    passed      5.91%
 842  tr|A0A674BQW0|A0A674BQW0_SALTR   91.08%    failed      0.00%
 843  tr|A0A674D884|A0A674D884_SALTR   90.46%    passed     25.00%
 844  tr|A0A673XQG3|A0A673XQG3_SALTR   90.23%    passed      6.10%
 845  tr|A0A673YLP8|A0A673YLP8_SALTR   90.23%    passed     26.56%
 846  tr|A0A674BDQ8|A0A674BDQ8_SALTR   91.35%    failed      0.00%
 847  tr|A0A673Y4Y1|A0A673Y4Y1_SALTR   90.48%    failed      4.15%
 848  tr|A0A674AQ79|A0A674AQ79_SALTR   92.20%    failed      1.65%
 849  tr|A0A674CMB1|A0A674CMB1_SALTR   90.41%    failed      1.66%
 850  tr|A0A6G1BGK2|A0A6G1BGK2_CROCR   92.48%    failed      0.12%
 851  tr|A0A6G1AFL2|A0A6G1AFL2_CROCR   92.45%    failed      0.41%
 852  tr|A0A6G1BES8|A0A6G1BES8_CROCR   90.67%    passed     35.07%
 853  tr|A0A6G1AGK7|A0A6G1AGK7_CROCR   89.98%    failed      0.14%
 854  tr|A0A6G1BAD1|A0A6G1BAD1_CROCR   92.13%    failed      4.70%
 855  tr|A0A6F9A1S9|A0A6F9A1S9_9TELE   94.73%    passed     35.84%
 856  tr|A0A6F9AS68|A0A6F9AS68_9TELE   93.55%    failed      2.62%
 857  tr|A0A6F9AWK9|A0A6F9AWK9_9TELE   95.37%    passed      8.05%
 858  tr|A0A6G1QP32|A0A6G1QP32_9TELE   91.28%    failed      0.03%
 859  tr|A0A6G1QLN1|A0A6G1QLN1_9TELE   92.15%    failed      0.25%
 860  tr|A0A6G1Q9Y5|A0A6G1Q9Y5_9TELE   90.05%    passed     12.01%
 861  tr|A0A6I9M2R6|A0A6I9M2R6_PERMB   92.25%    failed      0.04%
 862  tr|A0A6I9L1M5|A0A6I9L1M5_PERMB   90.32%    passed     32.74%
 863  tr|A0A6I9LDP5|A0A6I9LDP5_PERMB   91.88%    failed      0.00%
 864  tr|A0A6J0D3Z1|A0A6J0D3Z1_PERMB   89.22%    failed      0.92%
 865  tr|A0A6I9LFS0|A0A6I9LFS0_PERMB   91.88%    failed      3.76%
 866  tr|A0A6I9HBW2|A0A6I9HBW2_GEOFO   92.04%    passed     11.97%
 867  tr|A0A6J3BBJ0|A0A6J3BBJ0_VICPA   91.86%    passed      9.22%
 868  tr|A0A6I9I023|A0A6I9I023_VICPA   90.14%    failed      0.34%
 869  tr|A0A6I9I799|A0A6I9I799_VICPA   90.27%    passed     36.82%
 870  tr|A0A6J3ALR9|A0A6J3ALR9_VICPA   93.17%    failed      1.26%
 871  tr|A0A6I9MVM8|A0A6I9MVM8_9TELE   90.51%    passed      7.84%
 872  tr|A0A6I9PGT5|A0A6I9PGT5_9TELE   92.07%    failed      0.41%
 873  tr|A0A6I9MYL6|A0A6I9MYL6_9TELE   91.40%    failed      0.22%
 874  tr|A0A6J1UA54|A0A6J1UA54_9SAUR   90.04%    failed      3.90%
 875  tr|A0A6J1UD93|A0A6J1UD93_9SAUR   90.30%    passed     34.23%
 876  tr|A0A6J1V606|A0A6J1V606_9SAUR   92.00%    passed      7.89%
 877  tr|A0A6J1VKD8|A0A6J1VKD8_9SAUR   90.48%    passed     10.43%
 878  tr|A0A6J0Z7R0|A0A6J0Z7R0_ODOVR   92.59%    failed      0.47%
 879  tr|A0A6J0ZDJ6|A0A6J0ZDJ6_ODOVR   89.56%    failed      0.02%
 880  tr|A0A6J0XIQ1|A0A6J0XIQ1_ODOVR   90.04%    passed     17.91%
 881  tr|A0A6I9Y6D4|A0A6I9Y6D4_9SAUR   90.32%    passed     10.75%
 882  tr|A0A6I9X9Z2|A0A6I9X9Z2_9SAUR   92.27%    passed     46.41%
 883  tr|A0A6I9Y182|A0A6I9Y182_9SAUR   90.64%    failed      4.76%
 884  tr|A0A6J0V912|A0A6J0V912_9SAUR   92.22%    passed     15.01%
 885  tr|A0A6J0TMA2|A0A6J0TMA2_9SAUR   89.96%    passed      6.95%
 886  tr|A0A6J0SFZ7|A0A6J0SFZ7_9SAUR   91.88%    passed     10.86%
 887  tr|A0A6J0UR25|A0A6J0UR25_9SAUR   90.48%    failed      2.34%
 888  tr|A0A6J0SKJ3|A0A6J0SKJ3_9SAUR   92.22%    failed      0.13%
 889  tr|A0A6J0SNI7|A0A6J0SNI7_9SAUR   90.35%    passed     66.54%
 890  tr|A0A6I9KHG5|A0A6I9KHG5_CHRAS   92.22%    passed     13.82%
 891  tr|A0A6I9K5G0|A0A6I9K5G0_CHRAS   89.59%    failed      0.37%
 892  tr|A0A6I9K3F7|A0A6I9K3F7_CHRAS   92.13%    failed      4.98%
 893  tr|A0A6J1XP96|A0A6J1XP96_ACIJB   89.18%    failed      0.01%
 894  tr|A0A6J1XW05|A0A6J1XW05_ACIJB   91.86%    passed      5.19%
 895  tr|A0A6J1YV30|A0A6J1YV30_ACIJB   90.21%    passed     22.23%
 896  tr|A0A6J1YP75|A0A6J1YP75_ACIJB   92.16%    failed      0.27%
 897  tr|A0A6J1Z4S7|A0A6J1Z4S7_ACIJB   92.11%    failed      0.05%
 898  tr|A0A6J2HYR4|A0A6J2HYR4_9PASS   91.86%    passed      6.55%
 899  tr|A0A6J2IUA2|A0A6J2IUA2_9PASS   90.53%    passed      6.68%
 900  tr|A0A6J2GVU0|A0A6J2GVU0_9PASS   92.02%    passed      8.84%
 901  tr|A0A6J2M4U7|A0A6J2M4U7_9CHIR   91.91%    failed      0.45%
 902  tr|A0A6J2LL51|A0A6J2LL51_9CHIR   90.21%    passed     71.04%
 903  tr|A0A6J2M345|A0A6J2M345_9CHIR   89.56%    failed      0.00%
 904  tr|A0A6J2RNT8|A0A6J2RNT8_COTGO   90.00%    failed      0.53%
 905  tr|A0A6J2S1V7|A0A6J2S1V7_COTGO   90.12%    passed     21.97%
 906  tr|A0A6J2RG47|A0A6J2RG47_COTGO   90.59%    passed     14.51%
 907  tr|A0A6J2QZ01|A0A6J2QZ01_COTGO   90.90%    passed      8.42%
 908  tr|A0A6J2RWN3|A0A6J2RWN3_COTGO   92.15%    failed      0.83%
 909  tr|A0A6J2RJB2|A0A6J2RJB2_COTGO   92.07%    failed      1.02%
 910  tr|A0A6J2VEN3|A0A6J2VEN3_CHACN   90.50%    passed     10.18%
 911  tr|A0A6J2UZP8|A0A6J2UZP8_CHACN   92.52%    failed      2.37%
 912  tr|A0A6J2VGB3|A0A6J2VGB3_CHACN   89.18%    failed      0.71%
 913  tr|A0A6J2WGD1|A0A6J2WGD1_CHACN   90.37%    failed      3.46%
 914  tr|A0A6J2VAG9|A0A6J2VAG9_CHACN   92.15%    passed      9.11%
 915  tr|A0A6J2V506|A0A6J2V506_CHACN   90.05%    passed      6.33%
 916  tr|A0A6J3E5K3|A0A6J3E5K3_AYTFU   90.50%    failed      0.61%
 917  tr|A0A6J3CP98|A0A6J3CP98_AYTFU   90.04%    passed     14.39%
 918  tr|A0A6J3D4C6|A0A6J3D4C6_AYTFU   92.02%    passed     13.80%
 919  tr|A0A6J3CQM4|A0A6J3CQM4_AYTFU   92.29%    passed      5.07%
 920  tr|A0A6J3HVT5|A0A6J3HVT5_SAPAP   90.25%    passed     50.33%
 921  tr|A0A6J3JFY1|A0A6J3JFY1_SAPAP   89.26%    failed      0.00%
 922  tr|A0A6J3FM84|A0A6J3FM84_SAPAP   92.15%    failed      0.04%
 923  tr|A0A6J3GRS7|A0A6J3GRS7_SAPAP   90.02%    failed      0.00%
 924  tr|A0A6J8C3Y9|A0A6J8C3Y9_MYTCO   90.90%    failed      0.00%
 925  tr|A0A6P6M4G5|A0A6P6M4G5_CARAU   89.49%    failed      0.16%
 926  sp|Q90308|VIPR_CARAU             92.07%    passed      9.72%
 927  tr|A0A6P6R7J0|A0A6P6R7J0_CARAU   92.22%    passed      9.31%
 928  tr|A0A6P6JRM2|A0A6P6JRM2_CARAU   92.20%    passed      6.48%
 929  tr|A0A6P6KNE5|A0A6P6KNE5_CARAU   89.89%    passed     12.50%
 930  tr|A0A6P6L3I5|A0A6P6L3I5_CARAU   90.25%    passed     45.15%
 931  tr|A0A6P6NBY8|A0A6P6NBY8_CARAU   89.43%    failed      1.11%
 932  tr|A0A6P6JSV6|A0A6P6JSV6_CARAU   90.50%    passed     12.21%
 933  tr|A0A6P6J797|A0A6P6J797_CARAU   89.72%    passed     17.97%
 934  tr|A0A6P6MBQ0|A0A6P6MBQ0_CARAU   91.67%    passed      8.64%
 935  tr|A0A6P6JE83|A0A6P6JE83_CARAU   92.09%    failed      3.87%
 936  tr|A0A6P6QH15|A0A6P6QH15_CARAU   90.27%    passed     43.63%
 937  tr|A0A6P6N8R2|A0A6P6N8R2_CARAU   92.06%    failed      4.17%
 938  tr|A0A6P6N8A2|A0A6P6N8A2_CARAU   89.91%    passed      8.17%
 939  tr|A0A6P6H8B0|A0A6P6H8B0_PUMCO   89.89%    failed      0.07%
 940  tr|A0A6P6IAI8|A0A6P6IAI8_PUMCO   88.39%    failed      0.00%
 941  tr|A0A6P6GW38|A0A6P6GW38_PUMCO   90.83%    passed     62.64%
 942  tr|A0A6P5DL81|A0A6P5DL81_BOSIN   91.90%    failed      1.90%
 943  tr|A0A6P5DRW1|A0A6P5DRW1_BOSIN   89.59%    failed      0.02%
 944  tr|A0A6P5D3Y7|A0A6P5D3Y7_BOSIN   90.05%    passed     19.18%
 945  tr|A0A6P5DQ44|A0A6P5DQ44_BOSIN   91.86%    failed      1.55%
 946  tr|A0A6P5A040|A0A6P5A040_BRABE   90.27%    failed      1.68%
 947  tr|A0A6P4ZBF3|A0A6P4ZBF3_BRABE   91.49%    failed      2.89%
 948  tr|A0A6P4Z099|A0A6P4Z099_BRABE   90.04%    passed     15.12%
 949  tr|A0A6P4ZW33|A0A6P4ZW33_BRABE   89.41%    failed      4.21%
 950  tr|A0A6P5A9P8|A0A6P5A9P8_BRABE   91.72%    failed      1.08%
 951  tr|A0A6P5LGW6|A0A6P5LGW6_PHACI   92.11%    passed     35.63%
 952  tr|A0A6P5M154|A0A6P5M154_PHACI   92.11%    passed     42.54%
 953  tr|A0A6P5L9M7|A0A6P5L9M7_PHACI   89.63%    failed      1.53%
 954  tr|A0A6P5IC55|A0A6P5IC55_PHACI   92.13%    failed      4.34%
 955  tr|A0A6P7KJY8|A0A6P7KJY8_9TELE   92.09%    failed      0.26%
 956  tr|A0A6P7KAK9|A0A6P7KAK9_9TELE   90.12%    passed     20.02%
 957  tr|A0A6P7K2X1|A0A6P7K2X1_9TELE   90.50%    failed      3.14%
 958  tr|A0A6P7KPW3|A0A6P7KPW3_9TELE   90.35%    passed      9.17%
 959  tr|A0A6P7JF18|A0A6P7JF18_9TELE   90.82%    passed      6.14%
 960  tr|A0A6P7K9F8|A0A6P7K9F8_9TELE   92.09%    failed      2.36%
 961  tr|A0A6P7L858|A0A6P7L858_BETSP   89.98%    passed     22.58%
 962  tr|A0A6P7LG87|A0A6P7LG87_BETSP   89.84%    failed      1.21%
 963  tr|A0A6P7KVV7|A0A6P7KVV7_BETSP   90.53%    failed      3.49%
 964  tr|A0A6P7MAB6|A0A6P7MAB6_BETSP   92.13%    failed      0.95%
 965  tr|A0A6P8GVY0|A0A6P8GVY0_CLUHA   92.06%    failed      0.42%
 966  tr|A0A6P8EZ38|A0A6P8EZ38_CLUHA   89.95%    failed      0.61%
 967  tr|A0A6P3VWQ2|A0A6P3VWQ2_CLUHA   90.44%    failed      3.72%
 968  tr|A0A6P3VHG1|A0A6P3VHG1_CLUHA   92.11%    failed      0.21%
 969  tr|A0A6P8EEM4|A0A6P8EEM4_CLUHA   92.46%    failed      0.41%
 970  tr|A0A6P8F4V9|A0A6P8F4V9_CLUHA   92.18%    failed      0.98%
 971  tr|A0A7E6FU78|A0A7E6FU78_OCTVU   88.69%    failed      0.00%
 972  tr|A0A6P7YPN4|A0A6P7YPN4_9AMPH   90.07%    passed     29.20%
 973  tr|A0A6P7XQW6|A0A6P7XQW6_9AMPH   90.57%    passed      5.84%
 974  tr|A0A6P7XLZ8|A0A6P7XLZ8_9AMPH   92.16%    failed      0.08%
 975  tr|A0A6P7ZSW4|A0A6P7ZSW4_9AMPH   89.95%    passed     45.68%
 976  tr|A0A6P9CX76|A0A6P9CX76_PANGU   90.25%    passed     27.03%
 977  tr|A0A6P9BJ63|A0A6P9BJ63_PANGU   90.25%    failed      3.09%
 978  tr|A0A6P9AZC7|A0A6P9AZC7_PANGU   91.61%    failed      1.07%
 979  tr|A0A6P8PV33|A0A6P8PV33_GEOSA   90.57%    failed      1.66%
 980  tr|A0A6P8PCJ5|A0A6P8PCJ5_GEOSA   91.03%    passed      7.86%
 981  tr|A0A6P8QNL1|A0A6P8QNL1_GEOSA   92.41%    failed      4.55%
 982  tr|A0A6P8PFU3|A0A6P8PFU3_GEOSA   92.13%    failed      0.92%
 983  tr|A0A6P8QP16|A0A6P8QP16_GEOSA   90.30%    failed      2.81%
 984  tr|A0A6P8VC98|A0A6P8VC98_GYMAC   92.09%    failed      0.96%
 985  tr|A0A6P8U2L8|A0A6P8U2L8_GYMAC   90.00%    passed     11.98%
 986  tr|A0A6P8SYZ6|A0A6P8SYZ6_GYMAC   92.13%    failed      0.70%
 987  tr|A0A6P8U1L0|A0A6P8U1L0_GYMAC   90.14%    failed      3.72%
 988  tr|A0A6P8WRZ2|A0A6P8WRZ2_GYMAC   90.51%    passed      6.92%
 989  tr|A0A6P6BMM6|A0A6P6BMM6_PTEVA   90.25%    failed      0.00%
 990  tr|A0A6P3R4B2|A0A6P3R4B2_PTEVA   90.35%    passed     56.00%
 991  tr|A0A6P6CQS7|A0A6P6CQS7_PTEVA   91.77%    failed      0.00%
 992  tr|A0A6P3FML1|A0A6P3FML1_OCTDE   89.54%    failed      0.21%
 993  tr|A0A6P6D8I0|A0A6P6D8I0_OCTDE   92.20%    failed      4.74%
 994  tr|A0A6P3EL11|A0A6P3EL11_OCTDE   87.82%    passed      9.46%
 995  tr|A0A6P6E0E8|A0A6P6E0E8_OCTDE   92.06%    failed      0.18%
 996  tr|A0A6P3V9Y1|A0A6P3V9Y1_OCTDE   92.20%    failed      0.05%
 997  tr|A0A6P3J2M1|A0A6P3J2M1_BISBI   91.22%    failed      0.87%
 998  tr|A0A6P3H556|A0A6P3H556_BISBI   92.61%    failed      3.00%
 999  tr|A0A6P3J6M4|A0A6P3J6M4_BISBI   92.30%    failed      0.10%
1000  tr|A0A6P3IYL5|A0A6P3IYL5_BISBI   90.25%    passed     23.61%
WARNING: 1000 sequences contain more than 50% gaps/ambiguity
****  TOTAL                            91.23%  510 sequences failed composition chi2 test (p-value<5%; df=19)
NOTE: tr|A0A669QSB2|A0A669QSB2_PHACC is identical to tr|C7S302|C7S302_CHICK but kept for subsequent analysis
NOTE: tr|A0A2R8ZIZ6|A0A2R8ZIZ6_PANPA is identical to tr|A0A2I3T1V9|A0A2I3T1V9_PANTR but kept for subsequent analysis
NOTE: tr|A0A096MT91|A0A096MT91_PAPAN is identical to tr|A0A1D5R219|A0A1D5R219_MACMU but kept for subsequent analysis
NOTE: tr|A0A4W2CN77|A0A4W2CN77_BOBOX is identical to tr|E1B7Q8|E1B7Q8_BOVIN but kept for subsequent analysis
NOTE: tr|A0A093RS76|A0A093RS76_PYGAD is identical to tr|A0A087R5F0|A0A087R5F0_APTFO but kept for subsequent analysis
NOTE: tr|A0A091LJ18|A0A091LJ18_CATAU is identical to tr|A0A091MNC6|A0A091MNC6_9PASS but kept for subsequent analysis
NOTE: tr|A0A091N6C3|A0A091N6C3_APAVI is identical to tr|A0A094L386|A0A094L386_ANTCR but kept for subsequent analysis
NOTE: tr|A0A2K6QKB6|A0A2K6QKB6_RHIRO is identical to tr|A0A2K6L415|A0A2K6L415_RHIBE but kept for subsequent analysis
NOTE: tr|A0A2K6QDP5|A0A2K6QDP5_RHIRO is identical to tr|A0A2K6L0L1|A0A2K6L0L1_RHIBE but kept for subsequent analysis
NOTE: tr|A0A341AUF5|A0A341AUF5_NEOAA is identical to tr|A0A2Y9N1W7|A0A2Y9N1W7_DELLE but kept for subsequent analysis
NOTE: tr|A0A3P9DGZ9|A0A3P9DGZ9_9CICH is identical to tr|A0A3Q2WKK7|A0A3Q2WKK7_HAPBU but kept for subsequent analysis
NOTE: tr|A0A452SLM1|A0A452SLM1_URSAM is identical to tr|A0A3Q7X1H0|A0A3Q7X1H0_URSAR but kept for subsequent analysis
NOTE: tr|A0A6P3J6M4|A0A6P3J6M4_BISBI is identical to tr|A0A4W2FPX7|A0A4W2FPX7_BOBOX but kept for subsequent analysis
NOTE: 3 identical sequences (see below) will be ignored for subsequent analysis
NOTE: tr|A0A672TQQ6|A0A672TQQ6_STRHB (identical to tr|C7S302|C7S302_CHICK) is ignored but added at the end
NOTE: tr|A0A663F8C9|A0A663F8C9_AQUCH (identical to tr|C7S302|C7S302_CHICK) is ignored but added at the end
NOTE: tr|A0A093I1S0|A0A093I1S0_FULGA (identical to tr|A0A091MNC6|A0A091MNC6_9PASS) is ignored but added at the end
Alignment was printed to pth1r_iqtree_boostrap_modelfinder.uniqueseq.phy

For your convenience alignment with unique sequences printed to pth1r_iqtree_boostrap_modelfinder.uniqueseq.phy


Create initial parsimony tree by phylogenetic likelihood library (PLL)... 2.638 seconds
Measuring multi-threading efficiency up to 24 CPU cores
2 trees examined
Threads: 1 / Time: 37.386 sec / Speedup: 1.000 / Efficiency: 100% / LogL: -738601
Threads: 2 / Time: 22.744 sec / Speedup: 1.644 / Efficiency: 82% / LogL: -738601
Threads: 3 / Time: 15.216 sec / Speedup: 2.457 / Efficiency: 82% / LogL: -738601
Threads: 4 / Time: 12.639 sec / Speedup: 2.958 / Efficiency: 74% / LogL: -738601
Threads: 5 / Time: 9.606 sec / Speedup: 3.892 / Efficiency: 78% / LogL: -738601
Threads: 6 / Time: 8.224 sec / Speedup: 4.546 / Efficiency: 76% / LogL: -738601
Threads: 7 / Time: 7.118 sec / Speedup: 5.253 / Efficiency: 75% / LogL: -738601
Threads: 8 / Time: 6.836 sec / Speedup: 5.469 / Efficiency: 68% / LogL: -738601
Threads: 9 / Time: 5.934 sec / Speedup: 6.301 / Efficiency: 70% / LogL: -738601
Threads: 10 / Time: 6.317 sec / Speedup: 5.918 / Efficiency: 59% / LogL: -738601
Threads: 11 / Time: 5.751 sec / Speedup: 6.501 / Efficiency: 59% / LogL: -738601
Threads: 12 / Time: 5.096 sec / Speedup: 7.336 / Efficiency: 61% / LogL: -738601
Threads: 13 / Time: 4.795 sec / Speedup: 7.797 / Efficiency: 60% / LogL: -738601
Threads: 14 / Time: 5.447 sec / Speedup: 6.864 / Efficiency: 49% / LogL: -738601
BEST NUMBER OF THREADS: 13

Perform fast likelihood tree search using LG+I+G model...
Estimate model parameters (epsilon = 5.000)
Perform nearest neighbor interchange...
Estimate model parameters (epsilon = 1.000)
1. Initial log-likelihood: -223999.515
2. Current log-likelihood: -223995.830
3. Current log-likelihood: -223994.306
Optimal log-likelihood: -223993.528
Proportion of invariable sites: 0.003
Gamma shape alpha: 0.768
Parameters optimization took 3 rounds (14.623 sec)
Time for fast ML tree search: 134.224 seconds

NOTE: ModelFinder requires 5725 MB RAM!
ModelFinder will test up to 546 protein models (sample size: 5640) ...
 No. Model         -LnL         df  AIC          AICc         BIC
  1  LG            238175.909   1991 480333.817   482508.199   493549.357
  2  LG+I          238049.535   1992 480083.069   482260.232   493305.247
  3  LG+G4         224007.820   1992 451999.640   454176.803   465221.818
  4  LG+I+G4       223992.761   1993 451971.523   454151.469   465200.338
  5  LG+R2         227988.149   1993 459962.299   462142.245   473191.114
  6  LG+R3         225214.566   1995 454419.133   456604.654   467661.223
  7  LG+R4         223916.131   1997 451826.263   454017.370   465081.629
  8  LG+R5         223367.895   1999 450733.789   452930.493   464002.430
  9  LG+R6         223133.569   2001 450269.137   452471.447   463551.054
 10  LG+R7         222912.270   2003 449830.540   452038.467   463125.732
 11  LG+R8         222820.794   2005 449651.589   451865.144   462960.056
 12  LG+R9         222766.835   2007 449547.671   451766.865   462869.413
 13  LG+R10        222724.869   2009 449467.737   451692.580   462802.755
 26  LG+F+R10      222845.797   2028 449747.595   452026.637   463208.727
 39  WAG+R10       221396.676   2009 446811.352   449036.195   460146.370
 52  WAG+F+R10     221416.436   2028 446888.871   449167.914   460350.004
 65  JTT+R10       218765.193   2009 441548.386   443773.229   454883.403
 78  JTT+F+R10     218918.151   2028 441892.301   444171.344   455353.434
 91  JTTDCMut+R10  218881.746   2009 441781.492   444006.335   455116.510
104  JTTDCMut+F+R10 219010.223   2028 442076.447   444355.490   455537.579
117  DCMut+R10     224252.106   2009 452522.212   454747.055   465857.229
130  DCMut+F+R10   223326.409   2028 450708.818   452987.861   464169.950
143  VT+R10        221011.274   2009 446040.548   448265.391   459375.565
156  VT+F+R10      221187.981   2028 446431.963   448711.006   459893.095
169  PMB+R10       223072.841   2009 450163.683   452388.526   463498.700
182  PMB+F+R10     223873.571   2028 451803.142   454082.185   465264.274
195  Blosum62+R10  224041.245   2009 452100.490   454325.333   465435.508
208  Blosum62+F+R10 224249.207   2028 452554.415   454833.458   466015.547
221  Dayhoff+R10   224247.930   2009 452513.859   454738.702   465848.877
234  Dayhoff+F+R10 223322.952   2028 450701.904   452980.947   464163.036
247  mtREV+R10     229804.275   2009 463626.550   465851.393   476961.567
260  mtREV+F+R10   224731.883   2028 453519.767   455798.810   466980.899
273  mtART+R10     237603.563   2009 479225.125   481449.968   492560.143
286  mtART+F+R10   232413.329   2028 468882.659   471161.702   482343.791
299  mtZOA+R10     229802.211   2009 463622.423   465847.266   476957.440
312  mtZOA+F+R10   226839.078   2028 457734.156   460013.199   471195.288
325  mtMet+R10     228290.755   2009 460599.511   462824.354   473934.528
338  mtMet+F+R10   222476.601   2028 449009.201   451288.244   462470.334
351  mtVer+R10     229119.527   2009 462257.054   464481.897   475592.072
364  mtVer+F+R10   224518.371   2028 453092.742   455371.785   466553.875
377  mtInv+R10     230762.451   2009 465542.902   467767.745   478877.920
390  mtInv+F+R10   222430.918   2028 448917.837   451196.880   462378.969
403  mtMAM+R10     234995.716   2009 474009.432   476234.275   487344.450
416  mtMAM+F+R10   229512.229   2028 463080.457   465359.500   476541.590
429  HIVb+R10      223032.034   2009 450082.067   452306.910   463417.085
442  HIVb+F+R10    222685.322   2028 449426.643   451705.686   462887.776
455  HIVw+R10      229731.309   2009 463480.617   465705.460   476815.635
468  HIVw+F+R10    225759.562   2028 455575.124   457854.167   469036.257
481  FLU+R10       223618.940   2009 451255.881   453480.724   464590.898
494  FLU+F+R10     222351.591   2028 448759.182   451038.225   462220.315
507  rtREV+R10     225247.545   2009 454513.089   456737.932   467848.107
520  rtREV+F+R10   225034.404   2028 454124.807   456403.850   467585.940
533  cpREV+R10     222751.216   2009 449520.432   451745.275   462855.449
546  cpREV+F+R10   222714.091   2028 449484.183   451763.225   462945.315
Akaike Information Criterion:           JTT+R10
Corrected Akaike Information Criterion: JTT+R10
Bayesian Information Criterion:         JTT+R10
Best-fit model: JTT+R10 chosen according to BIC

All model information printed to pth1r_iqtree_boostrap_modelfinder.model.gz
CPU time for ModelFinder: 543088.704 seconds (150h:51m:28s)
Wall-clock time for ModelFinder: 44359.835 seconds (12h:19m:19s)
Generating 1000 samples for ultrafast bootstrap (seed: 589252)...

NOTE: 5725 MB RAM (5 GB) is required!
Estimate model parameters (epsilon = 0.100)
1. Initial log-likelihood: -218765.193
2. Current log-likelihood: -218765.087
Optimal log-likelihood: -218764.968
Site proportion and rates:  (0.047,0.014) (0.058,0.043) (0.068,0.086) (0.078,0.134) (0.114,0.211) (0.125,0.319) (0.139,0.478) (0.116,1.044) (0.052,1.545) (0.202,3.203)
Parameters optimization took 2 rounds (84.524 sec)
Computing ML distances based on estimated model parameters... 295.916 sec
WARNING: Some pairwise ML distances are too long (saturated)
Computing BIONJ tree...
1.808 seconds
Log-likelihood of BIONJ tree: -229270.858
--------------------------------------------------------------------
|             INITIALIZING CANDIDATE TREE SET                      |
--------------------------------------------------------------------
Generating 98 parsimony trees... 280.758 second
Computing log-likelihood of 98 initial trees ... 474.144 seconds
Current best score: -218764.968

Do NNI search on 20 best initial trees
Estimate model parameters (epsilon = 0.100)
BETTER TREE FOUND at iteration 1: -218715.037
Estimate model parameters (epsilon = 0.100)
BETTER TREE FOUND at iteration 2: -218671.468
Estimate model parameters (epsilon = 0.100)
BETTER TREE FOUND at iteration 9: -218663.453
Iteration 10 / LogL: -218704.211 / Time: 1h:35m:58s
Estimate model parameters (epsilon = 0.100)
BETTER TREE FOUND at iteration 18: -218596.545
Iteration 20 / LogL: -218698.193 / Time: 2h:57m:25s
Finish initializing candidate tree set (20)
Current best tree score: -218596.545 / CPU time: 10357.997
Number of iterations: 20
--------------------------------------------------------------------
|               OPTIMIZING CANDIDATE TREE SET                      |
--------------------------------------------------------------------
Iteration 30 / LogL: -218647.735 / Time: 3h:30m:38s (10h:39m:10s left)
Estimate model parameters (epsilon = 0.100)
BETTER TREE FOUND at iteration 34: -218581.442
Estimate model parameters (epsilon = 0.100)
BETTER TREE FOUND at iteration 40: -218565.833
Iteration 40 / LogL: -218565.833 / Time: 4h:8m:22s (10h:36m:51s left)
Estimate model parameters (epsilon = 0.100)
BETTER TREE FOUND at iteration 49: -218561.632
Iteration 50 / LogL: -218644.634 / Time: 4h:39m:37s (9h:24m:57s left)
Log-likelihood cutoff on original alignment: -218769.470
Estimate model parameters (epsilon = 0.100)
BETTER TREE FOUND at iteration 51: -218553.700
Iteration 60 / LogL: -218606.210 / Time: 5h:16m:36s (8h:8m:19s left)
Iteration 70 / LogL: -218606.034 / Time: 5h:52m:36s (6h:53m:56s left)
Iteration 80 / LogL: -218563.337 / Time: 6h:27m:41s (5h:48m:25s left)
Iteration 90 / LogL: -218588.842 / Time: 6h:59m:0s (4h:47m:11s left)
Iteration 100 / LogL: -218606.671 / Time: 7h:33m:45s (3h:53m:45s left)
Log-likelihood cutoff on original alignment: -218769.470
NOTE: Bootstrap correlation coefficient of split occurrence frequencies: 0.990
NOTE: UFBoot does not converge, continue at least 100 more iterations
Estimate model parameters (epsilon = 0.100)
BETTER TREE FOUND at iteration 107: -218552.953
Iteration 110 / LogL: -218570.762 / Time: 8h:9m:44s (7h:15m:49s left)
Iteration 120 / LogL: -218582.345 / Time: 8h:43m:58s (6h:23m:4s left)
Iteration 130 / LogL: -218571.778 / Time: 9h:20m:58s (5h:34m:50s left)
Estimate model parameters (epsilon = 0.100)
BETTER TREE FOUND at iteration 140: -218549.779
Iteration 140 / LogL: -218549.779 / Time: 9h:58m:3s (7h:10m:15s left)
Estimate model parameters (epsilon = 0.100)
BETTER TREE FOUND at iteration 142: -218544.966
Iteration 150 / LogL: -218583.495 / Time: 10h:33m:15s (6h:31m:0s left)
Log-likelihood cutoff on original alignment: -218769.470
Iteration 160 / LogL: -218600.274 / Time: 11h:6m:25s (5h:43m:41s left)
Iteration 170 / LogL: -218657.054 / Time: 11h:40m:20s (4h:58m:22s left)
Iteration 180 / LogL: -218649.206 / Time: 12h:15m:7s (4h:14m:37s left)
Iteration 190 / LogL: -218659.893 / Time: 12h:48m:36s (3h:31m:28s left)
Iteration 200 / LogL: -218628.483 / Time: 13h:20m:54s (2h:49m:2s left)
Log-likelihood cutoff on original alignment: -218769.470
NOTE: Bootstrap correlation coefficient of split occurrence frequencies: 0.993
Iteration 210 / LogL: -218713.691 / Time: 13h:54m:13s (5h:59m:14s left)
Iteration 220 / LogL: -218558.121 / Time: 14h:25m:20s (5h:16m:6s left)
Iteration 230 / LogL: -218605.525 / Time: 15h:0m:31s (4h:35m:16s left)
Iteration 240 / LogL: -218624.486 / Time: 15h:33m:54s (3h:54m:27s left)
TREE SEARCH COMPLETED AFTER 243 ITERATIONS / Time: 15h:44m:37s

--------------------------------------------------------------------
|                    FINALIZING TREE SEARCH                        |
--------------------------------------------------------------------
Performs final model parameters optimization
Estimate model parameters (epsilon = 0.010)
1. Initial log-likelihood: -218544.966
Optimal log-likelihood: -218544.952
Site proportion and rates:  (0.047,0.014) (0.055,0.042) (0.065,0.083) (0.080,0.130) (0.120,0.210) (0.123,0.321) (0.139,0.481) (0.117,1.052) (0.051,1.545) (0.204,3.183)
Parameters optimization took 1 rounds (31.345 sec)
BEST SCORE FOUND : -218544.952

Testing tree branches by SH-like aLRT with 1000 replicates...
Alternative NNI shows better log-likelihood -218544.375 > -218544.952
26.271 sec.
Creating bootstrap support values...
Split supports printed to NEXUS file pth1r_iqtree_boostrap_modelfinder.splits.nex
Total tree length: 505.294

Total number of iterations: 243
CPU time used for tree search: 715762.572 sec (198h:49m:22s)
Wall-clock time used for tree search: 56389.415 sec (15h:39m:49s)
Total CPU time used: 720008.868 sec (200h:0m:8s)
Total wall-clock time used: 56741.590 sec (15h:45m:41s)

Computing bootstrap consensus tree...
Reading input file pth1r_iqtree_boostrap_modelfinder.splits.nex...
997 taxa and 5111 splits.
Consensus tree written to pth1r_iqtree_boostrap_modelfinder.contree
Reading input trees file pth1r_iqtree_boostrap_modelfinder.contree
Log-likelihood of consensus tree: -218532.300

Analysis results written to: 
  IQ-TREE report:                pth1r_iqtree_boostrap_modelfinder.iqtree
  Maximum-likelihood tree:       pth1r_iqtree_boostrap_modelfinder.treefile
  Likelihood distances:          pth1r_iqtree_boostrap_modelfinder.mldist

Ultrafast bootstrap approximation results written to:
  Split support values:          pth1r_iqtree_boostrap_modelfinder.splits.nex
  Consensus tree:                pth1r_iqtree_boostrap_modelfinder.contree
  Screen log file:               pth1r_iqtree_boostrap_modelfinder.log

Date and Time: Tue Jul 27 05:46:16 2021
