IQ-TREE multicore version 2.0.6 for Linux 64-bit built Aug  4 2020
Developed by Bui Quang Minh, Nguyen Lam Tung, Olga Chernomor,
Heiko Schmidt, Dominik Schrempf, Michael Woodhams.

Host:    cn05 (AVX512, FMA3, 251 GB RAM)
Command: iqtree2 -s /cta/users/ofkonar/work/results/iqtree/gcgr_aligned.fasta -B 1000 -alrt 1000 -T AUTO --threads-max 10 --prefix gcgr_iqtree_boostrap_modelfinder_1
Seed:    397060 (Using SPRNG - Scalable Parallel Random Number Generator)
Time:    Sun Nov  8 22:39:48 2020
Kernel:  AVX+FMA - auto-detect threads (10 CPU cores detected)

Reading alignment file /cta/users/ofkonar/work/results/iqtree/gcgr_aligned.fasta ... Fasta format detected
Alignment most likely contains protein sequences
WARNING: 6 sites contain only gaps or ambiguous characters.
Alignment has 131 sequences with 1561 columns, 920 distinct patterns
490 parsimony-informative, 190 singleton sites, 881 constant sites
                                Gap/Ambiguity  Composition  p-value
   1  tr|E7FB43|E7FB43_DANRE           66.69%    passed     20.39%
   2  tr|E7FCX8|E7FCX8_DANRE           67.07%    passed     84.13%
   3  tr|F1RCQ6|F1RCQ6_DANRE           67.39%    passed     83.04%
   4  tr|A6N8N7|A6N8N7_CHICK           68.23%    passed     96.92%
   5  tr|C0J3M4|C0J3M4_CHICK           72.45%    passed     25.06%
   6  sp|Q61606|GLR_MOUSE              68.93%    passed     93.14%
   7  tr|M3YIV3|M3YIV3_MUSPF           68.74%    failed      0.94%
   8  tr|A0A3B3HYZ9|A0A3B3HYZ9_ORYLA   66.56%    failed      0.75%
   9  tr|G1RH24|G1RH24_NOMLE           69.44%    passed     94.51%
  10  tr|G3GX77|G3GX77_CRIGR           68.87%    passed     95.26%
  11  tr|G3R9V0|G3R9V0_GORGO           69.25%    passed     86.58%
  12  tr|H2PIX8|H2PIX8_PONAB           70.34%    passed     98.99%
  13  tr|K7EUR9|K7EUR9_PONAB           77.26%    passed     49.98%
  14  tr|G1N1K7|G1N1K7_MELGA           68.35%    passed     95.93%
  15  tr|G1KKF1|G1KKF1_ANOCA           67.97%    passed     65.33%
  16  tr|H9GFA6|H9GFA6_ANOCA           72.45%    passed     40.88%
  17  tr|G1SGD4|G1SGD4_RABIT           70.40%    passed     99.07%
  18  tr|E2R517|E2R517_CANLF           69.38%    passed     29.66%
  19  tr|H2RC88|H2RC88_PANTR           69.25%    passed     74.82%
  20  tr|F6Q5D8|F6Q5D8_MONDO           67.58%    passed     97.86%
  21  tr|F6Q776|F6Q776_HORSE           69.12%    passed     99.76%
  22  tr|W5Q9S8|W5Q9S8_SHEEP           69.19%    passed     78.89%
  23  sp|P30082|GLR_RAT                68.93%    passed     94.79%
  24  tr|A0A3B5Q0S7|A0A3B5Q0S7_XIPMA   66.82%    failed      1.48%
  25  tr|M4ADN5|M4ADN5_XIPMA           65.73%    passed     21.06%
  26  tr|I3J0U5|I3J0U5_ORENI           66.37%    failed      1.55%
  27  tr|I3KHY5|I3KHY5_ORENI           66.30%    passed     92.83%
  28  tr|I3M889|I3M889_ICTTR           69.70%    passed     80.39%
  29  tr|I3NFM0|I3NFM0_ICTTR           69.19%    passed     86.81%
  30  tr|H0WM87|H0WM87_OTOGA           70.34%    passed     94.82%
  31  tr|H0XI39|H0XI39_OTOGA           73.29%    passed     93.16%
  32  tr|H2U0Q8|H2U0Q8_TAKRU           68.55%    failed      0.05%
  33  tr|H0VTD3|H0VTD3_CAVPO           70.34%    passed     93.70%
  34  tr|H0VZQ6|H0VZQ6_CAVPO           69.19%    passed     62.42%
  35  sp|P43220|GLP1R_HUMAN            70.34%    passed     98.48%
  36  sp|P47871|GLR_HUMAN              69.44%    passed     79.51%
  37  sp|P48546|GIPR_HUMAN             70.15%    failed      0.15%
  38  tr|A0A1D5QDM0|A0A1D5QDM0_MACMU   70.15%    failed      0.02%
  39  tr|F6X9D9|F6X9D9_MACMU           55.99%    failed      0.00%
  40  tr|G5B9F2|G5B9F2_HETGA           71.75%    passed     95.92%
  41  tr|G5BJ74|G5BJ74_HETGA           69.25%    passed     93.88%
  42  tr|H3CYL1|H3CYL1_TETNG           67.84%    failed      1.19%
  43  tr|H3D488|H3D488_TETNG           72.26%    passed     81.20%
  44  tr|G3P333|G3P333_GASAC           73.22%    passed     55.05%
  45  tr|G3P8K2|G3P8K2_GASAC           66.43%    passed     16.64%
  46  tr|G3TZT9|G3TZT9_LOXAF           72.58%    passed     99.74%
  47  tr|G3WE67|G3WE67_SARHA           69.38%    passed     48.59%
  48  tr|F6UDH6|F6UDH6_XENTR           72.52%    passed     50.63%
  49  tr|F7EEJ5|F7EEJ5_XENTR           69.06%    passed      9.12%
  50  tr|H9KVX4|H9KVX4_CALJA           69.25%    passed     60.99%
  51  tr|A0A287ABC1|A0A287ABC1_PIG     69.83%    passed     33.27%
  52  tr|F1RVR1|F1RVR1_PIG             70.34%    passed     98.68%
  53  tr|H3A1R4|H3A1R4_LATCH           75.46%    passed     13.93%
  54  tr|H3AGG3|H3AGG3_LATCH           66.75%    passed     65.25%
  55  tr|H3B540|H3B540_LATCH           67.46%    passed     26.11%
  56  tr|G1MGL8|G1MGL8_AILME           69.19%    passed     39.46%
  57  tr|G7P3E0|G7P3E0_MACFA           71.62%    passed     96.16%
  58  tr|G7PT51|G7PT51_MACFA           69.70%    passed     69.47%
  59  tr|E1B8G5|E1B8G5_BOVIN           70.15%    failed      1.10%
  60  tr|E1BKB6|E1BKB6_BOVIN           69.31%    passed     99.63%
  61  tr|L5KL05|L5KL05_PTEAL           72.26%    passed     21.12%
  62  tr|M3WND6|M3WND6_FELCA           68.99%    passed     60.33%
  63  tr|U3JP90|U3JP90_FICAL           72.26%    passed     42.48%
  64  tr|U3KC43|U3KC43_FICAL           65.66%    passed     99.96%
  65  tr|A0A3B1JPT3|A0A3B1JPT3_ASTMX   66.50%    passed     22.79%
  66  tr|W5KKH7|W5KKH7_ASTMX           68.48%    passed     24.83%
  67  tr|W5KSS3|W5KSS3_ASTMX           66.75%    passed     98.55%
  68  tr|W5N950|W5N950_LEPOC           67.52%    passed     97.65%
  69  tr|W5NC52|W5NC52_LEPOC           67.97%    passed     95.16%
  70  tr|A0A087X8D2|A0A087X8D2_POEFO   66.82%    failed      0.58%
  71  tr|A0A096NHY6|A0A096NHY6_PAPAN   70.34%    passed     99.12%
  72  tr|A0A0A0MX16|A0A0A0MX16_PAPAN   70.15%    failed      0.03%
  73  tr|A0A2I3MN00|A0A2I3MN00_PAPAN   66.56%    failed      0.04%
  74  tr|A0A091DUE1|A0A091DUE1_FUKDA   69.19%    passed     96.02%
  75  tr|A0A0D9S1Z4|A0A0D9S1Z4_CHLSB   70.15%    failed      0.02%
  76  tr|A0A0D9S4L9|A0A0D9S4L9_CHLSB   68.55%    passed     76.27%
  77  tr|A0A0P7W0V5|A0A0P7W0V5_9TELE   69.19%    passed     31.47%
  78  tr|A0A151N6I1|A0A151N6I1_ALLMI   69.96%    passed     85.46%
  79  tr|A0A151NY97|A0A151NY97_ALLMI   68.03%    passed     99.67%
  80  tr|A0A0Q3MNG3|A0A0Q3MNG3_AMAAE   70.85%    passed     63.93%
  81  tr|A0A0Q3PJT1|A0A0Q3PJT1_AMAAE   68.61%    passed     99.82%
  82  tr|A0A091F219|A0A091F219_CORBR   76.17%    passed     49.13%
  83  tr|A0A093PS28|A0A093PS28_9PASS   76.62%    passed     78.52%
  84  tr|A0A091VPP1|A0A091VPP1_NIPNI   78.03%    passed     90.04%
  85  tr|A0A087QIB9|A0A087QIB9_APTFO   76.75%    passed     24.68%
  86  tr|A0A091FQH8|A0A091FQH8_9AVES   73.86%    passed     52.86%
  87  tr|A0A091FW07|A0A091FW07_9AVES   76.17%    passed     82.02%
  88  tr|A0A2I0LP26|A0A2I0LP26_COLLI   72.26%    passed     36.63%
  89  tr|A0A091ITY0|A0A091ITY0_CALAN   75.40%    passed     35.74%
  90  tr|A0A1S3ABF6|A0A1S3ABF6_ERIEU   63.74%    failed      0.08%
  91  tr|A0A1S3WVE5|A0A1S3WVE5_ERIEU   68.03%    passed     70.93%
  92  tr|A0A1S3GK17|A0A1S3GK17_DIPOR   69.57%    passed     63.30%
  93  tr|A0A1S3NQC3|A0A1S3NQC3_SALSA   66.75%    passed     73.88%
  94  tr|A0A1S3RC43|A0A1S3RC43_SALSA   64.64%    passed     35.25%
  95  tr|A0A1S3SZ13|A0A1S3SZ13_SALSA   66.88%    passed     48.93%
  96  tr|A0A1L8EYD0|A0A1L8EYD0_XENLA   73.03%    passed     83.95%
  97  tr|B7ZSD5|B7ZSD5_XENLA           68.61%    passed     33.00%
  98  tr|A0A3Q0E5G2|A0A3Q0E5G2_TARSY   73.29%    passed     72.77%
  99  tr|A0A1U7SJN2|A0A1U7SJN2_ALLSI   68.03%    passed     99.64%
 100  tr|A0A1U7SLM7|A0A1U7SLM7_ALLSI   65.53%    passed     97.77%
 101  tr|A0A3Q0CJ75|A0A3Q0CJ75_MESAU   65.79%    passed     85.19%
 102  tr|A0A1V4J7A3|A0A1V4J7A3_PATFA   68.87%    passed     97.87%
 103  tr|A0A1V4KT83|A0A1V4KT83_PATFA   72.26%    passed     41.68%
 104  tr|A0A2I4CKW1|A0A2I4CKW1_9TELE   66.62%    passed     11.31%
 105  tr|A0A060W6Z9|A0A060W6Z9_ONCMY   66.11%    passed     54.86%
 106  tr|A0A060WGN5|A0A060WGN5_ONCMY   70.21%    passed     71.47%
 107  tr|A0A218UF66|A0A218UF66_9PASE   70.28%    passed     30.96%
 108  tr|A0A218ULL4|A0A218ULL4_9PASE   66.24%    passed     97.44%
 109  tr|A0A226MY85|A0A226MY85_CALSU   69.57%    passed     32.66%
 110  tr|A0A226N0K0|A0A226N0K0_CALSU   68.35%    passed     98.63%
 111  tr|A0A226P366|A0A226P366_COLVI   69.57%    passed     24.94%
 112  tr|A0A226PLU6|A0A226PLU6_COLVI   68.23%    passed     97.42%
 113  tr|A0A2D0PY40|A0A2D0PY40_ICTPU   67.07%    passed     13.43%
 114  tr|A0A2D0SW99|A0A2D0SW99_ICTPU   66.82%    passed     45.29%
 115  tr|A0A2K5N5W0|A0A2K5N5W0_CERAT   68.55%    passed     72.26%
 116  tr|A0A2K5P7D9|A0A2K5P7D9_CERAT   70.34%    passed     99.12%
 117  tr|A0A2K6BF82|A0A2K6BF82_MACNE   70.34%    passed     99.35%
 118  tr|A0A2K6E9G1|A0A2K6E9G1_MACNE   68.55%    passed     69.51%
 119  tr|A0A2K5ZFH3|A0A2K5ZFH3_MANLE   68.55%    passed     65.68%
 120  tr|A0A2K5ZYN4|A0A2K5ZYN4_MANLE   70.34%    passed     99.12%
 121  tr|A0A2R9AQ36|A0A2R9AQ36_PANPA   70.02%    passed     93.28%
 122  tr|A0A2R9AXT8|A0A2R9AXT8_PANPA   69.44%    passed     74.22%
 123  tr|A0A2U3W8F6|A0A2U3W8F6_ODORO   44.65%    failed      0.00%
 124  tr|A0A2U3YHV1|A0A2U3YHV1_LEPWE   69.63%    passed     68.73%
 125  tr|A0A2U9CQW6|A0A2U9CQW6_SCOMX   66.50%    passed      8.08%
 126  tr|A0A2Y9DGE9|A0A2Y9DGE9_TRIMA   69.25%    passed     80.81%
 127  tr|A0A2Y9R5V5|A0A2Y9R5V5_TRIMA   70.40%    passed     98.39%
 128  tr|A0A2Y9KZY3|A0A2Y9KZY3_ENHLU   68.99%    passed     36.99%
 129  tr|A0A2Y9PQC2|A0A2Y9PQC2_DELLE   63.16%    failed      4.48%
 130  tr|A0A2Y9FKI9|A0A2Y9FKI9_PHYCD   69.31%    passed     92.65%
 131  tr|A0A384AF31|A0A384AF31_BALAS   68.55%    passed     78.94%
WARNING: 130 sequences contain more than 50% gaps/ambiguity
****  TOTAL                            69.16%  17 sequences failed composition chi2 test (p-value<5%; df=19)
NOTE: tr|A0A2K5P7D9|A0A2K5P7D9_CERAT is identical to tr|A0A096NHY6|A0A096NHY6_PAPAN but kept for subsequent analysis


Create initial parsimony tree by phylogenetic likelihood library (PLL)... 0.044 seconds
Measuring multi-threading efficiency up to 10 CPU cores
Increase to 10 rounds for branch lengths
3 trees examined
Threads: 1 / Time: 12.409 sec / Speedup: 1.000 / Efficiency: 100% / LogL: -78723
Threads: 2 / Time: 6.374 sec / Speedup: 1.947 / Efficiency: 97% / LogL: -78723
Threads: 3 / Time: 4.377 sec / Speedup: 2.835 / Efficiency: 95% / LogL: -78723
Threads: 4 / Time: 3.582 sec / Speedup: 3.464 / Efficiency: 87% / LogL: -78723
Threads: 5 / Time: 2.897 sec / Speedup: 4.283 / Efficiency: 86% / LogL: -78723
Threads: 6 / Time: 2.491 sec / Speedup: 4.981 / Efficiency: 83% / LogL: -78723
Threads: 7 / Time: 2.192 sec / Speedup: 5.662 / Efficiency: 81% / LogL: -78723
Threads: 8 / Time: 2.036 sec / Speedup: 6.095 / Efficiency: 76% / LogL: -78723
Threads: 9 / Time: 570.372 sec / Speedup: 0.022 / Efficiency: 0% / LogL: -78723
BEST NUMBER OF THREADS: 8

Perform fast likelihood tree search using LG+I+G model...
Estimate model parameters (epsilon = 5.000)
Perform nearest neighbor interchange...
Estimate model parameters (epsilon = 1.000)
1. Initial log-likelihood: -39008.327
2. Current log-likelihood: -39006.855
Optimal log-likelihood: -39005.990
Proportion of invariable sites: 0.027
Gamma shape alpha: 0.865
Parameters optimization took 2 rounds (0.430 sec)
Time for fast ML tree search: 2.836 seconds

NOTE: ModelFinder requires 193 MB RAM!
ModelFinder will test up to 546 protein models (sample size: 1561) ...
 No. Model         -LnL         df  AIC          AICc         BIC
  1  LG            40975.625    259 82469.250    82572.770    83855.698
  2  LG+I          40750.728    260 82021.455    82125.855    83413.257
  3  LG+G4         39006.827    260 78533.654    78638.054    79925.455
  4  LG+I+G4       39004.873    261 78531.746    78637.030    79928.900
  5  LG+R2         39354.879    261 79231.758    79337.042    80628.912
  6  LG+R3         39075.130    263 78676.259    78783.325    80084.120
  7  LG+R4         38973.672    265 78477.343    78586.208    79895.910
  8  LG+R5         38962.744    267 78459.488    78570.170    79888.760
  9  LG+R6         38961.846    269 78461.691    78574.209    79901.670
 20  LG+F+R4       38713.315    284 77994.630    78121.495    79514.905
 21  LG+F+R5       38701.100    286 77974.201    78103.058    79505.182
 33  WAG+R4        38701.339    265 77932.678    78041.543    79351.245
 34  WAG+R5        38692.866    267 77919.732    78030.414    79349.005
 46  WAG+F+R4      38531.033    284 77630.067    77756.932    79150.342
 47  WAG+F+R5      38522.502    286 77617.004    77745.861    79147.986
 59  JTT+R4        38096.200    265 76722.400    76831.265    78140.967
 60  JTT+R5        38085.550    267 76705.100    76815.782    78134.373
 72  JTT+F+R4      37958.862    284 76485.724    76612.589    78005.999
 73  JTT+F+R5      37948.514    286 76469.029    76597.886    78000.010
 85  JTTDCMut+R4   38124.591    265 76779.183    76888.048    78197.750
 86  JTTDCMut+R5   38113.941    267 76761.883    76872.565    78191.156
 98  JTTDCMut+F+R4 37988.139    284 76544.279    76671.144    78064.554
 99  JTTDCMut+F+R5 37977.958    286 76527.915    76656.772    78058.897
111  DCMut+R4      39072.208    265 78674.415    78783.280    80092.982
112  DCMut+R5      39040.645    267 78615.289    78725.971    80044.562
124  DCMut+F+R4    38815.684    284 78199.368    78326.233    79719.643
125  DCMut+F+R5    38791.699    286 78155.397    78284.255    79686.379
137  VT+R4         38649.735    265 77829.470    77938.335    79248.037
138  VT+R5         38644.458    267 77822.917    77933.599    79252.190
150  VT+F+R4       38453.063    284 77474.126    77600.992    78994.402
151  VT+F+R5       38447.463    286 77466.927    77595.784    78997.908
163  PMB+R4        39026.235    265 78582.470    78691.335    80001.037
164  PMB+R5        39020.615    267 78575.230    78685.912    80004.503
176  PMB+F+R4      39029.269    284 78626.538    78753.403    80146.813
177  PMB+F+R5      39022.216    286 78616.433    78745.290    80147.414
189  Blosum62+R4   39260.130    265 79050.260    79159.125    80468.827
190  Blosum62+R5   39252.781    267 79039.562    79150.244    80468.835
202  Blosum62+F+R4 39094.671    284 78757.342    78884.207    80277.617
203  Blosum62+F+R5 39086.911    286 78745.822    78874.679    80276.804
215  Dayhoff+R4    39071.313    265 78672.627    78781.492    80091.194
216  Dayhoff+R5    39039.560    267 78613.121    78723.803    80042.394
228  Dayhoff+F+R4  38814.374    284 78196.747    78323.613    79717.023
229  Dayhoff+F+R5  38790.109    286 78152.218    78281.075    79683.200
241  mtREV+R4      40302.050    265 81134.099    81242.964    82552.666
242  mtREV+R5      40268.299    267 81070.598    81181.280    82499.871
254  mtREV+F+R4    38952.518    284 78473.037    78599.902    79993.312
255  mtREV+F+R5    38927.873    286 78427.747    78556.604    79958.728
267  mtART+R4      41790.725    265 84111.449    84220.314    85530.016
268  mtART+R5      41733.168    267 84000.336    84111.018    85429.609
280  mtART+F+R4    40371.767    284 81311.534    81438.400    82831.810
281  mtART+F+R5    40326.950    286 81225.900    81354.757    82756.881
293  mtZOA+R4      40279.320    265 81088.640    81197.505    82507.207
294  mtZOA+R5      40233.319    267 81000.638    81111.320    82429.911
306  mtZOA+F+R4    39364.630    284 79297.260    79424.126    80817.536
307  mtZOA+F+R5    39329.456    286 79230.912    79359.769    80761.893
319  mtMet+R4      40059.826    265 80649.653    80758.518    82068.219
320  mtMet+R5      40031.055    267 80596.111    80706.793    82025.383
332  mtMet+F+R4    38458.974    284 77485.949    77612.814    79006.224
333  mtMet+F+R5    38436.966    286 77445.931    77574.788    78976.913
345  mtVer+R4      39926.408    265 80382.816    80491.681    81801.383
346  mtVer+R5      39899.554    267 80333.108    80443.790    81762.381
358  mtVer+F+R4    38695.122    284 77958.244    78085.109    79478.519
359  mtVer+F+R5    38676.426    286 77924.851    78053.709    79455.833
371  mtInv+R4      40686.505    265 81903.009    82011.874    83321.576
372  mtInv+R5      40659.328    267 81852.656    81963.338    83281.929
384  mtInv+F+R4    38541.283    284 77650.565    77777.430    79170.841
385  mtInv+F+R5    38524.376    286 77620.752    77749.610    79151.734
397  mtMAM+R4      41006.467    265 82542.935    82651.799    83961.501
398  mtMAM+R5      40957.256    267 82448.513    82559.195    83877.785
410  mtMAM+F+R4    39630.200    284 79828.399    79955.265    81348.675
411  mtMAM+F+R5    39597.426    286 79766.852    79895.709    81297.833
423  HIVb+R4       38746.349    265 78022.697    78131.562    79441.264
424  HIVb+R5       38735.582    267 78005.164    78115.847    79434.437
436  HIVb+F+R4     38510.368    284 77588.736    77715.601    79109.011
437  HIVb+F+R5     38497.197    286 77566.395    77695.252    79097.376
449  HIVw+R4       40006.112    265 80542.223    80651.088    81960.790
450  HIVw+R5       39979.717    267 80493.433    80604.115    81922.706
462  HIVw+F+R4     39102.434    284 78772.868    78899.734    80293.144
463  HIVw+F+R5     39083.857    286 78739.715    78868.572    80270.696
475  FLU+R4        39173.544    265 78877.088    78985.953    80295.654
476  FLU+R5        39156.802    267 78847.605    78958.287    80276.878
488  FLU+F+R4      38707.162    284 77982.323    78109.189    79502.599
489  FLU+F+R5      38687.711    286 77947.423    78076.280    79478.404
501  rtREV+R4      39399.091    265 79328.182    79437.046    80746.748
502  rtREV+R5      39385.999    267 79305.998    79416.680    80735.271
514  rtREV+F+R4    39128.326    284 78824.653    78951.518    80344.928
515  rtREV+F+R5    39114.844    286 78801.688    78930.545    80332.669
527  cpREV+R4      38988.545    265 78507.091    78615.956    79925.657
528  cpREV+R5      38975.162    267 78484.324    78595.006    79913.597
540  cpREV+F+R4    38750.927    284 78069.855    78196.720    79590.130
541  cpREV+F+R5    38742.827    286 78057.654    78186.511    79588.635
Akaike Information Criterion:           JTT+F+R5
Corrected Akaike Information Criterion: JTT+F+R5
Bayesian Information Criterion:         JTT+F+R5
Best-fit model: JTT+F+R5 chosen according to BIC

All model information printed to gcgr_iqtree_boostrap_modelfinder_1.model.gz
CPU time for ModelFinder: 8598.096 seconds (2h:23m:18s)
Wall-clock time for ModelFinder: 1098.706 seconds (0h:18m:18s)
Generating 1000 samples for ultrafast bootstrap (seed: 397060)...

NOTE: 98 MB RAM (0 GB) is required!
Estimate model parameters (epsilon = 0.100)
1. Initial log-likelihood: -37948.514
Optimal log-likelihood: -37948.514
Site proportion and rates:  (0.198,0.071) (0.206,0.374) (0.173,0.776) (0.264,1.403) (0.159,2.535)
Parameters optimization took 1 rounds (0.318 sec)
Computing ML distances based on estimated model parameters... 1.852 sec
Computing BIONJ tree...
0.009 seconds
Log-likelihood of BIONJ tree: -38298.354
--------------------------------------------------------------------
|             INITIALIZING CANDIDATE TREE SET                      |
--------------------------------------------------------------------
Generating 98 parsimony trees... 4.661 second
Computing log-likelihood of 98 initial trees ... 9.930 seconds
Current best score: -37948.514

Do NNI search on 20 best initial trees
Estimate model parameters (epsilon = 0.100)
BETTER TREE FOUND at iteration 1: -37941.426
Estimate model parameters (epsilon = 0.100)
BETTER TREE FOUND at iteration 2: -37916.012
Estimate model parameters (epsilon = 0.100)
BETTER TREE FOUND at iteration 5: -37911.169
Estimate model parameters (epsilon = 0.100)
BETTER TREE FOUND at iteration 7: -37910.665
Iteration 10 / LogL: -37923.361 / Time: 0h:0m:44s
Iteration 20 / LogL: -37924.737 / Time: 0h:1m:11s
Finish initializing candidate tree set (14)
Current best tree score: -37910.665 / CPU time: 70.002
Number of iterations: 20
--------------------------------------------------------------------
|               OPTIMIZING CANDIDATE TREE SET                      |
--------------------------------------------------------------------
Iteration 30 / LogL: -37910.685 / Time: 0h:1m:33s (0h:4m:9s left)
Iteration 40 / LogL: -37965.122 / Time: 0h:1m:57s (0h:3m:21s left)
Iteration 50 / LogL: -38332.213 / Time: 0h:2m:20s (0h:2m:43s left)
Log-likelihood cutoff on original alignment: -37955.206
Iteration 60 / LogL: -37910.762 / Time: 0h:2m:44s (0h:2m:10s left)
Iteration 70 / LogL: -38122.761 / Time: 0h:3m:8s (0h:1m:41s left)
Estimate model parameters (epsilon = 0.100)
BETTER TREE FOUND at iteration 75: -37910.526
Iteration 80 / LogL: -37913.884 / Time: 0h:3m:33s (0h:4m:16s left)
Iteration 90 / LogL: -37910.742 / Time: 0h:3m:57s (0h:3m:46s left)
Iteration 100 / LogL: -37915.374 / Time: 0h:4m:21s (0h:3m:17s left)
Log-likelihood cutoff on original alignment: -37955.206
NOTE: Bootstrap correlation coefficient of split occurrence frequencies: 0.998
Iteration 110 / LogL: -37913.237 / Time: 0h:4m:43s (0h:3m:54s left)
Iteration 120 / LogL: -37910.621 / Time: 0h:5m:6s (0h:3m:25s left)
Iteration 130 / LogL: -37910.741 / Time: 0h:5m:29s (0h:2m:58s left)
Iteration 140 / LogL: -37911.951 / Time: 0h:5m:52s (0h:2m:32s left)
Iteration 150 / LogL: -37925.518 / Time: 0h:6m:15s (0h:2m:6s left)
Log-likelihood cutoff on original alignment: -37954.334
Iteration 160 / LogL: -38117.413 / Time: 0h:6m:39s (0h:1m:40s left)
Iteration 170 / LogL: -37910.745 / Time: 0h:7m:2s (0h:1m:15s left)
TREE SEARCH COMPLETED AFTER 176 ITERATIONS / Time: 0h:7m:17s

--------------------------------------------------------------------
|                    FINALIZING TREE SEARCH                        |
--------------------------------------------------------------------
Performs final model parameters optimization
Estimate model parameters (epsilon = 0.010)
1. Initial log-likelihood: -37910.526
Optimal log-likelihood: -37910.525
Site proportion and rates:  (0.199,0.072) (0.200,0.370) (0.173,0.758) (0.270,1.404) (0.158,2.541)
Parameters optimization took 1 rounds (0.680 sec)
BEST SCORE FOUND : -37910.525

Testing tree branches by SH-like aLRT with 1000 replicates...
0.829 sec.
Creating bootstrap support values...
Split supports printed to NEXUS file gcgr_iqtree_boostrap_modelfinder_1.splits.nex
Total tree length: 22.166

Total number of iterations: 176
CPU time used for tree search: 3440.896 sec (0h:57m:20s)
Wall-clock time used for tree search: 435.804 sec (0h:7m:15s)
Total CPU time used: 3465.452 sec (0h:57m:45s)
Total wall-clock time used: 439.225 sec (0h:7m:19s)

Computing bootstrap consensus tree...
Reading input file gcgr_iqtree_boostrap_modelfinder_1.splits.nex...
131 taxa and 506 splits.
Consensus tree written to gcgr_iqtree_boostrap_modelfinder_1.contree
Reading input trees file gcgr_iqtree_boostrap_modelfinder_1.contree
Log-likelihood of consensus tree: -37910.666

Analysis results written to: 
  IQ-TREE report:                gcgr_iqtree_boostrap_modelfinder_1.iqtree
  Maximum-likelihood tree:       gcgr_iqtree_boostrap_modelfinder_1.treefile
  Likelihood distances:          gcgr_iqtree_boostrap_modelfinder_1.mldist

Ultrafast bootstrap approximation results written to:
  Split support values:          gcgr_iqtree_boostrap_modelfinder_1.splits.nex
  Consensus tree:                gcgr_iqtree_boostrap_modelfinder_1.contree
  Screen log file:               gcgr_iqtree_boostrap_modelfinder_1.log

Date and Time: Sun Nov  8 23:05:27 2020
